[2023-10-10T08:39:48.792+0000] {processor.py:157} INFO - Started process (PID=35) to work on /home/airflow/.local/lib/python3.8/site-packages/airflow/example_dags/example_datasets.py
[2023-10-10T08:39:48.793+0000] {processor.py:829} INFO - Processing file /home/airflow/.local/lib/python3.8/site-packages/airflow/example_dags/example_datasets.py for tasks to queue
[2023-10-10T08:39:48.796+0000] {logging_mixin.py:151} INFO - [2023-10-10T08:39:48.795+0000] {dagbag.py:539} INFO - Filling up the DagBag from /home/airflow/.local/lib/python3.8/site-packages/airflow/example_dags/example_datasets.py
[2023-10-10T08:39:48.811+0000] {processor.py:839} INFO - DAG(s) dict_keys(['dataset_consumes_1_never_scheduled', 'dataset_produces_2', 'dataset_consumes_1', 'dataset_consumes_unknown_never_scheduled', 'dataset_consumes_1_and_2', 'dataset_produces_1']) retrieved from /home/airflow/.local/lib/python3.8/site-packages/airflow/example_dags/example_datasets.py
[2023-10-10T08:39:48.829+0000] {logging_mixin.py:151} INFO - [2023-10-10T08:39:48.828+0000] {dag.py:2915} INFO - Sync 6 DAGs
[2023-10-10T08:39:48.857+0000] {logging_mixin.py:151} INFO - [2023-10-10T08:39:48.856+0000] {dag.py:3696} INFO - Setting next_dagrun for dataset_consumes_1 to None, run_after=None
[2023-10-10T08:39:48.860+0000] {logging_mixin.py:151} INFO - [2023-10-10T08:39:48.860+0000] {dag.py:3696} INFO - Setting next_dagrun for dataset_consumes_1_and_2 to None, run_after=None
[2023-10-10T08:39:48.862+0000] {logging_mixin.py:151} INFO - [2023-10-10T08:39:48.862+0000] {dag.py:3696} INFO - Setting next_dagrun for dataset_consumes_1_never_scheduled to None, run_after=None
[2023-10-10T08:39:48.863+0000] {logging_mixin.py:151} INFO - [2023-10-10T08:39:48.863+0000] {dag.py:3696} INFO - Setting next_dagrun for dataset_consumes_unknown_never_scheduled to None, run_after=None
[2023-10-10T08:39:48.867+0000] {logging_mixin.py:151} INFO - [2023-10-10T08:39:48.867+0000] {dag.py:3696} INFO - Setting next_dagrun for dataset_produces_1 to 2023-10-09T00:00:00+00:00, run_after=2023-10-10T00:00:00+00:00
[2023-10-10T08:39:48.868+0000] {logging_mixin.py:151} INFO - [2023-10-10T08:39:48.868+0000] {dag.py:3696} INFO - Setting next_dagrun for dataset_produces_2 to None, run_after=None
[2023-10-10T08:39:48.905+0000] {processor.py:179} INFO - Processing /home/airflow/.local/lib/python3.8/site-packages/airflow/example_dags/example_datasets.py took 0.117 seconds
[2023-10-10T08:40:19.207+0000] {processor.py:157} INFO - Started process (PID=89) to work on /home/airflow/.local/lib/python3.8/site-packages/airflow/example_dags/example_datasets.py
[2023-10-10T08:40:19.209+0000] {processor.py:829} INFO - Processing file /home/airflow/.local/lib/python3.8/site-packages/airflow/example_dags/example_datasets.py for tasks to queue
[2023-10-10T08:40:19.211+0000] {logging_mixin.py:151} INFO - [2023-10-10T08:40:19.211+0000] {dagbag.py:539} INFO - Filling up the DagBag from /home/airflow/.local/lib/python3.8/site-packages/airflow/example_dags/example_datasets.py
[2023-10-10T08:40:19.222+0000] {processor.py:839} INFO - DAG(s) dict_keys(['dataset_produces_2', 'dataset_consumes_unknown_never_scheduled', 'dataset_consumes_1_never_scheduled', 'dataset_consumes_1_and_2', 'dataset_produces_1', 'dataset_consumes_1']) retrieved from /home/airflow/.local/lib/python3.8/site-packages/airflow/example_dags/example_datasets.py
[2023-10-10T08:40:19.263+0000] {logging_mixin.py:151} INFO - [2023-10-10T08:40:19.263+0000] {dag.py:2915} INFO - Sync 6 DAGs
[2023-10-10T08:40:19.290+0000] {logging_mixin.py:151} INFO - [2023-10-10T08:40:19.290+0000] {dag.py:3696} INFO - Setting next_dagrun for dataset_consumes_1 to None, run_after=None
[2023-10-10T08:40:19.294+0000] {logging_mixin.py:151} INFO - [2023-10-10T08:40:19.294+0000] {dag.py:3696} INFO - Setting next_dagrun for dataset_consumes_1_and_2 to None, run_after=None
[2023-10-10T08:40:19.295+0000] {logging_mixin.py:151} INFO - [2023-10-10T08:40:19.295+0000] {dag.py:3696} INFO - Setting next_dagrun for dataset_consumes_1_never_scheduled to None, run_after=None
[2023-10-10T08:40:19.296+0000] {logging_mixin.py:151} INFO - [2023-10-10T08:40:19.296+0000] {dag.py:3696} INFO - Setting next_dagrun for dataset_consumes_unknown_never_scheduled to None, run_after=None
[2023-10-10T08:40:19.300+0000] {logging_mixin.py:151} INFO - [2023-10-10T08:40:19.300+0000] {dag.py:3696} INFO - Setting next_dagrun for dataset_produces_1 to 2023-10-09T00:00:00+00:00, run_after=2023-10-10T00:00:00+00:00
[2023-10-10T08:40:19.301+0000] {logging_mixin.py:151} INFO - [2023-10-10T08:40:19.301+0000] {dag.py:3696} INFO - Setting next_dagrun for dataset_produces_2 to None, run_after=None
[2023-10-10T08:40:19.336+0000] {processor.py:179} INFO - Processing /home/airflow/.local/lib/python3.8/site-packages/airflow/example_dags/example_datasets.py took 0.133 seconds
[2023-10-10T08:40:49.615+0000] {processor.py:157} INFO - Started process (PID=142) to work on /home/airflow/.local/lib/python3.8/site-packages/airflow/example_dags/example_datasets.py
[2023-10-10T08:40:49.617+0000] {processor.py:829} INFO - Processing file /home/airflow/.local/lib/python3.8/site-packages/airflow/example_dags/example_datasets.py for tasks to queue
[2023-10-10T08:40:49.619+0000] {logging_mixin.py:151} INFO - [2023-10-10T08:40:49.619+0000] {dagbag.py:539} INFO - Filling up the DagBag from /home/airflow/.local/lib/python3.8/site-packages/airflow/example_dags/example_datasets.py
[2023-10-10T08:40:49.631+0000] {processor.py:839} INFO - DAG(s) dict_keys(['dataset_consumes_1_and_2', 'dataset_consumes_unknown_never_scheduled', 'dataset_produces_2', 'dataset_produces_1', 'dataset_consumes_1_never_scheduled', 'dataset_consumes_1']) retrieved from /home/airflow/.local/lib/python3.8/site-packages/airflow/example_dags/example_datasets.py
[2023-10-10T08:40:49.671+0000] {logging_mixin.py:151} INFO - [2023-10-10T08:40:49.671+0000] {dag.py:2915} INFO - Sync 6 DAGs
[2023-10-10T08:40:49.698+0000] {logging_mixin.py:151} INFO - [2023-10-10T08:40:49.697+0000] {dag.py:3696} INFO - Setting next_dagrun for dataset_consumes_1 to None, run_after=None
[2023-10-10T08:40:49.701+0000] {logging_mixin.py:151} INFO - [2023-10-10T08:40:49.701+0000] {dag.py:3696} INFO - Setting next_dagrun for dataset_consumes_1_and_2 to None, run_after=None
[2023-10-10T08:40:49.702+0000] {logging_mixin.py:151} INFO - [2023-10-10T08:40:49.702+0000] {dag.py:3696} INFO - Setting next_dagrun for dataset_consumes_1_never_scheduled to None, run_after=None
[2023-10-10T08:40:49.704+0000] {logging_mixin.py:151} INFO - [2023-10-10T08:40:49.703+0000] {dag.py:3696} INFO - Setting next_dagrun for dataset_consumes_unknown_never_scheduled to None, run_after=None
[2023-10-10T08:40:49.707+0000] {logging_mixin.py:151} INFO - [2023-10-10T08:40:49.707+0000] {dag.py:3696} INFO - Setting next_dagrun for dataset_produces_1 to 2023-10-09T00:00:00+00:00, run_after=2023-10-10T00:00:00+00:00
[2023-10-10T08:40:49.708+0000] {logging_mixin.py:151} INFO - [2023-10-10T08:40:49.708+0000] {dag.py:3696} INFO - Setting next_dagrun for dataset_produces_2 to None, run_after=None
[2023-10-10T08:40:49.743+0000] {processor.py:179} INFO - Processing /home/airflow/.local/lib/python3.8/site-packages/airflow/example_dags/example_datasets.py took 0.131 seconds
[2023-10-10T08:41:20.025+0000] {processor.py:157} INFO - Started process (PID=196) to work on /home/airflow/.local/lib/python3.8/site-packages/airflow/example_dags/example_datasets.py
[2023-10-10T08:41:20.027+0000] {processor.py:829} INFO - Processing file /home/airflow/.local/lib/python3.8/site-packages/airflow/example_dags/example_datasets.py for tasks to queue
[2023-10-10T08:41:20.029+0000] {logging_mixin.py:151} INFO - [2023-10-10T08:41:20.029+0000] {dagbag.py:539} INFO - Filling up the DagBag from /home/airflow/.local/lib/python3.8/site-packages/airflow/example_dags/example_datasets.py
[2023-10-10T08:41:20.040+0000] {processor.py:839} INFO - DAG(s) dict_keys(['dataset_produces_1', 'dataset_consumes_unknown_never_scheduled', 'dataset_consumes_1', 'dataset_consumes_1_never_scheduled', 'dataset_produces_2', 'dataset_consumes_1_and_2']) retrieved from /home/airflow/.local/lib/python3.8/site-packages/airflow/example_dags/example_datasets.py
[2023-10-10T08:41:20.082+0000] {logging_mixin.py:151} INFO - [2023-10-10T08:41:20.082+0000] {dag.py:2915} INFO - Sync 6 DAGs
[2023-10-10T08:41:20.110+0000] {logging_mixin.py:151} INFO - [2023-10-10T08:41:20.110+0000] {dag.py:3696} INFO - Setting next_dagrun for dataset_consumes_1 to None, run_after=None
[2023-10-10T08:41:20.114+0000] {logging_mixin.py:151} INFO - [2023-10-10T08:41:20.114+0000] {dag.py:3696} INFO - Setting next_dagrun for dataset_consumes_1_and_2 to None, run_after=None
[2023-10-10T08:41:20.115+0000] {logging_mixin.py:151} INFO - [2023-10-10T08:41:20.115+0000] {dag.py:3696} INFO - Setting next_dagrun for dataset_consumes_1_never_scheduled to None, run_after=None
[2023-10-10T08:41:20.116+0000] {logging_mixin.py:151} INFO - [2023-10-10T08:41:20.116+0000] {dag.py:3696} INFO - Setting next_dagrun for dataset_consumes_unknown_never_scheduled to None, run_after=None
[2023-10-10T08:41:20.120+0000] {logging_mixin.py:151} INFO - [2023-10-10T08:41:20.119+0000] {dag.py:3696} INFO - Setting next_dagrun for dataset_produces_1 to 2023-10-09T00:00:00+00:00, run_after=2023-10-10T00:00:00+00:00
[2023-10-10T08:41:20.121+0000] {logging_mixin.py:151} INFO - [2023-10-10T08:41:20.121+0000] {dag.py:3696} INFO - Setting next_dagrun for dataset_produces_2 to None, run_after=None
[2023-10-10T08:41:20.156+0000] {processor.py:179} INFO - Processing /home/airflow/.local/lib/python3.8/site-packages/airflow/example_dags/example_datasets.py took 0.135 seconds
[2023-10-10T08:43:49.269+0000] {processor.py:157} INFO - Started process (PID=36) to work on /home/airflow/.local/lib/python3.8/site-packages/airflow/example_dags/example_datasets.py
[2023-10-10T08:43:49.274+0000] {processor.py:829} INFO - Processing file /home/airflow/.local/lib/python3.8/site-packages/airflow/example_dags/example_datasets.py for tasks to queue
[2023-10-10T08:43:49.276+0000] {logging_mixin.py:151} INFO - [2023-10-10T08:43:49.276+0000] {dagbag.py:539} INFO - Filling up the DagBag from /home/airflow/.local/lib/python3.8/site-packages/airflow/example_dags/example_datasets.py
[2023-10-10T08:43:49.297+0000] {processor.py:839} INFO - DAG(s) dict_keys(['dataset_produces_1', 'dataset_consumes_1_never_scheduled', 'dataset_produces_2', 'dataset_consumes_1_and_2', 'dataset_consumes_1', 'dataset_consumes_unknown_never_scheduled']) retrieved from /home/airflow/.local/lib/python3.8/site-packages/airflow/example_dags/example_datasets.py
[2023-10-10T08:43:49.315+0000] {logging_mixin.py:151} INFO - [2023-10-10T08:43:49.315+0000] {dag.py:2915} INFO - Sync 6 DAGs
[2023-10-10T08:43:49.344+0000] {logging_mixin.py:151} INFO - [2023-10-10T08:43:49.344+0000] {dag.py:3696} INFO - Setting next_dagrun for dataset_consumes_1 to None, run_after=None
[2023-10-10T08:43:49.348+0000] {logging_mixin.py:151} INFO - [2023-10-10T08:43:49.348+0000] {dag.py:3696} INFO - Setting next_dagrun for dataset_consumes_1_and_2 to None, run_after=None
[2023-10-10T08:43:49.349+0000] {logging_mixin.py:151} INFO - [2023-10-10T08:43:49.349+0000] {dag.py:3696} INFO - Setting next_dagrun for dataset_consumes_1_never_scheduled to None, run_after=None
[2023-10-10T08:43:49.351+0000] {logging_mixin.py:151} INFO - [2023-10-10T08:43:49.350+0000] {dag.py:3696} INFO - Setting next_dagrun for dataset_consumes_unknown_never_scheduled to None, run_after=None
[2023-10-10T08:43:49.354+0000] {logging_mixin.py:151} INFO - [2023-10-10T08:43:49.354+0000] {dag.py:3696} INFO - Setting next_dagrun for dataset_produces_1 to 2023-10-09T00:00:00+00:00, run_after=2023-10-10T00:00:00+00:00
[2023-10-10T08:43:49.355+0000] {logging_mixin.py:151} INFO - [2023-10-10T08:43:49.355+0000] {dag.py:3696} INFO - Setting next_dagrun for dataset_produces_2 to None, run_after=None
[2023-10-10T08:43:49.392+0000] {processor.py:179} INFO - Processing /home/airflow/.local/lib/python3.8/site-packages/airflow/example_dags/example_datasets.py took 0.126 seconds
[2023-10-10T08:44:19.830+0000] {processor.py:157} INFO - Started process (PID=90) to work on /home/airflow/.local/lib/python3.8/site-packages/airflow/example_dags/example_datasets.py
[2023-10-10T08:44:19.831+0000] {processor.py:829} INFO - Processing file /home/airflow/.local/lib/python3.8/site-packages/airflow/example_dags/example_datasets.py for tasks to queue
[2023-10-10T08:44:19.834+0000] {logging_mixin.py:151} INFO - [2023-10-10T08:44:19.833+0000] {dagbag.py:539} INFO - Filling up the DagBag from /home/airflow/.local/lib/python3.8/site-packages/airflow/example_dags/example_datasets.py
[2023-10-10T08:44:19.845+0000] {processor.py:839} INFO - DAG(s) dict_keys(['dataset_consumes_1_never_scheduled', 'dataset_produces_1', 'dataset_consumes_1', 'dataset_produces_2', 'dataset_consumes_1_and_2', 'dataset_consumes_unknown_never_scheduled']) retrieved from /home/airflow/.local/lib/python3.8/site-packages/airflow/example_dags/example_datasets.py
[2023-10-10T08:44:19.886+0000] {logging_mixin.py:151} INFO - [2023-10-10T08:44:19.885+0000] {dag.py:2915} INFO - Sync 6 DAGs
[2023-10-10T08:44:19.914+0000] {logging_mixin.py:151} INFO - [2023-10-10T08:44:19.914+0000] {dag.py:3696} INFO - Setting next_dagrun for dataset_consumes_1 to None, run_after=None
[2023-10-10T08:44:19.918+0000] {logging_mixin.py:151} INFO - [2023-10-10T08:44:19.917+0000] {dag.py:3696} INFO - Setting next_dagrun for dataset_consumes_1_and_2 to None, run_after=None
[2023-10-10T08:44:19.919+0000] {logging_mixin.py:151} INFO - [2023-10-10T08:44:19.919+0000] {dag.py:3696} INFO - Setting next_dagrun for dataset_consumes_1_never_scheduled to None, run_after=None
[2023-10-10T08:44:19.920+0000] {logging_mixin.py:151} INFO - [2023-10-10T08:44:19.920+0000] {dag.py:3696} INFO - Setting next_dagrun for dataset_consumes_unknown_never_scheduled to None, run_after=None
[2023-10-10T08:44:19.924+0000] {logging_mixin.py:151} INFO - [2023-10-10T08:44:19.924+0000] {dag.py:3696} INFO - Setting next_dagrun for dataset_produces_1 to 2023-10-09T00:00:00+00:00, run_after=2023-10-10T00:00:00+00:00
[2023-10-10T08:44:19.925+0000] {logging_mixin.py:151} INFO - [2023-10-10T08:44:19.925+0000] {dag.py:3696} INFO - Setting next_dagrun for dataset_produces_2 to None, run_after=None
[2023-10-10T08:44:19.960+0000] {processor.py:179} INFO - Processing /home/airflow/.local/lib/python3.8/site-packages/airflow/example_dags/example_datasets.py took 0.135 seconds
[2023-10-10T08:44:50.068+0000] {processor.py:157} INFO - Started process (PID=144) to work on /home/airflow/.local/lib/python3.8/site-packages/airflow/example_dags/example_datasets.py
[2023-10-10T08:44:50.069+0000] {processor.py:829} INFO - Processing file /home/airflow/.local/lib/python3.8/site-packages/airflow/example_dags/example_datasets.py for tasks to queue
[2023-10-10T08:44:50.072+0000] {logging_mixin.py:151} INFO - [2023-10-10T08:44:50.071+0000] {dagbag.py:539} INFO - Filling up the DagBag from /home/airflow/.local/lib/python3.8/site-packages/airflow/example_dags/example_datasets.py
[2023-10-10T08:44:50.082+0000] {processor.py:839} INFO - DAG(s) dict_keys(['dataset_consumes_1_never_scheduled', 'dataset_consumes_1_and_2', 'dataset_produces_2', 'dataset_produces_1', 'dataset_consumes_1', 'dataset_consumes_unknown_never_scheduled']) retrieved from /home/airflow/.local/lib/python3.8/site-packages/airflow/example_dags/example_datasets.py
[2023-10-10T08:44:50.122+0000] {logging_mixin.py:151} INFO - [2023-10-10T08:44:50.122+0000] {dag.py:2915} INFO - Sync 6 DAGs
[2023-10-10T08:44:50.150+0000] {logging_mixin.py:151} INFO - [2023-10-10T08:44:50.150+0000] {dag.py:3696} INFO - Setting next_dagrun for dataset_consumes_1 to None, run_after=None
[2023-10-10T08:44:50.154+0000] {logging_mixin.py:151} INFO - [2023-10-10T08:44:50.154+0000] {dag.py:3696} INFO - Setting next_dagrun for dataset_consumes_1_and_2 to None, run_after=None
[2023-10-10T08:44:50.155+0000] {logging_mixin.py:151} INFO - [2023-10-10T08:44:50.155+0000] {dag.py:3696} INFO - Setting next_dagrun for dataset_consumes_1_never_scheduled to None, run_after=None
[2023-10-10T08:44:50.156+0000] {logging_mixin.py:151} INFO - [2023-10-10T08:44:50.156+0000] {dag.py:3696} INFO - Setting next_dagrun for dataset_consumes_unknown_never_scheduled to None, run_after=None
[2023-10-10T08:44:50.160+0000] {logging_mixin.py:151} INFO - [2023-10-10T08:44:50.160+0000] {dag.py:3696} INFO - Setting next_dagrun for dataset_produces_1 to 2023-10-09T00:00:00+00:00, run_after=2023-10-10T00:00:00+00:00
[2023-10-10T08:44:50.161+0000] {logging_mixin.py:151} INFO - [2023-10-10T08:44:50.161+0000] {dag.py:3696} INFO - Setting next_dagrun for dataset_produces_2 to None, run_after=None
[2023-10-10T08:44:50.196+0000] {processor.py:179} INFO - Processing /home/airflow/.local/lib/python3.8/site-packages/airflow/example_dags/example_datasets.py took 0.132 seconds
[2023-10-10T08:45:20.241+0000] {processor.py:157} INFO - Started process (PID=197) to work on /home/airflow/.local/lib/python3.8/site-packages/airflow/example_dags/example_datasets.py
[2023-10-10T08:45:20.242+0000] {processor.py:829} INFO - Processing file /home/airflow/.local/lib/python3.8/site-packages/airflow/example_dags/example_datasets.py for tasks to queue
[2023-10-10T08:45:20.245+0000] {logging_mixin.py:151} INFO - [2023-10-10T08:45:20.244+0000] {dagbag.py:539} INFO - Filling up the DagBag from /home/airflow/.local/lib/python3.8/site-packages/airflow/example_dags/example_datasets.py
[2023-10-10T08:45:20.255+0000] {processor.py:839} INFO - DAG(s) dict_keys(['dataset_consumes_unknown_never_scheduled', 'dataset_produces_1', 'dataset_produces_2', 'dataset_consumes_1', 'dataset_consumes_1_and_2', 'dataset_consumes_1_never_scheduled']) retrieved from /home/airflow/.local/lib/python3.8/site-packages/airflow/example_dags/example_datasets.py
[2023-10-10T08:45:20.296+0000] {logging_mixin.py:151} INFO - [2023-10-10T08:45:20.296+0000] {dag.py:2915} INFO - Sync 6 DAGs
[2023-10-10T08:45:20.325+0000] {logging_mixin.py:151} INFO - [2023-10-10T08:45:20.325+0000] {dag.py:3696} INFO - Setting next_dagrun for dataset_consumes_1 to None, run_after=None
[2023-10-10T08:45:20.329+0000] {logging_mixin.py:151} INFO - [2023-10-10T08:45:20.329+0000] {dag.py:3696} INFO - Setting next_dagrun for dataset_consumes_1_and_2 to None, run_after=None
[2023-10-10T08:45:20.330+0000] {logging_mixin.py:151} INFO - [2023-10-10T08:45:20.330+0000] {dag.py:3696} INFO - Setting next_dagrun for dataset_consumes_1_never_scheduled to None, run_after=None
[2023-10-10T08:45:20.331+0000] {logging_mixin.py:151} INFO - [2023-10-10T08:45:20.331+0000] {dag.py:3696} INFO - Setting next_dagrun for dataset_consumes_unknown_never_scheduled to None, run_after=None
[2023-10-10T08:45:20.334+0000] {logging_mixin.py:151} INFO - [2023-10-10T08:45:20.334+0000] {dag.py:3696} INFO - Setting next_dagrun for dataset_produces_1 to 2023-10-09T00:00:00+00:00, run_after=2023-10-10T00:00:00+00:00
[2023-10-10T08:45:20.336+0000] {logging_mixin.py:151} INFO - [2023-10-10T08:45:20.336+0000] {dag.py:3696} INFO - Setting next_dagrun for dataset_produces_2 to None, run_after=None
[2023-10-10T08:45:20.370+0000] {processor.py:179} INFO - Processing /home/airflow/.local/lib/python3.8/site-packages/airflow/example_dags/example_datasets.py took 0.133 seconds
[2023-10-10T08:46:29.219+0000] {processor.py:157} INFO - Started process (PID=35) to work on /home/airflow/.local/lib/python3.8/site-packages/airflow/example_dags/example_datasets.py
[2023-10-10T08:46:29.221+0000] {processor.py:829} INFO - Processing file /home/airflow/.local/lib/python3.8/site-packages/airflow/example_dags/example_datasets.py for tasks to queue
[2023-10-10T08:46:29.224+0000] {logging_mixin.py:151} INFO - [2023-10-10T08:46:29.223+0000] {dagbag.py:539} INFO - Filling up the DagBag from /home/airflow/.local/lib/python3.8/site-packages/airflow/example_dags/example_datasets.py
[2023-10-10T08:46:29.235+0000] {processor.py:839} INFO - DAG(s) dict_keys(['dataset_produces_2', 'dataset_produces_1', 'dataset_consumes_1_and_2', 'dataset_consumes_1', 'dataset_consumes_1_never_scheduled', 'dataset_consumes_unknown_never_scheduled']) retrieved from /home/airflow/.local/lib/python3.8/site-packages/airflow/example_dags/example_datasets.py
[2023-10-10T08:46:29.254+0000] {logging_mixin.py:151} INFO - [2023-10-10T08:46:29.253+0000] {dag.py:2915} INFO - Sync 6 DAGs
[2023-10-10T08:46:29.284+0000] {logging_mixin.py:151} INFO - [2023-10-10T08:46:29.284+0000] {dag.py:3696} INFO - Setting next_dagrun for dataset_consumes_1 to None, run_after=None
[2023-10-10T08:46:29.288+0000] {logging_mixin.py:151} INFO - [2023-10-10T08:46:29.288+0000] {dag.py:3696} INFO - Setting next_dagrun for dataset_consumes_1_and_2 to None, run_after=None
[2023-10-10T08:46:29.289+0000] {logging_mixin.py:151} INFO - [2023-10-10T08:46:29.289+0000] {dag.py:3696} INFO - Setting next_dagrun for dataset_consumes_1_never_scheduled to None, run_after=None
[2023-10-10T08:46:29.290+0000] {logging_mixin.py:151} INFO - [2023-10-10T08:46:29.290+0000] {dag.py:3696} INFO - Setting next_dagrun for dataset_consumes_unknown_never_scheduled to None, run_after=None
[2023-10-10T08:46:29.294+0000] {logging_mixin.py:151} INFO - [2023-10-10T08:46:29.294+0000] {dag.py:3696} INFO - Setting next_dagrun for dataset_produces_1 to 2023-10-09T00:00:00+00:00, run_after=2023-10-10T00:00:00+00:00
[2023-10-10T08:46:29.295+0000] {logging_mixin.py:151} INFO - [2023-10-10T08:46:29.295+0000] {dag.py:3696} INFO - Setting next_dagrun for dataset_produces_2 to None, run_after=None
[2023-10-10T08:46:29.332+0000] {processor.py:179} INFO - Processing /home/airflow/.local/lib/python3.8/site-packages/airflow/example_dags/example_datasets.py took 0.117 seconds
[2023-10-10T08:46:59.690+0000] {processor.py:157} INFO - Started process (PID=89) to work on /home/airflow/.local/lib/python3.8/site-packages/airflow/example_dags/example_datasets.py
[2023-10-10T08:46:59.691+0000] {processor.py:829} INFO - Processing file /home/airflow/.local/lib/python3.8/site-packages/airflow/example_dags/example_datasets.py for tasks to queue
[2023-10-10T08:46:59.693+0000] {logging_mixin.py:151} INFO - [2023-10-10T08:46:59.693+0000] {dagbag.py:539} INFO - Filling up the DagBag from /home/airflow/.local/lib/python3.8/site-packages/airflow/example_dags/example_datasets.py
[2023-10-10T08:46:59.704+0000] {processor.py:839} INFO - DAG(s) dict_keys(['dataset_produces_2', 'dataset_consumes_1_never_scheduled', 'dataset_consumes_unknown_never_scheduled', 'dataset_consumes_1', 'dataset_consumes_1_and_2', 'dataset_produces_1']) retrieved from /home/airflow/.local/lib/python3.8/site-packages/airflow/example_dags/example_datasets.py
[2023-10-10T08:46:59.744+0000] {logging_mixin.py:151} INFO - [2023-10-10T08:46:59.744+0000] {dag.py:2915} INFO - Sync 6 DAGs
[2023-10-10T08:46:59.771+0000] {logging_mixin.py:151} INFO - [2023-10-10T08:46:59.771+0000] {dag.py:3696} INFO - Setting next_dagrun for dataset_consumes_1 to None, run_after=None
[2023-10-10T08:46:59.775+0000] {logging_mixin.py:151} INFO - [2023-10-10T08:46:59.775+0000] {dag.py:3696} INFO - Setting next_dagrun for dataset_consumes_1_and_2 to None, run_after=None
[2023-10-10T08:46:59.776+0000] {logging_mixin.py:151} INFO - [2023-10-10T08:46:59.776+0000] {dag.py:3696} INFO - Setting next_dagrun for dataset_consumes_1_never_scheduled to None, run_after=None
[2023-10-10T08:46:59.777+0000] {logging_mixin.py:151} INFO - [2023-10-10T08:46:59.777+0000] {dag.py:3696} INFO - Setting next_dagrun for dataset_consumes_unknown_never_scheduled to None, run_after=None
[2023-10-10T08:46:59.781+0000] {logging_mixin.py:151} INFO - [2023-10-10T08:46:59.781+0000] {dag.py:3696} INFO - Setting next_dagrun for dataset_produces_1 to 2023-10-09T00:00:00+00:00, run_after=2023-10-10T00:00:00+00:00
[2023-10-10T08:46:59.782+0000] {logging_mixin.py:151} INFO - [2023-10-10T08:46:59.782+0000] {dag.py:3696} INFO - Setting next_dagrun for dataset_produces_2 to None, run_after=None
[2023-10-10T08:46:59.818+0000] {processor.py:179} INFO - Processing /home/airflow/.local/lib/python3.8/site-packages/airflow/example_dags/example_datasets.py took 0.132 seconds
[2023-10-10T08:47:30.057+0000] {processor.py:157} INFO - Started process (PID=143) to work on /home/airflow/.local/lib/python3.8/site-packages/airflow/example_dags/example_datasets.py
[2023-10-10T08:47:30.058+0000] {processor.py:829} INFO - Processing file /home/airflow/.local/lib/python3.8/site-packages/airflow/example_dags/example_datasets.py for tasks to queue
[2023-10-10T08:47:30.060+0000] {logging_mixin.py:151} INFO - [2023-10-10T08:47:30.060+0000] {dagbag.py:539} INFO - Filling up the DagBag from /home/airflow/.local/lib/python3.8/site-packages/airflow/example_dags/example_datasets.py
[2023-10-10T08:47:30.071+0000] {processor.py:839} INFO - DAG(s) dict_keys(['dataset_produces_2', 'dataset_consumes_1_never_scheduled', 'dataset_consumes_1', 'dataset_consumes_1_and_2', 'dataset_consumes_unknown_never_scheduled', 'dataset_produces_1']) retrieved from /home/airflow/.local/lib/python3.8/site-packages/airflow/example_dags/example_datasets.py
[2023-10-10T08:47:30.111+0000] {logging_mixin.py:151} INFO - [2023-10-10T08:47:30.111+0000] {dag.py:2915} INFO - Sync 6 DAGs
[2023-10-10T08:47:30.138+0000] {logging_mixin.py:151} INFO - [2023-10-10T08:47:30.137+0000] {dag.py:3696} INFO - Setting next_dagrun for dataset_consumes_1 to None, run_after=None
[2023-10-10T08:47:30.141+0000] {logging_mixin.py:151} INFO - [2023-10-10T08:47:30.141+0000] {dag.py:3696} INFO - Setting next_dagrun for dataset_consumes_1_and_2 to None, run_after=None
[2023-10-10T08:47:30.142+0000] {logging_mixin.py:151} INFO - [2023-10-10T08:47:30.142+0000] {dag.py:3696} INFO - Setting next_dagrun for dataset_consumes_1_never_scheduled to None, run_after=None
[2023-10-10T08:47:30.144+0000] {logging_mixin.py:151} INFO - [2023-10-10T08:47:30.144+0000] {dag.py:3696} INFO - Setting next_dagrun for dataset_consumes_unknown_never_scheduled to None, run_after=None
[2023-10-10T08:47:30.147+0000] {logging_mixin.py:151} INFO - [2023-10-10T08:47:30.147+0000] {dag.py:3696} INFO - Setting next_dagrun for dataset_produces_1 to 2023-10-09T00:00:00+00:00, run_after=2023-10-10T00:00:00+00:00
[2023-10-10T08:47:30.148+0000] {logging_mixin.py:151} INFO - [2023-10-10T08:47:30.148+0000] {dag.py:3696} INFO - Setting next_dagrun for dataset_produces_2 to None, run_after=None
[2023-10-10T08:47:30.182+0000] {processor.py:179} INFO - Processing /home/airflow/.local/lib/python3.8/site-packages/airflow/example_dags/example_datasets.py took 0.130 seconds
[2023-10-10T08:51:32.348+0000] {processor.py:157} INFO - Started process (PID=35) to work on /home/airflow/.local/lib/python3.8/site-packages/airflow/example_dags/example_datasets.py
[2023-10-10T08:51:32.349+0000] {processor.py:829} INFO - Processing file /home/airflow/.local/lib/python3.8/site-packages/airflow/example_dags/example_datasets.py for tasks to queue
[2023-10-10T08:51:32.352+0000] {logging_mixin.py:151} INFO - [2023-10-10T08:51:32.351+0000] {dagbag.py:539} INFO - Filling up the DagBag from /home/airflow/.local/lib/python3.8/site-packages/airflow/example_dags/example_datasets.py
[2023-10-10T08:51:32.364+0000] {processor.py:839} INFO - DAG(s) dict_keys(['dataset_consumes_unknown_never_scheduled', 'dataset_consumes_1', 'dataset_produces_1', 'dataset_consumes_1_and_2', 'dataset_consumes_1_never_scheduled', 'dataset_produces_2']) retrieved from /home/airflow/.local/lib/python3.8/site-packages/airflow/example_dags/example_datasets.py
[2023-10-10T08:51:32.381+0000] {logging_mixin.py:151} INFO - [2023-10-10T08:51:32.381+0000] {dag.py:2915} INFO - Sync 6 DAGs
[2023-10-10T08:51:32.408+0000] {logging_mixin.py:151} INFO - [2023-10-10T08:51:32.408+0000] {dag.py:3696} INFO - Setting next_dagrun for dataset_consumes_1 to None, run_after=None
[2023-10-10T08:51:32.412+0000] {logging_mixin.py:151} INFO - [2023-10-10T08:51:32.412+0000] {dag.py:3696} INFO - Setting next_dagrun for dataset_consumes_1_and_2 to None, run_after=None
[2023-10-10T08:51:32.413+0000] {logging_mixin.py:151} INFO - [2023-10-10T08:51:32.413+0000] {dag.py:3696} INFO - Setting next_dagrun for dataset_consumes_1_never_scheduled to None, run_after=None
[2023-10-10T08:51:32.414+0000] {logging_mixin.py:151} INFO - [2023-10-10T08:51:32.414+0000] {dag.py:3696} INFO - Setting next_dagrun for dataset_consumes_unknown_never_scheduled to None, run_after=None
[2023-10-10T08:51:32.418+0000] {logging_mixin.py:151} INFO - [2023-10-10T08:51:32.417+0000] {dag.py:3696} INFO - Setting next_dagrun for dataset_produces_1 to 2023-10-09T00:00:00+00:00, run_after=2023-10-10T00:00:00+00:00
[2023-10-10T08:51:32.419+0000] {logging_mixin.py:151} INFO - [2023-10-10T08:51:32.419+0000] {dag.py:3696} INFO - Setting next_dagrun for dataset_produces_2 to None, run_after=None
[2023-10-10T08:51:32.454+0000] {processor.py:179} INFO - Processing /home/airflow/.local/lib/python3.8/site-packages/airflow/example_dags/example_datasets.py took 0.115 seconds
[2023-10-10T08:52:02.722+0000] {processor.py:157} INFO - Started process (PID=89) to work on /home/airflow/.local/lib/python3.8/site-packages/airflow/example_dags/example_datasets.py
[2023-10-10T08:52:02.723+0000] {processor.py:829} INFO - Processing file /home/airflow/.local/lib/python3.8/site-packages/airflow/example_dags/example_datasets.py for tasks to queue
[2023-10-10T08:52:02.726+0000] {logging_mixin.py:151} INFO - [2023-10-10T08:52:02.725+0000] {dagbag.py:539} INFO - Filling up the DagBag from /home/airflow/.local/lib/python3.8/site-packages/airflow/example_dags/example_datasets.py
[2023-10-10T08:52:02.737+0000] {processor.py:839} INFO - DAG(s) dict_keys(['dataset_produces_2', 'dataset_consumes_1_and_2', 'dataset_consumes_1_never_scheduled', 'dataset_consumes_1', 'dataset_consumes_unknown_never_scheduled', 'dataset_produces_1']) retrieved from /home/airflow/.local/lib/python3.8/site-packages/airflow/example_dags/example_datasets.py
[2023-10-10T08:52:02.778+0000] {logging_mixin.py:151} INFO - [2023-10-10T08:52:02.778+0000] {dag.py:2915} INFO - Sync 6 DAGs
[2023-10-10T08:52:02.806+0000] {logging_mixin.py:151} INFO - [2023-10-10T08:52:02.805+0000] {dag.py:3696} INFO - Setting next_dagrun for dataset_consumes_1 to None, run_after=None
[2023-10-10T08:52:02.810+0000] {logging_mixin.py:151} INFO - [2023-10-10T08:52:02.810+0000] {dag.py:3696} INFO - Setting next_dagrun for dataset_consumes_1_and_2 to None, run_after=None
[2023-10-10T08:52:02.812+0000] {logging_mixin.py:151} INFO - [2023-10-10T08:52:02.811+0000] {dag.py:3696} INFO - Setting next_dagrun for dataset_consumes_1_never_scheduled to None, run_after=None
[2023-10-10T08:52:02.813+0000] {logging_mixin.py:151} INFO - [2023-10-10T08:52:02.813+0000] {dag.py:3696} INFO - Setting next_dagrun for dataset_consumes_unknown_never_scheduled to None, run_after=None
[2023-10-10T08:52:02.816+0000] {logging_mixin.py:151} INFO - [2023-10-10T08:52:02.816+0000] {dag.py:3696} INFO - Setting next_dagrun for dataset_produces_1 to 2023-10-09T00:00:00+00:00, run_after=2023-10-10T00:00:00+00:00
[2023-10-10T08:52:02.817+0000] {logging_mixin.py:151} INFO - [2023-10-10T08:52:02.817+0000] {dag.py:3696} INFO - Setting next_dagrun for dataset_produces_2 to None, run_after=None
[2023-10-10T08:52:02.852+0000] {processor.py:179} INFO - Processing /home/airflow/.local/lib/python3.8/site-packages/airflow/example_dags/example_datasets.py took 0.134 seconds
[2023-10-10T08:52:33.214+0000] {processor.py:157} INFO - Started process (PID=143) to work on /home/airflow/.local/lib/python3.8/site-packages/airflow/example_dags/example_datasets.py
[2023-10-10T08:52:33.215+0000] {processor.py:829} INFO - Processing file /home/airflow/.local/lib/python3.8/site-packages/airflow/example_dags/example_datasets.py for tasks to queue
[2023-10-10T08:52:33.218+0000] {logging_mixin.py:151} INFO - [2023-10-10T08:52:33.217+0000] {dagbag.py:539} INFO - Filling up the DagBag from /home/airflow/.local/lib/python3.8/site-packages/airflow/example_dags/example_datasets.py
[2023-10-10T08:52:33.229+0000] {processor.py:839} INFO - DAG(s) dict_keys(['dataset_consumes_unknown_never_scheduled', 'dataset_consumes_1_and_2', 'dataset_produces_1', 'dataset_produces_2', 'dataset_consumes_1_never_scheduled', 'dataset_consumes_1']) retrieved from /home/airflow/.local/lib/python3.8/site-packages/airflow/example_dags/example_datasets.py
[2023-10-10T08:52:33.270+0000] {logging_mixin.py:151} INFO - [2023-10-10T08:52:33.270+0000] {dag.py:2915} INFO - Sync 6 DAGs
[2023-10-10T08:52:33.297+0000] {logging_mixin.py:151} INFO - [2023-10-10T08:52:33.297+0000] {dag.py:3696} INFO - Setting next_dagrun for dataset_consumes_1 to None, run_after=None
[2023-10-10T08:52:33.301+0000] {logging_mixin.py:151} INFO - [2023-10-10T08:52:33.301+0000] {dag.py:3696} INFO - Setting next_dagrun for dataset_consumes_1_and_2 to None, run_after=None
[2023-10-10T08:52:33.302+0000] {logging_mixin.py:151} INFO - [2023-10-10T08:52:33.302+0000] {dag.py:3696} INFO - Setting next_dagrun for dataset_consumes_1_never_scheduled to None, run_after=None
[2023-10-10T08:52:33.303+0000] {logging_mixin.py:151} INFO - [2023-10-10T08:52:33.303+0000] {dag.py:3696} INFO - Setting next_dagrun for dataset_consumes_unknown_never_scheduled to None, run_after=None
[2023-10-10T08:52:33.307+0000] {logging_mixin.py:151} INFO - [2023-10-10T08:52:33.306+0000] {dag.py:3696} INFO - Setting next_dagrun for dataset_produces_1 to 2023-10-09T00:00:00+00:00, run_after=2023-10-10T00:00:00+00:00
[2023-10-10T08:52:33.308+0000] {logging_mixin.py:151} INFO - [2023-10-10T08:52:33.308+0000] {dag.py:3696} INFO - Setting next_dagrun for dataset_produces_2 to None, run_after=None
[2023-10-10T08:52:33.343+0000] {processor.py:179} INFO - Processing /home/airflow/.local/lib/python3.8/site-packages/airflow/example_dags/example_datasets.py took 0.133 seconds
[2023-10-10T08:53:03.594+0000] {processor.py:157} INFO - Started process (PID=197) to work on /home/airflow/.local/lib/python3.8/site-packages/airflow/example_dags/example_datasets.py
[2023-10-10T08:53:03.595+0000] {processor.py:829} INFO - Processing file /home/airflow/.local/lib/python3.8/site-packages/airflow/example_dags/example_datasets.py for tasks to queue
[2023-10-10T08:53:03.598+0000] {logging_mixin.py:151} INFO - [2023-10-10T08:53:03.597+0000] {dagbag.py:539} INFO - Filling up the DagBag from /home/airflow/.local/lib/python3.8/site-packages/airflow/example_dags/example_datasets.py
[2023-10-10T08:53:03.609+0000] {processor.py:839} INFO - DAG(s) dict_keys(['dataset_consumes_1_and_2', 'dataset_consumes_1_never_scheduled', 'dataset_consumes_unknown_never_scheduled', 'dataset_produces_2', 'dataset_consumes_1', 'dataset_produces_1']) retrieved from /home/airflow/.local/lib/python3.8/site-packages/airflow/example_dags/example_datasets.py
[2023-10-10T08:53:03.650+0000] {logging_mixin.py:151} INFO - [2023-10-10T08:53:03.650+0000] {dag.py:2915} INFO - Sync 6 DAGs
[2023-10-10T08:53:03.677+0000] {logging_mixin.py:151} INFO - [2023-10-10T08:53:03.677+0000] {dag.py:3696} INFO - Setting next_dagrun for dataset_consumes_1 to None, run_after=None
[2023-10-10T08:53:03.681+0000] {logging_mixin.py:151} INFO - [2023-10-10T08:53:03.681+0000] {dag.py:3696} INFO - Setting next_dagrun for dataset_consumes_1_and_2 to None, run_after=None
[2023-10-10T08:53:03.682+0000] {logging_mixin.py:151} INFO - [2023-10-10T08:53:03.682+0000] {dag.py:3696} INFO - Setting next_dagrun for dataset_consumes_1_never_scheduled to None, run_after=None
[2023-10-10T08:53:03.684+0000] {logging_mixin.py:151} INFO - [2023-10-10T08:53:03.683+0000] {dag.py:3696} INFO - Setting next_dagrun for dataset_consumes_unknown_never_scheduled to None, run_after=None
[2023-10-10T08:53:03.687+0000] {logging_mixin.py:151} INFO - [2023-10-10T08:53:03.687+0000] {dag.py:3696} INFO - Setting next_dagrun for dataset_produces_1 to 2023-10-09T00:00:00+00:00, run_after=2023-10-10T00:00:00+00:00
[2023-10-10T08:53:03.688+0000] {logging_mixin.py:151} INFO - [2023-10-10T08:53:03.688+0000] {dag.py:3696} INFO - Setting next_dagrun for dataset_produces_2 to None, run_after=None
[2023-10-10T08:53:03.723+0000] {processor.py:179} INFO - Processing /home/airflow/.local/lib/python3.8/site-packages/airflow/example_dags/example_datasets.py took 0.133 seconds
[2023-10-10T08:53:33.836+0000] {processor.py:157} INFO - Started process (PID=251) to work on /home/airflow/.local/lib/python3.8/site-packages/airflow/example_dags/example_datasets.py
[2023-10-10T08:53:33.837+0000] {processor.py:829} INFO - Processing file /home/airflow/.local/lib/python3.8/site-packages/airflow/example_dags/example_datasets.py for tasks to queue
[2023-10-10T08:53:33.840+0000] {logging_mixin.py:151} INFO - [2023-10-10T08:53:33.839+0000] {dagbag.py:539} INFO - Filling up the DagBag from /home/airflow/.local/lib/python3.8/site-packages/airflow/example_dags/example_datasets.py
[2023-10-10T08:53:33.851+0000] {processor.py:839} INFO - DAG(s) dict_keys(['dataset_produces_2', 'dataset_consumes_1_and_2', 'dataset_consumes_unknown_never_scheduled', 'dataset_produces_1', 'dataset_consumes_1', 'dataset_consumes_1_never_scheduled']) retrieved from /home/airflow/.local/lib/python3.8/site-packages/airflow/example_dags/example_datasets.py
[2023-10-10T08:53:33.891+0000] {logging_mixin.py:151} INFO - [2023-10-10T08:53:33.891+0000] {dag.py:2915} INFO - Sync 6 DAGs
[2023-10-10T08:53:33.919+0000] {logging_mixin.py:151} INFO - [2023-10-10T08:53:33.918+0000] {dag.py:3696} INFO - Setting next_dagrun for dataset_consumes_1 to None, run_after=None
[2023-10-10T08:53:33.923+0000] {logging_mixin.py:151} INFO - [2023-10-10T08:53:33.922+0000] {dag.py:3696} INFO - Setting next_dagrun for dataset_consumes_1_and_2 to None, run_after=None
[2023-10-10T08:53:33.924+0000] {logging_mixin.py:151} INFO - [2023-10-10T08:53:33.924+0000] {dag.py:3696} INFO - Setting next_dagrun for dataset_consumes_1_never_scheduled to None, run_after=None
[2023-10-10T08:53:33.925+0000] {logging_mixin.py:151} INFO - [2023-10-10T08:53:33.925+0000] {dag.py:3696} INFO - Setting next_dagrun for dataset_consumes_unknown_never_scheduled to None, run_after=None
[2023-10-10T08:53:33.928+0000] {logging_mixin.py:151} INFO - [2023-10-10T08:53:33.928+0000] {dag.py:3696} INFO - Setting next_dagrun for dataset_produces_1 to 2023-10-09T00:00:00+00:00, run_after=2023-10-10T00:00:00+00:00
[2023-10-10T08:53:33.930+0000] {logging_mixin.py:151} INFO - [2023-10-10T08:53:33.930+0000] {dag.py:3696} INFO - Setting next_dagrun for dataset_produces_2 to None, run_after=None
[2023-10-10T08:53:33.964+0000] {processor.py:179} INFO - Processing /home/airflow/.local/lib/python3.8/site-packages/airflow/example_dags/example_datasets.py took 0.132 seconds
[2023-10-10T08:54:04.264+0000] {processor.py:157} INFO - Started process (PID=306) to work on /home/airflow/.local/lib/python3.8/site-packages/airflow/example_dags/example_datasets.py
[2023-10-10T08:54:04.266+0000] {processor.py:829} INFO - Processing file /home/airflow/.local/lib/python3.8/site-packages/airflow/example_dags/example_datasets.py for tasks to queue
[2023-10-10T08:54:04.268+0000] {logging_mixin.py:151} INFO - [2023-10-10T08:54:04.268+0000] {dagbag.py:539} INFO - Filling up the DagBag from /home/airflow/.local/lib/python3.8/site-packages/airflow/example_dags/example_datasets.py
[2023-10-10T08:54:04.279+0000] {processor.py:839} INFO - DAG(s) dict_keys(['dataset_consumes_1_and_2', 'dataset_produces_2', 'dataset_consumes_unknown_never_scheduled', 'dataset_produces_1', 'dataset_consumes_1', 'dataset_consumes_1_never_scheduled']) retrieved from /home/airflow/.local/lib/python3.8/site-packages/airflow/example_dags/example_datasets.py
[2023-10-10T08:54:04.320+0000] {logging_mixin.py:151} INFO - [2023-10-10T08:54:04.319+0000] {dag.py:2915} INFO - Sync 6 DAGs
[2023-10-10T08:54:04.346+0000] {logging_mixin.py:151} INFO - [2023-10-10T08:54:04.346+0000] {dag.py:3696} INFO - Setting next_dagrun for dataset_consumes_1 to None, run_after=None
[2023-10-10T08:54:04.351+0000] {logging_mixin.py:151} INFO - [2023-10-10T08:54:04.351+0000] {dag.py:3696} INFO - Setting next_dagrun for dataset_consumes_1_and_2 to None, run_after=None
[2023-10-10T08:54:04.352+0000] {logging_mixin.py:151} INFO - [2023-10-10T08:54:04.352+0000] {dag.py:3696} INFO - Setting next_dagrun for dataset_consumes_1_never_scheduled to None, run_after=None
[2023-10-10T08:54:04.354+0000] {logging_mixin.py:151} INFO - [2023-10-10T08:54:04.354+0000] {dag.py:3696} INFO - Setting next_dagrun for dataset_consumes_unknown_never_scheduled to None, run_after=None
[2023-10-10T08:54:04.357+0000] {logging_mixin.py:151} INFO - [2023-10-10T08:54:04.357+0000] {dag.py:3696} INFO - Setting next_dagrun for dataset_produces_1 to 2023-10-09T00:00:00+00:00, run_after=2023-10-10T00:00:00+00:00
[2023-10-10T08:54:04.358+0000] {logging_mixin.py:151} INFO - [2023-10-10T08:54:04.358+0000] {dag.py:3696} INFO - Setting next_dagrun for dataset_produces_2 to None, run_after=None
[2023-10-10T08:54:04.392+0000] {processor.py:179} INFO - Processing /home/airflow/.local/lib/python3.8/site-packages/airflow/example_dags/example_datasets.py took 0.131 seconds
[2023-10-10T08:54:34.893+0000] {processor.py:157} INFO - Started process (PID=360) to work on /home/airflow/.local/lib/python3.8/site-packages/airflow/example_dags/example_datasets.py
[2023-10-10T08:54:34.895+0000] {processor.py:829} INFO - Processing file /home/airflow/.local/lib/python3.8/site-packages/airflow/example_dags/example_datasets.py for tasks to queue
[2023-10-10T08:54:34.898+0000] {logging_mixin.py:151} INFO - [2023-10-10T08:54:34.897+0000] {dagbag.py:539} INFO - Filling up the DagBag from /home/airflow/.local/lib/python3.8/site-packages/airflow/example_dags/example_datasets.py
[2023-10-10T08:54:34.909+0000] {processor.py:839} INFO - DAG(s) dict_keys(['dataset_consumes_1_never_scheduled', 'dataset_produces_2', 'dataset_consumes_1_and_2', 'dataset_consumes_1', 'dataset_produces_1', 'dataset_consumes_unknown_never_scheduled']) retrieved from /home/airflow/.local/lib/python3.8/site-packages/airflow/example_dags/example_datasets.py
[2023-10-10T08:54:34.950+0000] {logging_mixin.py:151} INFO - [2023-10-10T08:54:34.950+0000] {dag.py:2915} INFO - Sync 6 DAGs
[2023-10-10T08:54:34.978+0000] {logging_mixin.py:151} INFO - [2023-10-10T08:54:34.978+0000] {dag.py:3696} INFO - Setting next_dagrun for dataset_consumes_1 to None, run_after=None
[2023-10-10T08:54:34.982+0000] {logging_mixin.py:151} INFO - [2023-10-10T08:54:34.982+0000] {dag.py:3696} INFO - Setting next_dagrun for dataset_consumes_1_and_2 to None, run_after=None
[2023-10-10T08:54:34.983+0000] {logging_mixin.py:151} INFO - [2023-10-10T08:54:34.983+0000] {dag.py:3696} INFO - Setting next_dagrun for dataset_consumes_1_never_scheduled to None, run_after=None
[2023-10-10T08:54:34.984+0000] {logging_mixin.py:151} INFO - [2023-10-10T08:54:34.984+0000] {dag.py:3696} INFO - Setting next_dagrun for dataset_consumes_unknown_never_scheduled to None, run_after=None
[2023-10-10T08:54:34.988+0000] {logging_mixin.py:151} INFO - [2023-10-10T08:54:34.987+0000] {dag.py:3696} INFO - Setting next_dagrun for dataset_produces_1 to 2023-10-09T00:00:00+00:00, run_after=2023-10-10T00:00:00+00:00
[2023-10-10T08:54:34.989+0000] {logging_mixin.py:151} INFO - [2023-10-10T08:54:34.989+0000] {dag.py:3696} INFO - Setting next_dagrun for dataset_produces_2 to None, run_after=None
[2023-10-10T08:54:35.024+0000] {processor.py:179} INFO - Processing /home/airflow/.local/lib/python3.8/site-packages/airflow/example_dags/example_datasets.py took 0.135 seconds
[2023-10-10T08:55:05.398+0000] {processor.py:157} INFO - Started process (PID=415) to work on /home/airflow/.local/lib/python3.8/site-packages/airflow/example_dags/example_datasets.py
[2023-10-10T08:55:05.399+0000] {processor.py:829} INFO - Processing file /home/airflow/.local/lib/python3.8/site-packages/airflow/example_dags/example_datasets.py for tasks to queue
[2023-10-10T08:55:05.401+0000] {logging_mixin.py:151} INFO - [2023-10-10T08:55:05.401+0000] {dagbag.py:539} INFO - Filling up the DagBag from /home/airflow/.local/lib/python3.8/site-packages/airflow/example_dags/example_datasets.py
[2023-10-10T08:55:05.412+0000] {processor.py:839} INFO - DAG(s) dict_keys(['dataset_produces_2', 'dataset_consumes_1_and_2', 'dataset_consumes_1', 'dataset_produces_1', 'dataset_consumes_unknown_never_scheduled', 'dataset_consumes_1_never_scheduled']) retrieved from /home/airflow/.local/lib/python3.8/site-packages/airflow/example_dags/example_datasets.py
[2023-10-10T08:55:05.454+0000] {logging_mixin.py:151} INFO - [2023-10-10T08:55:05.454+0000] {dag.py:2915} INFO - Sync 6 DAGs
[2023-10-10T08:55:05.481+0000] {logging_mixin.py:151} INFO - [2023-10-10T08:55:05.481+0000] {dag.py:3696} INFO - Setting next_dagrun for dataset_consumes_1 to None, run_after=None
[2023-10-10T08:55:05.485+0000] {logging_mixin.py:151} INFO - [2023-10-10T08:55:05.485+0000] {dag.py:3696} INFO - Setting next_dagrun for dataset_consumes_1_and_2 to None, run_after=None
[2023-10-10T08:55:05.486+0000] {logging_mixin.py:151} INFO - [2023-10-10T08:55:05.486+0000] {dag.py:3696} INFO - Setting next_dagrun for dataset_consumes_1_never_scheduled to None, run_after=None
[2023-10-10T08:55:05.487+0000] {logging_mixin.py:151} INFO - [2023-10-10T08:55:05.487+0000] {dag.py:3696} INFO - Setting next_dagrun for dataset_consumes_unknown_never_scheduled to None, run_after=None
[2023-10-10T08:55:05.491+0000] {logging_mixin.py:151} INFO - [2023-10-10T08:55:05.491+0000] {dag.py:3696} INFO - Setting next_dagrun for dataset_produces_1 to 2023-10-09T00:00:00+00:00, run_after=2023-10-10T00:00:00+00:00
[2023-10-10T08:55:05.492+0000] {logging_mixin.py:151} INFO - [2023-10-10T08:55:05.492+0000] {dag.py:3696} INFO - Setting next_dagrun for dataset_produces_2 to None, run_after=None
[2023-10-10T08:55:05.526+0000] {processor.py:179} INFO - Processing /home/airflow/.local/lib/python3.8/site-packages/airflow/example_dags/example_datasets.py took 0.133 seconds
[2023-10-10T08:55:36.338+0000] {processor.py:157} INFO - Started process (PID=470) to work on /home/airflow/.local/lib/python3.8/site-packages/airflow/example_dags/example_datasets.py
[2023-10-10T08:55:36.348+0000] {processor.py:829} INFO - Processing file /home/airflow/.local/lib/python3.8/site-packages/airflow/example_dags/example_datasets.py for tasks to queue
[2023-10-10T08:55:36.351+0000] {logging_mixin.py:151} INFO - [2023-10-10T08:55:36.350+0000] {dagbag.py:539} INFO - Filling up the DagBag from /home/airflow/.local/lib/python3.8/site-packages/airflow/example_dags/example_datasets.py
[2023-10-10T08:55:36.366+0000] {processor.py:839} INFO - DAG(s) dict_keys(['dataset_produces_1', 'dataset_produces_2', 'dataset_consumes_1_and_2', 'dataset_consumes_1_never_scheduled', 'dataset_consumes_1', 'dataset_consumes_unknown_never_scheduled']) retrieved from /home/airflow/.local/lib/python3.8/site-packages/airflow/example_dags/example_datasets.py
[2023-10-10T08:55:36.409+0000] {logging_mixin.py:151} INFO - [2023-10-10T08:55:36.409+0000] {dag.py:2915} INFO - Sync 6 DAGs
[2023-10-10T08:55:36.438+0000] {logging_mixin.py:151} INFO - [2023-10-10T08:55:36.438+0000] {dag.py:3696} INFO - Setting next_dagrun for dataset_consumes_1 to None, run_after=None
[2023-10-10T08:55:36.443+0000] {logging_mixin.py:151} INFO - [2023-10-10T08:55:36.443+0000] {dag.py:3696} INFO - Setting next_dagrun for dataset_consumes_1_and_2 to None, run_after=None
[2023-10-10T08:55:36.445+0000] {logging_mixin.py:151} INFO - [2023-10-10T08:55:36.444+0000] {dag.py:3696} INFO - Setting next_dagrun for dataset_consumes_1_never_scheduled to None, run_after=None
[2023-10-10T08:55:36.446+0000] {logging_mixin.py:151} INFO - [2023-10-10T08:55:36.446+0000] {dag.py:3696} INFO - Setting next_dagrun for dataset_consumes_unknown_never_scheduled to None, run_after=None
[2023-10-10T08:55:36.449+0000] {logging_mixin.py:151} INFO - [2023-10-10T08:55:36.449+0000] {dag.py:3696} INFO - Setting next_dagrun for dataset_produces_1 to 2023-10-09T00:00:00+00:00, run_after=2023-10-10T00:00:00+00:00
[2023-10-10T08:55:36.451+0000] {logging_mixin.py:151} INFO - [2023-10-10T08:55:36.451+0000] {dag.py:3696} INFO - Setting next_dagrun for dataset_produces_2 to None, run_after=None
[2023-10-10T08:55:36.511+0000] {processor.py:179} INFO - Processing /home/airflow/.local/lib/python3.8/site-packages/airflow/example_dags/example_datasets.py took 0.184 seconds
[2023-10-10T08:56:07.034+0000] {processor.py:157} INFO - Started process (PID=524) to work on /home/airflow/.local/lib/python3.8/site-packages/airflow/example_dags/example_datasets.py
[2023-10-10T08:56:07.038+0000] {processor.py:829} INFO - Processing file /home/airflow/.local/lib/python3.8/site-packages/airflow/example_dags/example_datasets.py for tasks to queue
[2023-10-10T08:56:07.040+0000] {logging_mixin.py:151} INFO - [2023-10-10T08:56:07.039+0000] {dagbag.py:539} INFO - Filling up the DagBag from /home/airflow/.local/lib/python3.8/site-packages/airflow/example_dags/example_datasets.py
[2023-10-10T08:56:07.051+0000] {processor.py:839} INFO - DAG(s) dict_keys(['dataset_produces_1', 'dataset_produces_2', 'dataset_consumes_1_never_scheduled', 'dataset_consumes_unknown_never_scheduled', 'dataset_consumes_1_and_2', 'dataset_consumes_1']) retrieved from /home/airflow/.local/lib/python3.8/site-packages/airflow/example_dags/example_datasets.py
[2023-10-10T08:56:07.090+0000] {logging_mixin.py:151} INFO - [2023-10-10T08:56:07.090+0000] {dag.py:2915} INFO - Sync 6 DAGs
[2023-10-10T08:56:07.116+0000] {logging_mixin.py:151} INFO - [2023-10-10T08:56:07.116+0000] {dag.py:3696} INFO - Setting next_dagrun for dataset_consumes_1 to None, run_after=None
[2023-10-10T08:56:07.120+0000] {logging_mixin.py:151} INFO - [2023-10-10T08:56:07.120+0000] {dag.py:3696} INFO - Setting next_dagrun for dataset_consumes_1_and_2 to None, run_after=None
[2023-10-10T08:56:07.121+0000] {logging_mixin.py:151} INFO - [2023-10-10T08:56:07.121+0000] {dag.py:3696} INFO - Setting next_dagrun for dataset_consumes_1_never_scheduled to None, run_after=None
[2023-10-10T08:56:07.123+0000] {logging_mixin.py:151} INFO - [2023-10-10T08:56:07.122+0000] {dag.py:3696} INFO - Setting next_dagrun for dataset_consumes_unknown_never_scheduled to None, run_after=None
[2023-10-10T08:56:07.126+0000] {logging_mixin.py:151} INFO - [2023-10-10T08:56:07.126+0000] {dag.py:3696} INFO - Setting next_dagrun for dataset_produces_1 to 2023-10-09T00:00:00+00:00, run_after=2023-10-10T00:00:00+00:00
[2023-10-10T08:56:07.127+0000] {logging_mixin.py:151} INFO - [2023-10-10T08:56:07.127+0000] {dag.py:3696} INFO - Setting next_dagrun for dataset_produces_2 to None, run_after=None
[2023-10-10T08:56:07.162+0000] {processor.py:179} INFO - Processing /home/airflow/.local/lib/python3.8/site-packages/airflow/example_dags/example_datasets.py took 0.132 seconds
[2023-10-10T08:56:37.625+0000] {processor.py:157} INFO - Started process (PID=578) to work on /home/airflow/.local/lib/python3.8/site-packages/airflow/example_dags/example_datasets.py
[2023-10-10T08:56:37.626+0000] {processor.py:829} INFO - Processing file /home/airflow/.local/lib/python3.8/site-packages/airflow/example_dags/example_datasets.py for tasks to queue
[2023-10-10T08:56:37.629+0000] {logging_mixin.py:151} INFO - [2023-10-10T08:56:37.628+0000] {dagbag.py:539} INFO - Filling up the DagBag from /home/airflow/.local/lib/python3.8/site-packages/airflow/example_dags/example_datasets.py
[2023-10-10T08:56:37.640+0000] {processor.py:839} INFO - DAG(s) dict_keys(['dataset_consumes_1', 'dataset_consumes_unknown_never_scheduled', 'dataset_produces_1', 'dataset_consumes_1_and_2', 'dataset_consumes_1_never_scheduled', 'dataset_produces_2']) retrieved from /home/airflow/.local/lib/python3.8/site-packages/airflow/example_dags/example_datasets.py
[2023-10-10T08:56:37.680+0000] {logging_mixin.py:151} INFO - [2023-10-10T08:56:37.679+0000] {dag.py:2915} INFO - Sync 6 DAGs
[2023-10-10T08:56:37.707+0000] {logging_mixin.py:151} INFO - [2023-10-10T08:56:37.706+0000] {dag.py:3696} INFO - Setting next_dagrun for dataset_consumes_1 to None, run_after=None
[2023-10-10T08:56:37.710+0000] {logging_mixin.py:151} INFO - [2023-10-10T08:56:37.710+0000] {dag.py:3696} INFO - Setting next_dagrun for dataset_consumes_1_and_2 to None, run_after=None
[2023-10-10T08:56:37.712+0000] {logging_mixin.py:151} INFO - [2023-10-10T08:56:37.711+0000] {dag.py:3696} INFO - Setting next_dagrun for dataset_consumes_1_never_scheduled to None, run_after=None
[2023-10-10T08:56:37.713+0000] {logging_mixin.py:151} INFO - [2023-10-10T08:56:37.713+0000] {dag.py:3696} INFO - Setting next_dagrun for dataset_consumes_unknown_never_scheduled to None, run_after=None
[2023-10-10T08:56:37.717+0000] {logging_mixin.py:151} INFO - [2023-10-10T08:56:37.716+0000] {dag.py:3696} INFO - Setting next_dagrun for dataset_produces_1 to 2023-10-09T00:00:00+00:00, run_after=2023-10-10T00:00:00+00:00
[2023-10-10T08:56:37.718+0000] {logging_mixin.py:151} INFO - [2023-10-10T08:56:37.718+0000] {dag.py:3696} INFO - Setting next_dagrun for dataset_produces_2 to None, run_after=None
[2023-10-10T08:56:37.753+0000] {processor.py:179} INFO - Processing /home/airflow/.local/lib/python3.8/site-packages/airflow/example_dags/example_datasets.py took 0.132 seconds
[2023-10-10T08:57:07.867+0000] {processor.py:157} INFO - Started process (PID=632) to work on /home/airflow/.local/lib/python3.8/site-packages/airflow/example_dags/example_datasets.py
[2023-10-10T08:57:07.868+0000] {processor.py:829} INFO - Processing file /home/airflow/.local/lib/python3.8/site-packages/airflow/example_dags/example_datasets.py for tasks to queue
[2023-10-10T08:57:07.870+0000] {logging_mixin.py:151} INFO - [2023-10-10T08:57:07.870+0000] {dagbag.py:539} INFO - Filling up the DagBag from /home/airflow/.local/lib/python3.8/site-packages/airflow/example_dags/example_datasets.py
[2023-10-10T08:57:07.881+0000] {processor.py:839} INFO - DAG(s) dict_keys(['dataset_produces_1', 'dataset_consumes_1_and_2', 'dataset_consumes_1_never_scheduled', 'dataset_consumes_1', 'dataset_produces_2', 'dataset_consumes_unknown_never_scheduled']) retrieved from /home/airflow/.local/lib/python3.8/site-packages/airflow/example_dags/example_datasets.py
[2023-10-10T08:57:07.921+0000] {logging_mixin.py:151} INFO - [2023-10-10T08:57:07.920+0000] {dag.py:2915} INFO - Sync 6 DAGs
[2023-10-10T08:57:07.948+0000] {logging_mixin.py:151} INFO - [2023-10-10T08:57:07.948+0000] {dag.py:3696} INFO - Setting next_dagrun for dataset_consumes_1 to None, run_after=None
[2023-10-10T08:57:07.952+0000] {logging_mixin.py:151} INFO - [2023-10-10T08:57:07.952+0000] {dag.py:3696} INFO - Setting next_dagrun for dataset_consumes_1_and_2 to None, run_after=None
[2023-10-10T08:57:07.953+0000] {logging_mixin.py:151} INFO - [2023-10-10T08:57:07.953+0000] {dag.py:3696} INFO - Setting next_dagrun for dataset_consumes_1_never_scheduled to None, run_after=None
[2023-10-10T08:57:07.955+0000] {logging_mixin.py:151} INFO - [2023-10-10T08:57:07.955+0000] {dag.py:3696} INFO - Setting next_dagrun for dataset_consumes_unknown_never_scheduled to None, run_after=None
[2023-10-10T08:57:07.958+0000] {logging_mixin.py:151} INFO - [2023-10-10T08:57:07.958+0000] {dag.py:3696} INFO - Setting next_dagrun for dataset_produces_1 to 2023-10-09T00:00:00+00:00, run_after=2023-10-10T00:00:00+00:00
[2023-10-10T08:57:07.959+0000] {logging_mixin.py:151} INFO - [2023-10-10T08:57:07.959+0000] {dag.py:3696} INFO - Setting next_dagrun for dataset_produces_2 to None, run_after=None
[2023-10-10T08:57:07.995+0000] {processor.py:179} INFO - Processing /home/airflow/.local/lib/python3.8/site-packages/airflow/example_dags/example_datasets.py took 0.132 seconds
