[2023-10-10T08:39:50.424+0000] {processor.py:157} INFO - Started process (PID=60) to work on /home/airflow/.local/lib/python3.8/site-packages/airflow/example_dags/example_short_circuit_decorator.py
[2023-10-10T08:39:50.425+0000] {processor.py:829} INFO - Processing file /home/airflow/.local/lib/python3.8/site-packages/airflow/example_dags/example_short_circuit_decorator.py for tasks to queue
[2023-10-10T08:39:50.428+0000] {logging_mixin.py:151} INFO - [2023-10-10T08:39:50.428+0000] {dagbag.py:539} INFO - Filling up the DagBag from /home/airflow/.local/lib/python3.8/site-packages/airflow/example_dags/example_short_circuit_decorator.py
[2023-10-10T08:39:50.440+0000] {processor.py:839} INFO - DAG(s) dict_keys(['example_short_circuit_decorator']) retrieved from /home/airflow/.local/lib/python3.8/site-packages/airflow/example_dags/example_short_circuit_decorator.py
[2023-10-10T08:39:50.453+0000] {logging_mixin.py:151} INFO - [2023-10-10T08:39:50.453+0000] {dag.py:2915} INFO - Sync 1 DAGs
[2023-10-10T08:39:50.488+0000] {logging_mixin.py:151} INFO - [2023-10-10T08:39:50.485+0000] {dag.py:3696} INFO - Setting next_dagrun for example_short_circuit_decorator to 2023-10-09T08:39:50.483587+00:00, run_after=2023-10-10T08:39:50.483587+00:00
[2023-10-10T08:39:50.517+0000] {processor.py:179} INFO - Processing /home/airflow/.local/lib/python3.8/site-packages/airflow/example_dags/example_short_circuit_decorator.py took 0.097 seconds
[2023-10-10T08:40:20.750+0000] {processor.py:157} INFO - Started process (PID=114) to work on /home/airflow/.local/lib/python3.8/site-packages/airflow/example_dags/example_short_circuit_decorator.py
[2023-10-10T08:40:20.753+0000] {processor.py:829} INFO - Processing file /home/airflow/.local/lib/python3.8/site-packages/airflow/example_dags/example_short_circuit_decorator.py for tasks to queue
[2023-10-10T08:40:20.755+0000] {logging_mixin.py:151} INFO - [2023-10-10T08:40:20.755+0000] {dagbag.py:539} INFO - Filling up the DagBag from /home/airflow/.local/lib/python3.8/site-packages/airflow/example_dags/example_short_circuit_decorator.py
[2023-10-10T08:40:20.766+0000] {processor.py:839} INFO - DAG(s) dict_keys(['example_short_circuit_decorator']) retrieved from /home/airflow/.local/lib/python3.8/site-packages/airflow/example_dags/example_short_circuit_decorator.py
[2023-10-10T08:40:20.793+0000] {logging_mixin.py:151} INFO - [2023-10-10T08:40:20.793+0000] {dag.py:2915} INFO - Sync 1 DAGs
[2023-10-10T08:40:20.820+0000] {logging_mixin.py:151} INFO - [2023-10-10T08:40:20.819+0000] {dag.py:3696} INFO - Setting next_dagrun for example_short_circuit_decorator to 2023-10-09T08:40:20.819635+00:00, run_after=2023-10-10T08:40:20.819635+00:00
[2023-10-10T08:40:20.841+0000] {processor.py:179} INFO - Processing /home/airflow/.local/lib/python3.8/site-packages/airflow/example_dags/example_short_circuit_decorator.py took 0.095 seconds
[2023-10-10T08:40:51.060+0000] {processor.py:157} INFO - Started process (PID=167) to work on /home/airflow/.local/lib/python3.8/site-packages/airflow/example_dags/example_short_circuit_decorator.py
[2023-10-10T08:40:51.061+0000] {processor.py:829} INFO - Processing file /home/airflow/.local/lib/python3.8/site-packages/airflow/example_dags/example_short_circuit_decorator.py for tasks to queue
[2023-10-10T08:40:51.063+0000] {logging_mixin.py:151} INFO - [2023-10-10T08:40:51.063+0000] {dagbag.py:539} INFO - Filling up the DagBag from /home/airflow/.local/lib/python3.8/site-packages/airflow/example_dags/example_short_circuit_decorator.py
[2023-10-10T08:40:51.075+0000] {processor.py:839} INFO - DAG(s) dict_keys(['example_short_circuit_decorator']) retrieved from /home/airflow/.local/lib/python3.8/site-packages/airflow/example_dags/example_short_circuit_decorator.py
[2023-10-10T08:40:51.102+0000] {logging_mixin.py:151} INFO - [2023-10-10T08:40:51.102+0000] {dag.py:2915} INFO - Sync 1 DAGs
[2023-10-10T08:40:51.128+0000] {logging_mixin.py:151} INFO - [2023-10-10T08:40:51.128+0000] {dag.py:3696} INFO - Setting next_dagrun for example_short_circuit_decorator to 2023-10-09T08:40:51.128143+00:00, run_after=2023-10-10T08:40:51.128143+00:00
[2023-10-10T08:40:51.148+0000] {processor.py:179} INFO - Processing /home/airflow/.local/lib/python3.8/site-packages/airflow/example_dags/example_short_circuit_decorator.py took 0.093 seconds
[2023-10-10T08:41:21.740+0000] {processor.py:157} INFO - Started process (PID=221) to work on /home/airflow/.local/lib/python3.8/site-packages/airflow/example_dags/example_short_circuit_decorator.py
[2023-10-10T08:41:21.742+0000] {processor.py:829} INFO - Processing file /home/airflow/.local/lib/python3.8/site-packages/airflow/example_dags/example_short_circuit_decorator.py for tasks to queue
[2023-10-10T08:41:21.744+0000] {logging_mixin.py:151} INFO - [2023-10-10T08:41:21.744+0000] {dagbag.py:539} INFO - Filling up the DagBag from /home/airflow/.local/lib/python3.8/site-packages/airflow/example_dags/example_short_circuit_decorator.py
[2023-10-10T08:41:21.755+0000] {processor.py:839} INFO - DAG(s) dict_keys(['example_short_circuit_decorator']) retrieved from /home/airflow/.local/lib/python3.8/site-packages/airflow/example_dags/example_short_circuit_decorator.py
[2023-10-10T08:41:21.783+0000] {logging_mixin.py:151} INFO - [2023-10-10T08:41:21.782+0000] {dag.py:2915} INFO - Sync 1 DAGs
[2023-10-10T08:41:21.811+0000] {logging_mixin.py:151} INFO - [2023-10-10T08:41:21.811+0000] {dag.py:3696} INFO - Setting next_dagrun for example_short_circuit_decorator to 2023-10-09T08:41:21.810825+00:00, run_after=2023-10-10T08:41:21.810825+00:00
[2023-10-10T08:41:21.847+0000] {processor.py:179} INFO - Processing /home/airflow/.local/lib/python3.8/site-packages/airflow/example_dags/example_short_circuit_decorator.py took 0.111 seconds
[2023-10-10T08:43:50.827+0000] {processor.py:157} INFO - Started process (PID=61) to work on /home/airflow/.local/lib/python3.8/site-packages/airflow/example_dags/example_short_circuit_decorator.py
[2023-10-10T08:43:50.829+0000] {processor.py:829} INFO - Processing file /home/airflow/.local/lib/python3.8/site-packages/airflow/example_dags/example_short_circuit_decorator.py for tasks to queue
[2023-10-10T08:43:50.831+0000] {logging_mixin.py:151} INFO - [2023-10-10T08:43:50.831+0000] {dagbag.py:539} INFO - Filling up the DagBag from /home/airflow/.local/lib/python3.8/site-packages/airflow/example_dags/example_short_circuit_decorator.py
[2023-10-10T08:43:50.842+0000] {processor.py:839} INFO - DAG(s) dict_keys(['example_short_circuit_decorator']) retrieved from /home/airflow/.local/lib/python3.8/site-packages/airflow/example_dags/example_short_circuit_decorator.py
[2023-10-10T08:43:50.855+0000] {logging_mixin.py:151} INFO - [2023-10-10T08:43:50.855+0000] {dag.py:2915} INFO - Sync 1 DAGs
[2023-10-10T08:43:50.881+0000] {logging_mixin.py:151} INFO - [2023-10-10T08:43:50.881+0000] {dag.py:3696} INFO - Setting next_dagrun for example_short_circuit_decorator to 2023-10-09T08:43:50.880854+00:00, run_after=2023-10-10T08:43:50.880854+00:00
[2023-10-10T08:43:50.900+0000] {processor.py:179} INFO - Processing /home/airflow/.local/lib/python3.8/site-packages/airflow/example_dags/example_short_circuit_decorator.py took 0.077 seconds
[2023-10-10T08:44:21.416+0000] {processor.py:157} INFO - Started process (PID=115) to work on /home/airflow/.local/lib/python3.8/site-packages/airflow/example_dags/example_short_circuit_decorator.py
[2023-10-10T08:44:21.418+0000] {processor.py:829} INFO - Processing file /home/airflow/.local/lib/python3.8/site-packages/airflow/example_dags/example_short_circuit_decorator.py for tasks to queue
[2023-10-10T08:44:21.420+0000] {logging_mixin.py:151} INFO - [2023-10-10T08:44:21.420+0000] {dagbag.py:539} INFO - Filling up the DagBag from /home/airflow/.local/lib/python3.8/site-packages/airflow/example_dags/example_short_circuit_decorator.py
[2023-10-10T08:44:21.431+0000] {processor.py:839} INFO - DAG(s) dict_keys(['example_short_circuit_decorator']) retrieved from /home/airflow/.local/lib/python3.8/site-packages/airflow/example_dags/example_short_circuit_decorator.py
[2023-10-10T08:44:21.459+0000] {logging_mixin.py:151} INFO - [2023-10-10T08:44:21.459+0000] {dag.py:2915} INFO - Sync 1 DAGs
[2023-10-10T08:44:21.485+0000] {logging_mixin.py:151} INFO - [2023-10-10T08:44:21.485+0000] {dag.py:3696} INFO - Setting next_dagrun for example_short_circuit_decorator to 2023-10-09T08:44:21.484982+00:00, run_after=2023-10-10T08:44:21.484982+00:00
[2023-10-10T08:44:21.505+0000] {processor.py:179} INFO - Processing /home/airflow/.local/lib/python3.8/site-packages/airflow/example_dags/example_short_circuit_decorator.py took 0.093 seconds
[2023-10-10T08:44:55.440+0000] {processor.py:157} INFO - Started process (PID=169) to work on /home/airflow/.local/lib/python3.8/site-packages/airflow/example_dags/example_short_circuit_decorator.py
[2023-10-10T08:44:55.444+0000] {processor.py:829} INFO - Processing file /home/airflow/.local/lib/python3.8/site-packages/airflow/example_dags/example_short_circuit_decorator.py for tasks to queue
[2023-10-10T08:44:55.447+0000] {logging_mixin.py:151} INFO - [2023-10-10T08:44:55.447+0000] {dagbag.py:539} INFO - Filling up the DagBag from /home/airflow/.local/lib/python3.8/site-packages/airflow/example_dags/example_short_circuit_decorator.py
[2023-10-10T08:44:55.457+0000] {processor.py:839} INFO - DAG(s) dict_keys(['example_short_circuit_decorator']) retrieved from /home/airflow/.local/lib/python3.8/site-packages/airflow/example_dags/example_short_circuit_decorator.py
[2023-10-10T08:44:55.484+0000] {logging_mixin.py:151} INFO - [2023-10-10T08:44:55.484+0000] {dag.py:2915} INFO - Sync 1 DAGs
[2023-10-10T08:44:55.509+0000] {logging_mixin.py:151} INFO - [2023-10-10T08:44:55.509+0000] {dag.py:3696} INFO - Setting next_dagrun for example_short_circuit_decorator to 2023-10-09T08:44:55.509209+00:00, run_after=2023-10-10T08:44:55.509209+00:00
[2023-10-10T08:44:55.530+0000] {processor.py:179} INFO - Processing /home/airflow/.local/lib/python3.8/site-packages/airflow/example_dags/example_short_circuit_decorator.py took 0.093 seconds
[2023-10-10T08:46:30.881+0000] {processor.py:157} INFO - Started process (PID=60) to work on /home/airflow/.local/lib/python3.8/site-packages/airflow/example_dags/example_short_circuit_decorator.py
[2023-10-10T08:46:30.883+0000] {processor.py:829} INFO - Processing file /home/airflow/.local/lib/python3.8/site-packages/airflow/example_dags/example_short_circuit_decorator.py for tasks to queue
[2023-10-10T08:46:30.886+0000] {logging_mixin.py:151} INFO - [2023-10-10T08:46:30.885+0000] {dagbag.py:539} INFO - Filling up the DagBag from /home/airflow/.local/lib/python3.8/site-packages/airflow/example_dags/example_short_circuit_decorator.py
[2023-10-10T08:46:30.907+0000] {processor.py:839} INFO - DAG(s) dict_keys(['example_short_circuit_decorator']) retrieved from /home/airflow/.local/lib/python3.8/site-packages/airflow/example_dags/example_short_circuit_decorator.py
[2023-10-10T08:46:30.933+0000] {logging_mixin.py:151} INFO - [2023-10-10T08:46:30.933+0000] {dag.py:2915} INFO - Sync 1 DAGs
[2023-10-10T08:46:30.962+0000] {logging_mixin.py:151} INFO - [2023-10-10T08:46:30.962+0000] {dag.py:3696} INFO - Setting next_dagrun for example_short_circuit_decorator to 2023-10-09T08:46:30.961713+00:00, run_after=2023-10-10T08:46:30.961713+00:00
[2023-10-10T08:46:30.982+0000] {processor.py:179} INFO - Processing /home/airflow/.local/lib/python3.8/site-packages/airflow/example_dags/example_short_circuit_decorator.py took 0.111 seconds
[2023-10-10T08:47:01.075+0000] {processor.py:157} INFO - Started process (PID=114) to work on /home/airflow/.local/lib/python3.8/site-packages/airflow/example_dags/example_short_circuit_decorator.py
[2023-10-10T08:47:01.076+0000] {processor.py:829} INFO - Processing file /home/airflow/.local/lib/python3.8/site-packages/airflow/example_dags/example_short_circuit_decorator.py for tasks to queue
[2023-10-10T08:47:01.078+0000] {logging_mixin.py:151} INFO - [2023-10-10T08:47:01.077+0000] {dagbag.py:539} INFO - Filling up the DagBag from /home/airflow/.local/lib/python3.8/site-packages/airflow/example_dags/example_short_circuit_decorator.py
[2023-10-10T08:47:01.088+0000] {processor.py:839} INFO - DAG(s) dict_keys(['example_short_circuit_decorator']) retrieved from /home/airflow/.local/lib/python3.8/site-packages/airflow/example_dags/example_short_circuit_decorator.py
[2023-10-10T08:47:01.115+0000] {logging_mixin.py:151} INFO - [2023-10-10T08:47:01.115+0000] {dag.py:2915} INFO - Sync 1 DAGs
[2023-10-10T08:47:01.141+0000] {logging_mixin.py:151} INFO - [2023-10-10T08:47:01.140+0000] {dag.py:3696} INFO - Setting next_dagrun for example_short_circuit_decorator to 2023-10-09T08:47:01.140680+00:00, run_after=2023-10-10T08:47:01.140680+00:00
[2023-10-10T08:47:01.160+0000] {processor.py:179} INFO - Processing /home/airflow/.local/lib/python3.8/site-packages/airflow/example_dags/example_short_circuit_decorator.py took 0.089 seconds
[2023-10-10T08:47:31.664+0000] {processor.py:157} INFO - Started process (PID=168) to work on /home/airflow/.local/lib/python3.8/site-packages/airflow/example_dags/example_short_circuit_decorator.py
[2023-10-10T08:47:31.665+0000] {processor.py:829} INFO - Processing file /home/airflow/.local/lib/python3.8/site-packages/airflow/example_dags/example_short_circuit_decorator.py for tasks to queue
[2023-10-10T08:47:31.668+0000] {logging_mixin.py:151} INFO - [2023-10-10T08:47:31.667+0000] {dagbag.py:539} INFO - Filling up the DagBag from /home/airflow/.local/lib/python3.8/site-packages/airflow/example_dags/example_short_circuit_decorator.py
[2023-10-10T08:47:31.678+0000] {processor.py:839} INFO - DAG(s) dict_keys(['example_short_circuit_decorator']) retrieved from /home/airflow/.local/lib/python3.8/site-packages/airflow/example_dags/example_short_circuit_decorator.py
[2023-10-10T08:47:31.704+0000] {logging_mixin.py:151} INFO - [2023-10-10T08:47:31.704+0000] {dag.py:2915} INFO - Sync 1 DAGs
[2023-10-10T08:47:31.729+0000] {logging_mixin.py:151} INFO - [2023-10-10T08:47:31.729+0000] {dag.py:3696} INFO - Setting next_dagrun for example_short_circuit_decorator to 2023-10-09T08:47:31.728924+00:00, run_after=2023-10-10T08:47:31.728924+00:00
[2023-10-10T08:47:31.748+0000] {processor.py:179} INFO - Processing /home/airflow/.local/lib/python3.8/site-packages/airflow/example_dags/example_short_circuit_decorator.py took 0.088 seconds
[2023-10-10T08:51:33.747+0000] {processor.py:157} INFO - Started process (PID=60) to work on /home/airflow/.local/lib/python3.8/site-packages/airflow/example_dags/example_short_circuit_decorator.py
[2023-10-10T08:51:33.748+0000] {processor.py:829} INFO - Processing file /home/airflow/.local/lib/python3.8/site-packages/airflow/example_dags/example_short_circuit_decorator.py for tasks to queue
[2023-10-10T08:51:33.751+0000] {logging_mixin.py:151} INFO - [2023-10-10T08:51:33.751+0000] {dagbag.py:539} INFO - Filling up the DagBag from /home/airflow/.local/lib/python3.8/site-packages/airflow/example_dags/example_short_circuit_decorator.py
[2023-10-10T08:51:33.764+0000] {processor.py:839} INFO - DAG(s) dict_keys(['example_short_circuit_decorator']) retrieved from /home/airflow/.local/lib/python3.8/site-packages/airflow/example_dags/example_short_circuit_decorator.py
[2023-10-10T08:51:33.778+0000] {logging_mixin.py:151} INFO - [2023-10-10T08:51:33.777+0000] {dag.py:2915} INFO - Sync 1 DAGs
[2023-10-10T08:51:33.806+0000] {logging_mixin.py:151} INFO - [2023-10-10T08:51:33.806+0000] {dag.py:3696} INFO - Setting next_dagrun for example_short_circuit_decorator to 2023-10-09T08:51:33.806115+00:00, run_after=2023-10-10T08:51:33.806115+00:00
[2023-10-10T08:51:33.828+0000] {processor.py:179} INFO - Processing /home/airflow/.local/lib/python3.8/site-packages/airflow/example_dags/example_short_circuit_decorator.py took 0.085 seconds
[2023-10-10T08:52:04.308+0000] {processor.py:157} INFO - Started process (PID=114) to work on /home/airflow/.local/lib/python3.8/site-packages/airflow/example_dags/example_short_circuit_decorator.py
[2023-10-10T08:52:04.309+0000] {processor.py:829} INFO - Processing file /home/airflow/.local/lib/python3.8/site-packages/airflow/example_dags/example_short_circuit_decorator.py for tasks to queue
[2023-10-10T08:52:04.312+0000] {logging_mixin.py:151} INFO - [2023-10-10T08:52:04.311+0000] {dagbag.py:539} INFO - Filling up the DagBag from /home/airflow/.local/lib/python3.8/site-packages/airflow/example_dags/example_short_circuit_decorator.py
[2023-10-10T08:52:04.322+0000] {processor.py:839} INFO - DAG(s) dict_keys(['example_short_circuit_decorator']) retrieved from /home/airflow/.local/lib/python3.8/site-packages/airflow/example_dags/example_short_circuit_decorator.py
[2023-10-10T08:52:04.349+0000] {logging_mixin.py:151} INFO - [2023-10-10T08:52:04.349+0000] {dag.py:2915} INFO - Sync 1 DAGs
[2023-10-10T08:52:04.375+0000] {logging_mixin.py:151} INFO - [2023-10-10T08:52:04.375+0000] {dag.py:3696} INFO - Setting next_dagrun for example_short_circuit_decorator to 2023-10-09T08:52:04.374979+00:00, run_after=2023-10-10T08:52:04.374979+00:00
[2023-10-10T08:52:04.394+0000] {processor.py:179} INFO - Processing /home/airflow/.local/lib/python3.8/site-packages/airflow/example_dags/example_short_circuit_decorator.py took 0.090 seconds
[2023-10-10T08:52:34.618+0000] {processor.py:157} INFO - Started process (PID=168) to work on /home/airflow/.local/lib/python3.8/site-packages/airflow/example_dags/example_short_circuit_decorator.py
[2023-10-10T08:52:34.620+0000] {processor.py:829} INFO - Processing file /home/airflow/.local/lib/python3.8/site-packages/airflow/example_dags/example_short_circuit_decorator.py for tasks to queue
[2023-10-10T08:52:34.622+0000] {logging_mixin.py:151} INFO - [2023-10-10T08:52:34.622+0000] {dagbag.py:539} INFO - Filling up the DagBag from /home/airflow/.local/lib/python3.8/site-packages/airflow/example_dags/example_short_circuit_decorator.py
[2023-10-10T08:52:34.632+0000] {processor.py:839} INFO - DAG(s) dict_keys(['example_short_circuit_decorator']) retrieved from /home/airflow/.local/lib/python3.8/site-packages/airflow/example_dags/example_short_circuit_decorator.py
[2023-10-10T08:52:34.659+0000] {logging_mixin.py:151} INFO - [2023-10-10T08:52:34.659+0000] {dag.py:2915} INFO - Sync 1 DAGs
[2023-10-10T08:52:34.684+0000] {logging_mixin.py:151} INFO - [2023-10-10T08:52:34.684+0000] {dag.py:3696} INFO - Setting next_dagrun for example_short_circuit_decorator to 2023-10-09T08:52:34.684330+00:00, run_after=2023-10-10T08:52:34.684330+00:00
[2023-10-10T08:52:34.705+0000] {processor.py:179} INFO - Processing /home/airflow/.local/lib/python3.8/site-packages/airflow/example_dags/example_short_circuit_decorator.py took 0.091 seconds
[2023-10-10T08:53:05.007+0000] {processor.py:157} INFO - Started process (PID=222) to work on /home/airflow/.local/lib/python3.8/site-packages/airflow/example_dags/example_short_circuit_decorator.py
[2023-10-10T08:53:05.009+0000] {processor.py:829} INFO - Processing file /home/airflow/.local/lib/python3.8/site-packages/airflow/example_dags/example_short_circuit_decorator.py for tasks to queue
[2023-10-10T08:53:05.011+0000] {logging_mixin.py:151} INFO - [2023-10-10T08:53:05.011+0000] {dagbag.py:539} INFO - Filling up the DagBag from /home/airflow/.local/lib/python3.8/site-packages/airflow/example_dags/example_short_circuit_decorator.py
[2023-10-10T08:53:05.021+0000] {processor.py:839} INFO - DAG(s) dict_keys(['example_short_circuit_decorator']) retrieved from /home/airflow/.local/lib/python3.8/site-packages/airflow/example_dags/example_short_circuit_decorator.py
[2023-10-10T08:53:05.048+0000] {logging_mixin.py:151} INFO - [2023-10-10T08:53:05.048+0000] {dag.py:2915} INFO - Sync 1 DAGs
[2023-10-10T08:53:05.073+0000] {logging_mixin.py:151} INFO - [2023-10-10T08:53:05.073+0000] {dag.py:3696} INFO - Setting next_dagrun for example_short_circuit_decorator to 2023-10-09T08:53:05.073362+00:00, run_after=2023-10-10T08:53:05.073362+00:00
[2023-10-10T08:53:05.093+0000] {processor.py:179} INFO - Processing /home/airflow/.local/lib/python3.8/site-packages/airflow/example_dags/example_short_circuit_decorator.py took 0.090 seconds
[2023-10-10T08:53:35.361+0000] {processor.py:157} INFO - Started process (PID=276) to work on /home/airflow/.local/lib/python3.8/site-packages/airflow/example_dags/example_short_circuit_decorator.py
[2023-10-10T08:53:35.362+0000] {processor.py:829} INFO - Processing file /home/airflow/.local/lib/python3.8/site-packages/airflow/example_dags/example_short_circuit_decorator.py for tasks to queue
[2023-10-10T08:53:35.365+0000] {logging_mixin.py:151} INFO - [2023-10-10T08:53:35.364+0000] {dagbag.py:539} INFO - Filling up the DagBag from /home/airflow/.local/lib/python3.8/site-packages/airflow/example_dags/example_short_circuit_decorator.py
[2023-10-10T08:53:35.375+0000] {processor.py:839} INFO - DAG(s) dict_keys(['example_short_circuit_decorator']) retrieved from /home/airflow/.local/lib/python3.8/site-packages/airflow/example_dags/example_short_circuit_decorator.py
[2023-10-10T08:53:35.404+0000] {logging_mixin.py:151} INFO - [2023-10-10T08:53:35.404+0000] {dag.py:2915} INFO - Sync 1 DAGs
[2023-10-10T08:53:35.429+0000] {logging_mixin.py:151} INFO - [2023-10-10T08:53:35.429+0000] {dag.py:3696} INFO - Setting next_dagrun for example_short_circuit_decorator to 2023-10-09T08:53:35.428966+00:00, run_after=2023-10-10T08:53:35.428966+00:00
[2023-10-10T08:53:35.449+0000] {processor.py:179} INFO - Processing /home/airflow/.local/lib/python3.8/site-packages/airflow/example_dags/example_short_circuit_decorator.py took 0.092 seconds
[2023-10-10T08:54:10.509+0000] {processor.py:157} INFO - Started process (PID=331) to work on /home/airflow/.local/lib/python3.8/site-packages/airflow/example_dags/example_short_circuit_decorator.py
[2023-10-10T08:54:10.510+0000] {processor.py:829} INFO - Processing file /home/airflow/.local/lib/python3.8/site-packages/airflow/example_dags/example_short_circuit_decorator.py for tasks to queue
[2023-10-10T08:54:10.513+0000] {logging_mixin.py:151} INFO - [2023-10-10T08:54:10.512+0000] {dagbag.py:539} INFO - Filling up the DagBag from /home/airflow/.local/lib/python3.8/site-packages/airflow/example_dags/example_short_circuit_decorator.py
[2023-10-10T08:54:10.523+0000] {processor.py:839} INFO - DAG(s) dict_keys(['example_short_circuit_decorator']) retrieved from /home/airflow/.local/lib/python3.8/site-packages/airflow/example_dags/example_short_circuit_decorator.py
[2023-10-10T08:54:10.551+0000] {logging_mixin.py:151} INFO - [2023-10-10T08:54:10.550+0000] {dag.py:2915} INFO - Sync 1 DAGs
[2023-10-10T08:54:10.577+0000] {logging_mixin.py:151} INFO - [2023-10-10T08:54:10.577+0000] {dag.py:3696} INFO - Setting next_dagrun for example_short_circuit_decorator to 2023-10-09T08:54:10.576760+00:00, run_after=2023-10-10T08:54:10.576760+00:00
[2023-10-10T08:54:10.597+0000] {processor.py:179} INFO - Processing /home/airflow/.local/lib/python3.8/site-packages/airflow/example_dags/example_short_circuit_decorator.py took 0.092 seconds
[2023-10-10T08:54:40.666+0000] {processor.py:157} INFO - Started process (PID=384) to work on /home/airflow/.local/lib/python3.8/site-packages/airflow/example_dags/example_short_circuit_decorator.py
[2023-10-10T08:54:40.668+0000] {processor.py:829} INFO - Processing file /home/airflow/.local/lib/python3.8/site-packages/airflow/example_dags/example_short_circuit_decorator.py for tasks to queue
[2023-10-10T08:54:40.670+0000] {logging_mixin.py:151} INFO - [2023-10-10T08:54:40.670+0000] {dagbag.py:539} INFO - Filling up the DagBag from /home/airflow/.local/lib/python3.8/site-packages/airflow/example_dags/example_short_circuit_decorator.py
[2023-10-10T08:54:40.681+0000] {processor.py:839} INFO - DAG(s) dict_keys(['example_short_circuit_decorator']) retrieved from /home/airflow/.local/lib/python3.8/site-packages/airflow/example_dags/example_short_circuit_decorator.py
[2023-10-10T08:54:40.708+0000] {logging_mixin.py:151} INFO - [2023-10-10T08:54:40.708+0000] {dag.py:2915} INFO - Sync 1 DAGs
[2023-10-10T08:54:40.733+0000] {logging_mixin.py:151} INFO - [2023-10-10T08:54:40.733+0000] {dag.py:3696} INFO - Setting next_dagrun for example_short_circuit_decorator to 2023-10-09T08:54:40.732714+00:00, run_after=2023-10-10T08:54:40.732714+00:00
[2023-10-10T08:54:40.753+0000] {processor.py:179} INFO - Processing /home/airflow/.local/lib/python3.8/site-packages/airflow/example_dags/example_short_circuit_decorator.py took 0.091 seconds
[2023-10-10T08:55:10.782+0000] {processor.py:157} INFO - Started process (PID=439) to work on /home/airflow/.local/lib/python3.8/site-packages/airflow/example_dags/example_short_circuit_decorator.py
[2023-10-10T08:55:10.783+0000] {processor.py:829} INFO - Processing file /home/airflow/.local/lib/python3.8/site-packages/airflow/example_dags/example_short_circuit_decorator.py for tasks to queue
[2023-10-10T08:55:10.786+0000] {logging_mixin.py:151} INFO - [2023-10-10T08:55:10.785+0000] {dagbag.py:539} INFO - Filling up the DagBag from /home/airflow/.local/lib/python3.8/site-packages/airflow/example_dags/example_short_circuit_decorator.py
[2023-10-10T08:55:10.797+0000] {processor.py:839} INFO - DAG(s) dict_keys(['example_short_circuit_decorator']) retrieved from /home/airflow/.local/lib/python3.8/site-packages/airflow/example_dags/example_short_circuit_decorator.py
[2023-10-10T08:55:10.824+0000] {logging_mixin.py:151} INFO - [2023-10-10T08:55:10.824+0000] {dag.py:2915} INFO - Sync 1 DAGs
[2023-10-10T08:55:10.849+0000] {logging_mixin.py:151} INFO - [2023-10-10T08:55:10.849+0000] {dag.py:3696} INFO - Setting next_dagrun for example_short_circuit_decorator to 2023-10-09T08:55:10.849004+00:00, run_after=2023-10-10T08:55:10.849004+00:00
[2023-10-10T08:55:10.869+0000] {processor.py:179} INFO - Processing /home/airflow/.local/lib/python3.8/site-packages/airflow/example_dags/example_short_circuit_decorator.py took 0.091 seconds
[2023-10-10T08:55:41.204+0000] {processor.py:157} INFO - Started process (PID=494) to work on /home/airflow/.local/lib/python3.8/site-packages/airflow/example_dags/example_short_circuit_decorator.py
[2023-10-10T08:55:41.207+0000] {processor.py:829} INFO - Processing file /home/airflow/.local/lib/python3.8/site-packages/airflow/example_dags/example_short_circuit_decorator.py for tasks to queue
[2023-10-10T08:55:41.210+0000] {logging_mixin.py:151} INFO - [2023-10-10T08:55:41.209+0000] {dagbag.py:539} INFO - Filling up the DagBag from /home/airflow/.local/lib/python3.8/site-packages/airflow/example_dags/example_short_circuit_decorator.py
[2023-10-10T08:55:41.221+0000] {processor.py:839} INFO - DAG(s) dict_keys(['example_short_circuit_decorator']) retrieved from /home/airflow/.local/lib/python3.8/site-packages/airflow/example_dags/example_short_circuit_decorator.py
[2023-10-10T08:55:41.252+0000] {logging_mixin.py:151} INFO - [2023-10-10T08:55:41.252+0000] {dag.py:2915} INFO - Sync 1 DAGs
[2023-10-10T08:55:41.279+0000] {logging_mixin.py:151} INFO - [2023-10-10T08:55:41.279+0000] {dag.py:3696} INFO - Setting next_dagrun for example_short_circuit_decorator to 2023-10-09T08:55:41.278876+00:00, run_after=2023-10-10T08:55:41.278876+00:00
[2023-10-10T08:55:41.300+0000] {processor.py:179} INFO - Processing /home/airflow/.local/lib/python3.8/site-packages/airflow/example_dags/example_short_circuit_decorator.py took 0.099 seconds
[2023-10-10T08:56:16.172+0000] {processor.py:157} INFO - Started process (PID=548) to work on /home/airflow/.local/lib/python3.8/site-packages/airflow/example_dags/example_short_circuit_decorator.py
[2023-10-10T08:56:16.174+0000] {processor.py:829} INFO - Processing file /home/airflow/.local/lib/python3.8/site-packages/airflow/example_dags/example_short_circuit_decorator.py for tasks to queue
[2023-10-10T08:56:16.176+0000] {logging_mixin.py:151} INFO - [2023-10-10T08:56:16.176+0000] {dagbag.py:539} INFO - Filling up the DagBag from /home/airflow/.local/lib/python3.8/site-packages/airflow/example_dags/example_short_circuit_decorator.py
[2023-10-10T08:56:16.187+0000] {processor.py:839} INFO - DAG(s) dict_keys(['example_short_circuit_decorator']) retrieved from /home/airflow/.local/lib/python3.8/site-packages/airflow/example_dags/example_short_circuit_decorator.py
[2023-10-10T08:56:16.214+0000] {logging_mixin.py:151} INFO - [2023-10-10T08:56:16.214+0000] {dag.py:2915} INFO - Sync 1 DAGs
[2023-10-10T08:56:16.241+0000] {logging_mixin.py:151} INFO - [2023-10-10T08:56:16.241+0000] {dag.py:3696} INFO - Setting next_dagrun for example_short_circuit_decorator to 2023-10-09T08:56:16.241017+00:00, run_after=2023-10-10T08:56:16.241017+00:00
[2023-10-10T08:56:16.265+0000] {processor.py:179} INFO - Processing /home/airflow/.local/lib/python3.8/site-packages/airflow/example_dags/example_short_circuit_decorator.py took 0.096 seconds
[2023-10-10T08:56:47.053+0000] {processor.py:157} INFO - Started process (PID=602) to work on /home/airflow/.local/lib/python3.8/site-packages/airflow/example_dags/example_short_circuit_decorator.py
[2023-10-10T08:56:47.054+0000] {processor.py:829} INFO - Processing file /home/airflow/.local/lib/python3.8/site-packages/airflow/example_dags/example_short_circuit_decorator.py for tasks to queue
[2023-10-10T08:56:47.056+0000] {logging_mixin.py:151} INFO - [2023-10-10T08:56:47.056+0000] {dagbag.py:539} INFO - Filling up the DagBag from /home/airflow/.local/lib/python3.8/site-packages/airflow/example_dags/example_short_circuit_decorator.py
[2023-10-10T08:56:47.066+0000] {processor.py:839} INFO - DAG(s) dict_keys(['example_short_circuit_decorator']) retrieved from /home/airflow/.local/lib/python3.8/site-packages/airflow/example_dags/example_short_circuit_decorator.py
[2023-10-10T08:56:47.092+0000] {logging_mixin.py:151} INFO - [2023-10-10T08:56:47.092+0000] {dag.py:2915} INFO - Sync 1 DAGs
[2023-10-10T08:56:47.117+0000] {logging_mixin.py:151} INFO - [2023-10-10T08:56:47.117+0000] {dag.py:3696} INFO - Setting next_dagrun for example_short_circuit_decorator to 2023-10-09T08:56:47.117305+00:00, run_after=2023-10-10T08:56:47.117305+00:00
[2023-10-10T08:56:47.137+0000] {processor.py:179} INFO - Processing /home/airflow/.local/lib/python3.8/site-packages/airflow/example_dags/example_short_circuit_decorator.py took 0.088 seconds
