[2023-10-10T08:39:49.913+0000] {processor.py:157} INFO - Started process (PID=52) to work on /home/airflow/.local/lib/python3.8/site-packages/airflow/example_dags/example_dynamic_task_mapping_with_no_taskflow_operators.py
[2023-10-10T08:39:49.914+0000] {processor.py:829} INFO - Processing file /home/airflow/.local/lib/python3.8/site-packages/airflow/example_dags/example_dynamic_task_mapping_with_no_taskflow_operators.py for tasks to queue
[2023-10-10T08:39:49.916+0000] {logging_mixin.py:151} INFO - [2023-10-10T08:39:49.916+0000] {dagbag.py:539} INFO - Filling up the DagBag from /home/airflow/.local/lib/python3.8/site-packages/airflow/example_dags/example_dynamic_task_mapping_with_no_taskflow_operators.py
[2023-10-10T08:39:49.924+0000] {processor.py:839} INFO - DAG(s) dict_keys(['example_dynamic_task_mapping_with_no_taskflow_operators']) retrieved from /home/airflow/.local/lib/python3.8/site-packages/airflow/example_dags/example_dynamic_task_mapping_with_no_taskflow_operators.py
[2023-10-10T08:39:49.938+0000] {logging_mixin.py:151} INFO - [2023-10-10T08:39:49.938+0000] {dag.py:2915} INFO - Sync 1 DAGs
[2023-10-10T08:39:49.965+0000] {logging_mixin.py:151} INFO - [2023-10-10T08:39:49.965+0000] {dag.py:3696} INFO - Setting next_dagrun for example_dynamic_task_mapping_with_no_taskflow_operators to 2023-10-09T08:39:49.965213+00:00, run_after=2023-10-10T08:39:49.965213+00:00
[2023-10-10T08:39:49.986+0000] {processor.py:179} INFO - Processing /home/airflow/.local/lib/python3.8/site-packages/airflow/example_dags/example_dynamic_task_mapping_with_no_taskflow_operators.py took 0.077 seconds
[2023-10-10T08:40:20.312+0000] {processor.py:157} INFO - Started process (PID=106) to work on /home/airflow/.local/lib/python3.8/site-packages/airflow/example_dags/example_dynamic_task_mapping_with_no_taskflow_operators.py
[2023-10-10T08:40:20.314+0000] {processor.py:829} INFO - Processing file /home/airflow/.local/lib/python3.8/site-packages/airflow/example_dags/example_dynamic_task_mapping_with_no_taskflow_operators.py for tasks to queue
[2023-10-10T08:40:20.316+0000] {logging_mixin.py:151} INFO - [2023-10-10T08:40:20.316+0000] {dagbag.py:539} INFO - Filling up the DagBag from /home/airflow/.local/lib/python3.8/site-packages/airflow/example_dags/example_dynamic_task_mapping_with_no_taskflow_operators.py
[2023-10-10T08:40:20.323+0000] {processor.py:839} INFO - DAG(s) dict_keys(['example_dynamic_task_mapping_with_no_taskflow_operators']) retrieved from /home/airflow/.local/lib/python3.8/site-packages/airflow/example_dags/example_dynamic_task_mapping_with_no_taskflow_operators.py
[2023-10-10T08:40:20.346+0000] {logging_mixin.py:151} INFO - [2023-10-10T08:40:20.346+0000] {dag.py:2915} INFO - Sync 1 DAGs
[2023-10-10T08:40:20.372+0000] {logging_mixin.py:151} INFO - [2023-10-10T08:40:20.372+0000] {dag.py:3696} INFO - Setting next_dagrun for example_dynamic_task_mapping_with_no_taskflow_operators to 2023-10-09T08:40:20.372302+00:00, run_after=2023-10-10T08:40:20.372302+00:00
[2023-10-10T08:40:20.392+0000] {processor.py:179} INFO - Processing /home/airflow/.local/lib/python3.8/site-packages/airflow/example_dags/example_dynamic_task_mapping_with_no_taskflow_operators.py took 0.084 seconds
[2023-10-10T08:40:50.629+0000] {processor.py:157} INFO - Started process (PID=159) to work on /home/airflow/.local/lib/python3.8/site-packages/airflow/example_dags/example_dynamic_task_mapping_with_no_taskflow_operators.py
[2023-10-10T08:40:50.631+0000] {processor.py:829} INFO - Processing file /home/airflow/.local/lib/python3.8/site-packages/airflow/example_dags/example_dynamic_task_mapping_with_no_taskflow_operators.py for tasks to queue
[2023-10-10T08:40:50.633+0000] {logging_mixin.py:151} INFO - [2023-10-10T08:40:50.633+0000] {dagbag.py:539} INFO - Filling up the DagBag from /home/airflow/.local/lib/python3.8/site-packages/airflow/example_dags/example_dynamic_task_mapping_with_no_taskflow_operators.py
[2023-10-10T08:40:50.640+0000] {processor.py:839} INFO - DAG(s) dict_keys(['example_dynamic_task_mapping_with_no_taskflow_operators']) retrieved from /home/airflow/.local/lib/python3.8/site-packages/airflow/example_dags/example_dynamic_task_mapping_with_no_taskflow_operators.py
[2023-10-10T08:40:50.663+0000] {logging_mixin.py:151} INFO - [2023-10-10T08:40:50.662+0000] {dag.py:2915} INFO - Sync 1 DAGs
[2023-10-10T08:40:50.688+0000] {logging_mixin.py:151} INFO - [2023-10-10T08:40:50.688+0000] {dag.py:3696} INFO - Setting next_dagrun for example_dynamic_task_mapping_with_no_taskflow_operators to 2023-10-09T08:40:50.688401+00:00, run_after=2023-10-10T08:40:50.688401+00:00
[2023-10-10T08:40:50.708+0000] {processor.py:179} INFO - Processing /home/airflow/.local/lib/python3.8/site-packages/airflow/example_dags/example_dynamic_task_mapping_with_no_taskflow_operators.py took 0.083 seconds
[2023-10-10T08:41:21.304+0000] {processor.py:157} INFO - Started process (PID=213) to work on /home/airflow/.local/lib/python3.8/site-packages/airflow/example_dags/example_dynamic_task_mapping_with_no_taskflow_operators.py
[2023-10-10T08:41:21.305+0000] {processor.py:829} INFO - Processing file /home/airflow/.local/lib/python3.8/site-packages/airflow/example_dags/example_dynamic_task_mapping_with_no_taskflow_operators.py for tasks to queue
[2023-10-10T08:41:21.308+0000] {logging_mixin.py:151} INFO - [2023-10-10T08:41:21.307+0000] {dagbag.py:539} INFO - Filling up the DagBag from /home/airflow/.local/lib/python3.8/site-packages/airflow/example_dags/example_dynamic_task_mapping_with_no_taskflow_operators.py
[2023-10-10T08:41:21.315+0000] {processor.py:839} INFO - DAG(s) dict_keys(['example_dynamic_task_mapping_with_no_taskflow_operators']) retrieved from /home/airflow/.local/lib/python3.8/site-packages/airflow/example_dags/example_dynamic_task_mapping_with_no_taskflow_operators.py
[2023-10-10T08:41:21.339+0000] {logging_mixin.py:151} INFO - [2023-10-10T08:41:21.339+0000] {dag.py:2915} INFO - Sync 1 DAGs
[2023-10-10T08:41:21.366+0000] {logging_mixin.py:151} INFO - [2023-10-10T08:41:21.366+0000] {dag.py:3696} INFO - Setting next_dagrun for example_dynamic_task_mapping_with_no_taskflow_operators to 2023-10-09T08:41:21.366212+00:00, run_after=2023-10-10T08:41:21.366212+00:00
[2023-10-10T08:41:21.387+0000] {processor.py:179} INFO - Processing /home/airflow/.local/lib/python3.8/site-packages/airflow/example_dags/example_dynamic_task_mapping_with_no_taskflow_operators.py took 0.087 seconds
[2023-10-10T08:43:50.303+0000] {processor.py:157} INFO - Started process (PID=53) to work on /home/airflow/.local/lib/python3.8/site-packages/airflow/example_dags/example_dynamic_task_mapping_with_no_taskflow_operators.py
[2023-10-10T08:43:50.305+0000] {processor.py:829} INFO - Processing file /home/airflow/.local/lib/python3.8/site-packages/airflow/example_dags/example_dynamic_task_mapping_with_no_taskflow_operators.py for tasks to queue
[2023-10-10T08:43:50.307+0000] {logging_mixin.py:151} INFO - [2023-10-10T08:43:50.307+0000] {dagbag.py:539} INFO - Filling up the DagBag from /home/airflow/.local/lib/python3.8/site-packages/airflow/example_dags/example_dynamic_task_mapping_with_no_taskflow_operators.py
[2023-10-10T08:43:50.315+0000] {processor.py:839} INFO - DAG(s) dict_keys(['example_dynamic_task_mapping_with_no_taskflow_operators']) retrieved from /home/airflow/.local/lib/python3.8/site-packages/airflow/example_dags/example_dynamic_task_mapping_with_no_taskflow_operators.py
[2023-10-10T08:43:50.329+0000] {logging_mixin.py:151} INFO - [2023-10-10T08:43:50.328+0000] {dag.py:2915} INFO - Sync 1 DAGs
[2023-10-10T08:43:50.354+0000] {logging_mixin.py:151} INFO - [2023-10-10T08:43:50.354+0000] {dag.py:3696} INFO - Setting next_dagrun for example_dynamic_task_mapping_with_no_taskflow_operators to 2023-10-09T08:43:50.354298+00:00, run_after=2023-10-10T08:43:50.354298+00:00
[2023-10-10T08:43:50.374+0000] {processor.py:179} INFO - Processing /home/airflow/.local/lib/python3.8/site-packages/airflow/example_dags/example_dynamic_task_mapping_with_no_taskflow_operators.py took 0.074 seconds
[2023-10-10T08:44:20.984+0000] {processor.py:157} INFO - Started process (PID=107) to work on /home/airflow/.local/lib/python3.8/site-packages/airflow/example_dags/example_dynamic_task_mapping_with_no_taskflow_operators.py
[2023-10-10T08:44:20.986+0000] {processor.py:829} INFO - Processing file /home/airflow/.local/lib/python3.8/site-packages/airflow/example_dags/example_dynamic_task_mapping_with_no_taskflow_operators.py for tasks to queue
[2023-10-10T08:44:20.988+0000] {logging_mixin.py:151} INFO - [2023-10-10T08:44:20.988+0000] {dagbag.py:539} INFO - Filling up the DagBag from /home/airflow/.local/lib/python3.8/site-packages/airflow/example_dags/example_dynamic_task_mapping_with_no_taskflow_operators.py
[2023-10-10T08:44:20.996+0000] {processor.py:839} INFO - DAG(s) dict_keys(['example_dynamic_task_mapping_with_no_taskflow_operators']) retrieved from /home/airflow/.local/lib/python3.8/site-packages/airflow/example_dags/example_dynamic_task_mapping_with_no_taskflow_operators.py
[2023-10-10T08:44:21.018+0000] {logging_mixin.py:151} INFO - [2023-10-10T08:44:21.018+0000] {dag.py:2915} INFO - Sync 1 DAGs
[2023-10-10T08:44:21.044+0000] {logging_mixin.py:151} INFO - [2023-10-10T08:44:21.044+0000] {dag.py:3696} INFO - Setting next_dagrun for example_dynamic_task_mapping_with_no_taskflow_operators to 2023-10-09T08:44:21.044146+00:00, run_after=2023-10-10T08:44:21.044146+00:00
[2023-10-10T08:44:21.064+0000] {processor.py:179} INFO - Processing /home/airflow/.local/lib/python3.8/site-packages/airflow/example_dags/example_dynamic_task_mapping_with_no_taskflow_operators.py took 0.084 seconds
[2023-10-10T08:44:51.941+0000] {processor.py:157} INFO - Started process (PID=161) to work on /home/airflow/.local/lib/python3.8/site-packages/airflow/example_dags/example_dynamic_task_mapping_with_no_taskflow_operators.py
[2023-10-10T08:44:51.942+0000] {processor.py:829} INFO - Processing file /home/airflow/.local/lib/python3.8/site-packages/airflow/example_dags/example_dynamic_task_mapping_with_no_taskflow_operators.py for tasks to queue
[2023-10-10T08:44:51.944+0000] {logging_mixin.py:151} INFO - [2023-10-10T08:44:51.944+0000] {dagbag.py:539} INFO - Filling up the DagBag from /home/airflow/.local/lib/python3.8/site-packages/airflow/example_dags/example_dynamic_task_mapping_with_no_taskflow_operators.py
[2023-10-10T08:44:51.952+0000] {processor.py:839} INFO - DAG(s) dict_keys(['example_dynamic_task_mapping_with_no_taskflow_operators']) retrieved from /home/airflow/.local/lib/python3.8/site-packages/airflow/example_dags/example_dynamic_task_mapping_with_no_taskflow_operators.py
[2023-10-10T08:44:51.974+0000] {logging_mixin.py:151} INFO - [2023-10-10T08:44:51.974+0000] {dag.py:2915} INFO - Sync 1 DAGs
[2023-10-10T08:44:51.999+0000] {logging_mixin.py:151} INFO - [2023-10-10T08:44:51.999+0000] {dag.py:3696} INFO - Setting next_dagrun for example_dynamic_task_mapping_with_no_taskflow_operators to 2023-10-09T08:44:51.998784+00:00, run_after=2023-10-10T08:44:51.998784+00:00
[2023-10-10T08:44:52.019+0000] {processor.py:179} INFO - Processing /home/airflow/.local/lib/python3.8/site-packages/airflow/example_dags/example_dynamic_task_mapping_with_no_taskflow_operators.py took 0.082 seconds
[2023-10-10T08:45:22.433+0000] {processor.py:157} INFO - Started process (PID=214) to work on /home/airflow/.local/lib/python3.8/site-packages/airflow/example_dags/example_dynamic_task_mapping_with_no_taskflow_operators.py
[2023-10-10T08:45:22.434+0000] {processor.py:829} INFO - Processing file /home/airflow/.local/lib/python3.8/site-packages/airflow/example_dags/example_dynamic_task_mapping_with_no_taskflow_operators.py for tasks to queue
[2023-10-10T08:45:22.436+0000] {logging_mixin.py:151} INFO - [2023-10-10T08:45:22.436+0000] {dagbag.py:539} INFO - Filling up the DagBag from /home/airflow/.local/lib/python3.8/site-packages/airflow/example_dags/example_dynamic_task_mapping_with_no_taskflow_operators.py
[2023-10-10T08:45:22.444+0000] {processor.py:839} INFO - DAG(s) dict_keys(['example_dynamic_task_mapping_with_no_taskflow_operators']) retrieved from /home/airflow/.local/lib/python3.8/site-packages/airflow/example_dags/example_dynamic_task_mapping_with_no_taskflow_operators.py
[2023-10-10T08:45:22.468+0000] {logging_mixin.py:151} INFO - [2023-10-10T08:45:22.468+0000] {dag.py:2915} INFO - Sync 1 DAGs
[2023-10-10T08:45:22.495+0000] {logging_mixin.py:151} INFO - [2023-10-10T08:45:22.495+0000] {dag.py:3696} INFO - Setting next_dagrun for example_dynamic_task_mapping_with_no_taskflow_operators to 2023-10-09T08:45:22.495083+00:00, run_after=2023-10-10T08:45:22.495083+00:00
[2023-10-10T08:45:22.518+0000] {processor.py:179} INFO - Processing /home/airflow/.local/lib/python3.8/site-packages/airflow/example_dags/example_dynamic_task_mapping_with_no_taskflow_operators.py took 0.089 seconds
[2023-10-10T08:46:30.392+0000] {processor.py:157} INFO - Started process (PID=52) to work on /home/airflow/.local/lib/python3.8/site-packages/airflow/example_dags/example_dynamic_task_mapping_with_no_taskflow_operators.py
[2023-10-10T08:46:30.394+0000] {processor.py:829} INFO - Processing file /home/airflow/.local/lib/python3.8/site-packages/airflow/example_dags/example_dynamic_task_mapping_with_no_taskflow_operators.py for tasks to queue
[2023-10-10T08:46:30.396+0000] {logging_mixin.py:151} INFO - [2023-10-10T08:46:30.396+0000] {dagbag.py:539} INFO - Filling up the DagBag from /home/airflow/.local/lib/python3.8/site-packages/airflow/example_dags/example_dynamic_task_mapping_with_no_taskflow_operators.py
[2023-10-10T08:46:30.404+0000] {processor.py:839} INFO - DAG(s) dict_keys(['example_dynamic_task_mapping_with_no_taskflow_operators']) retrieved from /home/airflow/.local/lib/python3.8/site-packages/airflow/example_dags/example_dynamic_task_mapping_with_no_taskflow_operators.py
[2023-10-10T08:46:30.417+0000] {logging_mixin.py:151} INFO - [2023-10-10T08:46:30.417+0000] {dag.py:2915} INFO - Sync 1 DAGs
[2023-10-10T08:46:30.445+0000] {logging_mixin.py:151} INFO - [2023-10-10T08:46:30.445+0000] {dag.py:3696} INFO - Setting next_dagrun for example_dynamic_task_mapping_with_no_taskflow_operators to 2023-10-09T08:46:30.445192+00:00, run_after=2023-10-10T08:46:30.445192+00:00
[2023-10-10T08:46:30.465+0000] {processor.py:179} INFO - Processing /home/airflow/.local/lib/python3.8/site-packages/airflow/example_dags/example_dynamic_task_mapping_with_no_taskflow_operators.py took 0.076 seconds
[2023-10-10T08:47:00.648+0000] {processor.py:157} INFO - Started process (PID=106) to work on /home/airflow/.local/lib/python3.8/site-packages/airflow/example_dags/example_dynamic_task_mapping_with_no_taskflow_operators.py
[2023-10-10T08:47:00.649+0000] {processor.py:829} INFO - Processing file /home/airflow/.local/lib/python3.8/site-packages/airflow/example_dags/example_dynamic_task_mapping_with_no_taskflow_operators.py for tasks to queue
[2023-10-10T08:47:00.651+0000] {logging_mixin.py:151} INFO - [2023-10-10T08:47:00.651+0000] {dagbag.py:539} INFO - Filling up the DagBag from /home/airflow/.local/lib/python3.8/site-packages/airflow/example_dags/example_dynamic_task_mapping_with_no_taskflow_operators.py
[2023-10-10T08:47:00.658+0000] {processor.py:839} INFO - DAG(s) dict_keys(['example_dynamic_task_mapping_with_no_taskflow_operators']) retrieved from /home/airflow/.local/lib/python3.8/site-packages/airflow/example_dags/example_dynamic_task_mapping_with_no_taskflow_operators.py
[2023-10-10T08:47:00.682+0000] {logging_mixin.py:151} INFO - [2023-10-10T08:47:00.682+0000] {dag.py:2915} INFO - Sync 1 DAGs
[2023-10-10T08:47:00.707+0000] {logging_mixin.py:151} INFO - [2023-10-10T08:47:00.707+0000] {dag.py:3696} INFO - Setting next_dagrun for example_dynamic_task_mapping_with_no_taskflow_operators to 2023-10-09T08:47:00.706856+00:00, run_after=2023-10-10T08:47:00.706856+00:00
[2023-10-10T08:47:00.727+0000] {processor.py:179} INFO - Processing /home/airflow/.local/lib/python3.8/site-packages/airflow/example_dags/example_dynamic_task_mapping_with_no_taskflow_operators.py took 0.083 seconds
[2023-10-10T08:47:31.250+0000] {processor.py:157} INFO - Started process (PID=160) to work on /home/airflow/.local/lib/python3.8/site-packages/airflow/example_dags/example_dynamic_task_mapping_with_no_taskflow_operators.py
[2023-10-10T08:47:31.253+0000] {processor.py:829} INFO - Processing file /home/airflow/.local/lib/python3.8/site-packages/airflow/example_dags/example_dynamic_task_mapping_with_no_taskflow_operators.py for tasks to queue
[2023-10-10T08:47:31.255+0000] {logging_mixin.py:151} INFO - [2023-10-10T08:47:31.255+0000] {dagbag.py:539} INFO - Filling up the DagBag from /home/airflow/.local/lib/python3.8/site-packages/airflow/example_dags/example_dynamic_task_mapping_with_no_taskflow_operators.py
[2023-10-10T08:47:31.262+0000] {processor.py:839} INFO - DAG(s) dict_keys(['example_dynamic_task_mapping_with_no_taskflow_operators']) retrieved from /home/airflow/.local/lib/python3.8/site-packages/airflow/example_dags/example_dynamic_task_mapping_with_no_taskflow_operators.py
[2023-10-10T08:47:31.285+0000] {logging_mixin.py:151} INFO - [2023-10-10T08:47:31.285+0000] {dag.py:2915} INFO - Sync 1 DAGs
[2023-10-10T08:47:31.310+0000] {logging_mixin.py:151} INFO - [2023-10-10T08:47:31.309+0000] {dag.py:3696} INFO - Setting next_dagrun for example_dynamic_task_mapping_with_no_taskflow_operators to 2023-10-09T08:47:31.309541+00:00, run_after=2023-10-10T08:47:31.309541+00:00
[2023-10-10T08:47:31.329+0000] {processor.py:179} INFO - Processing /home/airflow/.local/lib/python3.8/site-packages/airflow/example_dags/example_dynamic_task_mapping_with_no_taskflow_operators.py took 0.082 seconds
[2023-10-10T08:51:33.286+0000] {processor.py:157} INFO - Started process (PID=52) to work on /home/airflow/.local/lib/python3.8/site-packages/airflow/example_dags/example_dynamic_task_mapping_with_no_taskflow_operators.py
[2023-10-10T08:51:33.288+0000] {processor.py:829} INFO - Processing file /home/airflow/.local/lib/python3.8/site-packages/airflow/example_dags/example_dynamic_task_mapping_with_no_taskflow_operators.py for tasks to queue
[2023-10-10T08:51:33.290+0000] {logging_mixin.py:151} INFO - [2023-10-10T08:51:33.290+0000] {dagbag.py:539} INFO - Filling up the DagBag from /home/airflow/.local/lib/python3.8/site-packages/airflow/example_dags/example_dynamic_task_mapping_with_no_taskflow_operators.py
[2023-10-10T08:51:33.311+0000] {processor.py:839} INFO - DAG(s) dict_keys(['example_dynamic_task_mapping_with_no_taskflow_operators']) retrieved from /home/airflow/.local/lib/python3.8/site-packages/airflow/example_dags/example_dynamic_task_mapping_with_no_taskflow_operators.py
[2023-10-10T08:51:33.324+0000] {logging_mixin.py:151} INFO - [2023-10-10T08:51:33.324+0000] {dag.py:2915} INFO - Sync 1 DAGs
[2023-10-10T08:51:33.353+0000] {logging_mixin.py:151} INFO - [2023-10-10T08:51:33.353+0000] {dag.py:3696} INFO - Setting next_dagrun for example_dynamic_task_mapping_with_no_taskflow_operators to 2023-10-09T08:51:33.353306+00:00, run_after=2023-10-10T08:51:33.353306+00:00
[2023-10-10T08:51:33.373+0000] {processor.py:179} INFO - Processing /home/airflow/.local/lib/python3.8/site-packages/airflow/example_dags/example_dynamic_task_mapping_with_no_taskflow_operators.py took 0.091 seconds
[2023-10-10T08:52:03.889+0000] {processor.py:157} INFO - Started process (PID=106) to work on /home/airflow/.local/lib/python3.8/site-packages/airflow/example_dags/example_dynamic_task_mapping_with_no_taskflow_operators.py
[2023-10-10T08:52:03.891+0000] {processor.py:829} INFO - Processing file /home/airflow/.local/lib/python3.8/site-packages/airflow/example_dags/example_dynamic_task_mapping_with_no_taskflow_operators.py for tasks to queue
[2023-10-10T08:52:03.893+0000] {logging_mixin.py:151} INFO - [2023-10-10T08:52:03.893+0000] {dagbag.py:539} INFO - Filling up the DagBag from /home/airflow/.local/lib/python3.8/site-packages/airflow/example_dags/example_dynamic_task_mapping_with_no_taskflow_operators.py
[2023-10-10T08:52:03.900+0000] {processor.py:839} INFO - DAG(s) dict_keys(['example_dynamic_task_mapping_with_no_taskflow_operators']) retrieved from /home/airflow/.local/lib/python3.8/site-packages/airflow/example_dags/example_dynamic_task_mapping_with_no_taskflow_operators.py
[2023-10-10T08:52:03.922+0000] {logging_mixin.py:151} INFO - [2023-10-10T08:52:03.922+0000] {dag.py:2915} INFO - Sync 1 DAGs
[2023-10-10T08:52:03.947+0000] {logging_mixin.py:151} INFO - [2023-10-10T08:52:03.947+0000] {dag.py:3696} INFO - Setting next_dagrun for example_dynamic_task_mapping_with_no_taskflow_operators to 2023-10-09T08:52:03.947208+00:00, run_after=2023-10-10T08:52:03.947208+00:00
[2023-10-10T08:52:03.966+0000] {processor.py:179} INFO - Processing /home/airflow/.local/lib/python3.8/site-packages/airflow/example_dags/example_dynamic_task_mapping_with_no_taskflow_operators.py took 0.081 seconds
[2023-10-10T08:52:34.188+0000] {processor.py:157} INFO - Started process (PID=160) to work on /home/airflow/.local/lib/python3.8/site-packages/airflow/example_dags/example_dynamic_task_mapping_with_no_taskflow_operators.py
[2023-10-10T08:52:34.189+0000] {processor.py:829} INFO - Processing file /home/airflow/.local/lib/python3.8/site-packages/airflow/example_dags/example_dynamic_task_mapping_with_no_taskflow_operators.py for tasks to queue
[2023-10-10T08:52:34.192+0000] {logging_mixin.py:151} INFO - [2023-10-10T08:52:34.191+0000] {dagbag.py:539} INFO - Filling up the DagBag from /home/airflow/.local/lib/python3.8/site-packages/airflow/example_dags/example_dynamic_task_mapping_with_no_taskflow_operators.py
[2023-10-10T08:52:34.199+0000] {processor.py:839} INFO - DAG(s) dict_keys(['example_dynamic_task_mapping_with_no_taskflow_operators']) retrieved from /home/airflow/.local/lib/python3.8/site-packages/airflow/example_dags/example_dynamic_task_mapping_with_no_taskflow_operators.py
[2023-10-10T08:52:34.221+0000] {logging_mixin.py:151} INFO - [2023-10-10T08:52:34.221+0000] {dag.py:2915} INFO - Sync 1 DAGs
[2023-10-10T08:52:34.246+0000] {logging_mixin.py:151} INFO - [2023-10-10T08:52:34.246+0000] {dag.py:3696} INFO - Setting next_dagrun for example_dynamic_task_mapping_with_no_taskflow_operators to 2023-10-09T08:52:34.246048+00:00, run_after=2023-10-10T08:52:34.246048+00:00
[2023-10-10T08:52:34.267+0000] {processor.py:179} INFO - Processing /home/airflow/.local/lib/python3.8/site-packages/airflow/example_dags/example_dynamic_task_mapping_with_no_taskflow_operators.py took 0.083 seconds
[2023-10-10T08:53:04.581+0000] {processor.py:157} INFO - Started process (PID=214) to work on /home/airflow/.local/lib/python3.8/site-packages/airflow/example_dags/example_dynamic_task_mapping_with_no_taskflow_operators.py
[2023-10-10T08:53:04.582+0000] {processor.py:829} INFO - Processing file /home/airflow/.local/lib/python3.8/site-packages/airflow/example_dags/example_dynamic_task_mapping_with_no_taskflow_operators.py for tasks to queue
[2023-10-10T08:53:04.585+0000] {logging_mixin.py:151} INFO - [2023-10-10T08:53:04.584+0000] {dagbag.py:539} INFO - Filling up the DagBag from /home/airflow/.local/lib/python3.8/site-packages/airflow/example_dags/example_dynamic_task_mapping_with_no_taskflow_operators.py
[2023-10-10T08:53:04.592+0000] {processor.py:839} INFO - DAG(s) dict_keys(['example_dynamic_task_mapping_with_no_taskflow_operators']) retrieved from /home/airflow/.local/lib/python3.8/site-packages/airflow/example_dags/example_dynamic_task_mapping_with_no_taskflow_operators.py
[2023-10-10T08:53:04.615+0000] {logging_mixin.py:151} INFO - [2023-10-10T08:53:04.614+0000] {dag.py:2915} INFO - Sync 1 DAGs
[2023-10-10T08:53:04.640+0000] {logging_mixin.py:151} INFO - [2023-10-10T08:53:04.639+0000] {dag.py:3696} INFO - Setting next_dagrun for example_dynamic_task_mapping_with_no_taskflow_operators to 2023-10-09T08:53:04.639473+00:00, run_after=2023-10-10T08:53:04.639473+00:00
[2023-10-10T08:53:04.660+0000] {processor.py:179} INFO - Processing /home/airflow/.local/lib/python3.8/site-packages/airflow/example_dags/example_dynamic_task_mapping_with_no_taskflow_operators.py took 0.082 seconds
[2023-10-10T08:53:34.916+0000] {processor.py:157} INFO - Started process (PID=268) to work on /home/airflow/.local/lib/python3.8/site-packages/airflow/example_dags/example_dynamic_task_mapping_with_no_taskflow_operators.py
[2023-10-10T08:53:34.918+0000] {processor.py:829} INFO - Processing file /home/airflow/.local/lib/python3.8/site-packages/airflow/example_dags/example_dynamic_task_mapping_with_no_taskflow_operators.py for tasks to queue
[2023-10-10T08:53:34.920+0000] {logging_mixin.py:151} INFO - [2023-10-10T08:53:34.920+0000] {dagbag.py:539} INFO - Filling up the DagBag from /home/airflow/.local/lib/python3.8/site-packages/airflow/example_dags/example_dynamic_task_mapping_with_no_taskflow_operators.py
[2023-10-10T08:53:34.927+0000] {processor.py:839} INFO - DAG(s) dict_keys(['example_dynamic_task_mapping_with_no_taskflow_operators']) retrieved from /home/airflow/.local/lib/python3.8/site-packages/airflow/example_dags/example_dynamic_task_mapping_with_no_taskflow_operators.py
[2023-10-10T08:53:34.950+0000] {logging_mixin.py:151} INFO - [2023-10-10T08:53:34.950+0000] {dag.py:2915} INFO - Sync 1 DAGs
[2023-10-10T08:53:34.976+0000] {logging_mixin.py:151} INFO - [2023-10-10T08:53:34.975+0000] {dag.py:3696} INFO - Setting next_dagrun for example_dynamic_task_mapping_with_no_taskflow_operators to 2023-10-09T08:53:34.975490+00:00, run_after=2023-10-10T08:53:34.975490+00:00
[2023-10-10T08:53:34.995+0000] {processor.py:179} INFO - Processing /home/airflow/.local/lib/python3.8/site-packages/airflow/example_dags/example_dynamic_task_mapping_with_no_taskflow_operators.py took 0.086 seconds
[2023-10-10T08:54:09.630+0000] {processor.py:157} INFO - Started process (PID=323) to work on /home/airflow/.local/lib/python3.8/site-packages/airflow/example_dags/example_dynamic_task_mapping_with_no_taskflow_operators.py
[2023-10-10T08:54:09.631+0000] {processor.py:829} INFO - Processing file /home/airflow/.local/lib/python3.8/site-packages/airflow/example_dags/example_dynamic_task_mapping_with_no_taskflow_operators.py for tasks to queue
[2023-10-10T08:54:09.634+0000] {logging_mixin.py:151} INFO - [2023-10-10T08:54:09.633+0000] {dagbag.py:539} INFO - Filling up the DagBag from /home/airflow/.local/lib/python3.8/site-packages/airflow/example_dags/example_dynamic_task_mapping_with_no_taskflow_operators.py
[2023-10-10T08:54:09.641+0000] {processor.py:839} INFO - DAG(s) dict_keys(['example_dynamic_task_mapping_with_no_taskflow_operators']) retrieved from /home/airflow/.local/lib/python3.8/site-packages/airflow/example_dags/example_dynamic_task_mapping_with_no_taskflow_operators.py
[2023-10-10T08:54:09.669+0000] {logging_mixin.py:151} INFO - [2023-10-10T08:54:09.668+0000] {dag.py:2915} INFO - Sync 1 DAGs
[2023-10-10T08:54:09.696+0000] {logging_mixin.py:151} INFO - [2023-10-10T08:54:09.696+0000] {dag.py:3696} INFO - Setting next_dagrun for example_dynamic_task_mapping_with_no_taskflow_operators to 2023-10-09T08:54:09.695849+00:00, run_after=2023-10-10T08:54:09.695849+00:00
[2023-10-10T08:54:09.716+0000] {processor.py:179} INFO - Processing /home/airflow/.local/lib/python3.8/site-packages/airflow/example_dags/example_dynamic_task_mapping_with_no_taskflow_operators.py took 0.091 seconds
[2023-10-10T08:54:39.794+0000] {processor.py:157} INFO - Started process (PID=376) to work on /home/airflow/.local/lib/python3.8/site-packages/airflow/example_dags/example_dynamic_task_mapping_with_no_taskflow_operators.py
[2023-10-10T08:54:39.795+0000] {processor.py:829} INFO - Processing file /home/airflow/.local/lib/python3.8/site-packages/airflow/example_dags/example_dynamic_task_mapping_with_no_taskflow_operators.py for tasks to queue
[2023-10-10T08:54:39.798+0000] {logging_mixin.py:151} INFO - [2023-10-10T08:54:39.797+0000] {dagbag.py:539} INFO - Filling up the DagBag from /home/airflow/.local/lib/python3.8/site-packages/airflow/example_dags/example_dynamic_task_mapping_with_no_taskflow_operators.py
[2023-10-10T08:54:39.804+0000] {processor.py:839} INFO - DAG(s) dict_keys(['example_dynamic_task_mapping_with_no_taskflow_operators']) retrieved from /home/airflow/.local/lib/python3.8/site-packages/airflow/example_dags/example_dynamic_task_mapping_with_no_taskflow_operators.py
[2023-10-10T08:54:39.826+0000] {logging_mixin.py:151} INFO - [2023-10-10T08:54:39.825+0000] {dag.py:2915} INFO - Sync 1 DAGs
[2023-10-10T08:54:39.850+0000] {logging_mixin.py:151} INFO - [2023-10-10T08:54:39.850+0000] {dag.py:3696} INFO - Setting next_dagrun for example_dynamic_task_mapping_with_no_taskflow_operators to 2023-10-09T08:54:39.850321+00:00, run_after=2023-10-10T08:54:39.850321+00:00
[2023-10-10T08:54:39.869+0000] {processor.py:179} INFO - Processing /home/airflow/.local/lib/python3.8/site-packages/airflow/example_dags/example_dynamic_task_mapping_with_no_taskflow_operators.py took 0.079 seconds
[2023-10-10T08:55:10.213+0000] {processor.py:157} INFO - Started process (PID=431) to work on /home/airflow/.local/lib/python3.8/site-packages/airflow/example_dags/example_dynamic_task_mapping_with_no_taskflow_operators.py
[2023-10-10T08:55:10.214+0000] {processor.py:829} INFO - Processing file /home/airflow/.local/lib/python3.8/site-packages/airflow/example_dags/example_dynamic_task_mapping_with_no_taskflow_operators.py for tasks to queue
[2023-10-10T08:55:10.216+0000] {logging_mixin.py:151} INFO - [2023-10-10T08:55:10.216+0000] {dagbag.py:539} INFO - Filling up the DagBag from /home/airflow/.local/lib/python3.8/site-packages/airflow/example_dags/example_dynamic_task_mapping_with_no_taskflow_operators.py
[2023-10-10T08:55:10.224+0000] {processor.py:839} INFO - DAG(s) dict_keys(['example_dynamic_task_mapping_with_no_taskflow_operators']) retrieved from /home/airflow/.local/lib/python3.8/site-packages/airflow/example_dags/example_dynamic_task_mapping_with_no_taskflow_operators.py
[2023-10-10T08:55:10.247+0000] {logging_mixin.py:151} INFO - [2023-10-10T08:55:10.247+0000] {dag.py:2915} INFO - Sync 1 DAGs
[2023-10-10T08:55:10.275+0000] {logging_mixin.py:151} INFO - [2023-10-10T08:55:10.274+0000] {dag.py:3696} INFO - Setting next_dagrun for example_dynamic_task_mapping_with_no_taskflow_operators to 2023-10-09T08:55:10.274449+00:00, run_after=2023-10-10T08:55:10.274449+00:00
[2023-10-10T08:55:10.300+0000] {processor.py:179} INFO - Processing /home/airflow/.local/lib/python3.8/site-packages/airflow/example_dags/example_dynamic_task_mapping_with_no_taskflow_operators.py took 0.091 seconds
[2023-10-10T08:55:40.733+0000] {processor.py:157} INFO - Started process (PID=486) to work on /home/airflow/.local/lib/python3.8/site-packages/airflow/example_dags/example_dynamic_task_mapping_with_no_taskflow_operators.py
[2023-10-10T08:55:40.735+0000] {processor.py:829} INFO - Processing file /home/airflow/.local/lib/python3.8/site-packages/airflow/example_dags/example_dynamic_task_mapping_with_no_taskflow_operators.py for tasks to queue
[2023-10-10T08:55:40.737+0000] {logging_mixin.py:151} INFO - [2023-10-10T08:55:40.737+0000] {dagbag.py:539} INFO - Filling up the DagBag from /home/airflow/.local/lib/python3.8/site-packages/airflow/example_dags/example_dynamic_task_mapping_with_no_taskflow_operators.py
[2023-10-10T08:55:40.746+0000] {processor.py:839} INFO - DAG(s) dict_keys(['example_dynamic_task_mapping_with_no_taskflow_operators']) retrieved from /home/airflow/.local/lib/python3.8/site-packages/airflow/example_dags/example_dynamic_task_mapping_with_no_taskflow_operators.py
[2023-10-10T08:55:40.770+0000] {logging_mixin.py:151} INFO - [2023-10-10T08:55:40.770+0000] {dag.py:2915} INFO - Sync 1 DAGs
[2023-10-10T08:55:40.796+0000] {logging_mixin.py:151} INFO - [2023-10-10T08:55:40.796+0000] {dag.py:3696} INFO - Setting next_dagrun for example_dynamic_task_mapping_with_no_taskflow_operators to 2023-10-09T08:55:40.796342+00:00, run_after=2023-10-10T08:55:40.796342+00:00
[2023-10-10T08:55:40.817+0000] {processor.py:179} INFO - Processing /home/airflow/.local/lib/python3.8/site-packages/airflow/example_dags/example_dynamic_task_mapping_with_no_taskflow_operators.py took 0.088 seconds
[2023-10-10T08:56:11.150+0000] {processor.py:157} INFO - Started process (PID=540) to work on /home/airflow/.local/lib/python3.8/site-packages/airflow/example_dags/example_dynamic_task_mapping_with_no_taskflow_operators.py
[2023-10-10T08:56:11.152+0000] {processor.py:829} INFO - Processing file /home/airflow/.local/lib/python3.8/site-packages/airflow/example_dags/example_dynamic_task_mapping_with_no_taskflow_operators.py for tasks to queue
[2023-10-10T08:56:11.155+0000] {logging_mixin.py:151} INFO - [2023-10-10T08:56:11.154+0000] {dagbag.py:539} INFO - Filling up the DagBag from /home/airflow/.local/lib/python3.8/site-packages/airflow/example_dags/example_dynamic_task_mapping_with_no_taskflow_operators.py
[2023-10-10T08:56:11.162+0000] {processor.py:839} INFO - DAG(s) dict_keys(['example_dynamic_task_mapping_with_no_taskflow_operators']) retrieved from /home/airflow/.local/lib/python3.8/site-packages/airflow/example_dags/example_dynamic_task_mapping_with_no_taskflow_operators.py
[2023-10-10T08:56:11.184+0000] {logging_mixin.py:151} INFO - [2023-10-10T08:56:11.184+0000] {dag.py:2915} INFO - Sync 1 DAGs
[2023-10-10T08:56:11.209+0000] {logging_mixin.py:151} INFO - [2023-10-10T08:56:11.209+0000] {dag.py:3696} INFO - Setting next_dagrun for example_dynamic_task_mapping_with_no_taskflow_operators to 2023-10-09T08:56:11.209082+00:00, run_after=2023-10-10T08:56:11.209082+00:00
[2023-10-10T08:56:11.228+0000] {processor.py:179} INFO - Processing /home/airflow/.local/lib/python3.8/site-packages/airflow/example_dags/example_dynamic_task_mapping_with_no_taskflow_operators.py took 0.082 seconds
[2023-10-10T08:56:41.456+0000] {processor.py:157} INFO - Started process (PID=593) to work on /home/airflow/.local/lib/python3.8/site-packages/airflow/example_dags/example_dynamic_task_mapping_with_no_taskflow_operators.py
[2023-10-10T08:56:41.458+0000] {processor.py:829} INFO - Processing file /home/airflow/.local/lib/python3.8/site-packages/airflow/example_dags/example_dynamic_task_mapping_with_no_taskflow_operators.py for tasks to queue
[2023-10-10T08:56:41.460+0000] {logging_mixin.py:151} INFO - [2023-10-10T08:56:41.460+0000] {dagbag.py:539} INFO - Filling up the DagBag from /home/airflow/.local/lib/python3.8/site-packages/airflow/example_dags/example_dynamic_task_mapping_with_no_taskflow_operators.py
[2023-10-10T08:56:41.468+0000] {processor.py:839} INFO - DAG(s) dict_keys(['example_dynamic_task_mapping_with_no_taskflow_operators']) retrieved from /home/airflow/.local/lib/python3.8/site-packages/airflow/example_dags/example_dynamic_task_mapping_with_no_taskflow_operators.py
[2023-10-10T08:56:41.493+0000] {logging_mixin.py:151} INFO - [2023-10-10T08:56:41.491+0000] {dag.py:2915} INFO - Sync 1 DAGs
[2023-10-10T08:56:41.518+0000] {logging_mixin.py:151} INFO - [2023-10-10T08:56:41.518+0000] {dag.py:3696} INFO - Setting next_dagrun for example_dynamic_task_mapping_with_no_taskflow_operators to 2023-10-09T08:56:41.518212+00:00, run_after=2023-10-10T08:56:41.518212+00:00
[2023-10-10T08:56:41.538+0000] {processor.py:179} INFO - Processing /home/airflow/.local/lib/python3.8/site-packages/airflow/example_dags/example_dynamic_task_mapping_with_no_taskflow_operators.py took 0.086 seconds
