[2023-10-10T08:39:49.613+0000] {processor.py:157} INFO - Started process (PID=47) to work on /home/airflow/.local/lib/python3.8/site-packages/airflow/example_dags/example_skip_dag.py
[2023-10-10T08:39:49.614+0000] {processor.py:829} INFO - Processing file /home/airflow/.local/lib/python3.8/site-packages/airflow/example_dags/example_skip_dag.py for tasks to queue
[2023-10-10T08:39:49.616+0000] {logging_mixin.py:151} INFO - [2023-10-10T08:39:49.616+0000] {dagbag.py:539} INFO - Filling up the DagBag from /home/airflow/.local/lib/python3.8/site-packages/airflow/example_dags/example_skip_dag.py
[2023-10-10T08:39:49.624+0000] {processor.py:839} INFO - DAG(s) dict_keys(['example_skip_dag']) retrieved from /home/airflow/.local/lib/python3.8/site-packages/airflow/example_dags/example_skip_dag.py
[2023-10-10T08:39:49.638+0000] {logging_mixin.py:151} INFO - [2023-10-10T08:39:49.638+0000] {dag.py:2915} INFO - Sync 1 DAGs
[2023-10-10T08:39:49.666+0000] {logging_mixin.py:151} INFO - [2023-10-10T08:39:49.665+0000] {dag.py:3696} INFO - Setting next_dagrun for example_skip_dag to 2023-10-09T08:39:49.665636+00:00, run_after=2023-10-10T08:39:49.665636+00:00
[2023-10-10T08:39:49.685+0000] {processor.py:179} INFO - Processing /home/airflow/.local/lib/python3.8/site-packages/airflow/example_dags/example_skip_dag.py took 0.075 seconds
[2023-10-10T08:40:20.039+0000] {processor.py:157} INFO - Started process (PID=101) to work on /home/airflow/.local/lib/python3.8/site-packages/airflow/example_dags/example_skip_dag.py
[2023-10-10T08:40:20.040+0000] {processor.py:829} INFO - Processing file /home/airflow/.local/lib/python3.8/site-packages/airflow/example_dags/example_skip_dag.py for tasks to queue
[2023-10-10T08:40:20.043+0000] {logging_mixin.py:151} INFO - [2023-10-10T08:40:20.042+0000] {dagbag.py:539} INFO - Filling up the DagBag from /home/airflow/.local/lib/python3.8/site-packages/airflow/example_dags/example_skip_dag.py
[2023-10-10T08:40:20.051+0000] {processor.py:839} INFO - DAG(s) dict_keys(['example_skip_dag']) retrieved from /home/airflow/.local/lib/python3.8/site-packages/airflow/example_dags/example_skip_dag.py
[2023-10-10T08:40:20.077+0000] {logging_mixin.py:151} INFO - [2023-10-10T08:40:20.077+0000] {dag.py:2915} INFO - Sync 1 DAGs
[2023-10-10T08:40:20.105+0000] {logging_mixin.py:151} INFO - [2023-10-10T08:40:20.105+0000] {dag.py:3696} INFO - Setting next_dagrun for example_skip_dag to 2023-10-09T08:40:20.105095+00:00, run_after=2023-10-10T08:40:20.105095+00:00
[2023-10-10T08:40:20.126+0000] {processor.py:179} INFO - Processing /home/airflow/.local/lib/python3.8/site-packages/airflow/example_dags/example_skip_dag.py took 0.092 seconds
[2023-10-10T08:40:50.383+0000] {processor.py:157} INFO - Started process (PID=154) to work on /home/airflow/.local/lib/python3.8/site-packages/airflow/example_dags/example_skip_dag.py
[2023-10-10T08:40:50.385+0000] {processor.py:829} INFO - Processing file /home/airflow/.local/lib/python3.8/site-packages/airflow/example_dags/example_skip_dag.py for tasks to queue
[2023-10-10T08:40:50.387+0000] {logging_mixin.py:151} INFO - [2023-10-10T08:40:50.387+0000] {dagbag.py:539} INFO - Filling up the DagBag from /home/airflow/.local/lib/python3.8/site-packages/airflow/example_dags/example_skip_dag.py
[2023-10-10T08:40:50.395+0000] {processor.py:839} INFO - DAG(s) dict_keys(['example_skip_dag']) retrieved from /home/airflow/.local/lib/python3.8/site-packages/airflow/example_dags/example_skip_dag.py
[2023-10-10T08:40:50.419+0000] {logging_mixin.py:151} INFO - [2023-10-10T08:40:50.419+0000] {dag.py:2915} INFO - Sync 1 DAGs
[2023-10-10T08:40:50.445+0000] {logging_mixin.py:151} INFO - [2023-10-10T08:40:50.444+0000] {dag.py:3696} INFO - Setting next_dagrun for example_skip_dag to 2023-10-09T08:40:50.444410+00:00, run_after=2023-10-10T08:40:50.444410+00:00
[2023-10-10T08:40:50.465+0000] {processor.py:179} INFO - Processing /home/airflow/.local/lib/python3.8/site-packages/airflow/example_dags/example_skip_dag.py took 0.085 seconds
[2023-10-10T08:41:20.835+0000] {processor.py:157} INFO - Started process (PID=208) to work on /home/airflow/.local/lib/python3.8/site-packages/airflow/example_dags/example_skip_dag.py
[2023-10-10T08:41:20.837+0000] {processor.py:829} INFO - Processing file /home/airflow/.local/lib/python3.8/site-packages/airflow/example_dags/example_skip_dag.py for tasks to queue
[2023-10-10T08:41:20.839+0000] {logging_mixin.py:151} INFO - [2023-10-10T08:41:20.839+0000] {dagbag.py:539} INFO - Filling up the DagBag from /home/airflow/.local/lib/python3.8/site-packages/airflow/example_dags/example_skip_dag.py
[2023-10-10T08:41:20.847+0000] {processor.py:839} INFO - DAG(s) dict_keys(['example_skip_dag']) retrieved from /home/airflow/.local/lib/python3.8/site-packages/airflow/example_dags/example_skip_dag.py
[2023-10-10T08:41:20.873+0000] {logging_mixin.py:151} INFO - [2023-10-10T08:41:20.873+0000] {dag.py:2915} INFO - Sync 1 DAGs
[2023-10-10T08:41:20.901+0000] {logging_mixin.py:151} INFO - [2023-10-10T08:41:20.900+0000] {dag.py:3696} INFO - Setting next_dagrun for example_skip_dag to 2023-10-09T08:41:20.900503+00:00, run_after=2023-10-10T08:41:20.900503+00:00
[2023-10-10T08:41:20.922+0000] {processor.py:179} INFO - Processing /home/airflow/.local/lib/python3.8/site-packages/airflow/example_dags/example_skip_dag.py took 0.091 seconds
[2023-10-10T08:43:49.994+0000] {processor.py:157} INFO - Started process (PID=48) to work on /home/airflow/.local/lib/python3.8/site-packages/airflow/example_dags/example_skip_dag.py
[2023-10-10T08:43:49.996+0000] {processor.py:829} INFO - Processing file /home/airflow/.local/lib/python3.8/site-packages/airflow/example_dags/example_skip_dag.py for tasks to queue
[2023-10-10T08:43:49.998+0000] {logging_mixin.py:151} INFO - [2023-10-10T08:43:49.998+0000] {dagbag.py:539} INFO - Filling up the DagBag from /home/airflow/.local/lib/python3.8/site-packages/airflow/example_dags/example_skip_dag.py
[2023-10-10T08:43:50.006+0000] {processor.py:839} INFO - DAG(s) dict_keys(['example_skip_dag']) retrieved from /home/airflow/.local/lib/python3.8/site-packages/airflow/example_dags/example_skip_dag.py
[2023-10-10T08:43:50.021+0000] {logging_mixin.py:151} INFO - [2023-10-10T08:43:50.021+0000] {dag.py:2915} INFO - Sync 1 DAGs
[2023-10-10T08:43:50.048+0000] {logging_mixin.py:151} INFO - [2023-10-10T08:43:50.048+0000] {dag.py:3696} INFO - Setting next_dagrun for example_skip_dag to 2023-10-09T08:43:50.047755+00:00, run_after=2023-10-10T08:43:50.047755+00:00
[2023-10-10T08:43:50.068+0000] {processor.py:179} INFO - Processing /home/airflow/.local/lib/python3.8/site-packages/airflow/example_dags/example_skip_dag.py took 0.078 seconds
[2023-10-10T08:44:20.731+0000] {processor.py:157} INFO - Started process (PID=102) to work on /home/airflow/.local/lib/python3.8/site-packages/airflow/example_dags/example_skip_dag.py
[2023-10-10T08:44:20.733+0000] {processor.py:829} INFO - Processing file /home/airflow/.local/lib/python3.8/site-packages/airflow/example_dags/example_skip_dag.py for tasks to queue
[2023-10-10T08:44:20.735+0000] {logging_mixin.py:151} INFO - [2023-10-10T08:44:20.735+0000] {dagbag.py:539} INFO - Filling up the DagBag from /home/airflow/.local/lib/python3.8/site-packages/airflow/example_dags/example_skip_dag.py
[2023-10-10T08:44:20.743+0000] {processor.py:839} INFO - DAG(s) dict_keys(['example_skip_dag']) retrieved from /home/airflow/.local/lib/python3.8/site-packages/airflow/example_dags/example_skip_dag.py
[2023-10-10T08:44:20.767+0000] {logging_mixin.py:151} INFO - [2023-10-10T08:44:20.767+0000] {dag.py:2915} INFO - Sync 1 DAGs
[2023-10-10T08:44:20.793+0000] {logging_mixin.py:151} INFO - [2023-10-10T08:44:20.793+0000] {dag.py:3696} INFO - Setting next_dagrun for example_skip_dag to 2023-10-09T08:44:20.792918+00:00, run_after=2023-10-10T08:44:20.792918+00:00
[2023-10-10T08:44:20.813+0000] {processor.py:179} INFO - Processing /home/airflow/.local/lib/python3.8/site-packages/airflow/example_dags/example_skip_dag.py took 0.086 seconds
[2023-10-10T08:44:51.402+0000] {processor.py:157} INFO - Started process (PID=156) to work on /home/airflow/.local/lib/python3.8/site-packages/airflow/example_dags/example_skip_dag.py
[2023-10-10T08:44:51.404+0000] {processor.py:829} INFO - Processing file /home/airflow/.local/lib/python3.8/site-packages/airflow/example_dags/example_skip_dag.py for tasks to queue
[2023-10-10T08:44:51.406+0000] {logging_mixin.py:151} INFO - [2023-10-10T08:44:51.406+0000] {dagbag.py:539} INFO - Filling up the DagBag from /home/airflow/.local/lib/python3.8/site-packages/airflow/example_dags/example_skip_dag.py
[2023-10-10T08:44:51.414+0000] {processor.py:839} INFO - DAG(s) dict_keys(['example_skip_dag']) retrieved from /home/airflow/.local/lib/python3.8/site-packages/airflow/example_dags/example_skip_dag.py
[2023-10-10T08:44:51.439+0000] {logging_mixin.py:151} INFO - [2023-10-10T08:44:51.438+0000] {dag.py:2915} INFO - Sync 1 DAGs
[2023-10-10T08:44:51.464+0000] {logging_mixin.py:151} INFO - [2023-10-10T08:44:51.463+0000] {dag.py:3696} INFO - Setting next_dagrun for example_skip_dag to 2023-10-09T08:44:51.463574+00:00, run_after=2023-10-10T08:44:51.463574+00:00
[2023-10-10T08:44:51.483+0000] {processor.py:179} INFO - Processing /home/airflow/.local/lib/python3.8/site-packages/airflow/example_dags/example_skip_dag.py took 0.085 seconds
[2023-10-10T08:45:22.173+0000] {processor.py:157} INFO - Started process (PID=209) to work on /home/airflow/.local/lib/python3.8/site-packages/airflow/example_dags/example_skip_dag.py
[2023-10-10T08:45:22.174+0000] {processor.py:829} INFO - Processing file /home/airflow/.local/lib/python3.8/site-packages/airflow/example_dags/example_skip_dag.py for tasks to queue
[2023-10-10T08:45:22.176+0000] {logging_mixin.py:151} INFO - [2023-10-10T08:45:22.176+0000] {dagbag.py:539} INFO - Filling up the DagBag from /home/airflow/.local/lib/python3.8/site-packages/airflow/example_dags/example_skip_dag.py
[2023-10-10T08:45:22.184+0000] {processor.py:839} INFO - DAG(s) dict_keys(['example_skip_dag']) retrieved from /home/airflow/.local/lib/python3.8/site-packages/airflow/example_dags/example_skip_dag.py
[2023-10-10T08:45:22.210+0000] {logging_mixin.py:151} INFO - [2023-10-10T08:45:22.210+0000] {dag.py:2915} INFO - Sync 1 DAGs
[2023-10-10T08:45:22.238+0000] {logging_mixin.py:151} INFO - [2023-10-10T08:45:22.238+0000] {dag.py:3696} INFO - Setting next_dagrun for example_skip_dag to 2023-10-09T08:45:22.238331+00:00, run_after=2023-10-10T08:45:22.238331+00:00
[2023-10-10T08:45:22.261+0000] {processor.py:179} INFO - Processing /home/airflow/.local/lib/python3.8/site-packages/airflow/example_dags/example_skip_dag.py took 0.093 seconds
[2023-10-10T08:46:30.095+0000] {processor.py:157} INFO - Started process (PID=47) to work on /home/airflow/.local/lib/python3.8/site-packages/airflow/example_dags/example_skip_dag.py
[2023-10-10T08:46:30.097+0000] {processor.py:829} INFO - Processing file /home/airflow/.local/lib/python3.8/site-packages/airflow/example_dags/example_skip_dag.py for tasks to queue
[2023-10-10T08:46:30.100+0000] {logging_mixin.py:151} INFO - [2023-10-10T08:46:30.099+0000] {dagbag.py:539} INFO - Filling up the DagBag from /home/airflow/.local/lib/python3.8/site-packages/airflow/example_dags/example_skip_dag.py
[2023-10-10T08:46:30.109+0000] {processor.py:839} INFO - DAG(s) dict_keys(['example_skip_dag']) retrieved from /home/airflow/.local/lib/python3.8/site-packages/airflow/example_dags/example_skip_dag.py
[2023-10-10T08:46:30.155+0000] {logging_mixin.py:151} INFO - [2023-10-10T08:46:30.155+0000] {dag.py:2915} INFO - Sync 1 DAGs
[2023-10-10T08:46:30.183+0000] {logging_mixin.py:151} INFO - [2023-10-10T08:46:30.183+0000] {dag.py:3696} INFO - Setting next_dagrun for example_skip_dag to 2023-10-09T08:46:30.182742+00:00, run_after=2023-10-10T08:46:30.182742+00:00
[2023-10-10T08:46:30.208+0000] {processor.py:179} INFO - Processing /home/airflow/.local/lib/python3.8/site-packages/airflow/example_dags/example_skip_dag.py took 0.116 seconds
[2023-10-10T08:47:00.396+0000] {processor.py:157} INFO - Started process (PID=101) to work on /home/airflow/.local/lib/python3.8/site-packages/airflow/example_dags/example_skip_dag.py
[2023-10-10T08:47:00.397+0000] {processor.py:829} INFO - Processing file /home/airflow/.local/lib/python3.8/site-packages/airflow/example_dags/example_skip_dag.py for tasks to queue
[2023-10-10T08:47:00.399+0000] {logging_mixin.py:151} INFO - [2023-10-10T08:47:00.399+0000] {dagbag.py:539} INFO - Filling up the DagBag from /home/airflow/.local/lib/python3.8/site-packages/airflow/example_dags/example_skip_dag.py
[2023-10-10T08:47:00.407+0000] {processor.py:839} INFO - DAG(s) dict_keys(['example_skip_dag']) retrieved from /home/airflow/.local/lib/python3.8/site-packages/airflow/example_dags/example_skip_dag.py
[2023-10-10T08:47:00.430+0000] {logging_mixin.py:151} INFO - [2023-10-10T08:47:00.430+0000] {dag.py:2915} INFO - Sync 1 DAGs
[2023-10-10T08:47:00.456+0000] {logging_mixin.py:151} INFO - [2023-10-10T08:47:00.455+0000] {dag.py:3696} INFO - Setting next_dagrun for example_skip_dag to 2023-10-09T08:47:00.455712+00:00, run_after=2023-10-10T08:47:00.455712+00:00
[2023-10-10T08:47:00.476+0000] {processor.py:179} INFO - Processing /home/airflow/.local/lib/python3.8/site-packages/airflow/example_dags/example_skip_dag.py took 0.084 seconds
[2023-10-10T08:47:30.820+0000] {processor.py:157} INFO - Started process (PID=155) to work on /home/airflow/.local/lib/python3.8/site-packages/airflow/example_dags/example_skip_dag.py
[2023-10-10T08:47:30.824+0000] {processor.py:829} INFO - Processing file /home/airflow/.local/lib/python3.8/site-packages/airflow/example_dags/example_skip_dag.py for tasks to queue
[2023-10-10T08:47:30.826+0000] {logging_mixin.py:151} INFO - [2023-10-10T08:47:30.826+0000] {dagbag.py:539} INFO - Filling up the DagBag from /home/airflow/.local/lib/python3.8/site-packages/airflow/example_dags/example_skip_dag.py
[2023-10-10T08:47:30.834+0000] {processor.py:839} INFO - DAG(s) dict_keys(['example_skip_dag']) retrieved from /home/airflow/.local/lib/python3.8/site-packages/airflow/example_dags/example_skip_dag.py
[2023-10-10T08:47:30.858+0000] {logging_mixin.py:151} INFO - [2023-10-10T08:47:30.858+0000] {dag.py:2915} INFO - Sync 1 DAGs
[2023-10-10T08:47:30.883+0000] {logging_mixin.py:151} INFO - [2023-10-10T08:47:30.883+0000] {dag.py:3696} INFO - Setting next_dagrun for example_skip_dag to 2023-10-09T08:47:30.883046+00:00, run_after=2023-10-10T08:47:30.883046+00:00
[2023-10-10T08:47:30.903+0000] {processor.py:179} INFO - Processing /home/airflow/.local/lib/python3.8/site-packages/airflow/example_dags/example_skip_dag.py took 0.087 seconds
[2023-10-10T08:51:32.996+0000] {processor.py:157} INFO - Started process (PID=47) to work on /home/airflow/.local/lib/python3.8/site-packages/airflow/example_dags/example_skip_dag.py
[2023-10-10T08:51:32.999+0000] {processor.py:829} INFO - Processing file /home/airflow/.local/lib/python3.8/site-packages/airflow/example_dags/example_skip_dag.py for tasks to queue
[2023-10-10T08:51:33.002+0000] {logging_mixin.py:151} INFO - [2023-10-10T08:51:33.002+0000] {dagbag.py:539} INFO - Filling up the DagBag from /home/airflow/.local/lib/python3.8/site-packages/airflow/example_dags/example_skip_dag.py
[2023-10-10T08:51:33.011+0000] {processor.py:839} INFO - DAG(s) dict_keys(['example_skip_dag']) retrieved from /home/airflow/.local/lib/python3.8/site-packages/airflow/example_dags/example_skip_dag.py
[2023-10-10T08:51:33.026+0000] {logging_mixin.py:151} INFO - [2023-10-10T08:51:33.026+0000] {dag.py:2915} INFO - Sync 1 DAGs
[2023-10-10T08:51:33.057+0000] {logging_mixin.py:151} INFO - [2023-10-10T08:51:33.056+0000] {dag.py:3696} INFO - Setting next_dagrun for example_skip_dag to 2023-10-09T08:51:33.056676+00:00, run_after=2023-10-10T08:51:33.056676+00:00
[2023-10-10T08:51:33.079+0000] {processor.py:179} INFO - Processing /home/airflow/.local/lib/python3.8/site-packages/airflow/example_dags/example_skip_dag.py took 0.087 seconds
[2023-10-10T08:52:03.626+0000] {processor.py:157} INFO - Started process (PID=101) to work on /home/airflow/.local/lib/python3.8/site-packages/airflow/example_dags/example_skip_dag.py
[2023-10-10T08:52:03.627+0000] {processor.py:829} INFO - Processing file /home/airflow/.local/lib/python3.8/site-packages/airflow/example_dags/example_skip_dag.py for tasks to queue
[2023-10-10T08:52:03.630+0000] {logging_mixin.py:151} INFO - [2023-10-10T08:52:03.629+0000] {dagbag.py:539} INFO - Filling up the DagBag from /home/airflow/.local/lib/python3.8/site-packages/airflow/example_dags/example_skip_dag.py
[2023-10-10T08:52:03.637+0000] {processor.py:839} INFO - DAG(s) dict_keys(['example_skip_dag']) retrieved from /home/airflow/.local/lib/python3.8/site-packages/airflow/example_dags/example_skip_dag.py
[2023-10-10T08:52:03.662+0000] {logging_mixin.py:151} INFO - [2023-10-10T08:52:03.662+0000] {dag.py:2915} INFO - Sync 1 DAGs
[2023-10-10T08:52:03.689+0000] {logging_mixin.py:151} INFO - [2023-10-10T08:52:03.689+0000] {dag.py:3696} INFO - Setting next_dagrun for example_skip_dag to 2023-10-09T08:52:03.689037+00:00, run_after=2023-10-10T08:52:03.689037+00:00
[2023-10-10T08:52:03.710+0000] {processor.py:179} INFO - Processing /home/airflow/.local/lib/python3.8/site-packages/airflow/example_dags/example_skip_dag.py took 0.088 seconds
[2023-10-10T08:52:33.928+0000] {processor.py:157} INFO - Started process (PID=155) to work on /home/airflow/.local/lib/python3.8/site-packages/airflow/example_dags/example_skip_dag.py
[2023-10-10T08:52:33.930+0000] {processor.py:829} INFO - Processing file /home/airflow/.local/lib/python3.8/site-packages/airflow/example_dags/example_skip_dag.py for tasks to queue
[2023-10-10T08:52:33.932+0000] {logging_mixin.py:151} INFO - [2023-10-10T08:52:33.931+0000] {dagbag.py:539} INFO - Filling up the DagBag from /home/airflow/.local/lib/python3.8/site-packages/airflow/example_dags/example_skip_dag.py
[2023-10-10T08:52:33.940+0000] {processor.py:839} INFO - DAG(s) dict_keys(['example_skip_dag']) retrieved from /home/airflow/.local/lib/python3.8/site-packages/airflow/example_dags/example_skip_dag.py
[2023-10-10T08:52:33.964+0000] {logging_mixin.py:151} INFO - [2023-10-10T08:52:33.964+0000] {dag.py:2915} INFO - Sync 1 DAGs
[2023-10-10T08:52:33.989+0000] {logging_mixin.py:151} INFO - [2023-10-10T08:52:33.988+0000] {dag.py:3696} INFO - Setting next_dagrun for example_skip_dag to 2023-10-09T08:52:33.988682+00:00, run_after=2023-10-10T08:52:33.988682+00:00
[2023-10-10T08:52:34.008+0000] {processor.py:179} INFO - Processing /home/airflow/.local/lib/python3.8/site-packages/airflow/example_dags/example_skip_dag.py took 0.084 seconds
[2023-10-10T08:53:04.314+0000] {processor.py:157} INFO - Started process (PID=209) to work on /home/airflow/.local/lib/python3.8/site-packages/airflow/example_dags/example_skip_dag.py
[2023-10-10T08:53:04.315+0000] {processor.py:829} INFO - Processing file /home/airflow/.local/lib/python3.8/site-packages/airflow/example_dags/example_skip_dag.py for tasks to queue
[2023-10-10T08:53:04.318+0000] {logging_mixin.py:151} INFO - [2023-10-10T08:53:04.317+0000] {dagbag.py:539} INFO - Filling up the DagBag from /home/airflow/.local/lib/python3.8/site-packages/airflow/example_dags/example_skip_dag.py
[2023-10-10T08:53:04.325+0000] {processor.py:839} INFO - DAG(s) dict_keys(['example_skip_dag']) retrieved from /home/airflow/.local/lib/python3.8/site-packages/airflow/example_dags/example_skip_dag.py
[2023-10-10T08:53:04.350+0000] {logging_mixin.py:151} INFO - [2023-10-10T08:53:04.349+0000] {dag.py:2915} INFO - Sync 1 DAGs
[2023-10-10T08:53:04.375+0000] {logging_mixin.py:151} INFO - [2023-10-10T08:53:04.374+0000] {dag.py:3696} INFO - Setting next_dagrun for example_skip_dag to 2023-10-09T08:53:04.374498+00:00, run_after=2023-10-10T08:53:04.374498+00:00
[2023-10-10T08:53:04.395+0000] {processor.py:179} INFO - Processing /home/airflow/.local/lib/python3.8/site-packages/airflow/example_dags/example_skip_dag.py took 0.085 seconds
[2023-10-10T08:53:34.568+0000] {processor.py:157} INFO - Started process (PID=263) to work on /home/airflow/.local/lib/python3.8/site-packages/airflow/example_dags/example_skip_dag.py
[2023-10-10T08:53:34.570+0000] {processor.py:829} INFO - Processing file /home/airflow/.local/lib/python3.8/site-packages/airflow/example_dags/example_skip_dag.py for tasks to queue
[2023-10-10T08:53:34.573+0000] {logging_mixin.py:151} INFO - [2023-10-10T08:53:34.572+0000] {dagbag.py:539} INFO - Filling up the DagBag from /home/airflow/.local/lib/python3.8/site-packages/airflow/example_dags/example_skip_dag.py
[2023-10-10T08:53:34.581+0000] {processor.py:839} INFO - DAG(s) dict_keys(['example_skip_dag']) retrieved from /home/airflow/.local/lib/python3.8/site-packages/airflow/example_dags/example_skip_dag.py
[2023-10-10T08:53:34.607+0000] {logging_mixin.py:151} INFO - [2023-10-10T08:53:34.607+0000] {dag.py:2915} INFO - Sync 1 DAGs
[2023-10-10T08:53:34.632+0000] {logging_mixin.py:151} INFO - [2023-10-10T08:53:34.632+0000] {dag.py:3696} INFO - Setting next_dagrun for example_skip_dag to 2023-10-09T08:53:34.632445+00:00, run_after=2023-10-10T08:53:34.632445+00:00
[2023-10-10T08:53:34.653+0000] {processor.py:179} INFO - Processing /home/airflow/.local/lib/python3.8/site-packages/airflow/example_dags/example_skip_dag.py took 0.089 seconds
[2023-10-10T08:54:06.313+0000] {processor.py:157} INFO - Started process (PID=318) to work on /home/airflow/.local/lib/python3.8/site-packages/airflow/example_dags/example_skip_dag.py
[2023-10-10T08:54:06.314+0000] {processor.py:829} INFO - Processing file /home/airflow/.local/lib/python3.8/site-packages/airflow/example_dags/example_skip_dag.py for tasks to queue
[2023-10-10T08:54:06.316+0000] {logging_mixin.py:151} INFO - [2023-10-10T08:54:06.316+0000] {dagbag.py:539} INFO - Filling up the DagBag from /home/airflow/.local/lib/python3.8/site-packages/airflow/example_dags/example_skip_dag.py
[2023-10-10T08:54:06.324+0000] {processor.py:839} INFO - DAG(s) dict_keys(['example_skip_dag']) retrieved from /home/airflow/.local/lib/python3.8/site-packages/airflow/example_dags/example_skip_dag.py
[2023-10-10T08:54:06.349+0000] {logging_mixin.py:151} INFO - [2023-10-10T08:54:06.349+0000] {dag.py:2915} INFO - Sync 1 DAGs
[2023-10-10T08:54:06.376+0000] {logging_mixin.py:151} INFO - [2023-10-10T08:54:06.376+0000] {dag.py:3696} INFO - Setting next_dagrun for example_skip_dag to 2023-10-09T08:54:06.375934+00:00, run_after=2023-10-10T08:54:06.375934+00:00
[2023-10-10T08:54:06.397+0000] {processor.py:179} INFO - Processing /home/airflow/.local/lib/python3.8/site-packages/airflow/example_dags/example_skip_dag.py took 0.088 seconds
[2023-10-10T08:54:36.514+0000] {processor.py:157} INFO - Started process (PID=371) to work on /home/airflow/.local/lib/python3.8/site-packages/airflow/example_dags/example_skip_dag.py
[2023-10-10T08:54:36.515+0000] {processor.py:829} INFO - Processing file /home/airflow/.local/lib/python3.8/site-packages/airflow/example_dags/example_skip_dag.py for tasks to queue
[2023-10-10T08:54:36.518+0000] {logging_mixin.py:151} INFO - [2023-10-10T08:54:36.518+0000] {dagbag.py:539} INFO - Filling up the DagBag from /home/airflow/.local/lib/python3.8/site-packages/airflow/example_dags/example_skip_dag.py
[2023-10-10T08:54:36.526+0000] {processor.py:839} INFO - DAG(s) dict_keys(['example_skip_dag']) retrieved from /home/airflow/.local/lib/python3.8/site-packages/airflow/example_dags/example_skip_dag.py
[2023-10-10T08:54:36.552+0000] {logging_mixin.py:151} INFO - [2023-10-10T08:54:36.552+0000] {dag.py:2915} INFO - Sync 1 DAGs
[2023-10-10T08:54:36.578+0000] {logging_mixin.py:151} INFO - [2023-10-10T08:54:36.577+0000] {dag.py:3696} INFO - Setting next_dagrun for example_skip_dag to 2023-10-09T08:54:36.577586+00:00, run_after=2023-10-10T08:54:36.577586+00:00
[2023-10-10T08:54:36.599+0000] {processor.py:179} INFO - Processing /home/airflow/.local/lib/python3.8/site-packages/airflow/example_dags/example_skip_dag.py took 0.089 seconds
[2023-10-10T08:55:06.942+0000] {processor.py:157} INFO - Started process (PID=426) to work on /home/airflow/.local/lib/python3.8/site-packages/airflow/example_dags/example_skip_dag.py
[2023-10-10T08:55:06.943+0000] {processor.py:829} INFO - Processing file /home/airflow/.local/lib/python3.8/site-packages/airflow/example_dags/example_skip_dag.py for tasks to queue
[2023-10-10T08:55:06.945+0000] {logging_mixin.py:151} INFO - [2023-10-10T08:55:06.945+0000] {dagbag.py:539} INFO - Filling up the DagBag from /home/airflow/.local/lib/python3.8/site-packages/airflow/example_dags/example_skip_dag.py
[2023-10-10T08:55:06.953+0000] {processor.py:839} INFO - DAG(s) dict_keys(['example_skip_dag']) retrieved from /home/airflow/.local/lib/python3.8/site-packages/airflow/example_dags/example_skip_dag.py
[2023-10-10T08:55:06.977+0000] {logging_mixin.py:151} INFO - [2023-10-10T08:55:06.977+0000] {dag.py:2915} INFO - Sync 1 DAGs
[2023-10-10T08:55:07.003+0000] {logging_mixin.py:151} INFO - [2023-10-10T08:55:07.003+0000] {dag.py:3696} INFO - Setting next_dagrun for example_skip_dag to 2023-10-09T08:55:07.003415+00:00, run_after=2023-10-10T08:55:07.003415+00:00
[2023-10-10T08:55:07.024+0000] {processor.py:179} INFO - Processing /home/airflow/.local/lib/python3.8/site-packages/airflow/example_dags/example_skip_dag.py took 0.086 seconds
[2023-10-10T08:55:37.463+0000] {processor.py:157} INFO - Started process (PID=481) to work on /home/airflow/.local/lib/python3.8/site-packages/airflow/example_dags/example_skip_dag.py
[2023-10-10T08:55:37.464+0000] {processor.py:829} INFO - Processing file /home/airflow/.local/lib/python3.8/site-packages/airflow/example_dags/example_skip_dag.py for tasks to queue
[2023-10-10T08:55:37.466+0000] {logging_mixin.py:151} INFO - [2023-10-10T08:55:37.466+0000] {dagbag.py:539} INFO - Filling up the DagBag from /home/airflow/.local/lib/python3.8/site-packages/airflow/example_dags/example_skip_dag.py
[2023-10-10T08:55:37.474+0000] {processor.py:839} INFO - DAG(s) dict_keys(['example_skip_dag']) retrieved from /home/airflow/.local/lib/python3.8/site-packages/airflow/example_dags/example_skip_dag.py
[2023-10-10T08:55:37.503+0000] {logging_mixin.py:151} INFO - [2023-10-10T08:55:37.503+0000] {dag.py:2915} INFO - Sync 1 DAGs
[2023-10-10T08:55:37.530+0000] {logging_mixin.py:151} INFO - [2023-10-10T08:55:37.530+0000] {dag.py:3696} INFO - Setting next_dagrun for example_skip_dag to 2023-10-09T08:55:37.530037+00:00, run_after=2023-10-10T08:55:37.530037+00:00
[2023-10-10T08:55:37.556+0000] {processor.py:179} INFO - Processing /home/airflow/.local/lib/python3.8/site-packages/airflow/example_dags/example_skip_dag.py took 0.098 seconds
[2023-10-10T08:56:07.767+0000] {processor.py:157} INFO - Started process (PID=535) to work on /home/airflow/.local/lib/python3.8/site-packages/airflow/example_dags/example_skip_dag.py
[2023-10-10T08:56:07.769+0000] {processor.py:829} INFO - Processing file /home/airflow/.local/lib/python3.8/site-packages/airflow/example_dags/example_skip_dag.py for tasks to queue
[2023-10-10T08:56:07.771+0000] {logging_mixin.py:151} INFO - [2023-10-10T08:56:07.770+0000] {dagbag.py:539} INFO - Filling up the DagBag from /home/airflow/.local/lib/python3.8/site-packages/airflow/example_dags/example_skip_dag.py
[2023-10-10T08:56:07.779+0000] {processor.py:839} INFO - DAG(s) dict_keys(['example_skip_dag']) retrieved from /home/airflow/.local/lib/python3.8/site-packages/airflow/example_dags/example_skip_dag.py
[2023-10-10T08:56:07.815+0000] {logging_mixin.py:151} INFO - [2023-10-10T08:56:07.815+0000] {dag.py:2915} INFO - Sync 1 DAGs
[2023-10-10T08:56:07.841+0000] {logging_mixin.py:151} INFO - [2023-10-10T08:56:07.840+0000] {dag.py:3696} INFO - Setting next_dagrun for example_skip_dag to 2023-10-09T08:56:07.840696+00:00, run_after=2023-10-10T08:56:07.840696+00:00
[2023-10-10T08:56:07.870+0000] {processor.py:179} INFO - Processing /home/airflow/.local/lib/python3.8/site-packages/airflow/example_dags/example_skip_dag.py took 0.107 seconds
[2023-10-10T08:56:38.292+0000] {processor.py:157} INFO - Started process (PID=589) to work on /home/airflow/.local/lib/python3.8/site-packages/airflow/example_dags/example_skip_dag.py
[2023-10-10T08:56:38.294+0000] {processor.py:829} INFO - Processing file /home/airflow/.local/lib/python3.8/site-packages/airflow/example_dags/example_skip_dag.py for tasks to queue
[2023-10-10T08:56:38.296+0000] {logging_mixin.py:151} INFO - [2023-10-10T08:56:38.296+0000] {dagbag.py:539} INFO - Filling up the DagBag from /home/airflow/.local/lib/python3.8/site-packages/airflow/example_dags/example_skip_dag.py
[2023-10-10T08:56:38.304+0000] {processor.py:839} INFO - DAG(s) dict_keys(['example_skip_dag']) retrieved from /home/airflow/.local/lib/python3.8/site-packages/airflow/example_dags/example_skip_dag.py
[2023-10-10T08:56:38.328+0000] {logging_mixin.py:151} INFO - [2023-10-10T08:56:38.327+0000] {dag.py:2915} INFO - Sync 1 DAGs
[2023-10-10T08:56:38.353+0000] {logging_mixin.py:151} INFO - [2023-10-10T08:56:38.353+0000] {dag.py:3696} INFO - Setting next_dagrun for example_skip_dag to 2023-10-09T08:56:38.352851+00:00, run_after=2023-10-10T08:56:38.352851+00:00
[2023-10-10T08:56:38.373+0000] {processor.py:179} INFO - Processing /home/airflow/.local/lib/python3.8/site-packages/airflow/example_dags/example_skip_dag.py took 0.085 seconds
[2023-10-10T08:57:08.613+0000] {processor.py:157} INFO - Started process (PID=643) to work on /home/airflow/.local/lib/python3.8/site-packages/airflow/example_dags/example_skip_dag.py
[2023-10-10T08:57:08.614+0000] {processor.py:829} INFO - Processing file /home/airflow/.local/lib/python3.8/site-packages/airflow/example_dags/example_skip_dag.py for tasks to queue
[2023-10-10T08:57:08.616+0000] {logging_mixin.py:151} INFO - [2023-10-10T08:57:08.616+0000] {dagbag.py:539} INFO - Filling up the DagBag from /home/airflow/.local/lib/python3.8/site-packages/airflow/example_dags/example_skip_dag.py
[2023-10-10T08:57:08.624+0000] {processor.py:839} INFO - DAG(s) dict_keys(['example_skip_dag']) retrieved from /home/airflow/.local/lib/python3.8/site-packages/airflow/example_dags/example_skip_dag.py
[2023-10-10T08:57:08.648+0000] {logging_mixin.py:151} INFO - [2023-10-10T08:57:08.648+0000] {dag.py:2915} INFO - Sync 1 DAGs
[2023-10-10T08:57:08.674+0000] {logging_mixin.py:151} INFO - [2023-10-10T08:57:08.674+0000] {dag.py:3696} INFO - Setting next_dagrun for example_skip_dag to 2023-10-09T08:57:08.674188+00:00, run_after=2023-10-10T08:57:08.674188+00:00
[2023-10-10T08:57:08.694+0000] {processor.py:179} INFO - Processing /home/airflow/.local/lib/python3.8/site-packages/airflow/example_dags/example_skip_dag.py took 0.086 seconds
