[2023-10-10T08:39:51.275+0000] {processor.py:157} INFO - Started process (PID=68) to work on /home/airflow/.local/lib/python3.8/site-packages/airflow/example_dags/example_dag_decorator.py
[2023-10-10T08:39:51.276+0000] {processor.py:829} INFO - Processing file /home/airflow/.local/lib/python3.8/site-packages/airflow/example_dags/example_dag_decorator.py for tasks to queue
[2023-10-10T08:39:51.279+0000] {logging_mixin.py:151} INFO - [2023-10-10T08:39:51.278+0000] {dagbag.py:539} INFO - Filling up the DagBag from /home/airflow/.local/lib/python3.8/site-packages/airflow/example_dags/example_dag_decorator.py
[2023-10-10T08:39:51.451+0000] {processor.py:839} INFO - DAG(s) dict_keys(['example_dag_decorator']) retrieved from /home/airflow/.local/lib/python3.8/site-packages/airflow/example_dags/example_dag_decorator.py
[2023-10-10T08:39:51.465+0000] {logging_mixin.py:151} INFO - [2023-10-10T08:39:51.464+0000] {dag.py:2915} INFO - Sync 1 DAGs
[2023-10-10T08:39:51.482+0000] {logging_mixin.py:151} INFO - [2023-10-10T08:39:51.481+0000] {dag.py:3696} INFO - Setting next_dagrun for example_dag_decorator to None, run_after=None
[2023-10-10T08:39:51.502+0000] {processor.py:179} INFO - Processing /home/airflow/.local/lib/python3.8/site-packages/airflow/example_dags/example_dag_decorator.py took 0.231 seconds
[2023-10-10T08:40:22.141+0000] {processor.py:157} INFO - Started process (PID=121) to work on /home/airflow/.local/lib/python3.8/site-packages/airflow/example_dags/example_dag_decorator.py
[2023-10-10T08:40:22.143+0000] {processor.py:829} INFO - Processing file /home/airflow/.local/lib/python3.8/site-packages/airflow/example_dags/example_dag_decorator.py for tasks to queue
[2023-10-10T08:40:22.145+0000] {logging_mixin.py:151} INFO - [2023-10-10T08:40:22.144+0000] {dagbag.py:539} INFO - Filling up the DagBag from /home/airflow/.local/lib/python3.8/site-packages/airflow/example_dags/example_dag_decorator.py
[2023-10-10T08:40:22.228+0000] {processor.py:839} INFO - DAG(s) dict_keys(['example_dag_decorator']) retrieved from /home/airflow/.local/lib/python3.8/site-packages/airflow/example_dags/example_dag_decorator.py
[2023-10-10T08:40:22.349+0000] {logging_mixin.py:151} INFO - [2023-10-10T08:40:22.348+0000] {security.py:708} INFO - Not syncing DAG-level permissions for DAG 'DAG:example_dag_decorator' as access control is unset.
[2023-10-10T08:40:22.349+0000] {logging_mixin.py:151} INFO - [2023-10-10T08:40:22.349+0000] {dag.py:2915} INFO - Sync 1 DAGs
[2023-10-10T08:40:22.361+0000] {logging_mixin.py:151} INFO - [2023-10-10T08:40:22.361+0000] {dag.py:3696} INFO - Setting next_dagrun for example_dag_decorator to None, run_after=None
[2023-10-10T08:40:22.381+0000] {processor.py:179} INFO - Processing /home/airflow/.local/lib/python3.8/site-packages/airflow/example_dags/example_dag_decorator.py took 0.244 seconds
[2023-10-10T08:40:52.443+0000] {processor.py:157} INFO - Started process (PID=174) to work on /home/airflow/.local/lib/python3.8/site-packages/airflow/example_dags/example_dag_decorator.py
[2023-10-10T08:40:52.444+0000] {processor.py:829} INFO - Processing file /home/airflow/.local/lib/python3.8/site-packages/airflow/example_dags/example_dag_decorator.py for tasks to queue
[2023-10-10T08:40:52.446+0000] {logging_mixin.py:151} INFO - [2023-10-10T08:40:52.446+0000] {dagbag.py:539} INFO - Filling up the DagBag from /home/airflow/.local/lib/python3.8/site-packages/airflow/example_dags/example_dag_decorator.py
[2023-10-10T08:40:52.530+0000] {processor.py:839} INFO - DAG(s) dict_keys(['example_dag_decorator']) retrieved from /home/airflow/.local/lib/python3.8/site-packages/airflow/example_dags/example_dag_decorator.py
[2023-10-10T08:40:52.653+0000] {logging_mixin.py:151} INFO - [2023-10-10T08:40:52.652+0000] {security.py:708} INFO - Not syncing DAG-level permissions for DAG 'DAG:example_dag_decorator' as access control is unset.
[2023-10-10T08:40:52.653+0000] {logging_mixin.py:151} INFO - [2023-10-10T08:40:52.653+0000] {dag.py:2915} INFO - Sync 1 DAGs
[2023-10-10T08:40:52.666+0000] {logging_mixin.py:151} INFO - [2023-10-10T08:40:52.666+0000] {dag.py:3696} INFO - Setting next_dagrun for example_dag_decorator to None, run_after=None
[2023-10-10T08:40:52.687+0000] {processor.py:179} INFO - Processing /home/airflow/.local/lib/python3.8/site-packages/airflow/example_dags/example_dag_decorator.py took 0.249 seconds
[2023-10-10T08:41:23.120+0000] {processor.py:157} INFO - Started process (PID=228) to work on /home/airflow/.local/lib/python3.8/site-packages/airflow/example_dags/example_dag_decorator.py
[2023-10-10T08:41:23.122+0000] {processor.py:829} INFO - Processing file /home/airflow/.local/lib/python3.8/site-packages/airflow/example_dags/example_dag_decorator.py for tasks to queue
[2023-10-10T08:41:23.125+0000] {logging_mixin.py:151} INFO - [2023-10-10T08:41:23.125+0000] {dagbag.py:539} INFO - Filling up the DagBag from /home/airflow/.local/lib/python3.8/site-packages/airflow/example_dags/example_dag_decorator.py
[2023-10-10T08:41:23.209+0000] {processor.py:839} INFO - DAG(s) dict_keys(['example_dag_decorator']) retrieved from /home/airflow/.local/lib/python3.8/site-packages/airflow/example_dags/example_dag_decorator.py
[2023-10-10T08:41:23.334+0000] {logging_mixin.py:151} INFO - [2023-10-10T08:41:23.334+0000] {security.py:708} INFO - Not syncing DAG-level permissions for DAG 'DAG:example_dag_decorator' as access control is unset.
[2023-10-10T08:41:23.335+0000] {logging_mixin.py:151} INFO - [2023-10-10T08:41:23.335+0000] {dag.py:2915} INFO - Sync 1 DAGs
[2023-10-10T08:41:23.349+0000] {logging_mixin.py:151} INFO - [2023-10-10T08:41:23.349+0000] {dag.py:3696} INFO - Setting next_dagrun for example_dag_decorator to None, run_after=None
[2023-10-10T08:41:23.372+0000] {processor.py:179} INFO - Processing /home/airflow/.local/lib/python3.8/site-packages/airflow/example_dags/example_dag_decorator.py took 0.255 seconds
[2023-10-10T08:43:52.560+0000] {processor.py:157} INFO - Started process (PID=69) to work on /home/airflow/.local/lib/python3.8/site-packages/airflow/example_dags/example_dag_decorator.py
[2023-10-10T08:43:52.561+0000] {processor.py:829} INFO - Processing file /home/airflow/.local/lib/python3.8/site-packages/airflow/example_dags/example_dag_decorator.py for tasks to queue
[2023-10-10T08:43:52.564+0000] {logging_mixin.py:151} INFO - [2023-10-10T08:43:52.563+0000] {dagbag.py:539} INFO - Filling up the DagBag from /home/airflow/.local/lib/python3.8/site-packages/airflow/example_dags/example_dag_decorator.py
[2023-10-10T08:43:52.782+0000] {processor.py:839} INFO - DAG(s) dict_keys(['example_dag_decorator']) retrieved from /home/airflow/.local/lib/python3.8/site-packages/airflow/example_dags/example_dag_decorator.py
[2023-10-10T08:43:52.795+0000] {logging_mixin.py:151} INFO - [2023-10-10T08:43:52.794+0000] {dag.py:2915} INFO - Sync 1 DAGs
[2023-10-10T08:43:52.810+0000] {logging_mixin.py:151} INFO - [2023-10-10T08:43:52.810+0000] {dag.py:3696} INFO - Setting next_dagrun for example_dag_decorator to None, run_after=None
[2023-10-10T08:43:52.842+0000] {processor.py:179} INFO - Processing /home/airflow/.local/lib/python3.8/site-packages/airflow/example_dags/example_dag_decorator.py took 0.286 seconds
[2023-10-10T08:44:23.420+0000] {processor.py:157} INFO - Started process (PID=123) to work on /home/airflow/.local/lib/python3.8/site-packages/airflow/example_dags/example_dag_decorator.py
[2023-10-10T08:44:23.422+0000] {processor.py:829} INFO - Processing file /home/airflow/.local/lib/python3.8/site-packages/airflow/example_dags/example_dag_decorator.py for tasks to queue
[2023-10-10T08:44:23.424+0000] {logging_mixin.py:151} INFO - [2023-10-10T08:44:23.424+0000] {dagbag.py:539} INFO - Filling up the DagBag from /home/airflow/.local/lib/python3.8/site-packages/airflow/example_dags/example_dag_decorator.py
[2023-10-10T08:44:23.704+0000] {processor.py:839} INFO - DAG(s) dict_keys(['example_dag_decorator']) retrieved from /home/airflow/.local/lib/python3.8/site-packages/airflow/example_dags/example_dag_decorator.py
[2023-10-10T08:44:24.076+0000] {logging_mixin.py:151} INFO - [2023-10-10T08:44:24.076+0000] {security.py:708} INFO - Not syncing DAG-level permissions for DAG 'DAG:example_dag_decorator' as access control is unset.
[2023-10-10T08:44:24.077+0000] {logging_mixin.py:151} INFO - [2023-10-10T08:44:24.076+0000] {dag.py:2915} INFO - Sync 1 DAGs
[2023-10-10T08:44:24.117+0000] {logging_mixin.py:151} INFO - [2023-10-10T08:44:24.117+0000] {dag.py:3696} INFO - Setting next_dagrun for example_dag_decorator to None, run_after=None
[2023-10-10T08:44:24.166+0000] {processor.py:179} INFO - Processing /home/airflow/.local/lib/python3.8/site-packages/airflow/example_dags/example_dag_decorator.py took 0.765 seconds
[2023-10-10T08:44:56.610+0000] {processor.py:157} INFO - Started process (PID=177) to work on /home/airflow/.local/lib/python3.8/site-packages/airflow/example_dags/example_dag_decorator.py
[2023-10-10T08:44:56.612+0000] {processor.py:829} INFO - Processing file /home/airflow/.local/lib/python3.8/site-packages/airflow/example_dags/example_dag_decorator.py for tasks to queue
[2023-10-10T08:44:56.614+0000] {logging_mixin.py:151} INFO - [2023-10-10T08:44:56.614+0000] {dagbag.py:539} INFO - Filling up the DagBag from /home/airflow/.local/lib/python3.8/site-packages/airflow/example_dags/example_dag_decorator.py
[2023-10-10T08:44:56.697+0000] {processor.py:839} INFO - DAG(s) dict_keys(['example_dag_decorator']) retrieved from /home/airflow/.local/lib/python3.8/site-packages/airflow/example_dags/example_dag_decorator.py
[2023-10-10T08:44:56.820+0000] {logging_mixin.py:151} INFO - [2023-10-10T08:44:56.820+0000] {security.py:708} INFO - Not syncing DAG-level permissions for DAG 'DAG:example_dag_decorator' as access control is unset.
[2023-10-10T08:44:56.820+0000] {logging_mixin.py:151} INFO - [2023-10-10T08:44:56.820+0000] {dag.py:2915} INFO - Sync 1 DAGs
[2023-10-10T08:44:56.832+0000] {logging_mixin.py:151} INFO - [2023-10-10T08:44:56.832+0000] {dag.py:3696} INFO - Setting next_dagrun for example_dag_decorator to None, run_after=None
[2023-10-10T08:44:56.854+0000] {processor.py:179} INFO - Processing /home/airflow/.local/lib/python3.8/site-packages/airflow/example_dags/example_dag_decorator.py took 0.248 seconds
[2023-10-10T08:46:31.562+0000] {processor.py:157} INFO - Started process (PID=68) to work on /home/airflow/.local/lib/python3.8/site-packages/airflow/example_dags/example_dag_decorator.py
[2023-10-10T08:46:31.563+0000] {processor.py:829} INFO - Processing file /home/airflow/.local/lib/python3.8/site-packages/airflow/example_dags/example_dag_decorator.py for tasks to queue
[2023-10-10T08:46:31.565+0000] {logging_mixin.py:151} INFO - [2023-10-10T08:46:31.565+0000] {dagbag.py:539} INFO - Filling up the DagBag from /home/airflow/.local/lib/python3.8/site-packages/airflow/example_dags/example_dag_decorator.py
[2023-10-10T08:46:31.651+0000] {processor.py:839} INFO - DAG(s) dict_keys(['example_dag_decorator']) retrieved from /home/airflow/.local/lib/python3.8/site-packages/airflow/example_dags/example_dag_decorator.py
[2023-10-10T08:46:31.664+0000] {logging_mixin.py:151} INFO - [2023-10-10T08:46:31.664+0000] {dag.py:2915} INFO - Sync 1 DAGs
[2023-10-10T08:46:31.681+0000] {logging_mixin.py:151} INFO - [2023-10-10T08:46:31.680+0000] {dag.py:3696} INFO - Setting next_dagrun for example_dag_decorator to None, run_after=None
[2023-10-10T08:46:31.700+0000] {processor.py:179} INFO - Processing /home/airflow/.local/lib/python3.8/site-packages/airflow/example_dags/example_dag_decorator.py took 0.142 seconds
[2023-10-10T08:47:02.021+0000] {processor.py:157} INFO - Started process (PID=122) to work on /home/airflow/.local/lib/python3.8/site-packages/airflow/example_dags/example_dag_decorator.py
[2023-10-10T08:47:02.022+0000] {processor.py:829} INFO - Processing file /home/airflow/.local/lib/python3.8/site-packages/airflow/example_dags/example_dag_decorator.py for tasks to queue
[2023-10-10T08:47:02.024+0000] {logging_mixin.py:151} INFO - [2023-10-10T08:47:02.024+0000] {dagbag.py:539} INFO - Filling up the DagBag from /home/airflow/.local/lib/python3.8/site-packages/airflow/example_dags/example_dag_decorator.py
[2023-10-10T08:47:02.106+0000] {processor.py:839} INFO - DAG(s) dict_keys(['example_dag_decorator']) retrieved from /home/airflow/.local/lib/python3.8/site-packages/airflow/example_dags/example_dag_decorator.py
[2023-10-10T08:47:02.225+0000] {logging_mixin.py:151} INFO - [2023-10-10T08:47:02.224+0000] {security.py:708} INFO - Not syncing DAG-level permissions for DAG 'DAG:example_dag_decorator' as access control is unset.
[2023-10-10T08:47:02.225+0000] {logging_mixin.py:151} INFO - [2023-10-10T08:47:02.225+0000] {dag.py:2915} INFO - Sync 1 DAGs
[2023-10-10T08:47:02.239+0000] {logging_mixin.py:151} INFO - [2023-10-10T08:47:02.238+0000] {dag.py:3696} INFO - Setting next_dagrun for example_dag_decorator to None, run_after=None
[2023-10-10T08:47:02.267+0000] {processor.py:179} INFO - Processing /home/airflow/.local/lib/python3.8/site-packages/airflow/example_dags/example_dag_decorator.py took 0.250 seconds
[2023-10-10T08:47:33.194+0000] {processor.py:157} INFO - Started process (PID=176) to work on /home/airflow/.local/lib/python3.8/site-packages/airflow/example_dags/example_dag_decorator.py
[2023-10-10T08:47:33.196+0000] {processor.py:829} INFO - Processing file /home/airflow/.local/lib/python3.8/site-packages/airflow/example_dags/example_dag_decorator.py for tasks to queue
[2023-10-10T08:47:33.199+0000] {logging_mixin.py:151} INFO - [2023-10-10T08:47:33.198+0000] {dagbag.py:539} INFO - Filling up the DagBag from /home/airflow/.local/lib/python3.8/site-packages/airflow/example_dags/example_dag_decorator.py
[2023-10-10T08:47:33.280+0000] {processor.py:839} INFO - DAG(s) dict_keys(['example_dag_decorator']) retrieved from /home/airflow/.local/lib/python3.8/site-packages/airflow/example_dags/example_dag_decorator.py
[2023-10-10T08:47:33.396+0000] {logging_mixin.py:151} INFO - [2023-10-10T08:47:33.396+0000] {security.py:708} INFO - Not syncing DAG-level permissions for DAG 'DAG:example_dag_decorator' as access control is unset.
[2023-10-10T08:47:33.397+0000] {logging_mixin.py:151} INFO - [2023-10-10T08:47:33.397+0000] {dag.py:2915} INFO - Sync 1 DAGs
[2023-10-10T08:47:33.409+0000] {logging_mixin.py:151} INFO - [2023-10-10T08:47:33.409+0000] {dag.py:3696} INFO - Setting next_dagrun for example_dag_decorator to None, run_after=None
[2023-10-10T08:47:33.430+0000] {processor.py:179} INFO - Processing /home/airflow/.local/lib/python3.8/site-packages/airflow/example_dags/example_dag_decorator.py took 0.240 seconds
[2023-10-10T08:51:35.506+0000] {processor.py:157} INFO - Started process (PID=68) to work on /home/airflow/.local/lib/python3.8/site-packages/airflow/example_dags/example_dag_decorator.py
[2023-10-10T08:51:35.508+0000] {processor.py:829} INFO - Processing file /home/airflow/.local/lib/python3.8/site-packages/airflow/example_dags/example_dag_decorator.py for tasks to queue
[2023-10-10T08:51:35.510+0000] {logging_mixin.py:151} INFO - [2023-10-10T08:51:35.510+0000] {dagbag.py:539} INFO - Filling up the DagBag from /home/airflow/.local/lib/python3.8/site-packages/airflow/example_dags/example_dag_decorator.py
[2023-10-10T08:51:35.704+0000] {processor.py:839} INFO - DAG(s) dict_keys(['example_dag_decorator']) retrieved from /home/airflow/.local/lib/python3.8/site-packages/airflow/example_dags/example_dag_decorator.py
[2023-10-10T08:51:35.717+0000] {logging_mixin.py:151} INFO - [2023-10-10T08:51:35.717+0000] {dag.py:2915} INFO - Sync 1 DAGs
[2023-10-10T08:51:35.734+0000] {logging_mixin.py:151} INFO - [2023-10-10T08:51:35.734+0000] {dag.py:3696} INFO - Setting next_dagrun for example_dag_decorator to None, run_after=None
[2023-10-10T08:51:35.755+0000] {processor.py:179} INFO - Processing /home/airflow/.local/lib/python3.8/site-packages/airflow/example_dags/example_dag_decorator.py took 0.253 seconds
[2023-10-10T08:52:06.231+0000] {processor.py:157} INFO - Started process (PID=122) to work on /home/airflow/.local/lib/python3.8/site-packages/airflow/example_dags/example_dag_decorator.py
[2023-10-10T08:52:06.233+0000] {processor.py:829} INFO - Processing file /home/airflow/.local/lib/python3.8/site-packages/airflow/example_dags/example_dag_decorator.py for tasks to queue
[2023-10-10T08:52:06.235+0000] {logging_mixin.py:151} INFO - [2023-10-10T08:52:06.235+0000] {dagbag.py:539} INFO - Filling up the DagBag from /home/airflow/.local/lib/python3.8/site-packages/airflow/example_dags/example_dag_decorator.py
[2023-10-10T08:52:06.319+0000] {processor.py:839} INFO - DAG(s) dict_keys(['example_dag_decorator']) retrieved from /home/airflow/.local/lib/python3.8/site-packages/airflow/example_dags/example_dag_decorator.py
[2023-10-10T08:52:06.438+0000] {logging_mixin.py:151} INFO - [2023-10-10T08:52:06.438+0000] {security.py:708} INFO - Not syncing DAG-level permissions for DAG 'DAG:example_dag_decorator' as access control is unset.
[2023-10-10T08:52:06.438+0000] {logging_mixin.py:151} INFO - [2023-10-10T08:52:06.438+0000] {dag.py:2915} INFO - Sync 1 DAGs
[2023-10-10T08:52:06.453+0000] {logging_mixin.py:151} INFO - [2023-10-10T08:52:06.452+0000] {dag.py:3696} INFO - Setting next_dagrun for example_dag_decorator to None, run_after=None
[2023-10-10T08:52:06.473+0000] {processor.py:179} INFO - Processing /home/airflow/.local/lib/python3.8/site-packages/airflow/example_dags/example_dag_decorator.py took 0.246 seconds
[2023-10-10T08:52:37.113+0000] {processor.py:157} INFO - Started process (PID=176) to work on /home/airflow/.local/lib/python3.8/site-packages/airflow/example_dags/example_dag_decorator.py
[2023-10-10T08:52:37.115+0000] {processor.py:829} INFO - Processing file /home/airflow/.local/lib/python3.8/site-packages/airflow/example_dags/example_dag_decorator.py for tasks to queue
[2023-10-10T08:52:37.117+0000] {logging_mixin.py:151} INFO - [2023-10-10T08:52:37.117+0000] {dagbag.py:539} INFO - Filling up the DagBag from /home/airflow/.local/lib/python3.8/site-packages/airflow/example_dags/example_dag_decorator.py
[2023-10-10T08:52:37.199+0000] {processor.py:839} INFO - DAG(s) dict_keys(['example_dag_decorator']) retrieved from /home/airflow/.local/lib/python3.8/site-packages/airflow/example_dags/example_dag_decorator.py
[2023-10-10T08:52:37.320+0000] {logging_mixin.py:151} INFO - [2023-10-10T08:52:37.320+0000] {security.py:708} INFO - Not syncing DAG-level permissions for DAG 'DAG:example_dag_decorator' as access control is unset.
[2023-10-10T08:52:37.320+0000] {logging_mixin.py:151} INFO - [2023-10-10T08:52:37.320+0000] {dag.py:2915} INFO - Sync 1 DAGs
[2023-10-10T08:52:37.333+0000] {logging_mixin.py:151} INFO - [2023-10-10T08:52:37.333+0000] {dag.py:3696} INFO - Setting next_dagrun for example_dag_decorator to None, run_after=None
[2023-10-10T08:52:37.354+0000] {processor.py:179} INFO - Processing /home/airflow/.local/lib/python3.8/site-packages/airflow/example_dags/example_dag_decorator.py took 0.245 seconds
[2023-10-10T08:53:07.396+0000] {processor.py:157} INFO - Started process (PID=229) to work on /home/airflow/.local/lib/python3.8/site-packages/airflow/example_dags/example_dag_decorator.py
[2023-10-10T08:53:07.398+0000] {processor.py:829} INFO - Processing file /home/airflow/.local/lib/python3.8/site-packages/airflow/example_dags/example_dag_decorator.py for tasks to queue
[2023-10-10T08:53:07.400+0000] {logging_mixin.py:151} INFO - [2023-10-10T08:53:07.400+0000] {dagbag.py:539} INFO - Filling up the DagBag from /home/airflow/.local/lib/python3.8/site-packages/airflow/example_dags/example_dag_decorator.py
[2023-10-10T08:53:07.483+0000] {processor.py:839} INFO - DAG(s) dict_keys(['example_dag_decorator']) retrieved from /home/airflow/.local/lib/python3.8/site-packages/airflow/example_dags/example_dag_decorator.py
[2023-10-10T08:53:07.605+0000] {logging_mixin.py:151} INFO - [2023-10-10T08:53:07.605+0000] {security.py:708} INFO - Not syncing DAG-level permissions for DAG 'DAG:example_dag_decorator' as access control is unset.
[2023-10-10T08:53:07.605+0000] {logging_mixin.py:151} INFO - [2023-10-10T08:53:07.605+0000] {dag.py:2915} INFO - Sync 1 DAGs
[2023-10-10T08:53:07.618+0000] {logging_mixin.py:151} INFO - [2023-10-10T08:53:07.618+0000] {dag.py:3696} INFO - Setting next_dagrun for example_dag_decorator to None, run_after=None
[2023-10-10T08:53:07.640+0000] {processor.py:179} INFO - Processing /home/airflow/.local/lib/python3.8/site-packages/airflow/example_dags/example_dag_decorator.py took 0.247 seconds
[2023-10-10T08:53:37.723+0000] {processor.py:157} INFO - Started process (PID=283) to work on /home/airflow/.local/lib/python3.8/site-packages/airflow/example_dags/example_dag_decorator.py
[2023-10-10T08:53:37.724+0000] {processor.py:829} INFO - Processing file /home/airflow/.local/lib/python3.8/site-packages/airflow/example_dags/example_dag_decorator.py for tasks to queue
[2023-10-10T08:53:37.727+0000] {logging_mixin.py:151} INFO - [2023-10-10T08:53:37.726+0000] {dagbag.py:539} INFO - Filling up the DagBag from /home/airflow/.local/lib/python3.8/site-packages/airflow/example_dags/example_dag_decorator.py
[2023-10-10T08:53:37.809+0000] {processor.py:839} INFO - DAG(s) dict_keys(['example_dag_decorator']) retrieved from /home/airflow/.local/lib/python3.8/site-packages/airflow/example_dags/example_dag_decorator.py
[2023-10-10T08:53:37.932+0000] {logging_mixin.py:151} INFO - [2023-10-10T08:53:37.931+0000] {security.py:708} INFO - Not syncing DAG-level permissions for DAG 'DAG:example_dag_decorator' as access control is unset.
[2023-10-10T08:53:37.932+0000] {logging_mixin.py:151} INFO - [2023-10-10T08:53:37.932+0000] {dag.py:2915} INFO - Sync 1 DAGs
[2023-10-10T08:53:37.944+0000] {logging_mixin.py:151} INFO - [2023-10-10T08:53:37.944+0000] {dag.py:3696} INFO - Setting next_dagrun for example_dag_decorator to None, run_after=None
[2023-10-10T08:53:37.966+0000] {processor.py:179} INFO - Processing /home/airflow/.local/lib/python3.8/site-packages/airflow/example_dags/example_dag_decorator.py took 0.246 seconds
[2023-10-10T08:54:11.701+0000] {processor.py:157} INFO - Started process (PID=339) to work on /home/airflow/.local/lib/python3.8/site-packages/airflow/example_dags/example_dag_decorator.py
[2023-10-10T08:54:11.703+0000] {processor.py:829} INFO - Processing file /home/airflow/.local/lib/python3.8/site-packages/airflow/example_dags/example_dag_decorator.py for tasks to queue
[2023-10-10T08:54:11.705+0000] {logging_mixin.py:151} INFO - [2023-10-10T08:54:11.705+0000] {dagbag.py:539} INFO - Filling up the DagBag from /home/airflow/.local/lib/python3.8/site-packages/airflow/example_dags/example_dag_decorator.py
[2023-10-10T08:54:11.787+0000] {processor.py:839} INFO - DAG(s) dict_keys(['example_dag_decorator']) retrieved from /home/airflow/.local/lib/python3.8/site-packages/airflow/example_dags/example_dag_decorator.py
[2023-10-10T08:54:11.905+0000] {logging_mixin.py:151} INFO - [2023-10-10T08:54:11.905+0000] {security.py:708} INFO - Not syncing DAG-level permissions for DAG 'DAG:example_dag_decorator' as access control is unset.
[2023-10-10T08:54:11.905+0000] {logging_mixin.py:151} INFO - [2023-10-10T08:54:11.905+0000] {dag.py:2915} INFO - Sync 1 DAGs
[2023-10-10T08:54:11.918+0000] {logging_mixin.py:151} INFO - [2023-10-10T08:54:11.917+0000] {dag.py:3696} INFO - Setting next_dagrun for example_dag_decorator to None, run_after=None
[2023-10-10T08:54:11.940+0000] {processor.py:179} INFO - Processing /home/airflow/.local/lib/python3.8/site-packages/airflow/example_dags/example_dag_decorator.py took 0.243 seconds
[2023-10-10T08:54:42.241+0000] {processor.py:157} INFO - Started process (PID=393) to work on /home/airflow/.local/lib/python3.8/site-packages/airflow/example_dags/example_dag_decorator.py
[2023-10-10T08:54:42.243+0000] {processor.py:829} INFO - Processing file /home/airflow/.local/lib/python3.8/site-packages/airflow/example_dags/example_dag_decorator.py for tasks to queue
[2023-10-10T08:54:42.245+0000] {logging_mixin.py:151} INFO - [2023-10-10T08:54:42.245+0000] {dagbag.py:539} INFO - Filling up the DagBag from /home/airflow/.local/lib/python3.8/site-packages/airflow/example_dags/example_dag_decorator.py
[2023-10-10T08:54:42.328+0000] {processor.py:839} INFO - DAG(s) dict_keys(['example_dag_decorator']) retrieved from /home/airflow/.local/lib/python3.8/site-packages/airflow/example_dags/example_dag_decorator.py
[2023-10-10T08:54:42.447+0000] {logging_mixin.py:151} INFO - [2023-10-10T08:54:42.447+0000] {security.py:708} INFO - Not syncing DAG-level permissions for DAG 'DAG:example_dag_decorator' as access control is unset.
[2023-10-10T08:54:42.447+0000] {logging_mixin.py:151} INFO - [2023-10-10T08:54:42.447+0000] {dag.py:2915} INFO - Sync 1 DAGs
[2023-10-10T08:54:42.460+0000] {logging_mixin.py:151} INFO - [2023-10-10T08:54:42.460+0000] {dag.py:3696} INFO - Setting next_dagrun for example_dag_decorator to None, run_after=None
[2023-10-10T08:54:42.481+0000] {processor.py:179} INFO - Processing /home/airflow/.local/lib/python3.8/site-packages/airflow/example_dags/example_dag_decorator.py took 0.244 seconds
[2023-10-10T08:55:12.851+0000] {processor.py:157} INFO - Started process (PID=448) to work on /home/airflow/.local/lib/python3.8/site-packages/airflow/example_dags/example_dag_decorator.py
[2023-10-10T08:55:12.851+0000] {processor.py:829} INFO - Processing file /home/airflow/.local/lib/python3.8/site-packages/airflow/example_dags/example_dag_decorator.py for tasks to queue
[2023-10-10T08:55:12.854+0000] {logging_mixin.py:151} INFO - [2023-10-10T08:55:12.853+0000] {dagbag.py:539} INFO - Filling up the DagBag from /home/airflow/.local/lib/python3.8/site-packages/airflow/example_dags/example_dag_decorator.py
[2023-10-10T08:55:12.937+0000] {processor.py:839} INFO - DAG(s) dict_keys(['example_dag_decorator']) retrieved from /home/airflow/.local/lib/python3.8/site-packages/airflow/example_dags/example_dag_decorator.py
[2023-10-10T08:55:13.060+0000] {logging_mixin.py:151} INFO - [2023-10-10T08:55:13.060+0000] {security.py:708} INFO - Not syncing DAG-level permissions for DAG 'DAG:example_dag_decorator' as access control is unset.
[2023-10-10T08:55:13.061+0000] {logging_mixin.py:151} INFO - [2023-10-10T08:55:13.061+0000] {dag.py:2915} INFO - Sync 1 DAGs
[2023-10-10T08:55:13.074+0000] {logging_mixin.py:151} INFO - [2023-10-10T08:55:13.073+0000] {dag.py:3696} INFO - Setting next_dagrun for example_dag_decorator to None, run_after=None
[2023-10-10T08:55:13.095+0000] {processor.py:179} INFO - Processing /home/airflow/.local/lib/python3.8/site-packages/airflow/example_dags/example_dag_decorator.py took 0.249 seconds
[2023-10-10T08:55:43.826+0000] {processor.py:157} INFO - Started process (PID=503) to work on /home/airflow/.local/lib/python3.8/site-packages/airflow/example_dags/example_dag_decorator.py
[2023-10-10T08:55:43.828+0000] {processor.py:829} INFO - Processing file /home/airflow/.local/lib/python3.8/site-packages/airflow/example_dags/example_dag_decorator.py for tasks to queue
[2023-10-10T08:55:43.830+0000] {logging_mixin.py:151} INFO - [2023-10-10T08:55:43.829+0000] {dagbag.py:539} INFO - Filling up the DagBag from /home/airflow/.local/lib/python3.8/site-packages/airflow/example_dags/example_dag_decorator.py
[2023-10-10T08:55:43.911+0000] {processor.py:839} INFO - DAG(s) dict_keys(['example_dag_decorator']) retrieved from /home/airflow/.local/lib/python3.8/site-packages/airflow/example_dags/example_dag_decorator.py
[2023-10-10T08:55:44.031+0000] {logging_mixin.py:151} INFO - [2023-10-10T08:55:44.031+0000] {security.py:708} INFO - Not syncing DAG-level permissions for DAG 'DAG:example_dag_decorator' as access control is unset.
[2023-10-10T08:55:44.031+0000] {logging_mixin.py:151} INFO - [2023-10-10T08:55:44.031+0000] {dag.py:2915} INFO - Sync 1 DAGs
[2023-10-10T08:55:44.044+0000] {logging_mixin.py:151} INFO - [2023-10-10T08:55:44.044+0000] {dag.py:3696} INFO - Setting next_dagrun for example_dag_decorator to None, run_after=None
[2023-10-10T08:55:44.067+0000] {processor.py:179} INFO - Processing /home/airflow/.local/lib/python3.8/site-packages/airflow/example_dags/example_dag_decorator.py took 0.245 seconds
[2023-10-10T08:56:17.234+0000] {processor.py:157} INFO - Started process (PID=557) to work on /home/airflow/.local/lib/python3.8/site-packages/airflow/example_dags/example_dag_decorator.py
[2023-10-10T08:56:17.235+0000] {processor.py:829} INFO - Processing file /home/airflow/.local/lib/python3.8/site-packages/airflow/example_dags/example_dag_decorator.py for tasks to queue
[2023-10-10T08:56:17.238+0000] {logging_mixin.py:151} INFO - [2023-10-10T08:56:17.237+0000] {dagbag.py:539} INFO - Filling up the DagBag from /home/airflow/.local/lib/python3.8/site-packages/airflow/example_dags/example_dag_decorator.py
[2023-10-10T08:56:17.323+0000] {processor.py:839} INFO - DAG(s) dict_keys(['example_dag_decorator']) retrieved from /home/airflow/.local/lib/python3.8/site-packages/airflow/example_dags/example_dag_decorator.py
[2023-10-10T08:56:17.447+0000] {logging_mixin.py:151} INFO - [2023-10-10T08:56:17.447+0000] {security.py:708} INFO - Not syncing DAG-level permissions for DAG 'DAG:example_dag_decorator' as access control is unset.
[2023-10-10T08:56:17.447+0000] {logging_mixin.py:151} INFO - [2023-10-10T08:56:17.447+0000] {dag.py:2915} INFO - Sync 1 DAGs
[2023-10-10T08:56:17.460+0000] {logging_mixin.py:151} INFO - [2023-10-10T08:56:17.460+0000] {dag.py:3696} INFO - Setting next_dagrun for example_dag_decorator to None, run_after=None
[2023-10-10T08:56:17.482+0000] {processor.py:179} INFO - Processing /home/airflow/.local/lib/python3.8/site-packages/airflow/example_dags/example_dag_decorator.py took 0.252 seconds
[2023-10-10T08:56:47.692+0000] {processor.py:157} INFO - Started process (PID=611) to work on /home/airflow/.local/lib/python3.8/site-packages/airflow/example_dags/example_dag_decorator.py
[2023-10-10T08:56:47.693+0000] {processor.py:829} INFO - Processing file /home/airflow/.local/lib/python3.8/site-packages/airflow/example_dags/example_dag_decorator.py for tasks to queue
[2023-10-10T08:56:47.695+0000] {logging_mixin.py:151} INFO - [2023-10-10T08:56:47.695+0000] {dagbag.py:539} INFO - Filling up the DagBag from /home/airflow/.local/lib/python3.8/site-packages/airflow/example_dags/example_dag_decorator.py
[2023-10-10T08:56:47.777+0000] {processor.py:839} INFO - DAG(s) dict_keys(['example_dag_decorator']) retrieved from /home/airflow/.local/lib/python3.8/site-packages/airflow/example_dags/example_dag_decorator.py
[2023-10-10T08:56:47.893+0000] {logging_mixin.py:151} INFO - [2023-10-10T08:56:47.892+0000] {security.py:708} INFO - Not syncing DAG-level permissions for DAG 'DAG:example_dag_decorator' as access control is unset.
[2023-10-10T08:56:47.893+0000] {logging_mixin.py:151} INFO - [2023-10-10T08:56:47.893+0000] {dag.py:2915} INFO - Sync 1 DAGs
[2023-10-10T08:56:47.905+0000] {logging_mixin.py:151} INFO - [2023-10-10T08:56:47.905+0000] {dag.py:3696} INFO - Setting next_dagrun for example_dag_decorator to None, run_after=None
[2023-10-10T08:56:47.925+0000] {processor.py:179} INFO - Processing /home/airflow/.local/lib/python3.8/site-packages/airflow/example_dags/example_dag_decorator.py took 0.237 seconds
