[2023-10-10T08:39:51.172+0000] {processor.py:157} INFO - Started process (PID=67) to work on /home/airflow/.local/lib/python3.8/site-packages/airflow/example_dags/example_external_task_marker_dag.py
[2023-10-10T08:39:51.173+0000] {processor.py:829} INFO - Processing file /home/airflow/.local/lib/python3.8/site-packages/airflow/example_dags/example_external_task_marker_dag.py for tasks to queue
[2023-10-10T08:39:51.177+0000] {logging_mixin.py:151} INFO - [2023-10-10T08:39:51.176+0000] {dagbag.py:539} INFO - Filling up the DagBag from /home/airflow/.local/lib/python3.8/site-packages/airflow/example_dags/example_external_task_marker_dag.py
[2023-10-10T08:39:51.185+0000] {processor.py:839} INFO - DAG(s) dict_keys(['example_external_task_marker_parent', 'example_external_task_marker_child']) retrieved from /home/airflow/.local/lib/python3.8/site-packages/airflow/example_dags/example_external_task_marker_dag.py
[2023-10-10T08:39:51.202+0000] {logging_mixin.py:151} INFO - [2023-10-10T08:39:51.202+0000] {dag.py:2915} INFO - Sync 2 DAGs
[2023-10-10T08:39:51.220+0000] {logging_mixin.py:151} INFO - [2023-10-10T08:39:51.219+0000] {dag.py:3696} INFO - Setting next_dagrun for example_external_task_marker_child to None, run_after=None
[2023-10-10T08:39:51.224+0000] {logging_mixin.py:151} INFO - [2023-10-10T08:39:51.224+0000] {dag.py:3696} INFO - Setting next_dagrun for example_external_task_marker_parent to None, run_after=None
[2023-10-10T08:39:51.243+0000] {processor.py:179} INFO - Processing /home/airflow/.local/lib/python3.8/site-packages/airflow/example_dags/example_external_task_marker_dag.py took 0.075 seconds
[2023-10-10T08:40:22.045+0000] {processor.py:157} INFO - Started process (PID=120) to work on /home/airflow/.local/lib/python3.8/site-packages/airflow/example_dags/example_external_task_marker_dag.py
[2023-10-10T08:40:22.046+0000] {processor.py:829} INFO - Processing file /home/airflow/.local/lib/python3.8/site-packages/airflow/example_dags/example_external_task_marker_dag.py for tasks to queue
[2023-10-10T08:40:22.049+0000] {logging_mixin.py:151} INFO - [2023-10-10T08:40:22.049+0000] {dagbag.py:539} INFO - Filling up the DagBag from /home/airflow/.local/lib/python3.8/site-packages/airflow/example_dags/example_external_task_marker_dag.py
[2023-10-10T08:40:22.056+0000] {processor.py:839} INFO - DAG(s) dict_keys(['example_external_task_marker_child', 'example_external_task_marker_parent']) retrieved from /home/airflow/.local/lib/python3.8/site-packages/airflow/example_dags/example_external_task_marker_dag.py
[2023-10-10T08:40:22.083+0000] {logging_mixin.py:151} INFO - [2023-10-10T08:40:22.082+0000] {dag.py:2915} INFO - Sync 2 DAGs
[2023-10-10T08:40:22.098+0000] {logging_mixin.py:151} INFO - [2023-10-10T08:40:22.097+0000] {dag.py:3696} INFO - Setting next_dagrun for example_external_task_marker_child to None, run_after=None
[2023-10-10T08:40:22.101+0000] {logging_mixin.py:151} INFO - [2023-10-10T08:40:22.101+0000] {dag.py:3696} INFO - Setting next_dagrun for example_external_task_marker_parent to None, run_after=None
[2023-10-10T08:40:22.120+0000] {processor.py:179} INFO - Processing /home/airflow/.local/lib/python3.8/site-packages/airflow/example_dags/example_external_task_marker_dag.py took 0.079 seconds
[2023-10-10T08:40:52.348+0000] {processor.py:157} INFO - Started process (PID=173) to work on /home/airflow/.local/lib/python3.8/site-packages/airflow/example_dags/example_external_task_marker_dag.py
[2023-10-10T08:40:52.350+0000] {processor.py:829} INFO - Processing file /home/airflow/.local/lib/python3.8/site-packages/airflow/example_dags/example_external_task_marker_dag.py for tasks to queue
[2023-10-10T08:40:52.353+0000] {logging_mixin.py:151} INFO - [2023-10-10T08:40:52.352+0000] {dagbag.py:539} INFO - Filling up the DagBag from /home/airflow/.local/lib/python3.8/site-packages/airflow/example_dags/example_external_task_marker_dag.py
[2023-10-10T08:40:52.359+0000] {processor.py:839} INFO - DAG(s) dict_keys(['example_external_task_marker_child', 'example_external_task_marker_parent']) retrieved from /home/airflow/.local/lib/python3.8/site-packages/airflow/example_dags/example_external_task_marker_dag.py
[2023-10-10T08:40:52.386+0000] {logging_mixin.py:151} INFO - [2023-10-10T08:40:52.385+0000] {dag.py:2915} INFO - Sync 2 DAGs
[2023-10-10T08:40:52.400+0000] {logging_mixin.py:151} INFO - [2023-10-10T08:40:52.400+0000] {dag.py:3696} INFO - Setting next_dagrun for example_external_task_marker_child to None, run_after=None
[2023-10-10T08:40:52.404+0000] {logging_mixin.py:151} INFO - [2023-10-10T08:40:52.403+0000] {dag.py:3696} INFO - Setting next_dagrun for example_external_task_marker_parent to None, run_after=None
[2023-10-10T08:40:52.421+0000] {processor.py:179} INFO - Processing /home/airflow/.local/lib/python3.8/site-packages/airflow/example_dags/example_external_task_marker_dag.py took 0.077 seconds
[2023-10-10T08:41:23.017+0000] {processor.py:157} INFO - Started process (PID=227) to work on /home/airflow/.local/lib/python3.8/site-packages/airflow/example_dags/example_external_task_marker_dag.py
[2023-10-10T08:41:23.019+0000] {processor.py:829} INFO - Processing file /home/airflow/.local/lib/python3.8/site-packages/airflow/example_dags/example_external_task_marker_dag.py for tasks to queue
[2023-10-10T08:41:23.022+0000] {logging_mixin.py:151} INFO - [2023-10-10T08:41:23.022+0000] {dagbag.py:539} INFO - Filling up the DagBag from /home/airflow/.local/lib/python3.8/site-packages/airflow/example_dags/example_external_task_marker_dag.py
[2023-10-10T08:41:23.029+0000] {processor.py:839} INFO - DAG(s) dict_keys(['example_external_task_marker_child', 'example_external_task_marker_parent']) retrieved from /home/airflow/.local/lib/python3.8/site-packages/airflow/example_dags/example_external_task_marker_dag.py
[2023-10-10T08:41:23.057+0000] {logging_mixin.py:151} INFO - [2023-10-10T08:41:23.057+0000] {dag.py:2915} INFO - Sync 2 DAGs
[2023-10-10T08:41:23.073+0000] {logging_mixin.py:151} INFO - [2023-10-10T08:41:23.073+0000] {dag.py:3696} INFO - Setting next_dagrun for example_external_task_marker_child to None, run_after=None
[2023-10-10T08:41:23.078+0000] {logging_mixin.py:151} INFO - [2023-10-10T08:41:23.077+0000] {dag.py:3696} INFO - Setting next_dagrun for example_external_task_marker_parent to None, run_after=None
[2023-10-10T08:41:23.097+0000] {processor.py:179} INFO - Processing /home/airflow/.local/lib/python3.8/site-packages/airflow/example_dags/example_external_task_marker_dag.py took 0.083 seconds
[2023-10-10T08:43:52.465+0000] {processor.py:157} INFO - Started process (PID=68) to work on /home/airflow/.local/lib/python3.8/site-packages/airflow/example_dags/example_external_task_marker_dag.py
[2023-10-10T08:43:52.468+0000] {processor.py:829} INFO - Processing file /home/airflow/.local/lib/python3.8/site-packages/airflow/example_dags/example_external_task_marker_dag.py for tasks to queue
[2023-10-10T08:43:52.471+0000] {logging_mixin.py:151} INFO - [2023-10-10T08:43:52.471+0000] {dagbag.py:539} INFO - Filling up the DagBag from /home/airflow/.local/lib/python3.8/site-packages/airflow/example_dags/example_external_task_marker_dag.py
[2023-10-10T08:43:52.478+0000] {processor.py:839} INFO - DAG(s) dict_keys(['example_external_task_marker_parent', 'example_external_task_marker_child']) retrieved from /home/airflow/.local/lib/python3.8/site-packages/airflow/example_dags/example_external_task_marker_dag.py
[2023-10-10T08:43:52.493+0000] {logging_mixin.py:151} INFO - [2023-10-10T08:43:52.493+0000] {dag.py:2915} INFO - Sync 2 DAGs
[2023-10-10T08:43:52.509+0000] {logging_mixin.py:151} INFO - [2023-10-10T08:43:52.509+0000] {dag.py:3696} INFO - Setting next_dagrun for example_external_task_marker_child to None, run_after=None
[2023-10-10T08:43:52.513+0000] {logging_mixin.py:151} INFO - [2023-10-10T08:43:52.513+0000] {dag.py:3696} INFO - Setting next_dagrun for example_external_task_marker_parent to None, run_after=None
[2023-10-10T08:43:52.531+0000] {processor.py:179} INFO - Processing /home/airflow/.local/lib/python3.8/site-packages/airflow/example_dags/example_external_task_marker_dag.py took 0.071 seconds
[2023-10-10T08:44:23.068+0000] {processor.py:157} INFO - Started process (PID=122) to work on /home/airflow/.local/lib/python3.8/site-packages/airflow/example_dags/example_external_task_marker_dag.py
[2023-10-10T08:44:23.085+0000] {processor.py:829} INFO - Processing file /home/airflow/.local/lib/python3.8/site-packages/airflow/example_dags/example_external_task_marker_dag.py for tasks to queue
[2023-10-10T08:44:23.088+0000] {logging_mixin.py:151} INFO - [2023-10-10T08:44:23.087+0000] {dagbag.py:539} INFO - Filling up the DagBag from /home/airflow/.local/lib/python3.8/site-packages/airflow/example_dags/example_external_task_marker_dag.py
[2023-10-10T08:44:23.115+0000] {processor.py:839} INFO - DAG(s) dict_keys(['example_external_task_marker_child', 'example_external_task_marker_parent']) retrieved from /home/airflow/.local/lib/python3.8/site-packages/airflow/example_dags/example_external_task_marker_dag.py
[2023-10-10T08:44:23.209+0000] {logging_mixin.py:151} INFO - [2023-10-10T08:44:23.209+0000] {dag.py:2915} INFO - Sync 2 DAGs
[2023-10-10T08:44:23.267+0000] {logging_mixin.py:151} INFO - [2023-10-10T08:44:23.267+0000] {dag.py:3696} INFO - Setting next_dagrun for example_external_task_marker_child to None, run_after=None
[2023-10-10T08:44:23.280+0000] {logging_mixin.py:151} INFO - [2023-10-10T08:44:23.279+0000] {dag.py:3696} INFO - Setting next_dagrun for example_external_task_marker_parent to None, run_after=None
[2023-10-10T08:44:23.330+0000] {processor.py:179} INFO - Processing /home/airflow/.local/lib/python3.8/site-packages/airflow/example_dags/example_external_task_marker_dag.py took 0.271 seconds
[2023-10-10T08:44:56.511+0000] {processor.py:157} INFO - Started process (PID=176) to work on /home/airflow/.local/lib/python3.8/site-packages/airflow/example_dags/example_external_task_marker_dag.py
[2023-10-10T08:44:56.512+0000] {processor.py:829} INFO - Processing file /home/airflow/.local/lib/python3.8/site-packages/airflow/example_dags/example_external_task_marker_dag.py for tasks to queue
[2023-10-10T08:44:56.515+0000] {logging_mixin.py:151} INFO - [2023-10-10T08:44:56.514+0000] {dagbag.py:539} INFO - Filling up the DagBag from /home/airflow/.local/lib/python3.8/site-packages/airflow/example_dags/example_external_task_marker_dag.py
[2023-10-10T08:44:56.522+0000] {processor.py:839} INFO - DAG(s) dict_keys(['example_external_task_marker_child', 'example_external_task_marker_parent']) retrieved from /home/airflow/.local/lib/python3.8/site-packages/airflow/example_dags/example_external_task_marker_dag.py
[2023-10-10T08:44:56.550+0000] {logging_mixin.py:151} INFO - [2023-10-10T08:44:56.549+0000] {dag.py:2915} INFO - Sync 2 DAGs
[2023-10-10T08:44:56.565+0000] {logging_mixin.py:151} INFO - [2023-10-10T08:44:56.565+0000] {dag.py:3696} INFO - Setting next_dagrun for example_external_task_marker_child to None, run_after=None
[2023-10-10T08:44:56.569+0000] {logging_mixin.py:151} INFO - [2023-10-10T08:44:56.569+0000] {dag.py:3696} INFO - Setting next_dagrun for example_external_task_marker_parent to None, run_after=None
[2023-10-10T08:44:56.587+0000] {processor.py:179} INFO - Processing /home/airflow/.local/lib/python3.8/site-packages/airflow/example_dags/example_external_task_marker_dag.py took 0.081 seconds
[2023-10-10T08:46:31.495+0000] {processor.py:157} INFO - Started process (PID=67) to work on /home/airflow/.local/lib/python3.8/site-packages/airflow/example_dags/example_external_task_marker_dag.py
[2023-10-10T08:46:31.498+0000] {processor.py:829} INFO - Processing file /home/airflow/.local/lib/python3.8/site-packages/airflow/example_dags/example_external_task_marker_dag.py for tasks to queue
[2023-10-10T08:46:31.502+0000] {logging_mixin.py:151} INFO - [2023-10-10T08:46:31.501+0000] {dagbag.py:539} INFO - Filling up the DagBag from /home/airflow/.local/lib/python3.8/site-packages/airflow/example_dags/example_external_task_marker_dag.py
[2023-10-10T08:46:31.509+0000] {processor.py:839} INFO - DAG(s) dict_keys(['example_external_task_marker_parent', 'example_external_task_marker_child']) retrieved from /home/airflow/.local/lib/python3.8/site-packages/airflow/example_dags/example_external_task_marker_dag.py
[2023-10-10T08:46:31.525+0000] {logging_mixin.py:151} INFO - [2023-10-10T08:46:31.524+0000] {dag.py:2915} INFO - Sync 2 DAGs
[2023-10-10T08:46:31.545+0000] {logging_mixin.py:151} INFO - [2023-10-10T08:46:31.545+0000] {dag.py:3696} INFO - Setting next_dagrun for example_external_task_marker_child to None, run_after=None
[2023-10-10T08:46:31.549+0000] {logging_mixin.py:151} INFO - [2023-10-10T08:46:31.549+0000] {dag.py:3696} INFO - Setting next_dagrun for example_external_task_marker_parent to None, run_after=None
[2023-10-10T08:46:31.568+0000] {processor.py:179} INFO - Processing /home/airflow/.local/lib/python3.8/site-packages/airflow/example_dags/example_external_task_marker_dag.py took 0.076 seconds
[2023-10-10T08:47:02.007+0000] {processor.py:157} INFO - Started process (PID=121) to work on /home/airflow/.local/lib/python3.8/site-packages/airflow/example_dags/example_external_task_marker_dag.py
[2023-10-10T08:47:02.007+0000] {processor.py:829} INFO - Processing file /home/airflow/.local/lib/python3.8/site-packages/airflow/example_dags/example_external_task_marker_dag.py for tasks to queue
[2023-10-10T08:47:02.010+0000] {logging_mixin.py:151} INFO - [2023-10-10T08:47:02.009+0000] {dagbag.py:539} INFO - Filling up the DagBag from /home/airflow/.local/lib/python3.8/site-packages/airflow/example_dags/example_external_task_marker_dag.py
[2023-10-10T08:47:02.016+0000] {processor.py:839} INFO - DAG(s) dict_keys(['example_external_task_marker_child', 'example_external_task_marker_parent']) retrieved from /home/airflow/.local/lib/python3.8/site-packages/airflow/example_dags/example_external_task_marker_dag.py
[2023-10-10T08:47:02.044+0000] {logging_mixin.py:151} INFO - [2023-10-10T08:47:02.044+0000] {dag.py:2915} INFO - Sync 2 DAGs
[2023-10-10T08:47:02.060+0000] {logging_mixin.py:151} INFO - [2023-10-10T08:47:02.060+0000] {dag.py:3696} INFO - Setting next_dagrun for example_external_task_marker_child to None, run_after=None
[2023-10-10T08:47:02.064+0000] {logging_mixin.py:151} INFO - [2023-10-10T08:47:02.064+0000] {dag.py:3696} INFO - Setting next_dagrun for example_external_task_marker_parent to None, run_after=None
[2023-10-10T08:47:02.082+0000] {processor.py:179} INFO - Processing /home/airflow/.local/lib/python3.8/site-packages/airflow/example_dags/example_external_task_marker_dag.py took 0.079 seconds
[2023-10-10T08:47:33.094+0000] {processor.py:157} INFO - Started process (PID=175) to work on /home/airflow/.local/lib/python3.8/site-packages/airflow/example_dags/example_external_task_marker_dag.py
[2023-10-10T08:47:33.096+0000] {processor.py:829} INFO - Processing file /home/airflow/.local/lib/python3.8/site-packages/airflow/example_dags/example_external_task_marker_dag.py for tasks to queue
[2023-10-10T08:47:33.099+0000] {logging_mixin.py:151} INFO - [2023-10-10T08:47:33.098+0000] {dagbag.py:539} INFO - Filling up the DagBag from /home/airflow/.local/lib/python3.8/site-packages/airflow/example_dags/example_external_task_marker_dag.py
[2023-10-10T08:47:33.106+0000] {processor.py:839} INFO - DAG(s) dict_keys(['example_external_task_marker_child', 'example_external_task_marker_parent']) retrieved from /home/airflow/.local/lib/python3.8/site-packages/airflow/example_dags/example_external_task_marker_dag.py
[2023-10-10T08:47:33.133+0000] {logging_mixin.py:151} INFO - [2023-10-10T08:47:33.133+0000] {dag.py:2915} INFO - Sync 2 DAGs
[2023-10-10T08:47:33.148+0000] {logging_mixin.py:151} INFO - [2023-10-10T08:47:33.148+0000] {dag.py:3696} INFO - Setting next_dagrun for example_external_task_marker_child to None, run_after=None
[2023-10-10T08:47:33.152+0000] {logging_mixin.py:151} INFO - [2023-10-10T08:47:33.152+0000] {dag.py:3696} INFO - Setting next_dagrun for example_external_task_marker_parent to None, run_after=None
[2023-10-10T08:47:33.170+0000] {processor.py:179} INFO - Processing /home/airflow/.local/lib/python3.8/site-packages/airflow/example_dags/example_external_task_marker_dag.py took 0.080 seconds
[2023-10-10T08:51:35.376+0000] {processor.py:157} INFO - Started process (PID=67) to work on /home/airflow/.local/lib/python3.8/site-packages/airflow/example_dags/example_external_task_marker_dag.py
[2023-10-10T08:51:35.377+0000] {processor.py:829} INFO - Processing file /home/airflow/.local/lib/python3.8/site-packages/airflow/example_dags/example_external_task_marker_dag.py for tasks to queue
[2023-10-10T08:51:35.380+0000] {logging_mixin.py:151} INFO - [2023-10-10T08:51:35.379+0000] {dagbag.py:539} INFO - Filling up the DagBag from /home/airflow/.local/lib/python3.8/site-packages/airflow/example_dags/example_external_task_marker_dag.py
[2023-10-10T08:51:35.399+0000] {processor.py:839} INFO - DAG(s) dict_keys(['example_external_task_marker_child', 'example_external_task_marker_parent']) retrieved from /home/airflow/.local/lib/python3.8/site-packages/airflow/example_dags/example_external_task_marker_dag.py
[2023-10-10T08:51:35.436+0000] {logging_mixin.py:151} INFO - [2023-10-10T08:51:35.436+0000] {dag.py:2915} INFO - Sync 2 DAGs
[2023-10-10T08:51:35.454+0000] {logging_mixin.py:151} INFO - [2023-10-10T08:51:35.453+0000] {dag.py:3696} INFO - Setting next_dagrun for example_external_task_marker_child to None, run_after=None
[2023-10-10T08:51:35.458+0000] {logging_mixin.py:151} INFO - [2023-10-10T08:51:35.458+0000] {dag.py:3696} INFO - Setting next_dagrun for example_external_task_marker_parent to None, run_after=None
[2023-10-10T08:51:35.476+0000] {processor.py:179} INFO - Processing /home/airflow/.local/lib/python3.8/site-packages/airflow/example_dags/example_external_task_marker_dag.py took 0.105 seconds
[2023-10-10T08:52:06.134+0000] {processor.py:157} INFO - Started process (PID=121) to work on /home/airflow/.local/lib/python3.8/site-packages/airflow/example_dags/example_external_task_marker_dag.py
[2023-10-10T08:52:06.136+0000] {processor.py:829} INFO - Processing file /home/airflow/.local/lib/python3.8/site-packages/airflow/example_dags/example_external_task_marker_dag.py for tasks to queue
[2023-10-10T08:52:06.138+0000] {logging_mixin.py:151} INFO - [2023-10-10T08:52:06.138+0000] {dagbag.py:539} INFO - Filling up the DagBag from /home/airflow/.local/lib/python3.8/site-packages/airflow/example_dags/example_external_task_marker_dag.py
[2023-10-10T08:52:06.144+0000] {processor.py:839} INFO - DAG(s) dict_keys(['example_external_task_marker_child', 'example_external_task_marker_parent']) retrieved from /home/airflow/.local/lib/python3.8/site-packages/airflow/example_dags/example_external_task_marker_dag.py
[2023-10-10T08:52:06.172+0000] {logging_mixin.py:151} INFO - [2023-10-10T08:52:06.172+0000] {dag.py:2915} INFO - Sync 2 DAGs
[2023-10-10T08:52:06.187+0000] {logging_mixin.py:151} INFO - [2023-10-10T08:52:06.187+0000] {dag.py:3696} INFO - Setting next_dagrun for example_external_task_marker_child to None, run_after=None
[2023-10-10T08:52:06.191+0000] {logging_mixin.py:151} INFO - [2023-10-10T08:52:06.191+0000] {dag.py:3696} INFO - Setting next_dagrun for example_external_task_marker_parent to None, run_after=None
[2023-10-10T08:52:06.209+0000] {processor.py:179} INFO - Processing /home/airflow/.local/lib/python3.8/site-packages/airflow/example_dags/example_external_task_marker_dag.py took 0.078 seconds
[2023-10-10T08:52:37.016+0000] {processor.py:157} INFO - Started process (PID=175) to work on /home/airflow/.local/lib/python3.8/site-packages/airflow/example_dags/example_external_task_marker_dag.py
[2023-10-10T08:52:37.017+0000] {processor.py:829} INFO - Processing file /home/airflow/.local/lib/python3.8/site-packages/airflow/example_dags/example_external_task_marker_dag.py for tasks to queue
[2023-10-10T08:52:37.020+0000] {logging_mixin.py:151} INFO - [2023-10-10T08:52:37.019+0000] {dagbag.py:539} INFO - Filling up the DagBag from /home/airflow/.local/lib/python3.8/site-packages/airflow/example_dags/example_external_task_marker_dag.py
[2023-10-10T08:52:37.026+0000] {processor.py:839} INFO - DAG(s) dict_keys(['example_external_task_marker_child', 'example_external_task_marker_parent']) retrieved from /home/airflow/.local/lib/python3.8/site-packages/airflow/example_dags/example_external_task_marker_dag.py
[2023-10-10T08:52:37.054+0000] {logging_mixin.py:151} INFO - [2023-10-10T08:52:37.054+0000] {dag.py:2915} INFO - Sync 2 DAGs
[2023-10-10T08:52:37.070+0000] {logging_mixin.py:151} INFO - [2023-10-10T08:52:37.069+0000] {dag.py:3696} INFO - Setting next_dagrun for example_external_task_marker_child to None, run_after=None
[2023-10-10T08:52:37.073+0000] {logging_mixin.py:151} INFO - [2023-10-10T08:52:37.073+0000] {dag.py:3696} INFO - Setting next_dagrun for example_external_task_marker_parent to None, run_after=None
[2023-10-10T08:52:37.091+0000] {processor.py:179} INFO - Processing /home/airflow/.local/lib/python3.8/site-packages/airflow/example_dags/example_external_task_marker_dag.py took 0.079 seconds
[2023-10-10T08:53:07.389+0000] {processor.py:157} INFO - Started process (PID=228) to work on /home/airflow/.local/lib/python3.8/site-packages/airflow/example_dags/example_external_task_marker_dag.py
[2023-10-10T08:53:07.391+0000] {processor.py:829} INFO - Processing file /home/airflow/.local/lib/python3.8/site-packages/airflow/example_dags/example_external_task_marker_dag.py for tasks to queue
[2023-10-10T08:53:07.394+0000] {logging_mixin.py:151} INFO - [2023-10-10T08:53:07.393+0000] {dagbag.py:539} INFO - Filling up the DagBag from /home/airflow/.local/lib/python3.8/site-packages/airflow/example_dags/example_external_task_marker_dag.py
[2023-10-10T08:53:07.400+0000] {processor.py:839} INFO - DAG(s) dict_keys(['example_external_task_marker_parent', 'example_external_task_marker_child']) retrieved from /home/airflow/.local/lib/python3.8/site-packages/airflow/example_dags/example_external_task_marker_dag.py
[2023-10-10T08:53:07.428+0000] {logging_mixin.py:151} INFO - [2023-10-10T08:53:07.428+0000] {dag.py:2915} INFO - Sync 2 DAGs
[2023-10-10T08:53:07.443+0000] {logging_mixin.py:151} INFO - [2023-10-10T08:53:07.443+0000] {dag.py:3696} INFO - Setting next_dagrun for example_external_task_marker_child to None, run_after=None
[2023-10-10T08:53:07.447+0000] {logging_mixin.py:151} INFO - [2023-10-10T08:53:07.447+0000] {dag.py:3696} INFO - Setting next_dagrun for example_external_task_marker_parent to None, run_after=None
[2023-10-10T08:53:07.466+0000] {processor.py:179} INFO - Processing /home/airflow/.local/lib/python3.8/site-packages/airflow/example_dags/example_external_task_marker_dag.py took 0.080 seconds
[2023-10-10T08:53:37.716+0000] {processor.py:157} INFO - Started process (PID=282) to work on /home/airflow/.local/lib/python3.8/site-packages/airflow/example_dags/example_external_task_marker_dag.py
[2023-10-10T08:53:37.718+0000] {processor.py:829} INFO - Processing file /home/airflow/.local/lib/python3.8/site-packages/airflow/example_dags/example_external_task_marker_dag.py for tasks to queue
[2023-10-10T08:53:37.720+0000] {logging_mixin.py:151} INFO - [2023-10-10T08:53:37.720+0000] {dagbag.py:539} INFO - Filling up the DagBag from /home/airflow/.local/lib/python3.8/site-packages/airflow/example_dags/example_external_task_marker_dag.py
[2023-10-10T08:53:37.727+0000] {processor.py:839} INFO - DAG(s) dict_keys(['example_external_task_marker_parent', 'example_external_task_marker_child']) retrieved from /home/airflow/.local/lib/python3.8/site-packages/airflow/example_dags/example_external_task_marker_dag.py
[2023-10-10T08:53:37.755+0000] {logging_mixin.py:151} INFO - [2023-10-10T08:53:37.755+0000] {dag.py:2915} INFO - Sync 2 DAGs
[2023-10-10T08:53:37.770+0000] {logging_mixin.py:151} INFO - [2023-10-10T08:53:37.769+0000] {dag.py:3696} INFO - Setting next_dagrun for example_external_task_marker_child to None, run_after=None
[2023-10-10T08:53:37.773+0000] {logging_mixin.py:151} INFO - [2023-10-10T08:53:37.773+0000] {dag.py:3696} INFO - Setting next_dagrun for example_external_task_marker_parent to None, run_after=None
[2023-10-10T08:53:37.791+0000] {processor.py:179} INFO - Processing /home/airflow/.local/lib/python3.8/site-packages/airflow/example_dags/example_external_task_marker_dag.py took 0.079 seconds
[2023-10-10T08:54:11.602+0000] {processor.py:157} INFO - Started process (PID=338) to work on /home/airflow/.local/lib/python3.8/site-packages/airflow/example_dags/example_external_task_marker_dag.py
[2023-10-10T08:54:11.605+0000] {processor.py:829} INFO - Processing file /home/airflow/.local/lib/python3.8/site-packages/airflow/example_dags/example_external_task_marker_dag.py for tasks to queue
[2023-10-10T08:54:11.607+0000] {logging_mixin.py:151} INFO - [2023-10-10T08:54:11.607+0000] {dagbag.py:539} INFO - Filling up the DagBag from /home/airflow/.local/lib/python3.8/site-packages/airflow/example_dags/example_external_task_marker_dag.py
[2023-10-10T08:54:11.614+0000] {processor.py:839} INFO - DAG(s) dict_keys(['example_external_task_marker_child', 'example_external_task_marker_parent']) retrieved from /home/airflow/.local/lib/python3.8/site-packages/airflow/example_dags/example_external_task_marker_dag.py
[2023-10-10T08:54:11.642+0000] {logging_mixin.py:151} INFO - [2023-10-10T08:54:11.641+0000] {dag.py:2915} INFO - Sync 2 DAGs
[2023-10-10T08:54:11.657+0000] {logging_mixin.py:151} INFO - [2023-10-10T08:54:11.657+0000] {dag.py:3696} INFO - Setting next_dagrun for example_external_task_marker_child to None, run_after=None
[2023-10-10T08:54:11.661+0000] {logging_mixin.py:151} INFO - [2023-10-10T08:54:11.661+0000] {dag.py:3696} INFO - Setting next_dagrun for example_external_task_marker_parent to None, run_after=None
[2023-10-10T08:54:11.679+0000] {processor.py:179} INFO - Processing /home/airflow/.local/lib/python3.8/site-packages/airflow/example_dags/example_external_task_marker_dag.py took 0.081 seconds
[2023-10-10T08:54:42.207+0000] {processor.py:157} INFO - Started process (PID=392) to work on /home/airflow/.local/lib/python3.8/site-packages/airflow/example_dags/example_external_task_marker_dag.py
[2023-10-10T08:54:42.209+0000] {processor.py:829} INFO - Processing file /home/airflow/.local/lib/python3.8/site-packages/airflow/example_dags/example_external_task_marker_dag.py for tasks to queue
[2023-10-10T08:54:42.211+0000] {logging_mixin.py:151} INFO - [2023-10-10T08:54:42.211+0000] {dagbag.py:539} INFO - Filling up the DagBag from /home/airflow/.local/lib/python3.8/site-packages/airflow/example_dags/example_external_task_marker_dag.py
[2023-10-10T08:54:42.218+0000] {processor.py:839} INFO - DAG(s) dict_keys(['example_external_task_marker_parent', 'example_external_task_marker_child']) retrieved from /home/airflow/.local/lib/python3.8/site-packages/airflow/example_dags/example_external_task_marker_dag.py
[2023-10-10T08:54:42.246+0000] {logging_mixin.py:151} INFO - [2023-10-10T08:54:42.246+0000] {dag.py:2915} INFO - Sync 2 DAGs
[2023-10-10T08:54:42.261+0000] {logging_mixin.py:151} INFO - [2023-10-10T08:54:42.261+0000] {dag.py:3696} INFO - Setting next_dagrun for example_external_task_marker_child to None, run_after=None
[2023-10-10T08:54:42.265+0000] {logging_mixin.py:151} INFO - [2023-10-10T08:54:42.265+0000] {dag.py:3696} INFO - Setting next_dagrun for example_external_task_marker_parent to None, run_after=None
[2023-10-10T08:54:42.283+0000] {processor.py:179} INFO - Processing /home/airflow/.local/lib/python3.8/site-packages/airflow/example_dags/example_external_task_marker_dag.py took 0.080 seconds
[2023-10-10T08:55:12.754+0000] {processor.py:157} INFO - Started process (PID=447) to work on /home/airflow/.local/lib/python3.8/site-packages/airflow/example_dags/example_external_task_marker_dag.py
[2023-10-10T08:55:12.755+0000] {processor.py:829} INFO - Processing file /home/airflow/.local/lib/python3.8/site-packages/airflow/example_dags/example_external_task_marker_dag.py for tasks to queue
[2023-10-10T08:55:12.757+0000] {logging_mixin.py:151} INFO - [2023-10-10T08:55:12.757+0000] {dagbag.py:539} INFO - Filling up the DagBag from /home/airflow/.local/lib/python3.8/site-packages/airflow/example_dags/example_external_task_marker_dag.py
[2023-10-10T08:55:12.764+0000] {processor.py:839} INFO - DAG(s) dict_keys(['example_external_task_marker_child', 'example_external_task_marker_parent']) retrieved from /home/airflow/.local/lib/python3.8/site-packages/airflow/example_dags/example_external_task_marker_dag.py
[2023-10-10T08:55:12.791+0000] {logging_mixin.py:151} INFO - [2023-10-10T08:55:12.791+0000] {dag.py:2915} INFO - Sync 2 DAGs
[2023-10-10T08:55:12.806+0000] {logging_mixin.py:151} INFO - [2023-10-10T08:55:12.806+0000] {dag.py:3696} INFO - Setting next_dagrun for example_external_task_marker_child to None, run_after=None
[2023-10-10T08:55:12.810+0000] {logging_mixin.py:151} INFO - [2023-10-10T08:55:12.810+0000] {dag.py:3696} INFO - Setting next_dagrun for example_external_task_marker_parent to None, run_after=None
[2023-10-10T08:55:12.827+0000] {processor.py:179} INFO - Processing /home/airflow/.local/lib/python3.8/site-packages/airflow/example_dags/example_external_task_marker_dag.py took 0.077 seconds
[2023-10-10T08:55:43.725+0000] {processor.py:157} INFO - Started process (PID=502) to work on /home/airflow/.local/lib/python3.8/site-packages/airflow/example_dags/example_external_task_marker_dag.py
[2023-10-10T08:55:43.727+0000] {processor.py:829} INFO - Processing file /home/airflow/.local/lib/python3.8/site-packages/airflow/example_dags/example_external_task_marker_dag.py for tasks to queue
[2023-10-10T08:55:43.730+0000] {logging_mixin.py:151} INFO - [2023-10-10T08:55:43.729+0000] {dagbag.py:539} INFO - Filling up the DagBag from /home/airflow/.local/lib/python3.8/site-packages/airflow/example_dags/example_external_task_marker_dag.py
[2023-10-10T08:55:43.737+0000] {processor.py:839} INFO - DAG(s) dict_keys(['example_external_task_marker_child', 'example_external_task_marker_parent']) retrieved from /home/airflow/.local/lib/python3.8/site-packages/airflow/example_dags/example_external_task_marker_dag.py
[2023-10-10T08:55:43.765+0000] {logging_mixin.py:151} INFO - [2023-10-10T08:55:43.765+0000] {dag.py:2915} INFO - Sync 2 DAGs
[2023-10-10T08:55:43.781+0000] {logging_mixin.py:151} INFO - [2023-10-10T08:55:43.780+0000] {dag.py:3696} INFO - Setting next_dagrun for example_external_task_marker_child to None, run_after=None
[2023-10-10T08:55:43.784+0000] {logging_mixin.py:151} INFO - [2023-10-10T08:55:43.784+0000] {dag.py:3696} INFO - Setting next_dagrun for example_external_task_marker_parent to None, run_after=None
[2023-10-10T08:55:43.803+0000] {processor.py:179} INFO - Processing /home/airflow/.local/lib/python3.8/site-packages/airflow/example_dags/example_external_task_marker_dag.py took 0.082 seconds
[2023-10-10T08:56:17.196+0000] {processor.py:157} INFO - Started process (PID=556) to work on /home/airflow/.local/lib/python3.8/site-packages/airflow/example_dags/example_external_task_marker_dag.py
[2023-10-10T08:56:17.198+0000] {processor.py:829} INFO - Processing file /home/airflow/.local/lib/python3.8/site-packages/airflow/example_dags/example_external_task_marker_dag.py for tasks to queue
[2023-10-10T08:56:17.200+0000] {logging_mixin.py:151} INFO - [2023-10-10T08:56:17.200+0000] {dagbag.py:539} INFO - Filling up the DagBag from /home/airflow/.local/lib/python3.8/site-packages/airflow/example_dags/example_external_task_marker_dag.py
[2023-10-10T08:56:17.207+0000] {processor.py:839} INFO - DAG(s) dict_keys(['example_external_task_marker_child', 'example_external_task_marker_parent']) retrieved from /home/airflow/.local/lib/python3.8/site-packages/airflow/example_dags/example_external_task_marker_dag.py
[2023-10-10T08:56:17.236+0000] {logging_mixin.py:151} INFO - [2023-10-10T08:56:17.236+0000] {dag.py:2915} INFO - Sync 2 DAGs
[2023-10-10T08:56:17.252+0000] {logging_mixin.py:151} INFO - [2023-10-10T08:56:17.251+0000] {dag.py:3696} INFO - Setting next_dagrun for example_external_task_marker_child to None, run_after=None
[2023-10-10T08:56:17.256+0000] {logging_mixin.py:151} INFO - [2023-10-10T08:56:17.256+0000] {dag.py:3696} INFO - Setting next_dagrun for example_external_task_marker_parent to None, run_after=None
[2023-10-10T08:56:17.274+0000] {processor.py:179} INFO - Processing /home/airflow/.local/lib/python3.8/site-packages/airflow/example_dags/example_external_task_marker_dag.py took 0.082 seconds
[2023-10-10T08:56:47.618+0000] {processor.py:157} INFO - Started process (PID=610) to work on /home/airflow/.local/lib/python3.8/site-packages/airflow/example_dags/example_external_task_marker_dag.py
[2023-10-10T08:56:47.620+0000] {processor.py:829} INFO - Processing file /home/airflow/.local/lib/python3.8/site-packages/airflow/example_dags/example_external_task_marker_dag.py for tasks to queue
[2023-10-10T08:56:47.622+0000] {logging_mixin.py:151} INFO - [2023-10-10T08:56:47.622+0000] {dagbag.py:539} INFO - Filling up the DagBag from /home/airflow/.local/lib/python3.8/site-packages/airflow/example_dags/example_external_task_marker_dag.py
[2023-10-10T08:56:47.629+0000] {processor.py:839} INFO - DAG(s) dict_keys(['example_external_task_marker_parent', 'example_external_task_marker_child']) retrieved from /home/airflow/.local/lib/python3.8/site-packages/airflow/example_dags/example_external_task_marker_dag.py
[2023-10-10T08:56:47.657+0000] {logging_mixin.py:151} INFO - [2023-10-10T08:56:47.656+0000] {dag.py:2915} INFO - Sync 2 DAGs
[2023-10-10T08:56:47.672+0000] {logging_mixin.py:151} INFO - [2023-10-10T08:56:47.671+0000] {dag.py:3696} INFO - Setting next_dagrun for example_external_task_marker_child to None, run_after=None
[2023-10-10T08:56:47.675+0000] {logging_mixin.py:151} INFO - [2023-10-10T08:56:47.675+0000] {dag.py:3696} INFO - Setting next_dagrun for example_external_task_marker_parent to None, run_after=None
[2023-10-10T08:56:47.693+0000] {processor.py:179} INFO - Processing /home/airflow/.local/lib/python3.8/site-packages/airflow/example_dags/example_external_task_marker_dag.py took 0.078 seconds
