[2023-10-10T08:39:49.513+0000] {processor.py:157} INFO - Started process (PID=46) to work on /home/airflow/.local/lib/python3.8/site-packages/airflow/example_dags/example_latest_only_with_trigger.py
[2023-10-10T08:39:49.514+0000] {processor.py:829} INFO - Processing file /home/airflow/.local/lib/python3.8/site-packages/airflow/example_dags/example_latest_only_with_trigger.py for tasks to queue
[2023-10-10T08:39:49.516+0000] {logging_mixin.py:151} INFO - [2023-10-10T08:39:49.515+0000] {dagbag.py:539} INFO - Filling up the DagBag from /home/airflow/.local/lib/python3.8/site-packages/airflow/example_dags/example_latest_only_with_trigger.py
[2023-10-10T08:39:49.523+0000] {processor.py:839} INFO - DAG(s) dict_keys(['latest_only_with_trigger']) retrieved from /home/airflow/.local/lib/python3.8/site-packages/airflow/example_dags/example_latest_only_with_trigger.py
[2023-10-10T08:39:49.538+0000] {logging_mixin.py:151} INFO - [2023-10-10T08:39:49.537+0000] {dag.py:2915} INFO - Sync 1 DAGs
[2023-10-10T08:39:49.564+0000] {logging_mixin.py:151} INFO - [2023-10-10T08:39:49.564+0000] {dag.py:3696} INFO - Setting next_dagrun for latest_only_with_trigger to 2023-10-10T04:39:49.564195+00:00, run_after=2023-10-10T08:39:49.564195+00:00
[2023-10-10T08:39:49.587+0000] {processor.py:179} INFO - Processing /home/airflow/.local/lib/python3.8/site-packages/airflow/example_dags/example_latest_only_with_trigger.py took 0.079 seconds
[2023-10-10T08:40:19.974+0000] {processor.py:157} INFO - Started process (PID=100) to work on /home/airflow/.local/lib/python3.8/site-packages/airflow/example_dags/example_latest_only_with_trigger.py
[2023-10-10T08:40:19.977+0000] {processor.py:829} INFO - Processing file /home/airflow/.local/lib/python3.8/site-packages/airflow/example_dags/example_latest_only_with_trigger.py for tasks to queue
[2023-10-10T08:40:19.979+0000] {logging_mixin.py:151} INFO - [2023-10-10T08:40:19.979+0000] {dagbag.py:539} INFO - Filling up the DagBag from /home/airflow/.local/lib/python3.8/site-packages/airflow/example_dags/example_latest_only_with_trigger.py
[2023-10-10T08:40:19.986+0000] {processor.py:839} INFO - DAG(s) dict_keys(['latest_only_with_trigger']) retrieved from /home/airflow/.local/lib/python3.8/site-packages/airflow/example_dags/example_latest_only_with_trigger.py
[2023-10-10T08:40:20.011+0000] {logging_mixin.py:151} INFO - [2023-10-10T08:40:20.011+0000] {dag.py:2915} INFO - Sync 1 DAGs
[2023-10-10T08:40:20.037+0000] {logging_mixin.py:151} INFO - [2023-10-10T08:40:20.037+0000] {dag.py:3696} INFO - Setting next_dagrun for latest_only_with_trigger to 2023-10-10T04:40:20.037365+00:00, run_after=2023-10-10T08:40:20.037365+00:00
[2023-10-10T08:40:20.059+0000] {processor.py:179} INFO - Processing /home/airflow/.local/lib/python3.8/site-packages/airflow/example_dags/example_latest_only_with_trigger.py took 0.089 seconds
[2023-10-10T08:40:50.304+0000] {processor.py:157} INFO - Started process (PID=153) to work on /home/airflow/.local/lib/python3.8/site-packages/airflow/example_dags/example_latest_only_with_trigger.py
[2023-10-10T08:40:50.306+0000] {processor.py:829} INFO - Processing file /home/airflow/.local/lib/python3.8/site-packages/airflow/example_dags/example_latest_only_with_trigger.py for tasks to queue
[2023-10-10T08:40:50.308+0000] {logging_mixin.py:151} INFO - [2023-10-10T08:40:50.308+0000] {dagbag.py:539} INFO - Filling up the DagBag from /home/airflow/.local/lib/python3.8/site-packages/airflow/example_dags/example_latest_only_with_trigger.py
[2023-10-10T08:40:50.314+0000] {processor.py:839} INFO - DAG(s) dict_keys(['latest_only_with_trigger']) retrieved from /home/airflow/.local/lib/python3.8/site-packages/airflow/example_dags/example_latest_only_with_trigger.py
[2023-10-10T08:40:50.339+0000] {logging_mixin.py:151} INFO - [2023-10-10T08:40:50.339+0000] {dag.py:2915} INFO - Sync 1 DAGs
[2023-10-10T08:40:50.365+0000] {logging_mixin.py:151} INFO - [2023-10-10T08:40:50.365+0000] {dag.py:3696} INFO - Setting next_dagrun for latest_only_with_trigger to 2023-10-10T04:40:50.364825+00:00, run_after=2023-10-10T08:40:50.364825+00:00
[2023-10-10T08:40:50.385+0000] {processor.py:179} INFO - Processing /home/airflow/.local/lib/python3.8/site-packages/airflow/example_dags/example_latest_only_with_trigger.py took 0.085 seconds
[2023-10-10T08:41:20.729+0000] {processor.py:157} INFO - Started process (PID=207) to work on /home/airflow/.local/lib/python3.8/site-packages/airflow/example_dags/example_latest_only_with_trigger.py
[2023-10-10T08:41:20.731+0000] {processor.py:829} INFO - Processing file /home/airflow/.local/lib/python3.8/site-packages/airflow/example_dags/example_latest_only_with_trigger.py for tasks to queue
[2023-10-10T08:41:20.733+0000] {logging_mixin.py:151} INFO - [2023-10-10T08:41:20.733+0000] {dagbag.py:539} INFO - Filling up the DagBag from /home/airflow/.local/lib/python3.8/site-packages/airflow/example_dags/example_latest_only_with_trigger.py
[2023-10-10T08:41:20.740+0000] {processor.py:839} INFO - DAG(s) dict_keys(['latest_only_with_trigger']) retrieved from /home/airflow/.local/lib/python3.8/site-packages/airflow/example_dags/example_latest_only_with_trigger.py
[2023-10-10T08:41:20.764+0000] {logging_mixin.py:151} INFO - [2023-10-10T08:41:20.764+0000] {dag.py:2915} INFO - Sync 1 DAGs
[2023-10-10T08:41:20.791+0000] {logging_mixin.py:151} INFO - [2023-10-10T08:41:20.791+0000] {dag.py:3696} INFO - Setting next_dagrun for latest_only_with_trigger to 2023-10-10T04:41:20.791129+00:00, run_after=2023-10-10T08:41:20.791129+00:00
[2023-10-10T08:41:20.812+0000] {processor.py:179} INFO - Processing /home/airflow/.local/lib/python3.8/site-packages/airflow/example_dags/example_latest_only_with_trigger.py took 0.087 seconds
[2023-10-10T08:43:49.893+0000] {processor.py:157} INFO - Started process (PID=47) to work on /home/airflow/.local/lib/python3.8/site-packages/airflow/example_dags/example_latest_only_with_trigger.py
[2023-10-10T08:43:49.895+0000] {processor.py:829} INFO - Processing file /home/airflow/.local/lib/python3.8/site-packages/airflow/example_dags/example_latest_only_with_trigger.py for tasks to queue
[2023-10-10T08:43:49.897+0000] {logging_mixin.py:151} INFO - [2023-10-10T08:43:49.897+0000] {dagbag.py:539} INFO - Filling up the DagBag from /home/airflow/.local/lib/python3.8/site-packages/airflow/example_dags/example_latest_only_with_trigger.py
[2023-10-10T08:43:49.905+0000] {processor.py:839} INFO - DAG(s) dict_keys(['latest_only_with_trigger']) retrieved from /home/airflow/.local/lib/python3.8/site-packages/airflow/example_dags/example_latest_only_with_trigger.py
[2023-10-10T08:43:49.919+0000] {logging_mixin.py:151} INFO - [2023-10-10T08:43:49.918+0000] {dag.py:2915} INFO - Sync 1 DAGs
[2023-10-10T08:43:49.945+0000] {logging_mixin.py:151} INFO - [2023-10-10T08:43:49.945+0000] {dag.py:3696} INFO - Setting next_dagrun for latest_only_with_trigger to 2023-10-10T04:43:49.945095+00:00, run_after=2023-10-10T08:43:49.945095+00:00
[2023-10-10T08:43:49.966+0000] {processor.py:179} INFO - Processing /home/airflow/.local/lib/python3.8/site-packages/airflow/example_dags/example_latest_only_with_trigger.py took 0.076 seconds
[2023-10-10T08:44:20.660+0000] {processor.py:157} INFO - Started process (PID=101) to work on /home/airflow/.local/lib/python3.8/site-packages/airflow/example_dags/example_latest_only_with_trigger.py
[2023-10-10T08:44:20.661+0000] {processor.py:829} INFO - Processing file /home/airflow/.local/lib/python3.8/site-packages/airflow/example_dags/example_latest_only_with_trigger.py for tasks to queue
[2023-10-10T08:44:20.663+0000] {logging_mixin.py:151} INFO - [2023-10-10T08:44:20.663+0000] {dagbag.py:539} INFO - Filling up the DagBag from /home/airflow/.local/lib/python3.8/site-packages/airflow/example_dags/example_latest_only_with_trigger.py
[2023-10-10T08:44:20.670+0000] {processor.py:839} INFO - DAG(s) dict_keys(['latest_only_with_trigger']) retrieved from /home/airflow/.local/lib/python3.8/site-packages/airflow/example_dags/example_latest_only_with_trigger.py
[2023-10-10T08:44:20.694+0000] {logging_mixin.py:151} INFO - [2023-10-10T08:44:20.694+0000] {dag.py:2915} INFO - Sync 1 DAGs
[2023-10-10T08:44:20.718+0000] {logging_mixin.py:151} INFO - [2023-10-10T08:44:20.718+0000] {dag.py:3696} INFO - Setting next_dagrun for latest_only_with_trigger to 2023-10-10T04:44:20.718304+00:00, run_after=2023-10-10T08:44:20.718304+00:00
[2023-10-10T08:44:20.738+0000] {processor.py:179} INFO - Processing /home/airflow/.local/lib/python3.8/site-packages/airflow/example_dags/example_latest_only_with_trigger.py took 0.082 seconds
[2023-10-10T08:44:51.296+0000] {processor.py:157} INFO - Started process (PID=155) to work on /home/airflow/.local/lib/python3.8/site-packages/airflow/example_dags/example_latest_only_with_trigger.py
[2023-10-10T08:44:51.298+0000] {processor.py:829} INFO - Processing file /home/airflow/.local/lib/python3.8/site-packages/airflow/example_dags/example_latest_only_with_trigger.py for tasks to queue
[2023-10-10T08:44:51.300+0000] {logging_mixin.py:151} INFO - [2023-10-10T08:44:51.300+0000] {dagbag.py:539} INFO - Filling up the DagBag from /home/airflow/.local/lib/python3.8/site-packages/airflow/example_dags/example_latest_only_with_trigger.py
[2023-10-10T08:44:51.307+0000] {processor.py:839} INFO - DAG(s) dict_keys(['latest_only_with_trigger']) retrieved from /home/airflow/.local/lib/python3.8/site-packages/airflow/example_dags/example_latest_only_with_trigger.py
[2023-10-10T08:44:51.332+0000] {logging_mixin.py:151} INFO - [2023-10-10T08:44:51.332+0000] {dag.py:2915} INFO - Sync 1 DAGs
[2023-10-10T08:44:51.358+0000] {logging_mixin.py:151} INFO - [2023-10-10T08:44:51.358+0000] {dag.py:3696} INFO - Setting next_dagrun for latest_only_with_trigger to 2023-10-10T04:44:51.358149+00:00, run_after=2023-10-10T08:44:51.358149+00:00
[2023-10-10T08:44:51.378+0000] {processor.py:179} INFO - Processing /home/airflow/.local/lib/python3.8/site-packages/airflow/example_dags/example_latest_only_with_trigger.py took 0.086 seconds
[2023-10-10T08:45:22.085+0000] {processor.py:157} INFO - Started process (PID=208) to work on /home/airflow/.local/lib/python3.8/site-packages/airflow/example_dags/example_latest_only_with_trigger.py
[2023-10-10T08:45:22.086+0000] {processor.py:829} INFO - Processing file /home/airflow/.local/lib/python3.8/site-packages/airflow/example_dags/example_latest_only_with_trigger.py for tasks to queue
[2023-10-10T08:45:22.088+0000] {logging_mixin.py:151} INFO - [2023-10-10T08:45:22.088+0000] {dagbag.py:539} INFO - Filling up the DagBag from /home/airflow/.local/lib/python3.8/site-packages/airflow/example_dags/example_latest_only_with_trigger.py
[2023-10-10T08:45:22.095+0000] {processor.py:839} INFO - DAG(s) dict_keys(['latest_only_with_trigger']) retrieved from /home/airflow/.local/lib/python3.8/site-packages/airflow/example_dags/example_latest_only_with_trigger.py
[2023-10-10T08:45:22.121+0000] {logging_mixin.py:151} INFO - [2023-10-10T08:45:22.121+0000] {dag.py:2915} INFO - Sync 1 DAGs
[2023-10-10T08:45:22.149+0000] {logging_mixin.py:151} INFO - [2023-10-10T08:45:22.148+0000] {dag.py:3696} INFO - Setting next_dagrun for latest_only_with_trigger to 2023-10-10T04:45:22.148498+00:00, run_after=2023-10-10T08:45:22.148498+00:00
[2023-10-10T08:45:22.170+0000] {processor.py:179} INFO - Processing /home/airflow/.local/lib/python3.8/site-packages/airflow/example_dags/example_latest_only_with_trigger.py took 0.089 seconds
[2023-10-10T08:46:29.981+0000] {processor.py:157} INFO - Started process (PID=46) to work on /home/airflow/.local/lib/python3.8/site-packages/airflow/example_dags/example_latest_only_with_trigger.py
[2023-10-10T08:46:29.983+0000] {processor.py:829} INFO - Processing file /home/airflow/.local/lib/python3.8/site-packages/airflow/example_dags/example_latest_only_with_trigger.py for tasks to queue
[2023-10-10T08:46:29.985+0000] {logging_mixin.py:151} INFO - [2023-10-10T08:46:29.985+0000] {dagbag.py:539} INFO - Filling up the DagBag from /home/airflow/.local/lib/python3.8/site-packages/airflow/example_dags/example_latest_only_with_trigger.py
[2023-10-10T08:46:29.992+0000] {processor.py:839} INFO - DAG(s) dict_keys(['latest_only_with_trigger']) retrieved from /home/airflow/.local/lib/python3.8/site-packages/airflow/example_dags/example_latest_only_with_trigger.py
[2023-10-10T08:46:30.007+0000] {logging_mixin.py:151} INFO - [2023-10-10T08:46:30.007+0000] {dag.py:2915} INFO - Sync 1 DAGs
[2023-10-10T08:46:30.049+0000] {logging_mixin.py:151} INFO - [2023-10-10T08:46:30.048+0000] {dag.py:3696} INFO - Setting next_dagrun for latest_only_with_trigger to 2023-10-10T04:46:30.048498+00:00, run_after=2023-10-10T08:46:30.048498+00:00
[2023-10-10T08:46:30.072+0000] {processor.py:179} INFO - Processing /home/airflow/.local/lib/python3.8/site-packages/airflow/example_dags/example_latest_only_with_trigger.py took 0.094 seconds
[2023-10-10T08:47:00.327+0000] {processor.py:157} INFO - Started process (PID=100) to work on /home/airflow/.local/lib/python3.8/site-packages/airflow/example_dags/example_latest_only_with_trigger.py
[2023-10-10T08:47:00.328+0000] {processor.py:829} INFO - Processing file /home/airflow/.local/lib/python3.8/site-packages/airflow/example_dags/example_latest_only_with_trigger.py for tasks to queue
[2023-10-10T08:47:00.330+0000] {logging_mixin.py:151} INFO - [2023-10-10T08:47:00.330+0000] {dagbag.py:539} INFO - Filling up the DagBag from /home/airflow/.local/lib/python3.8/site-packages/airflow/example_dags/example_latest_only_with_trigger.py
[2023-10-10T08:47:00.336+0000] {processor.py:839} INFO - DAG(s) dict_keys(['latest_only_with_trigger']) retrieved from /home/airflow/.local/lib/python3.8/site-packages/airflow/example_dags/example_latest_only_with_trigger.py
[2023-10-10T08:47:00.360+0000] {logging_mixin.py:151} INFO - [2023-10-10T08:47:00.360+0000] {dag.py:2915} INFO - Sync 1 DAGs
[2023-10-10T08:47:00.385+0000] {logging_mixin.py:151} INFO - [2023-10-10T08:47:00.385+0000] {dag.py:3696} INFO - Setting next_dagrun for latest_only_with_trigger to 2023-10-10T04:47:00.385123+00:00, run_after=2023-10-10T08:47:00.385123+00:00
[2023-10-10T08:47:00.405+0000] {processor.py:179} INFO - Processing /home/airflow/.local/lib/python3.8/site-packages/airflow/example_dags/example_latest_only_with_trigger.py took 0.082 seconds
[2023-10-10T08:47:30.720+0000] {processor.py:157} INFO - Started process (PID=154) to work on /home/airflow/.local/lib/python3.8/site-packages/airflow/example_dags/example_latest_only_with_trigger.py
[2023-10-10T08:47:30.721+0000] {processor.py:829} INFO - Processing file /home/airflow/.local/lib/python3.8/site-packages/airflow/example_dags/example_latest_only_with_trigger.py for tasks to queue
[2023-10-10T08:47:30.724+0000] {logging_mixin.py:151} INFO - [2023-10-10T08:47:30.723+0000] {dagbag.py:539} INFO - Filling up the DagBag from /home/airflow/.local/lib/python3.8/site-packages/airflow/example_dags/example_latest_only_with_trigger.py
[2023-10-10T08:47:30.730+0000] {processor.py:839} INFO - DAG(s) dict_keys(['latest_only_with_trigger']) retrieved from /home/airflow/.local/lib/python3.8/site-packages/airflow/example_dags/example_latest_only_with_trigger.py
[2023-10-10T08:47:30.753+0000] {logging_mixin.py:151} INFO - [2023-10-10T08:47:30.752+0000] {dag.py:2915} INFO - Sync 1 DAGs
[2023-10-10T08:47:30.777+0000] {logging_mixin.py:151} INFO - [2023-10-10T08:47:30.777+0000] {dag.py:3696} INFO - Setting next_dagrun for latest_only_with_trigger to 2023-10-10T04:47:30.777329+00:00, run_after=2023-10-10T08:47:30.777329+00:00
[2023-10-10T08:47:30.797+0000] {processor.py:179} INFO - Processing /home/airflow/.local/lib/python3.8/site-packages/airflow/example_dags/example_latest_only_with_trigger.py took 0.081 seconds
[2023-10-10T08:51:32.948+0000] {processor.py:157} INFO - Started process (PID=46) to work on /home/airflow/.local/lib/python3.8/site-packages/airflow/example_dags/example_latest_only_with_trigger.py
[2023-10-10T08:51:32.949+0000] {processor.py:829} INFO - Processing file /home/airflow/.local/lib/python3.8/site-packages/airflow/example_dags/example_latest_only_with_trigger.py for tasks to queue
[2023-10-10T08:51:32.952+0000] {logging_mixin.py:151} INFO - [2023-10-10T08:51:32.951+0000] {dagbag.py:539} INFO - Filling up the DagBag from /home/airflow/.local/lib/python3.8/site-packages/airflow/example_dags/example_latest_only_with_trigger.py
[2023-10-10T08:51:32.959+0000] {processor.py:839} INFO - DAG(s) dict_keys(['latest_only_with_trigger']) retrieved from /home/airflow/.local/lib/python3.8/site-packages/airflow/example_dags/example_latest_only_with_trigger.py
[2023-10-10T08:51:32.974+0000] {logging_mixin.py:151} INFO - [2023-10-10T08:51:32.974+0000] {dag.py:2915} INFO - Sync 1 DAGs
[2023-10-10T08:51:33.004+0000] {logging_mixin.py:151} INFO - [2023-10-10T08:51:33.003+0000] {dag.py:3696} INFO - Setting next_dagrun for latest_only_with_trigger to 2023-10-10T04:51:33.003634+00:00, run_after=2023-10-10T08:51:33.003634+00:00
[2023-10-10T08:51:33.032+0000] {processor.py:179} INFO - Processing /home/airflow/.local/lib/python3.8/site-packages/airflow/example_dags/example_latest_only_with_trigger.py took 0.090 seconds
[2023-10-10T08:52:03.555+0000] {processor.py:157} INFO - Started process (PID=100) to work on /home/airflow/.local/lib/python3.8/site-packages/airflow/example_dags/example_latest_only_with_trigger.py
[2023-10-10T08:52:03.556+0000] {processor.py:829} INFO - Processing file /home/airflow/.local/lib/python3.8/site-packages/airflow/example_dags/example_latest_only_with_trigger.py for tasks to queue
[2023-10-10T08:52:03.558+0000] {logging_mixin.py:151} INFO - [2023-10-10T08:52:03.558+0000] {dagbag.py:539} INFO - Filling up the DagBag from /home/airflow/.local/lib/python3.8/site-packages/airflow/example_dags/example_latest_only_with_trigger.py
[2023-10-10T08:52:03.565+0000] {processor.py:839} INFO - DAG(s) dict_keys(['latest_only_with_trigger']) retrieved from /home/airflow/.local/lib/python3.8/site-packages/airflow/example_dags/example_latest_only_with_trigger.py
[2023-10-10T08:52:03.589+0000] {logging_mixin.py:151} INFO - [2023-10-10T08:52:03.589+0000] {dag.py:2915} INFO - Sync 1 DAGs
[2023-10-10T08:52:03.618+0000] {logging_mixin.py:151} INFO - [2023-10-10T08:52:03.617+0000] {dag.py:3696} INFO - Setting next_dagrun for latest_only_with_trigger to 2023-10-10T04:52:03.617655+00:00, run_after=2023-10-10T08:52:03.617655+00:00
[2023-10-10T08:52:03.642+0000] {processor.py:179} INFO - Processing /home/airflow/.local/lib/python3.8/site-packages/airflow/example_dags/example_latest_only_with_trigger.py took 0.091 seconds
[2023-10-10T08:52:33.861+0000] {processor.py:157} INFO - Started process (PID=154) to work on /home/airflow/.local/lib/python3.8/site-packages/airflow/example_dags/example_latest_only_with_trigger.py
[2023-10-10T08:52:33.862+0000] {processor.py:829} INFO - Processing file /home/airflow/.local/lib/python3.8/site-packages/airflow/example_dags/example_latest_only_with_trigger.py for tasks to queue
[2023-10-10T08:52:33.865+0000] {logging_mixin.py:151} INFO - [2023-10-10T08:52:33.864+0000] {dagbag.py:539} INFO - Filling up the DagBag from /home/airflow/.local/lib/python3.8/site-packages/airflow/example_dags/example_latest_only_with_trigger.py
[2023-10-10T08:52:33.871+0000] {processor.py:839} INFO - DAG(s) dict_keys(['latest_only_with_trigger']) retrieved from /home/airflow/.local/lib/python3.8/site-packages/airflow/example_dags/example_latest_only_with_trigger.py
[2023-10-10T08:52:33.895+0000] {logging_mixin.py:151} INFO - [2023-10-10T08:52:33.895+0000] {dag.py:2915} INFO - Sync 1 DAGs
[2023-10-10T08:52:33.921+0000] {logging_mixin.py:151} INFO - [2023-10-10T08:52:33.921+0000] {dag.py:3696} INFO - Setting next_dagrun for latest_only_with_trigger to 2023-10-10T04:52:33.920930+00:00, run_after=2023-10-10T08:52:33.920930+00:00
[2023-10-10T08:52:33.942+0000] {processor.py:179} INFO - Processing /home/airflow/.local/lib/python3.8/site-packages/airflow/example_dags/example_latest_only_with_trigger.py took 0.085 seconds
[2023-10-10T08:53:04.253+0000] {processor.py:157} INFO - Started process (PID=208) to work on /home/airflow/.local/lib/python3.8/site-packages/airflow/example_dags/example_latest_only_with_trigger.py
[2023-10-10T08:53:04.254+0000] {processor.py:829} INFO - Processing file /home/airflow/.local/lib/python3.8/site-packages/airflow/example_dags/example_latest_only_with_trigger.py for tasks to queue
[2023-10-10T08:53:04.257+0000] {logging_mixin.py:151} INFO - [2023-10-10T08:53:04.256+0000] {dagbag.py:539} INFO - Filling up the DagBag from /home/airflow/.local/lib/python3.8/site-packages/airflow/example_dags/example_latest_only_with_trigger.py
[2023-10-10T08:53:04.263+0000] {processor.py:839} INFO - DAG(s) dict_keys(['latest_only_with_trigger']) retrieved from /home/airflow/.local/lib/python3.8/site-packages/airflow/example_dags/example_latest_only_with_trigger.py
[2023-10-10T08:53:04.287+0000] {logging_mixin.py:151} INFO - [2023-10-10T08:53:04.287+0000] {dag.py:2915} INFO - Sync 1 DAGs
[2023-10-10T08:53:04.312+0000] {logging_mixin.py:151} INFO - [2023-10-10T08:53:04.312+0000] {dag.py:3696} INFO - Setting next_dagrun for latest_only_with_trigger to 2023-10-10T04:53:04.312420+00:00, run_after=2023-10-10T08:53:04.312420+00:00
[2023-10-10T08:53:04.332+0000] {processor.py:179} INFO - Processing /home/airflow/.local/lib/python3.8/site-packages/airflow/example_dags/example_latest_only_with_trigger.py took 0.083 seconds
[2023-10-10T08:53:34.522+0000] {processor.py:157} INFO - Started process (PID=262) to work on /home/airflow/.local/lib/python3.8/site-packages/airflow/example_dags/example_latest_only_with_trigger.py
[2023-10-10T08:53:34.523+0000] {processor.py:829} INFO - Processing file /home/airflow/.local/lib/python3.8/site-packages/airflow/example_dags/example_latest_only_with_trigger.py for tasks to queue
[2023-10-10T08:53:34.526+0000] {logging_mixin.py:151} INFO - [2023-10-10T08:53:34.525+0000] {dagbag.py:539} INFO - Filling up the DagBag from /home/airflow/.local/lib/python3.8/site-packages/airflow/example_dags/example_latest_only_with_trigger.py
[2023-10-10T08:53:34.536+0000] {processor.py:839} INFO - DAG(s) dict_keys(['latest_only_with_trigger']) retrieved from /home/airflow/.local/lib/python3.8/site-packages/airflow/example_dags/example_latest_only_with_trigger.py
[2023-10-10T08:53:34.576+0000] {logging_mixin.py:151} INFO - [2023-10-10T08:53:34.576+0000] {dag.py:2915} INFO - Sync 1 DAGs
[2023-10-10T08:53:34.602+0000] {logging_mixin.py:151} INFO - [2023-10-10T08:53:34.602+0000] {dag.py:3696} INFO - Setting next_dagrun for latest_only_with_trigger to 2023-10-10T04:53:34.602298+00:00, run_after=2023-10-10T08:53:34.602298+00:00
[2023-10-10T08:53:34.622+0000] {processor.py:179} INFO - Processing /home/airflow/.local/lib/python3.8/site-packages/airflow/example_dags/example_latest_only_with_trigger.py took 0.105 seconds
[2023-10-10T08:54:06.209+0000] {processor.py:157} INFO - Started process (PID=317) to work on /home/airflow/.local/lib/python3.8/site-packages/airflow/example_dags/example_latest_only_with_trigger.py
[2023-10-10T08:54:06.211+0000] {processor.py:829} INFO - Processing file /home/airflow/.local/lib/python3.8/site-packages/airflow/example_dags/example_latest_only_with_trigger.py for tasks to queue
[2023-10-10T08:54:06.213+0000] {logging_mixin.py:151} INFO - [2023-10-10T08:54:06.213+0000] {dagbag.py:539} INFO - Filling up the DagBag from /home/airflow/.local/lib/python3.8/site-packages/airflow/example_dags/example_latest_only_with_trigger.py
[2023-10-10T08:54:06.220+0000] {processor.py:839} INFO - DAG(s) dict_keys(['latest_only_with_trigger']) retrieved from /home/airflow/.local/lib/python3.8/site-packages/airflow/example_dags/example_latest_only_with_trigger.py
[2023-10-10T08:54:06.244+0000] {logging_mixin.py:151} INFO - [2023-10-10T08:54:06.244+0000] {dag.py:2915} INFO - Sync 1 DAGs
[2023-10-10T08:54:06.270+0000] {logging_mixin.py:151} INFO - [2023-10-10T08:54:06.269+0000] {dag.py:3696} INFO - Setting next_dagrun for latest_only_with_trigger to 2023-10-10T04:54:06.269480+00:00, run_after=2023-10-10T08:54:06.269480+00:00
[2023-10-10T08:54:06.289+0000] {processor.py:179} INFO - Processing /home/airflow/.local/lib/python3.8/site-packages/airflow/example_dags/example_latest_only_with_trigger.py took 0.084 seconds
[2023-10-10T08:54:36.448+0000] {processor.py:157} INFO - Started process (PID=370) to work on /home/airflow/.local/lib/python3.8/site-packages/airflow/example_dags/example_latest_only_with_trigger.py
[2023-10-10T08:54:36.451+0000] {processor.py:829} INFO - Processing file /home/airflow/.local/lib/python3.8/site-packages/airflow/example_dags/example_latest_only_with_trigger.py for tasks to queue
[2023-10-10T08:54:36.453+0000] {logging_mixin.py:151} INFO - [2023-10-10T08:54:36.453+0000] {dagbag.py:539} INFO - Filling up the DagBag from /home/airflow/.local/lib/python3.8/site-packages/airflow/example_dags/example_latest_only_with_trigger.py
[2023-10-10T08:54:36.459+0000] {processor.py:839} INFO - DAG(s) dict_keys(['latest_only_with_trigger']) retrieved from /home/airflow/.local/lib/python3.8/site-packages/airflow/example_dags/example_latest_only_with_trigger.py
[2023-10-10T08:54:36.484+0000] {logging_mixin.py:151} INFO - [2023-10-10T08:54:36.484+0000] {dag.py:2915} INFO - Sync 1 DAGs
[2023-10-10T08:54:36.510+0000] {logging_mixin.py:151} INFO - [2023-10-10T08:54:36.509+0000] {dag.py:3696} INFO - Setting next_dagrun for latest_only_with_trigger to 2023-10-10T04:54:36.509398+00:00, run_after=2023-10-10T08:54:36.509398+00:00
[2023-10-10T08:54:36.532+0000] {processor.py:179} INFO - Processing /home/airflow/.local/lib/python3.8/site-packages/airflow/example_dags/example_latest_only_with_trigger.py took 0.088 seconds
[2023-10-10T08:55:06.873+0000] {processor.py:157} INFO - Started process (PID=425) to work on /home/airflow/.local/lib/python3.8/site-packages/airflow/example_dags/example_latest_only_with_trigger.py
[2023-10-10T08:55:06.874+0000] {processor.py:829} INFO - Processing file /home/airflow/.local/lib/python3.8/site-packages/airflow/example_dags/example_latest_only_with_trigger.py for tasks to queue
[2023-10-10T08:55:06.876+0000] {logging_mixin.py:151} INFO - [2023-10-10T08:55:06.876+0000] {dagbag.py:539} INFO - Filling up the DagBag from /home/airflow/.local/lib/python3.8/site-packages/airflow/example_dags/example_latest_only_with_trigger.py
[2023-10-10T08:55:06.883+0000] {processor.py:839} INFO - DAG(s) dict_keys(['latest_only_with_trigger']) retrieved from /home/airflow/.local/lib/python3.8/site-packages/airflow/example_dags/example_latest_only_with_trigger.py
[2023-10-10T08:55:06.908+0000] {logging_mixin.py:151} INFO - [2023-10-10T08:55:06.907+0000] {dag.py:2915} INFO - Sync 1 DAGs
[2023-10-10T08:55:06.933+0000] {logging_mixin.py:151} INFO - [2023-10-10T08:55:06.933+0000] {dag.py:3696} INFO - Setting next_dagrun for latest_only_with_trigger to 2023-10-10T04:55:06.933142+00:00, run_after=2023-10-10T08:55:06.933142+00:00
[2023-10-10T08:55:06.954+0000] {processor.py:179} INFO - Processing /home/airflow/.local/lib/python3.8/site-packages/airflow/example_dags/example_latest_only_with_trigger.py took 0.085 seconds
[2023-10-10T08:55:37.342+0000] {processor.py:157} INFO - Started process (PID=480) to work on /home/airflow/.local/lib/python3.8/site-packages/airflow/example_dags/example_latest_only_with_trigger.py
[2023-10-10T08:55:37.344+0000] {processor.py:829} INFO - Processing file /home/airflow/.local/lib/python3.8/site-packages/airflow/example_dags/example_latest_only_with_trigger.py for tasks to queue
[2023-10-10T08:55:37.349+0000] {logging_mixin.py:151} INFO - [2023-10-10T08:55:37.349+0000] {dagbag.py:539} INFO - Filling up the DagBag from /home/airflow/.local/lib/python3.8/site-packages/airflow/example_dags/example_latest_only_with_trigger.py
[2023-10-10T08:55:37.357+0000] {processor.py:839} INFO - DAG(s) dict_keys(['latest_only_with_trigger']) retrieved from /home/airflow/.local/lib/python3.8/site-packages/airflow/example_dags/example_latest_only_with_trigger.py
[2023-10-10T08:55:37.386+0000] {logging_mixin.py:151} INFO - [2023-10-10T08:55:37.386+0000] {dag.py:2915} INFO - Sync 1 DAGs
[2023-10-10T08:55:37.414+0000] {logging_mixin.py:151} INFO - [2023-10-10T08:55:37.413+0000] {dag.py:3696} INFO - Setting next_dagrun for latest_only_with_trigger to 2023-10-10T04:55:37.413310+00:00, run_after=2023-10-10T08:55:37.413310+00:00
[2023-10-10T08:55:37.438+0000] {processor.py:179} INFO - Processing /home/airflow/.local/lib/python3.8/site-packages/airflow/example_dags/example_latest_only_with_trigger.py took 0.099 seconds
[2023-10-10T08:56:07.663+0000] {processor.py:157} INFO - Started process (PID=534) to work on /home/airflow/.local/lib/python3.8/site-packages/airflow/example_dags/example_latest_only_with_trigger.py
[2023-10-10T08:56:07.666+0000] {processor.py:829} INFO - Processing file /home/airflow/.local/lib/python3.8/site-packages/airflow/example_dags/example_latest_only_with_trigger.py for tasks to queue
[2023-10-10T08:56:07.669+0000] {logging_mixin.py:151} INFO - [2023-10-10T08:56:07.668+0000] {dagbag.py:539} INFO - Filling up the DagBag from /home/airflow/.local/lib/python3.8/site-packages/airflow/example_dags/example_latest_only_with_trigger.py
[2023-10-10T08:56:07.677+0000] {processor.py:839} INFO - DAG(s) dict_keys(['latest_only_with_trigger']) retrieved from /home/airflow/.local/lib/python3.8/site-packages/airflow/example_dags/example_latest_only_with_trigger.py
[2023-10-10T08:56:07.705+0000] {logging_mixin.py:151} INFO - [2023-10-10T08:56:07.705+0000] {dag.py:2915} INFO - Sync 1 DAGs
[2023-10-10T08:56:07.732+0000] {logging_mixin.py:151} INFO - [2023-10-10T08:56:07.731+0000] {dag.py:3696} INFO - Setting next_dagrun for latest_only_with_trigger to 2023-10-10T04:56:07.731463+00:00, run_after=2023-10-10T08:56:07.731463+00:00
[2023-10-10T08:56:07.753+0000] {processor.py:179} INFO - Processing /home/airflow/.local/lib/python3.8/site-packages/airflow/example_dags/example_latest_only_with_trigger.py took 0.099 seconds
[2023-10-10T08:56:38.215+0000] {processor.py:157} INFO - Started process (PID=588) to work on /home/airflow/.local/lib/python3.8/site-packages/airflow/example_dags/example_latest_only_with_trigger.py
[2023-10-10T08:56:38.217+0000] {processor.py:829} INFO - Processing file /home/airflow/.local/lib/python3.8/site-packages/airflow/example_dags/example_latest_only_with_trigger.py for tasks to queue
[2023-10-10T08:56:38.219+0000] {logging_mixin.py:151} INFO - [2023-10-10T08:56:38.219+0000] {dagbag.py:539} INFO - Filling up the DagBag from /home/airflow/.local/lib/python3.8/site-packages/airflow/example_dags/example_latest_only_with_trigger.py
[2023-10-10T08:56:38.225+0000] {processor.py:839} INFO - DAG(s) dict_keys(['latest_only_with_trigger']) retrieved from /home/airflow/.local/lib/python3.8/site-packages/airflow/example_dags/example_latest_only_with_trigger.py
[2023-10-10T08:56:38.249+0000] {logging_mixin.py:151} INFO - [2023-10-10T08:56:38.249+0000] {dag.py:2915} INFO - Sync 1 DAGs
[2023-10-10T08:56:38.274+0000] {logging_mixin.py:151} INFO - [2023-10-10T08:56:38.274+0000] {dag.py:3696} INFO - Setting next_dagrun for latest_only_with_trigger to 2023-10-10T04:56:38.273901+00:00, run_after=2023-10-10T08:56:38.273901+00:00
[2023-10-10T08:56:38.294+0000] {processor.py:179} INFO - Processing /home/airflow/.local/lib/python3.8/site-packages/airflow/example_dags/example_latest_only_with_trigger.py took 0.082 seconds
[2023-10-10T08:57:08.581+0000] {processor.py:157} INFO - Started process (PID=642) to work on /home/airflow/.local/lib/python3.8/site-packages/airflow/example_dags/example_latest_only_with_trigger.py
[2023-10-10T08:57:08.582+0000] {processor.py:829} INFO - Processing file /home/airflow/.local/lib/python3.8/site-packages/airflow/example_dags/example_latest_only_with_trigger.py for tasks to queue
[2023-10-10T08:57:08.584+0000] {logging_mixin.py:151} INFO - [2023-10-10T08:57:08.584+0000] {dagbag.py:539} INFO - Filling up the DagBag from /home/airflow/.local/lib/python3.8/site-packages/airflow/example_dags/example_latest_only_with_trigger.py
[2023-10-10T08:57:08.591+0000] {processor.py:839} INFO - DAG(s) dict_keys(['latest_only_with_trigger']) retrieved from /home/airflow/.local/lib/python3.8/site-packages/airflow/example_dags/example_latest_only_with_trigger.py
[2023-10-10T08:57:08.615+0000] {logging_mixin.py:151} INFO - [2023-10-10T08:57:08.614+0000] {dag.py:2915} INFO - Sync 1 DAGs
[2023-10-10T08:57:08.640+0000] {logging_mixin.py:151} INFO - [2023-10-10T08:57:08.640+0000] {dag.py:3696} INFO - Setting next_dagrun for latest_only_with_trigger to 2023-10-10T04:57:08.640154+00:00, run_after=2023-10-10T08:57:08.640154+00:00
[2023-10-10T08:57:08.660+0000] {processor.py:179} INFO - Processing /home/airflow/.local/lib/python3.8/site-packages/airflow/example_dags/example_latest_only_with_trigger.py took 0.082 seconds
