[2023-10-10T08:39:50.986+0000] {processor.py:157} INFO - Started process (PID=66) to work on /home/airflow/.local/lib/python3.8/site-packages/airflow/example_dags/example_short_circuit_operator.py
[2023-10-10T08:39:50.987+0000] {processor.py:829} INFO - Processing file /home/airflow/.local/lib/python3.8/site-packages/airflow/example_dags/example_short_circuit_operator.py for tasks to queue
[2023-10-10T08:39:50.996+0000] {logging_mixin.py:151} INFO - [2023-10-10T08:39:50.989+0000] {dagbag.py:539} INFO - Filling up the DagBag from /home/airflow/.local/lib/python3.8/site-packages/airflow/example_dags/example_short_circuit_operator.py
[2023-10-10T08:39:51.018+0000] {processor.py:839} INFO - DAG(s) dict_keys(['example_short_circuit_operator']) retrieved from /home/airflow/.local/lib/python3.8/site-packages/airflow/example_dags/example_short_circuit_operator.py
[2023-10-10T08:39:51.042+0000] {logging_mixin.py:151} INFO - [2023-10-10T08:39:51.042+0000] {dag.py:2915} INFO - Sync 1 DAGs
[2023-10-10T08:39:51.091+0000] {logging_mixin.py:151} INFO - [2023-10-10T08:39:51.090+0000] {dag.py:3696} INFO - Setting next_dagrun for example_short_circuit_operator to 2023-10-09T08:39:51.090464+00:00, run_after=2023-10-10T08:39:51.090464+00:00
[2023-10-10T08:39:51.136+0000] {processor.py:179} INFO - Processing /home/airflow/.local/lib/python3.8/site-packages/airflow/example_dags/example_short_circuit_operator.py took 0.154 seconds
[2023-10-10T08:40:22.038+0000] {processor.py:157} INFO - Started process (PID=119) to work on /home/airflow/.local/lib/python3.8/site-packages/airflow/example_dags/example_short_circuit_operator.py
[2023-10-10T08:40:22.040+0000] {processor.py:829} INFO - Processing file /home/airflow/.local/lib/python3.8/site-packages/airflow/example_dags/example_short_circuit_operator.py for tasks to queue
[2023-10-10T08:40:22.042+0000] {logging_mixin.py:151} INFO - [2023-10-10T08:40:22.042+0000] {dagbag.py:539} INFO - Filling up the DagBag from /home/airflow/.local/lib/python3.8/site-packages/airflow/example_dags/example_short_circuit_operator.py
[2023-10-10T08:40:22.051+0000] {processor.py:839} INFO - DAG(s) dict_keys(['example_short_circuit_operator']) retrieved from /home/airflow/.local/lib/python3.8/site-packages/airflow/example_dags/example_short_circuit_operator.py
[2023-10-10T08:40:22.078+0000] {logging_mixin.py:151} INFO - [2023-10-10T08:40:22.078+0000] {dag.py:2915} INFO - Sync 1 DAGs
[2023-10-10T08:40:22.104+0000] {logging_mixin.py:151} INFO - [2023-10-10T08:40:22.104+0000] {dag.py:3696} INFO - Setting next_dagrun for example_short_circuit_operator to 2023-10-09T08:40:22.104427+00:00, run_after=2023-10-10T08:40:22.104427+00:00
[2023-10-10T08:40:22.125+0000] {processor.py:179} INFO - Processing /home/airflow/.local/lib/python3.8/site-packages/airflow/example_dags/example_short_circuit_operator.py took 0.091 seconds
[2023-10-10T08:40:52.343+0000] {processor.py:157} INFO - Started process (PID=172) to work on /home/airflow/.local/lib/python3.8/site-packages/airflow/example_dags/example_short_circuit_operator.py
[2023-10-10T08:40:52.344+0000] {processor.py:829} INFO - Processing file /home/airflow/.local/lib/python3.8/site-packages/airflow/example_dags/example_short_circuit_operator.py for tasks to queue
[2023-10-10T08:40:52.347+0000] {logging_mixin.py:151} INFO - [2023-10-10T08:40:52.347+0000] {dagbag.py:539} INFO - Filling up the DagBag from /home/airflow/.local/lib/python3.8/site-packages/airflow/example_dags/example_short_circuit_operator.py
[2023-10-10T08:40:52.355+0000] {processor.py:839} INFO - DAG(s) dict_keys(['example_short_circuit_operator']) retrieved from /home/airflow/.local/lib/python3.8/site-packages/airflow/example_dags/example_short_circuit_operator.py
[2023-10-10T08:40:52.383+0000] {logging_mixin.py:151} INFO - [2023-10-10T08:40:52.383+0000] {dag.py:2915} INFO - Sync 1 DAGs
[2023-10-10T08:40:52.409+0000] {logging_mixin.py:151} INFO - [2023-10-10T08:40:52.408+0000] {dag.py:3696} INFO - Setting next_dagrun for example_short_circuit_operator to 2023-10-09T08:40:52.408522+00:00, run_after=2023-10-10T08:40:52.408522+00:00
[2023-10-10T08:40:52.429+0000] {processor.py:179} INFO - Processing /home/airflow/.local/lib/python3.8/site-packages/airflow/example_dags/example_short_circuit_operator.py took 0.091 seconds
[2023-10-10T08:41:23.010+0000] {processor.py:157} INFO - Started process (PID=226) to work on /home/airflow/.local/lib/python3.8/site-packages/airflow/example_dags/example_short_circuit_operator.py
[2023-10-10T08:41:23.011+0000] {processor.py:829} INFO - Processing file /home/airflow/.local/lib/python3.8/site-packages/airflow/example_dags/example_short_circuit_operator.py for tasks to queue
[2023-10-10T08:41:23.014+0000] {logging_mixin.py:151} INFO - [2023-10-10T08:41:23.014+0000] {dagbag.py:539} INFO - Filling up the DagBag from /home/airflow/.local/lib/python3.8/site-packages/airflow/example_dags/example_short_circuit_operator.py
[2023-10-10T08:41:23.023+0000] {processor.py:839} INFO - DAG(s) dict_keys(['example_short_circuit_operator']) retrieved from /home/airflow/.local/lib/python3.8/site-packages/airflow/example_dags/example_short_circuit_operator.py
[2023-10-10T08:41:23.051+0000] {logging_mixin.py:151} INFO - [2023-10-10T08:41:23.051+0000] {dag.py:2915} INFO - Sync 1 DAGs
[2023-10-10T08:41:23.079+0000] {logging_mixin.py:151} INFO - [2023-10-10T08:41:23.079+0000] {dag.py:3696} INFO - Setting next_dagrun for example_short_circuit_operator to 2023-10-09T08:41:23.078730+00:00, run_after=2023-10-10T08:41:23.078730+00:00
[2023-10-10T08:41:23.100+0000] {processor.py:179} INFO - Processing /home/airflow/.local/lib/python3.8/site-packages/airflow/example_dags/example_short_circuit_operator.py took 0.094 seconds
[2023-10-10T08:43:52.334+0000] {processor.py:157} INFO - Started process (PID=67) to work on /home/airflow/.local/lib/python3.8/site-packages/airflow/example_dags/example_short_circuit_operator.py
[2023-10-10T08:43:52.336+0000] {processor.py:829} INFO - Processing file /home/airflow/.local/lib/python3.8/site-packages/airflow/example_dags/example_short_circuit_operator.py for tasks to queue
[2023-10-10T08:43:52.338+0000] {logging_mixin.py:151} INFO - [2023-10-10T08:43:52.338+0000] {dagbag.py:539} INFO - Filling up the DagBag from /home/airflow/.local/lib/python3.8/site-packages/airflow/example_dags/example_short_circuit_operator.py
[2023-10-10T08:43:52.348+0000] {processor.py:839} INFO - DAG(s) dict_keys(['example_short_circuit_operator']) retrieved from /home/airflow/.local/lib/python3.8/site-packages/airflow/example_dags/example_short_circuit_operator.py
[2023-10-10T08:43:52.362+0000] {logging_mixin.py:151} INFO - [2023-10-10T08:43:52.362+0000] {dag.py:2915} INFO - Sync 1 DAGs
[2023-10-10T08:43:52.388+0000] {logging_mixin.py:151} INFO - [2023-10-10T08:43:52.388+0000] {dag.py:3696} INFO - Setting next_dagrun for example_short_circuit_operator to 2023-10-09T08:43:52.388144+00:00, run_after=2023-10-10T08:43:52.388144+00:00
[2023-10-10T08:43:52.431+0000] {processor.py:179} INFO - Processing /home/airflow/.local/lib/python3.8/site-packages/airflow/example_dags/example_short_circuit_operator.py took 0.100 seconds
[2023-10-10T08:44:22.824+0000] {processor.py:157} INFO - Started process (PID=120) to work on /home/airflow/.local/lib/python3.8/site-packages/airflow/example_dags/example_short_circuit_operator.py
[2023-10-10T08:44:22.830+0000] {processor.py:829} INFO - Processing file /home/airflow/.local/lib/python3.8/site-packages/airflow/example_dags/example_short_circuit_operator.py for tasks to queue
[2023-10-10T08:44:22.832+0000] {logging_mixin.py:151} INFO - [2023-10-10T08:44:22.832+0000] {dagbag.py:539} INFO - Filling up the DagBag from /home/airflow/.local/lib/python3.8/site-packages/airflow/example_dags/example_short_circuit_operator.py
[2023-10-10T08:44:22.841+0000] {processor.py:839} INFO - DAG(s) dict_keys(['example_short_circuit_operator']) retrieved from /home/airflow/.local/lib/python3.8/site-packages/airflow/example_dags/example_short_circuit_operator.py
[2023-10-10T08:44:22.873+0000] {logging_mixin.py:151} INFO - [2023-10-10T08:44:22.872+0000] {dag.py:2915} INFO - Sync 1 DAGs
[2023-10-10T08:44:22.943+0000] {logging_mixin.py:151} INFO - [2023-10-10T08:44:22.943+0000] {dag.py:3696} INFO - Setting next_dagrun for example_short_circuit_operator to 2023-10-09T08:44:22.942822+00:00, run_after=2023-10-10T08:44:22.942822+00:00
[2023-10-10T08:44:23.003+0000] {processor.py:179} INFO - Processing /home/airflow/.local/lib/python3.8/site-packages/airflow/example_dags/example_short_circuit_operator.py took 0.183 seconds
[2023-10-10T08:44:56.400+0000] {processor.py:157} INFO - Started process (PID=175) to work on /home/airflow/.local/lib/python3.8/site-packages/airflow/example_dags/example_short_circuit_operator.py
[2023-10-10T08:44:56.402+0000] {processor.py:829} INFO - Processing file /home/airflow/.local/lib/python3.8/site-packages/airflow/example_dags/example_short_circuit_operator.py for tasks to queue
[2023-10-10T08:44:56.405+0000] {logging_mixin.py:151} INFO - [2023-10-10T08:44:56.404+0000] {dagbag.py:539} INFO - Filling up the DagBag from /home/airflow/.local/lib/python3.8/site-packages/airflow/example_dags/example_short_circuit_operator.py
[2023-10-10T08:44:56.413+0000] {processor.py:839} INFO - DAG(s) dict_keys(['example_short_circuit_operator']) retrieved from /home/airflow/.local/lib/python3.8/site-packages/airflow/example_dags/example_short_circuit_operator.py
[2023-10-10T08:44:56.441+0000] {logging_mixin.py:151} INFO - [2023-10-10T08:44:56.441+0000] {dag.py:2915} INFO - Sync 1 DAGs
[2023-10-10T08:44:56.467+0000] {logging_mixin.py:151} INFO - [2023-10-10T08:44:56.467+0000] {dag.py:3696} INFO - Setting next_dagrun for example_short_circuit_operator to 2023-10-09T08:44:56.466734+00:00, run_after=2023-10-10T08:44:56.466734+00:00
[2023-10-10T08:44:56.487+0000] {processor.py:179} INFO - Processing /home/airflow/.local/lib/python3.8/site-packages/airflow/example_dags/example_short_circuit_operator.py took 0.092 seconds
[2023-10-10T08:46:31.441+0000] {processor.py:157} INFO - Started process (PID=66) to work on /home/airflow/.local/lib/python3.8/site-packages/airflow/example_dags/example_short_circuit_operator.py
[2023-10-10T08:46:31.443+0000] {processor.py:829} INFO - Processing file /home/airflow/.local/lib/python3.8/site-packages/airflow/example_dags/example_short_circuit_operator.py for tasks to queue
[2023-10-10T08:46:31.446+0000] {logging_mixin.py:151} INFO - [2023-10-10T08:46:31.445+0000] {dagbag.py:539} INFO - Filling up the DagBag from /home/airflow/.local/lib/python3.8/site-packages/airflow/example_dags/example_short_circuit_operator.py
[2023-10-10T08:46:31.456+0000] {processor.py:839} INFO - DAG(s) dict_keys(['example_short_circuit_operator']) retrieved from /home/airflow/.local/lib/python3.8/site-packages/airflow/example_dags/example_short_circuit_operator.py
[2023-10-10T08:46:31.473+0000] {logging_mixin.py:151} INFO - [2023-10-10T08:46:31.473+0000] {dag.py:2915} INFO - Sync 1 DAGs
[2023-10-10T08:46:31.503+0000] {logging_mixin.py:151} INFO - [2023-10-10T08:46:31.502+0000] {dag.py:3696} INFO - Setting next_dagrun for example_short_circuit_operator to 2023-10-09T08:46:31.502559+00:00, run_after=2023-10-10T08:46:31.502559+00:00
[2023-10-10T08:46:31.534+0000] {processor.py:179} INFO - Processing /home/airflow/.local/lib/python3.8/site-packages/airflow/example_dags/example_short_circuit_operator.py took 0.106 seconds
[2023-10-10T08:47:01.914+0000] {processor.py:157} INFO - Started process (PID=120) to work on /home/airflow/.local/lib/python3.8/site-packages/airflow/example_dags/example_short_circuit_operator.py
[2023-10-10T08:47:01.915+0000] {processor.py:829} INFO - Processing file /home/airflow/.local/lib/python3.8/site-packages/airflow/example_dags/example_short_circuit_operator.py for tasks to queue
[2023-10-10T08:47:01.918+0000] {logging_mixin.py:151} INFO - [2023-10-10T08:47:01.917+0000] {dagbag.py:539} INFO - Filling up the DagBag from /home/airflow/.local/lib/python3.8/site-packages/airflow/example_dags/example_short_circuit_operator.py
[2023-10-10T08:47:01.926+0000] {processor.py:839} INFO - DAG(s) dict_keys(['example_short_circuit_operator']) retrieved from /home/airflow/.local/lib/python3.8/site-packages/airflow/example_dags/example_short_circuit_operator.py
[2023-10-10T08:47:01.952+0000] {logging_mixin.py:151} INFO - [2023-10-10T08:47:01.952+0000] {dag.py:2915} INFO - Sync 1 DAGs
[2023-10-10T08:47:01.976+0000] {logging_mixin.py:151} INFO - [2023-10-10T08:47:01.976+0000] {dag.py:3696} INFO - Setting next_dagrun for example_short_circuit_operator to 2023-10-09T08:47:01.976461+00:00, run_after=2023-10-10T08:47:01.976461+00:00
[2023-10-10T08:47:01.996+0000] {processor.py:179} INFO - Processing /home/airflow/.local/lib/python3.8/site-packages/airflow/example_dags/example_short_circuit_operator.py took 0.086 seconds
[2023-10-10T08:47:32.987+0000] {processor.py:157} INFO - Started process (PID=174) to work on /home/airflow/.local/lib/python3.8/site-packages/airflow/example_dags/example_short_circuit_operator.py
[2023-10-10T08:47:32.989+0000] {processor.py:829} INFO - Processing file /home/airflow/.local/lib/python3.8/site-packages/airflow/example_dags/example_short_circuit_operator.py for tasks to queue
[2023-10-10T08:47:32.992+0000] {logging_mixin.py:151} INFO - [2023-10-10T08:47:32.991+0000] {dagbag.py:539} INFO - Filling up the DagBag from /home/airflow/.local/lib/python3.8/site-packages/airflow/example_dags/example_short_circuit_operator.py
[2023-10-10T08:47:33.000+0000] {processor.py:839} INFO - DAG(s) dict_keys(['example_short_circuit_operator']) retrieved from /home/airflow/.local/lib/python3.8/site-packages/airflow/example_dags/example_short_circuit_operator.py
[2023-10-10T08:47:33.026+0000] {logging_mixin.py:151} INFO - [2023-10-10T08:47:33.026+0000] {dag.py:2915} INFO - Sync 1 DAGs
[2023-10-10T08:47:33.050+0000] {logging_mixin.py:151} INFO - [2023-10-10T08:47:33.050+0000] {dag.py:3696} INFO - Setting next_dagrun for example_short_circuit_operator to 2023-10-09T08:47:33.050400+00:00, run_after=2023-10-10T08:47:33.050400+00:00
[2023-10-10T08:47:33.071+0000] {processor.py:179} INFO - Processing /home/airflow/.local/lib/python3.8/site-packages/airflow/example_dags/example_short_circuit_operator.py took 0.089 seconds
[2023-10-10T08:51:35.241+0000] {processor.py:157} INFO - Started process (PID=66) to work on /home/airflow/.local/lib/python3.8/site-packages/airflow/example_dags/example_short_circuit_operator.py
[2023-10-10T08:51:35.250+0000] {processor.py:829} INFO - Processing file /home/airflow/.local/lib/python3.8/site-packages/airflow/example_dags/example_short_circuit_operator.py for tasks to queue
[2023-10-10T08:51:35.253+0000] {logging_mixin.py:151} INFO - [2023-10-10T08:51:35.252+0000] {dagbag.py:539} INFO - Filling up the DagBag from /home/airflow/.local/lib/python3.8/site-packages/airflow/example_dags/example_short_circuit_operator.py
[2023-10-10T08:51:35.271+0000] {processor.py:839} INFO - DAG(s) dict_keys(['example_short_circuit_operator']) retrieved from /home/airflow/.local/lib/python3.8/site-packages/airflow/example_dags/example_short_circuit_operator.py
[2023-10-10T08:51:35.295+0000] {logging_mixin.py:151} INFO - [2023-10-10T08:51:35.295+0000] {dag.py:2915} INFO - Sync 1 DAGs
[2023-10-10T08:51:35.323+0000] {logging_mixin.py:151} INFO - [2023-10-10T08:51:35.323+0000] {dag.py:3696} INFO - Setting next_dagrun for example_short_circuit_operator to 2023-10-09T08:51:35.323210+00:00, run_after=2023-10-10T08:51:35.323210+00:00
[2023-10-10T08:51:35.344+0000] {processor.py:179} INFO - Processing /home/airflow/.local/lib/python3.8/site-packages/airflow/example_dags/example_short_circuit_operator.py took 0.107 seconds
[2023-10-10T08:52:05.588+0000] {processor.py:157} INFO - Started process (PID=119) to work on /home/airflow/.local/lib/python3.8/site-packages/airflow/example_dags/example_short_circuit_operator.py
[2023-10-10T08:52:05.590+0000] {processor.py:829} INFO - Processing file /home/airflow/.local/lib/python3.8/site-packages/airflow/example_dags/example_short_circuit_operator.py for tasks to queue
[2023-10-10T08:52:05.592+0000] {logging_mixin.py:151} INFO - [2023-10-10T08:52:05.592+0000] {dagbag.py:539} INFO - Filling up the DagBag from /home/airflow/.local/lib/python3.8/site-packages/airflow/example_dags/example_short_circuit_operator.py
[2023-10-10T08:52:05.600+0000] {processor.py:839} INFO - DAG(s) dict_keys(['example_short_circuit_operator']) retrieved from /home/airflow/.local/lib/python3.8/site-packages/airflow/example_dags/example_short_circuit_operator.py
[2023-10-10T08:52:05.626+0000] {logging_mixin.py:151} INFO - [2023-10-10T08:52:05.625+0000] {dag.py:2915} INFO - Sync 1 DAGs
[2023-10-10T08:52:05.650+0000] {logging_mixin.py:151} INFO - [2023-10-10T08:52:05.650+0000] {dag.py:3696} INFO - Setting next_dagrun for example_short_circuit_operator to 2023-10-09T08:52:05.650119+00:00, run_after=2023-10-10T08:52:05.650119+00:00
[2023-10-10T08:52:05.669+0000] {processor.py:179} INFO - Processing /home/airflow/.local/lib/python3.8/site-packages/airflow/example_dags/example_short_circuit_operator.py took 0.084 seconds
[2023-10-10T08:52:35.907+0000] {processor.py:157} INFO - Started process (PID=173) to work on /home/airflow/.local/lib/python3.8/site-packages/airflow/example_dags/example_short_circuit_operator.py
[2023-10-10T08:52:35.909+0000] {processor.py:829} INFO - Processing file /home/airflow/.local/lib/python3.8/site-packages/airflow/example_dags/example_short_circuit_operator.py for tasks to queue
[2023-10-10T08:52:35.911+0000] {logging_mixin.py:151} INFO - [2023-10-10T08:52:35.911+0000] {dagbag.py:539} INFO - Filling up the DagBag from /home/airflow/.local/lib/python3.8/site-packages/airflow/example_dags/example_short_circuit_operator.py
[2023-10-10T08:52:35.919+0000] {processor.py:839} INFO - DAG(s) dict_keys(['example_short_circuit_operator']) retrieved from /home/airflow/.local/lib/python3.8/site-packages/airflow/example_dags/example_short_circuit_operator.py
[2023-10-10T08:52:35.945+0000] {logging_mixin.py:151} INFO - [2023-10-10T08:52:35.945+0000] {dag.py:2915} INFO - Sync 1 DAGs
[2023-10-10T08:52:35.969+0000] {logging_mixin.py:151} INFO - [2023-10-10T08:52:35.969+0000] {dag.py:3696} INFO - Setting next_dagrun for example_short_circuit_operator to 2023-10-09T08:52:35.969385+00:00, run_after=2023-10-10T08:52:35.969385+00:00
[2023-10-10T08:52:35.991+0000] {processor.py:179} INFO - Processing /home/airflow/.local/lib/python3.8/site-packages/airflow/example_dags/example_short_circuit_operator.py took 0.088 seconds
[2023-10-10T08:53:06.287+0000] {processor.py:157} INFO - Started process (PID=227) to work on /home/airflow/.local/lib/python3.8/site-packages/airflow/example_dags/example_short_circuit_operator.py
[2023-10-10T08:53:06.289+0000] {processor.py:829} INFO - Processing file /home/airflow/.local/lib/python3.8/site-packages/airflow/example_dags/example_short_circuit_operator.py for tasks to queue
[2023-10-10T08:53:06.292+0000] {logging_mixin.py:151} INFO - [2023-10-10T08:53:06.291+0000] {dagbag.py:539} INFO - Filling up the DagBag from /home/airflow/.local/lib/python3.8/site-packages/airflow/example_dags/example_short_circuit_operator.py
[2023-10-10T08:53:06.300+0000] {processor.py:839} INFO - DAG(s) dict_keys(['example_short_circuit_operator']) retrieved from /home/airflow/.local/lib/python3.8/site-packages/airflow/example_dags/example_short_circuit_operator.py
[2023-10-10T08:53:06.326+0000] {logging_mixin.py:151} INFO - [2023-10-10T08:53:06.325+0000] {dag.py:2915} INFO - Sync 1 DAGs
[2023-10-10T08:53:06.350+0000] {logging_mixin.py:151} INFO - [2023-10-10T08:53:06.350+0000] {dag.py:3696} INFO - Setting next_dagrun for example_short_circuit_operator to 2023-10-09T08:53:06.349998+00:00, run_after=2023-10-10T08:53:06.349998+00:00
[2023-10-10T08:53:06.371+0000] {processor.py:179} INFO - Processing /home/airflow/.local/lib/python3.8/site-packages/airflow/example_dags/example_short_circuit_operator.py took 0.087 seconds
[2023-10-10T08:53:36.616+0000] {processor.py:157} INFO - Started process (PID=281) to work on /home/airflow/.local/lib/python3.8/site-packages/airflow/example_dags/example_short_circuit_operator.py
[2023-10-10T08:53:36.621+0000] {processor.py:829} INFO - Processing file /home/airflow/.local/lib/python3.8/site-packages/airflow/example_dags/example_short_circuit_operator.py for tasks to queue
[2023-10-10T08:53:36.624+0000] {logging_mixin.py:151} INFO - [2023-10-10T08:53:36.623+0000] {dagbag.py:539} INFO - Filling up the DagBag from /home/airflow/.local/lib/python3.8/site-packages/airflow/example_dags/example_short_circuit_operator.py
[2023-10-10T08:53:36.632+0000] {processor.py:839} INFO - DAG(s) dict_keys(['example_short_circuit_operator']) retrieved from /home/airflow/.local/lib/python3.8/site-packages/airflow/example_dags/example_short_circuit_operator.py
[2023-10-10T08:53:36.658+0000] {logging_mixin.py:151} INFO - [2023-10-10T08:53:36.658+0000] {dag.py:2915} INFO - Sync 1 DAGs
[2023-10-10T08:53:36.682+0000] {logging_mixin.py:151} INFO - [2023-10-10T08:53:36.682+0000] {dag.py:3696} INFO - Setting next_dagrun for example_short_circuit_operator to 2023-10-09T08:53:36.682095+00:00, run_after=2023-10-10T08:53:36.682095+00:00
[2023-10-10T08:53:36.702+0000] {processor.py:179} INFO - Processing /home/airflow/.local/lib/python3.8/site-packages/airflow/example_dags/example_short_circuit_operator.py took 0.090 seconds
[2023-10-10T08:54:11.490+0000] {processor.py:157} INFO - Started process (PID=337) to work on /home/airflow/.local/lib/python3.8/site-packages/airflow/example_dags/example_short_circuit_operator.py
[2023-10-10T08:54:11.494+0000] {processor.py:829} INFO - Processing file /home/airflow/.local/lib/python3.8/site-packages/airflow/example_dags/example_short_circuit_operator.py for tasks to queue
[2023-10-10T08:54:11.497+0000] {logging_mixin.py:151} INFO - [2023-10-10T08:54:11.496+0000] {dagbag.py:539} INFO - Filling up the DagBag from /home/airflow/.local/lib/python3.8/site-packages/airflow/example_dags/example_short_circuit_operator.py
[2023-10-10T08:54:11.505+0000] {processor.py:839} INFO - DAG(s) dict_keys(['example_short_circuit_operator']) retrieved from /home/airflow/.local/lib/python3.8/site-packages/airflow/example_dags/example_short_circuit_operator.py
[2023-10-10T08:54:11.533+0000] {logging_mixin.py:151} INFO - [2023-10-10T08:54:11.532+0000] {dag.py:2915} INFO - Sync 1 DAGs
[2023-10-10T08:54:11.559+0000] {logging_mixin.py:151} INFO - [2023-10-10T08:54:11.558+0000] {dag.py:3696} INFO - Setting next_dagrun for example_short_circuit_operator to 2023-10-09T08:54:11.558441+00:00, run_after=2023-10-10T08:54:11.558441+00:00
[2023-10-10T08:54:11.578+0000] {processor.py:179} INFO - Processing /home/airflow/.local/lib/python3.8/site-packages/airflow/example_dags/example_short_circuit_operator.py took 0.092 seconds
[2023-10-10T08:54:42.095+0000] {processor.py:157} INFO - Started process (PID=390) to work on /home/airflow/.local/lib/python3.8/site-packages/airflow/example_dags/example_short_circuit_operator.py
[2023-10-10T08:54:42.097+0000] {processor.py:829} INFO - Processing file /home/airflow/.local/lib/python3.8/site-packages/airflow/example_dags/example_short_circuit_operator.py for tasks to queue
[2023-10-10T08:54:42.099+0000] {logging_mixin.py:151} INFO - [2023-10-10T08:54:42.099+0000] {dagbag.py:539} INFO - Filling up the DagBag from /home/airflow/.local/lib/python3.8/site-packages/airflow/example_dags/example_short_circuit_operator.py
[2023-10-10T08:54:42.108+0000] {processor.py:839} INFO - DAG(s) dict_keys(['example_short_circuit_operator']) retrieved from /home/airflow/.local/lib/python3.8/site-packages/airflow/example_dags/example_short_circuit_operator.py
[2023-10-10T08:54:42.136+0000] {logging_mixin.py:151} INFO - [2023-10-10T08:54:42.136+0000] {dag.py:2915} INFO - Sync 1 DAGs
[2023-10-10T08:54:42.162+0000] {logging_mixin.py:151} INFO - [2023-10-10T08:54:42.161+0000] {dag.py:3696} INFO - Setting next_dagrun for example_short_circuit_operator to 2023-10-09T08:54:42.161519+00:00, run_after=2023-10-10T08:54:42.161519+00:00
[2023-10-10T08:54:42.183+0000] {processor.py:179} INFO - Processing /home/airflow/.local/lib/python3.8/site-packages/airflow/example_dags/example_short_circuit_operator.py took 0.092 seconds
[2023-10-10T08:55:12.654+0000] {processor.py:157} INFO - Started process (PID=446) to work on /home/airflow/.local/lib/python3.8/site-packages/airflow/example_dags/example_short_circuit_operator.py
[2023-10-10T08:55:12.655+0000] {processor.py:829} INFO - Processing file /home/airflow/.local/lib/python3.8/site-packages/airflow/example_dags/example_short_circuit_operator.py for tasks to queue
[2023-10-10T08:55:12.657+0000] {logging_mixin.py:151} INFO - [2023-10-10T08:55:12.657+0000] {dagbag.py:539} INFO - Filling up the DagBag from /home/airflow/.local/lib/python3.8/site-packages/airflow/example_dags/example_short_circuit_operator.py
[2023-10-10T08:55:12.666+0000] {processor.py:839} INFO - DAG(s) dict_keys(['example_short_circuit_operator']) retrieved from /home/airflow/.local/lib/python3.8/site-packages/airflow/example_dags/example_short_circuit_operator.py
[2023-10-10T08:55:12.692+0000] {logging_mixin.py:151} INFO - [2023-10-10T08:55:12.692+0000] {dag.py:2915} INFO - Sync 1 DAGs
[2023-10-10T08:55:12.716+0000] {logging_mixin.py:151} INFO - [2023-10-10T08:55:12.716+0000] {dag.py:3696} INFO - Setting next_dagrun for example_short_circuit_operator to 2023-10-09T08:55:12.716027+00:00, run_after=2023-10-10T08:55:12.716027+00:00
[2023-10-10T08:55:12.736+0000] {processor.py:179} INFO - Processing /home/airflow/.local/lib/python3.8/site-packages/airflow/example_dags/example_short_circuit_operator.py took 0.085 seconds
[2023-10-10T08:55:43.613+0000] {processor.py:157} INFO - Started process (PID=501) to work on /home/airflow/.local/lib/python3.8/site-packages/airflow/example_dags/example_short_circuit_operator.py
[2023-10-10T08:55:43.616+0000] {processor.py:829} INFO - Processing file /home/airflow/.local/lib/python3.8/site-packages/airflow/example_dags/example_short_circuit_operator.py for tasks to queue
[2023-10-10T08:55:43.618+0000] {logging_mixin.py:151} INFO - [2023-10-10T08:55:43.618+0000] {dagbag.py:539} INFO - Filling up the DagBag from /home/airflow/.local/lib/python3.8/site-packages/airflow/example_dags/example_short_circuit_operator.py
[2023-10-10T08:55:43.626+0000] {processor.py:839} INFO - DAG(s) dict_keys(['example_short_circuit_operator']) retrieved from /home/airflow/.local/lib/python3.8/site-packages/airflow/example_dags/example_short_circuit_operator.py
[2023-10-10T08:55:43.653+0000] {logging_mixin.py:151} INFO - [2023-10-10T08:55:43.653+0000] {dag.py:2915} INFO - Sync 1 DAGs
[2023-10-10T08:55:43.679+0000] {logging_mixin.py:151} INFO - [2023-10-10T08:55:43.679+0000] {dag.py:3696} INFO - Setting next_dagrun for example_short_circuit_operator to 2023-10-09T08:55:43.679216+00:00, run_after=2023-10-10T08:55:43.679216+00:00
[2023-10-10T08:55:43.700+0000] {processor.py:179} INFO - Processing /home/airflow/.local/lib/python3.8/site-packages/airflow/example_dags/example_short_circuit_operator.py took 0.090 seconds
[2023-10-10T08:56:17.121+0000] {processor.py:157} INFO - Started process (PID=555) to work on /home/airflow/.local/lib/python3.8/site-packages/airflow/example_dags/example_short_circuit_operator.py
[2023-10-10T08:56:17.123+0000] {processor.py:829} INFO - Processing file /home/airflow/.local/lib/python3.8/site-packages/airflow/example_dags/example_short_circuit_operator.py for tasks to queue
[2023-10-10T08:56:17.125+0000] {logging_mixin.py:151} INFO - [2023-10-10T08:56:17.125+0000] {dagbag.py:539} INFO - Filling up the DagBag from /home/airflow/.local/lib/python3.8/site-packages/airflow/example_dags/example_short_circuit_operator.py
[2023-10-10T08:56:17.134+0000] {processor.py:839} INFO - DAG(s) dict_keys(['example_short_circuit_operator']) retrieved from /home/airflow/.local/lib/python3.8/site-packages/airflow/example_dags/example_short_circuit_operator.py
[2023-10-10T08:56:17.161+0000] {logging_mixin.py:151} INFO - [2023-10-10T08:56:17.161+0000] {dag.py:2915} INFO - Sync 1 DAGs
[2023-10-10T08:56:17.187+0000] {logging_mixin.py:151} INFO - [2023-10-10T08:56:17.187+0000] {dag.py:3696} INFO - Setting next_dagrun for example_short_circuit_operator to 2023-10-09T08:56:17.186907+00:00, run_after=2023-10-10T08:56:17.186907+00:00
[2023-10-10T08:56:17.208+0000] {processor.py:179} INFO - Processing /home/airflow/.local/lib/python3.8/site-packages/airflow/example_dags/example_short_circuit_operator.py took 0.091 seconds
[2023-10-10T08:56:47.587+0000] {processor.py:157} INFO - Started process (PID=609) to work on /home/airflow/.local/lib/python3.8/site-packages/airflow/example_dags/example_short_circuit_operator.py
[2023-10-10T08:56:47.589+0000] {processor.py:829} INFO - Processing file /home/airflow/.local/lib/python3.8/site-packages/airflow/example_dags/example_short_circuit_operator.py for tasks to queue
[2023-10-10T08:56:47.591+0000] {logging_mixin.py:151} INFO - [2023-10-10T08:56:47.590+0000] {dagbag.py:539} INFO - Filling up the DagBag from /home/airflow/.local/lib/python3.8/site-packages/airflow/example_dags/example_short_circuit_operator.py
[2023-10-10T08:56:47.599+0000] {processor.py:839} INFO - DAG(s) dict_keys(['example_short_circuit_operator']) retrieved from /home/airflow/.local/lib/python3.8/site-packages/airflow/example_dags/example_short_circuit_operator.py
[2023-10-10T08:56:47.625+0000] {logging_mixin.py:151} INFO - [2023-10-10T08:56:47.625+0000] {dag.py:2915} INFO - Sync 1 DAGs
[2023-10-10T08:56:47.649+0000] {logging_mixin.py:151} INFO - [2023-10-10T08:56:47.649+0000] {dag.py:3696} INFO - Setting next_dagrun for example_short_circuit_operator to 2023-10-09T08:56:47.648972+00:00, run_after=2023-10-10T08:56:47.648972+00:00
[2023-10-10T08:56:47.668+0000] {processor.py:179} INFO - Processing /home/airflow/.local/lib/python3.8/site-packages/airflow/example_dags/example_short_circuit_operator.py took 0.085 seconds
