[2023-10-10T08:39:48.137+0000] {processor.py:157} INFO - Started process (PID=30) to work on /home/airflow/.local/lib/python3.8/site-packages/airflow/example_dags/example_bash_operator.py
[2023-10-10T08:39:48.138+0000] {processor.py:829} INFO - Processing file /home/airflow/.local/lib/python3.8/site-packages/airflow/example_dags/example_bash_operator.py for tasks to queue
[2023-10-10T08:39:48.141+0000] {logging_mixin.py:151} INFO - [2023-10-10T08:39:48.140+0000] {dagbag.py:539} INFO - Filling up the DagBag from /home/airflow/.local/lib/python3.8/site-packages/airflow/example_dags/example_bash_operator.py
[2023-10-10T08:39:48.379+0000] {processor.py:839} INFO - DAG(s) dict_keys(['example_bash_operator']) retrieved from /home/airflow/.local/lib/python3.8/site-packages/airflow/example_dags/example_bash_operator.py
[2023-10-10T08:39:48.428+0000] {logging_mixin.py:151} INFO - [2023-10-10T08:39:48.427+0000] {dag.py:2915} INFO - Sync 1 DAGs
[2023-10-10T08:39:48.457+0000] {logging_mixin.py:151} INFO - [2023-10-10T08:39:48.456+0000] {dag.py:3696} INFO - Setting next_dagrun for example_bash_operator to 2023-10-09T00:00:00+00:00, run_after=2023-10-10T00:00:00+00:00
[2023-10-10T08:39:48.478+0000] {processor.py:179} INFO - Processing /home/airflow/.local/lib/python3.8/site-packages/airflow/example_dags/example_bash_operator.py took 0.352 seconds
[2023-10-10T08:40:18.800+0000] {processor.py:157} INFO - Started process (PID=84) to work on /home/airflow/.local/lib/python3.8/site-packages/airflow/example_dags/example_bash_operator.py
[2023-10-10T08:40:18.801+0000] {processor.py:829} INFO - Processing file /home/airflow/.local/lib/python3.8/site-packages/airflow/example_dags/example_bash_operator.py for tasks to queue
[2023-10-10T08:40:18.804+0000] {logging_mixin.py:151} INFO - [2023-10-10T08:40:18.803+0000] {dagbag.py:539} INFO - Filling up the DagBag from /home/airflow/.local/lib/python3.8/site-packages/airflow/example_dags/example_bash_operator.py
[2023-10-10T08:40:18.817+0000] {processor.py:839} INFO - DAG(s) dict_keys(['example_bash_operator']) retrieved from /home/airflow/.local/lib/python3.8/site-packages/airflow/example_dags/example_bash_operator.py
[2023-10-10T08:40:18.852+0000] {logging_mixin.py:151} INFO - [2023-10-10T08:40:18.852+0000] {dag.py:2915} INFO - Sync 1 DAGs
[2023-10-10T08:40:18.879+0000] {logging_mixin.py:151} INFO - [2023-10-10T08:40:18.879+0000] {dag.py:3696} INFO - Setting next_dagrun for example_bash_operator to 2023-10-09T00:00:00+00:00, run_after=2023-10-10T00:00:00+00:00
[2023-10-10T08:40:18.900+0000] {processor.py:179} INFO - Processing /home/airflow/.local/lib/python3.8/site-packages/airflow/example_dags/example_bash_operator.py took 0.104 seconds
[2023-10-10T08:40:49.204+0000] {processor.py:157} INFO - Started process (PID=137) to work on /home/airflow/.local/lib/python3.8/site-packages/airflow/example_dags/example_bash_operator.py
[2023-10-10T08:40:49.205+0000] {processor.py:829} INFO - Processing file /home/airflow/.local/lib/python3.8/site-packages/airflow/example_dags/example_bash_operator.py for tasks to queue
[2023-10-10T08:40:49.208+0000] {logging_mixin.py:151} INFO - [2023-10-10T08:40:49.207+0000] {dagbag.py:539} INFO - Filling up the DagBag from /home/airflow/.local/lib/python3.8/site-packages/airflow/example_dags/example_bash_operator.py
[2023-10-10T08:40:49.221+0000] {processor.py:839} INFO - DAG(s) dict_keys(['example_bash_operator']) retrieved from /home/airflow/.local/lib/python3.8/site-packages/airflow/example_dags/example_bash_operator.py
[2023-10-10T08:40:49.260+0000] {logging_mixin.py:151} INFO - [2023-10-10T08:40:49.260+0000] {dag.py:2915} INFO - Sync 1 DAGs
[2023-10-10T08:40:49.289+0000] {logging_mixin.py:151} INFO - [2023-10-10T08:40:49.288+0000] {dag.py:3696} INFO - Setting next_dagrun for example_bash_operator to 2023-10-09T00:00:00+00:00, run_after=2023-10-10T00:00:00+00:00
[2023-10-10T08:40:49.313+0000] {processor.py:179} INFO - Processing /home/airflow/.local/lib/python3.8/site-packages/airflow/example_dags/example_bash_operator.py took 0.113 seconds
[2023-10-10T08:41:19.721+0000] {processor.py:157} INFO - Started process (PID=191) to work on /home/airflow/.local/lib/python3.8/site-packages/airflow/example_dags/example_bash_operator.py
[2023-10-10T08:41:19.723+0000] {processor.py:829} INFO - Processing file /home/airflow/.local/lib/python3.8/site-packages/airflow/example_dags/example_bash_operator.py for tasks to queue
[2023-10-10T08:41:19.725+0000] {logging_mixin.py:151} INFO - [2023-10-10T08:41:19.725+0000] {dagbag.py:539} INFO - Filling up the DagBag from /home/airflow/.local/lib/python3.8/site-packages/airflow/example_dags/example_bash_operator.py
[2023-10-10T08:41:19.738+0000] {processor.py:839} INFO - DAG(s) dict_keys(['example_bash_operator']) retrieved from /home/airflow/.local/lib/python3.8/site-packages/airflow/example_dags/example_bash_operator.py
[2023-10-10T08:41:19.772+0000] {logging_mixin.py:151} INFO - [2023-10-10T08:41:19.772+0000] {dag.py:2915} INFO - Sync 1 DAGs
[2023-10-10T08:41:19.799+0000] {logging_mixin.py:151} INFO - [2023-10-10T08:41:19.799+0000] {dag.py:3696} INFO - Setting next_dagrun for example_bash_operator to 2023-10-09T00:00:00+00:00, run_after=2023-10-10T00:00:00+00:00
[2023-10-10T08:41:19.826+0000] {processor.py:179} INFO - Processing /home/airflow/.local/lib/python3.8/site-packages/airflow/example_dags/example_bash_operator.py took 0.108 seconds
[2023-10-10T08:43:48.669+0000] {processor.py:157} INFO - Started process (PID=31) to work on /home/airflow/.local/lib/python3.8/site-packages/airflow/example_dags/example_bash_operator.py
[2023-10-10T08:43:48.682+0000] {processor.py:829} INFO - Processing file /home/airflow/.local/lib/python3.8/site-packages/airflow/example_dags/example_bash_operator.py for tasks to queue
[2023-10-10T08:43:48.684+0000] {logging_mixin.py:151} INFO - [2023-10-10T08:43:48.684+0000] {dagbag.py:539} INFO - Filling up the DagBag from /home/airflow/.local/lib/python3.8/site-packages/airflow/example_dags/example_bash_operator.py
[2023-10-10T08:43:48.878+0000] {processor.py:839} INFO - DAG(s) dict_keys(['example_bash_operator']) retrieved from /home/airflow/.local/lib/python3.8/site-packages/airflow/example_dags/example_bash_operator.py
[2023-10-10T08:43:48.905+0000] {logging_mixin.py:151} INFO - [2023-10-10T08:43:48.904+0000] {dag.py:2915} INFO - Sync 1 DAGs
[2023-10-10T08:43:48.935+0000] {logging_mixin.py:151} INFO - [2023-10-10T08:43:48.934+0000] {dag.py:3696} INFO - Setting next_dagrun for example_bash_operator to 2023-10-09T00:00:00+00:00, run_after=2023-10-10T00:00:00+00:00
[2023-10-10T08:43:48.971+0000] {processor.py:179} INFO - Processing /home/airflow/.local/lib/python3.8/site-packages/airflow/example_dags/example_bash_operator.py took 0.306 seconds
[2023-10-10T08:44:19.536+0000] {processor.py:157} INFO - Started process (PID=85) to work on /home/airflow/.local/lib/python3.8/site-packages/airflow/example_dags/example_bash_operator.py
[2023-10-10T08:44:19.537+0000] {processor.py:829} INFO - Processing file /home/airflow/.local/lib/python3.8/site-packages/airflow/example_dags/example_bash_operator.py for tasks to queue
[2023-10-10T08:44:19.540+0000] {logging_mixin.py:151} INFO - [2023-10-10T08:44:19.539+0000] {dagbag.py:539} INFO - Filling up the DagBag from /home/airflow/.local/lib/python3.8/site-packages/airflow/example_dags/example_bash_operator.py
[2023-10-10T08:44:19.552+0000] {processor.py:839} INFO - DAG(s) dict_keys(['example_bash_operator']) retrieved from /home/airflow/.local/lib/python3.8/site-packages/airflow/example_dags/example_bash_operator.py
[2023-10-10T08:44:19.586+0000] {logging_mixin.py:151} INFO - [2023-10-10T08:44:19.585+0000] {dag.py:2915} INFO - Sync 1 DAGs
[2023-10-10T08:44:19.612+0000] {logging_mixin.py:151} INFO - [2023-10-10T08:44:19.612+0000] {dag.py:3696} INFO - Setting next_dagrun for example_bash_operator to 2023-10-09T00:00:00+00:00, run_after=2023-10-10T00:00:00+00:00
[2023-10-10T08:44:19.632+0000] {processor.py:179} INFO - Processing /home/airflow/.local/lib/python3.8/site-packages/airflow/example_dags/example_bash_operator.py took 0.100 seconds
[2023-10-10T08:44:49.771+0000] {processor.py:157} INFO - Started process (PID=139) to work on /home/airflow/.local/lib/python3.8/site-packages/airflow/example_dags/example_bash_operator.py
[2023-10-10T08:44:49.773+0000] {processor.py:829} INFO - Processing file /home/airflow/.local/lib/python3.8/site-packages/airflow/example_dags/example_bash_operator.py for tasks to queue
[2023-10-10T08:44:49.775+0000] {logging_mixin.py:151} INFO - [2023-10-10T08:44:49.775+0000] {dagbag.py:539} INFO - Filling up the DagBag from /home/airflow/.local/lib/python3.8/site-packages/airflow/example_dags/example_bash_operator.py
[2023-10-10T08:44:49.788+0000] {processor.py:839} INFO - DAG(s) dict_keys(['example_bash_operator']) retrieved from /home/airflow/.local/lib/python3.8/site-packages/airflow/example_dags/example_bash_operator.py
[2023-10-10T08:44:49.822+0000] {logging_mixin.py:151} INFO - [2023-10-10T08:44:49.822+0000] {dag.py:2915} INFO - Sync 1 DAGs
[2023-10-10T08:44:49.850+0000] {logging_mixin.py:151} INFO - [2023-10-10T08:44:49.850+0000] {dag.py:3696} INFO - Setting next_dagrun for example_bash_operator to 2023-10-09T00:00:00+00:00, run_after=2023-10-10T00:00:00+00:00
[2023-10-10T08:44:49.869+0000] {processor.py:179} INFO - Processing /home/airflow/.local/lib/python3.8/site-packages/airflow/example_dags/example_bash_operator.py took 0.102 seconds
[2023-10-10T08:45:19.997+0000] {processor.py:157} INFO - Started process (PID=193) to work on /home/airflow/.local/lib/python3.8/site-packages/airflow/example_dags/example_bash_operator.py
[2023-10-10T08:45:19.997+0000] {processor.py:829} INFO - Processing file /home/airflow/.local/lib/python3.8/site-packages/airflow/example_dags/example_bash_operator.py for tasks to queue
[2023-10-10T08:45:20.000+0000] {logging_mixin.py:151} INFO - [2023-10-10T08:45:20.000+0000] {dagbag.py:539} INFO - Filling up the DagBag from /home/airflow/.local/lib/python3.8/site-packages/airflow/example_dags/example_bash_operator.py
[2023-10-10T08:45:20.013+0000] {processor.py:839} INFO - DAG(s) dict_keys(['example_bash_operator']) retrieved from /home/airflow/.local/lib/python3.8/site-packages/airflow/example_dags/example_bash_operator.py
[2023-10-10T08:45:20.047+0000] {logging_mixin.py:151} INFO - [2023-10-10T08:45:20.047+0000] {dag.py:2915} INFO - Sync 1 DAGs
[2023-10-10T08:45:20.074+0000] {logging_mixin.py:151} INFO - [2023-10-10T08:45:20.074+0000] {dag.py:3696} INFO - Setting next_dagrun for example_bash_operator to 2023-10-09T00:00:00+00:00, run_after=2023-10-10T00:00:00+00:00
[2023-10-10T08:45:20.096+0000] {processor.py:179} INFO - Processing /home/airflow/.local/lib/python3.8/site-packages/airflow/example_dags/example_bash_operator.py took 0.103 seconds
[2023-10-10T08:46:28.548+0000] {processor.py:157} INFO - Started process (PID=30) to work on /home/airflow/.local/lib/python3.8/site-packages/airflow/example_dags/example_bash_operator.py
[2023-10-10T08:46:28.549+0000] {processor.py:829} INFO - Processing file /home/airflow/.local/lib/python3.8/site-packages/airflow/example_dags/example_bash_operator.py for tasks to queue
[2023-10-10T08:46:28.552+0000] {logging_mixin.py:151} INFO - [2023-10-10T08:46:28.552+0000] {dagbag.py:539} INFO - Filling up the DagBag from /home/airflow/.local/lib/python3.8/site-packages/airflow/example_dags/example_bash_operator.py
[2023-10-10T08:46:28.569+0000] {processor.py:839} INFO - DAG(s) dict_keys(['example_bash_operator']) retrieved from /home/airflow/.local/lib/python3.8/site-packages/airflow/example_dags/example_bash_operator.py
[2023-10-10T08:46:28.600+0000] {logging_mixin.py:151} INFO - [2023-10-10T08:46:28.600+0000] {dag.py:2915} INFO - Sync 1 DAGs
[2023-10-10T08:46:28.823+0000] {logging_mixin.py:151} INFO - [2023-10-10T08:46:28.823+0000] {dag.py:3696} INFO - Setting next_dagrun for example_bash_operator to 2023-10-09T00:00:00+00:00, run_after=2023-10-10T00:00:00+00:00
[2023-10-10T08:46:28.844+0000] {processor.py:179} INFO - Processing /home/airflow/.local/lib/python3.8/site-packages/airflow/example_dags/example_bash_operator.py took 0.300 seconds
[2023-10-10T08:46:59.398+0000] {processor.py:157} INFO - Started process (PID=84) to work on /home/airflow/.local/lib/python3.8/site-packages/airflow/example_dags/example_bash_operator.py
[2023-10-10T08:46:59.399+0000] {processor.py:829} INFO - Processing file /home/airflow/.local/lib/python3.8/site-packages/airflow/example_dags/example_bash_operator.py for tasks to queue
[2023-10-10T08:46:59.401+0000] {logging_mixin.py:151} INFO - [2023-10-10T08:46:59.401+0000] {dagbag.py:539} INFO - Filling up the DagBag from /home/airflow/.local/lib/python3.8/site-packages/airflow/example_dags/example_bash_operator.py
[2023-10-10T08:46:59.414+0000] {processor.py:839} INFO - DAG(s) dict_keys(['example_bash_operator']) retrieved from /home/airflow/.local/lib/python3.8/site-packages/airflow/example_dags/example_bash_operator.py
[2023-10-10T08:46:59.447+0000] {logging_mixin.py:151} INFO - [2023-10-10T08:46:59.447+0000] {dag.py:2915} INFO - Sync 1 DAGs
[2023-10-10T08:46:59.473+0000] {logging_mixin.py:151} INFO - [2023-10-10T08:46:59.473+0000] {dag.py:3696} INFO - Setting next_dagrun for example_bash_operator to 2023-10-09T00:00:00+00:00, run_after=2023-10-10T00:00:00+00:00
[2023-10-10T08:46:59.494+0000] {processor.py:179} INFO - Processing /home/airflow/.local/lib/python3.8/site-packages/airflow/example_dags/example_bash_operator.py took 0.099 seconds
[2023-10-10T08:47:29.760+0000] {processor.py:157} INFO - Started process (PID=138) to work on /home/airflow/.local/lib/python3.8/site-packages/airflow/example_dags/example_bash_operator.py
[2023-10-10T08:47:29.762+0000] {processor.py:829} INFO - Processing file /home/airflow/.local/lib/python3.8/site-packages/airflow/example_dags/example_bash_operator.py for tasks to queue
[2023-10-10T08:47:29.765+0000] {logging_mixin.py:151} INFO - [2023-10-10T08:47:29.764+0000] {dagbag.py:539} INFO - Filling up the DagBag from /home/airflow/.local/lib/python3.8/site-packages/airflow/example_dags/example_bash_operator.py
[2023-10-10T08:47:29.778+0000] {processor.py:839} INFO - DAG(s) dict_keys(['example_bash_operator']) retrieved from /home/airflow/.local/lib/python3.8/site-packages/airflow/example_dags/example_bash_operator.py
[2023-10-10T08:47:29.811+0000] {logging_mixin.py:151} INFO - [2023-10-10T08:47:29.811+0000] {dag.py:2915} INFO - Sync 1 DAGs
[2023-10-10T08:47:29.838+0000] {logging_mixin.py:151} INFO - [2023-10-10T08:47:29.838+0000] {dag.py:3696} INFO - Setting next_dagrun for example_bash_operator to 2023-10-09T00:00:00+00:00, run_after=2023-10-10T00:00:00+00:00
[2023-10-10T08:47:29.859+0000] {processor.py:179} INFO - Processing /home/airflow/.local/lib/python3.8/site-packages/airflow/example_dags/example_bash_operator.py took 0.102 seconds
[2023-10-10T08:51:31.869+0000] {processor.py:157} INFO - Started process (PID=30) to work on /home/airflow/.local/lib/python3.8/site-packages/airflow/example_dags/example_bash_operator.py
[2023-10-10T08:51:31.882+0000] {processor.py:829} INFO - Processing file /home/airflow/.local/lib/python3.8/site-packages/airflow/example_dags/example_bash_operator.py for tasks to queue
[2023-10-10T08:51:31.884+0000] {logging_mixin.py:151} INFO - [2023-10-10T08:51:31.884+0000] {dagbag.py:539} INFO - Filling up the DagBag from /home/airflow/.local/lib/python3.8/site-packages/airflow/example_dags/example_bash_operator.py
[2023-10-10T08:51:31.948+0000] {processor.py:839} INFO - DAG(s) dict_keys(['example_bash_operator']) retrieved from /home/airflow/.local/lib/python3.8/site-packages/airflow/example_dags/example_bash_operator.py
[2023-10-10T08:51:32.001+0000] {logging_mixin.py:151} INFO - [2023-10-10T08:51:32.001+0000] {dag.py:2915} INFO - Sync 1 DAGs
[2023-10-10T08:51:32.030+0000] {logging_mixin.py:151} INFO - [2023-10-10T08:51:32.030+0000] {dag.py:3696} INFO - Setting next_dagrun for example_bash_operator to 2023-10-09T00:00:00+00:00, run_after=2023-10-10T00:00:00+00:00
[2023-10-10T08:51:32.051+0000] {processor.py:179} INFO - Processing /home/airflow/.local/lib/python3.8/site-packages/airflow/example_dags/example_bash_operator.py took 0.186 seconds
[2023-10-10T08:52:02.418+0000] {processor.py:157} INFO - Started process (PID=84) to work on /home/airflow/.local/lib/python3.8/site-packages/airflow/example_dags/example_bash_operator.py
[2023-10-10T08:52:02.420+0000] {processor.py:829} INFO - Processing file /home/airflow/.local/lib/python3.8/site-packages/airflow/example_dags/example_bash_operator.py for tasks to queue
[2023-10-10T08:52:02.422+0000] {logging_mixin.py:151} INFO - [2023-10-10T08:52:02.422+0000] {dagbag.py:539} INFO - Filling up the DagBag from /home/airflow/.local/lib/python3.8/site-packages/airflow/example_dags/example_bash_operator.py
[2023-10-10T08:52:02.435+0000] {processor.py:839} INFO - DAG(s) dict_keys(['example_bash_operator']) retrieved from /home/airflow/.local/lib/python3.8/site-packages/airflow/example_dags/example_bash_operator.py
[2023-10-10T08:52:02.470+0000] {logging_mixin.py:151} INFO - [2023-10-10T08:52:02.470+0000] {dag.py:2915} INFO - Sync 1 DAGs
[2023-10-10T08:52:02.498+0000] {logging_mixin.py:151} INFO - [2023-10-10T08:52:02.498+0000] {dag.py:3696} INFO - Setting next_dagrun for example_bash_operator to 2023-10-09T00:00:00+00:00, run_after=2023-10-10T00:00:00+00:00
[2023-10-10T08:52:02.519+0000] {processor.py:179} INFO - Processing /home/airflow/.local/lib/python3.8/site-packages/airflow/example_dags/example_bash_operator.py took 0.105 seconds
[2023-10-10T08:52:32.918+0000] {processor.py:157} INFO - Started process (PID=138) to work on /home/airflow/.local/lib/python3.8/site-packages/airflow/example_dags/example_bash_operator.py
[2023-10-10T08:52:32.919+0000] {processor.py:829} INFO - Processing file /home/airflow/.local/lib/python3.8/site-packages/airflow/example_dags/example_bash_operator.py for tasks to queue
[2023-10-10T08:52:32.921+0000] {logging_mixin.py:151} INFO - [2023-10-10T08:52:32.921+0000] {dagbag.py:539} INFO - Filling up the DagBag from /home/airflow/.local/lib/python3.8/site-packages/airflow/example_dags/example_bash_operator.py
[2023-10-10T08:52:32.934+0000] {processor.py:839} INFO - DAG(s) dict_keys(['example_bash_operator']) retrieved from /home/airflow/.local/lib/python3.8/site-packages/airflow/example_dags/example_bash_operator.py
[2023-10-10T08:52:32.968+0000] {logging_mixin.py:151} INFO - [2023-10-10T08:52:32.968+0000] {dag.py:2915} INFO - Sync 1 DAGs
[2023-10-10T08:52:32.995+0000] {logging_mixin.py:151} INFO - [2023-10-10T08:52:32.995+0000] {dag.py:3696} INFO - Setting next_dagrun for example_bash_operator to 2023-10-09T00:00:00+00:00, run_after=2023-10-10T00:00:00+00:00
[2023-10-10T08:52:33.016+0000] {processor.py:179} INFO - Processing /home/airflow/.local/lib/python3.8/site-packages/airflow/example_dags/example_bash_operator.py took 0.102 seconds
[2023-10-10T08:53:03.294+0000] {processor.py:157} INFO - Started process (PID=192) to work on /home/airflow/.local/lib/python3.8/site-packages/airflow/example_dags/example_bash_operator.py
[2023-10-10T08:53:03.295+0000] {processor.py:829} INFO - Processing file /home/airflow/.local/lib/python3.8/site-packages/airflow/example_dags/example_bash_operator.py for tasks to queue
[2023-10-10T08:53:03.297+0000] {logging_mixin.py:151} INFO - [2023-10-10T08:53:03.297+0000] {dagbag.py:539} INFO - Filling up the DagBag from /home/airflow/.local/lib/python3.8/site-packages/airflow/example_dags/example_bash_operator.py
[2023-10-10T08:53:03.310+0000] {processor.py:839} INFO - DAG(s) dict_keys(['example_bash_operator']) retrieved from /home/airflow/.local/lib/python3.8/site-packages/airflow/example_dags/example_bash_operator.py
[2023-10-10T08:53:03.345+0000] {logging_mixin.py:151} INFO - [2023-10-10T08:53:03.345+0000] {dag.py:2915} INFO - Sync 1 DAGs
[2023-10-10T08:53:03.372+0000] {logging_mixin.py:151} INFO - [2023-10-10T08:53:03.372+0000] {dag.py:3696} INFO - Setting next_dagrun for example_bash_operator to 2023-10-09T00:00:00+00:00, run_after=2023-10-10T00:00:00+00:00
[2023-10-10T08:53:03.393+0000] {processor.py:179} INFO - Processing /home/airflow/.local/lib/python3.8/site-packages/airflow/example_dags/example_bash_operator.py took 0.103 seconds
[2023-10-10T08:53:33.516+0000] {processor.py:157} INFO - Started process (PID=246) to work on /home/airflow/.local/lib/python3.8/site-packages/airflow/example_dags/example_bash_operator.py
[2023-10-10T08:53:33.517+0000] {processor.py:829} INFO - Processing file /home/airflow/.local/lib/python3.8/site-packages/airflow/example_dags/example_bash_operator.py for tasks to queue
[2023-10-10T08:53:33.520+0000] {logging_mixin.py:151} INFO - [2023-10-10T08:53:33.520+0000] {dagbag.py:539} INFO - Filling up the DagBag from /home/airflow/.local/lib/python3.8/site-packages/airflow/example_dags/example_bash_operator.py
[2023-10-10T08:53:33.533+0000] {processor.py:839} INFO - DAG(s) dict_keys(['example_bash_operator']) retrieved from /home/airflow/.local/lib/python3.8/site-packages/airflow/example_dags/example_bash_operator.py
[2023-10-10T08:53:33.569+0000] {logging_mixin.py:151} INFO - [2023-10-10T08:53:33.569+0000] {dag.py:2915} INFO - Sync 1 DAGs
[2023-10-10T08:53:33.599+0000] {logging_mixin.py:151} INFO - [2023-10-10T08:53:33.599+0000] {dag.py:3696} INFO - Setting next_dagrun for example_bash_operator to 2023-10-09T00:00:00+00:00, run_after=2023-10-10T00:00:00+00:00
[2023-10-10T08:53:33.622+0000] {processor.py:179} INFO - Processing /home/airflow/.local/lib/python3.8/site-packages/airflow/example_dags/example_bash_operator.py took 0.110 seconds
[2023-10-10T08:54:03.966+0000] {processor.py:157} INFO - Started process (PID=301) to work on /home/airflow/.local/lib/python3.8/site-packages/airflow/example_dags/example_bash_operator.py
[2023-10-10T08:54:03.968+0000] {processor.py:829} INFO - Processing file /home/airflow/.local/lib/python3.8/site-packages/airflow/example_dags/example_bash_operator.py for tasks to queue
[2023-10-10T08:54:03.971+0000] {logging_mixin.py:151} INFO - [2023-10-10T08:54:03.970+0000] {dagbag.py:539} INFO - Filling up the DagBag from /home/airflow/.local/lib/python3.8/site-packages/airflow/example_dags/example_bash_operator.py
[2023-10-10T08:54:03.983+0000] {processor.py:839} INFO - DAG(s) dict_keys(['example_bash_operator']) retrieved from /home/airflow/.local/lib/python3.8/site-packages/airflow/example_dags/example_bash_operator.py
[2023-10-10T08:54:04.016+0000] {logging_mixin.py:151} INFO - [2023-10-10T08:54:04.016+0000] {dag.py:2915} INFO - Sync 1 DAGs
[2023-10-10T08:54:04.043+0000] {logging_mixin.py:151} INFO - [2023-10-10T08:54:04.043+0000] {dag.py:3696} INFO - Setting next_dagrun for example_bash_operator to 2023-10-09T00:00:00+00:00, run_after=2023-10-10T00:00:00+00:00
[2023-10-10T08:54:04.064+0000] {processor.py:179} INFO - Processing /home/airflow/.local/lib/python3.8/site-packages/airflow/example_dags/example_bash_operator.py took 0.102 seconds
[2023-10-10T08:54:34.583+0000] {processor.py:157} INFO - Started process (PID=355) to work on /home/airflow/.local/lib/python3.8/site-packages/airflow/example_dags/example_bash_operator.py
[2023-10-10T08:54:34.586+0000] {processor.py:829} INFO - Processing file /home/airflow/.local/lib/python3.8/site-packages/airflow/example_dags/example_bash_operator.py for tasks to queue
[2023-10-10T08:54:34.588+0000] {logging_mixin.py:151} INFO - [2023-10-10T08:54:34.588+0000] {dagbag.py:539} INFO - Filling up the DagBag from /home/airflow/.local/lib/python3.8/site-packages/airflow/example_dags/example_bash_operator.py
[2023-10-10T08:54:34.601+0000] {processor.py:839} INFO - DAG(s) dict_keys(['example_bash_operator']) retrieved from /home/airflow/.local/lib/python3.8/site-packages/airflow/example_dags/example_bash_operator.py
[2023-10-10T08:54:34.636+0000] {logging_mixin.py:151} INFO - [2023-10-10T08:54:34.636+0000] {dag.py:2915} INFO - Sync 1 DAGs
[2023-10-10T08:54:34.671+0000] {logging_mixin.py:151} INFO - [2023-10-10T08:54:34.671+0000] {dag.py:3696} INFO - Setting next_dagrun for example_bash_operator to 2023-10-09T00:00:00+00:00, run_after=2023-10-10T00:00:00+00:00
[2023-10-10T08:54:34.694+0000] {processor.py:179} INFO - Processing /home/airflow/.local/lib/python3.8/site-packages/airflow/example_dags/example_bash_operator.py took 0.115 seconds
[2023-10-10T08:55:05.102+0000] {processor.py:157} INFO - Started process (PID=410) to work on /home/airflow/.local/lib/python3.8/site-packages/airflow/example_dags/example_bash_operator.py
[2023-10-10T08:55:05.103+0000] {processor.py:829} INFO - Processing file /home/airflow/.local/lib/python3.8/site-packages/airflow/example_dags/example_bash_operator.py for tasks to queue
[2023-10-10T08:55:05.106+0000] {logging_mixin.py:151} INFO - [2023-10-10T08:55:05.106+0000] {dagbag.py:539} INFO - Filling up the DagBag from /home/airflow/.local/lib/python3.8/site-packages/airflow/example_dags/example_bash_operator.py
[2023-10-10T08:55:05.119+0000] {processor.py:839} INFO - DAG(s) dict_keys(['example_bash_operator']) retrieved from /home/airflow/.local/lib/python3.8/site-packages/airflow/example_dags/example_bash_operator.py
[2023-10-10T08:55:05.153+0000] {logging_mixin.py:151} INFO - [2023-10-10T08:55:05.152+0000] {dag.py:2915} INFO - Sync 1 DAGs
[2023-10-10T08:55:05.180+0000] {logging_mixin.py:151} INFO - [2023-10-10T08:55:05.180+0000] {dag.py:3696} INFO - Setting next_dagrun for example_bash_operator to 2023-10-09T00:00:00+00:00, run_after=2023-10-10T00:00:00+00:00
[2023-10-10T08:55:05.200+0000] {processor.py:179} INFO - Processing /home/airflow/.local/lib/python3.8/site-packages/airflow/example_dags/example_bash_operator.py took 0.102 seconds
[2023-10-10T08:55:35.754+0000] {processor.py:157} INFO - Started process (PID=465) to work on /home/airflow/.local/lib/python3.8/site-packages/airflow/example_dags/example_bash_operator.py
[2023-10-10T08:55:35.756+0000] {processor.py:829} INFO - Processing file /home/airflow/.local/lib/python3.8/site-packages/airflow/example_dags/example_bash_operator.py for tasks to queue
[2023-10-10T08:55:35.764+0000] {logging_mixin.py:151} INFO - [2023-10-10T08:55:35.764+0000] {dagbag.py:539} INFO - Filling up the DagBag from /home/airflow/.local/lib/python3.8/site-packages/airflow/example_dags/example_bash_operator.py
[2023-10-10T08:55:35.812+0000] {processor.py:839} INFO - DAG(s) dict_keys(['example_bash_operator']) retrieved from /home/airflow/.local/lib/python3.8/site-packages/airflow/example_dags/example_bash_operator.py
[2023-10-10T08:55:35.886+0000] {logging_mixin.py:151} INFO - [2023-10-10T08:55:35.886+0000] {dag.py:2915} INFO - Sync 1 DAGs
[2023-10-10T08:55:35.935+0000] {logging_mixin.py:151} INFO - [2023-10-10T08:55:35.935+0000] {dag.py:3696} INFO - Setting next_dagrun for example_bash_operator to 2023-10-09T00:00:00+00:00, run_after=2023-10-10T00:00:00+00:00
[2023-10-10T08:55:35.979+0000] {processor.py:179} INFO - Processing /home/airflow/.local/lib/python3.8/site-packages/airflow/example_dags/example_bash_operator.py took 0.233 seconds
[2023-10-10T08:56:06.737+0000] {processor.py:157} INFO - Started process (PID=519) to work on /home/airflow/.local/lib/python3.8/site-packages/airflow/example_dags/example_bash_operator.py
[2023-10-10T08:56:06.742+0000] {processor.py:829} INFO - Processing file /home/airflow/.local/lib/python3.8/site-packages/airflow/example_dags/example_bash_operator.py for tasks to queue
[2023-10-10T08:56:06.744+0000] {logging_mixin.py:151} INFO - [2023-10-10T08:56:06.744+0000] {dagbag.py:539} INFO - Filling up the DagBag from /home/airflow/.local/lib/python3.8/site-packages/airflow/example_dags/example_bash_operator.py
[2023-10-10T08:56:06.757+0000] {processor.py:839} INFO - DAG(s) dict_keys(['example_bash_operator']) retrieved from /home/airflow/.local/lib/python3.8/site-packages/airflow/example_dags/example_bash_operator.py
[2023-10-10T08:56:06.790+0000] {logging_mixin.py:151} INFO - [2023-10-10T08:56:06.790+0000] {dag.py:2915} INFO - Sync 1 DAGs
[2023-10-10T08:56:06.815+0000] {logging_mixin.py:151} INFO - [2023-10-10T08:56:06.815+0000] {dag.py:3696} INFO - Setting next_dagrun for example_bash_operator to 2023-10-09T00:00:00+00:00, run_after=2023-10-10T00:00:00+00:00
[2023-10-10T08:56:06.835+0000] {processor.py:179} INFO - Processing /home/airflow/.local/lib/python3.8/site-packages/airflow/example_dags/example_bash_operator.py took 0.102 seconds
[2023-10-10T08:56:37.326+0000] {processor.py:157} INFO - Started process (PID=573) to work on /home/airflow/.local/lib/python3.8/site-packages/airflow/example_dags/example_bash_operator.py
[2023-10-10T08:56:37.328+0000] {processor.py:829} INFO - Processing file /home/airflow/.local/lib/python3.8/site-packages/airflow/example_dags/example_bash_operator.py for tasks to queue
[2023-10-10T08:56:37.330+0000] {logging_mixin.py:151} INFO - [2023-10-10T08:56:37.330+0000] {dagbag.py:539} INFO - Filling up the DagBag from /home/airflow/.local/lib/python3.8/site-packages/airflow/example_dags/example_bash_operator.py
[2023-10-10T08:56:37.343+0000] {processor.py:839} INFO - DAG(s) dict_keys(['example_bash_operator']) retrieved from /home/airflow/.local/lib/python3.8/site-packages/airflow/example_dags/example_bash_operator.py
[2023-10-10T08:56:37.378+0000] {logging_mixin.py:151} INFO - [2023-10-10T08:56:37.377+0000] {dag.py:2915} INFO - Sync 1 DAGs
[2023-10-10T08:56:37.406+0000] {logging_mixin.py:151} INFO - [2023-10-10T08:56:37.405+0000] {dag.py:3696} INFO - Setting next_dagrun for example_bash_operator to 2023-10-09T00:00:00+00:00, run_after=2023-10-10T00:00:00+00:00
[2023-10-10T08:56:37.426+0000] {processor.py:179} INFO - Processing /home/airflow/.local/lib/python3.8/site-packages/airflow/example_dags/example_bash_operator.py took 0.103 seconds
[2023-10-10T08:57:07.497+0000] {processor.py:157} INFO - Started process (PID=628) to work on /home/airflow/.local/lib/python3.8/site-packages/airflow/example_dags/example_bash_operator.py
[2023-10-10T08:57:07.498+0000] {processor.py:829} INFO - Processing file /home/airflow/.local/lib/python3.8/site-packages/airflow/example_dags/example_bash_operator.py for tasks to queue
[2023-10-10T08:57:07.500+0000] {logging_mixin.py:151} INFO - [2023-10-10T08:57:07.500+0000] {dagbag.py:539} INFO - Filling up the DagBag from /home/airflow/.local/lib/python3.8/site-packages/airflow/example_dags/example_bash_operator.py
[2023-10-10T08:57:07.513+0000] {processor.py:839} INFO - DAG(s) dict_keys(['example_bash_operator']) retrieved from /home/airflow/.local/lib/python3.8/site-packages/airflow/example_dags/example_bash_operator.py
[2023-10-10T08:57:07.548+0000] {logging_mixin.py:151} INFO - [2023-10-10T08:57:07.548+0000] {dag.py:2915} INFO - Sync 1 DAGs
[2023-10-10T08:57:07.575+0000] {logging_mixin.py:151} INFO - [2023-10-10T08:57:07.575+0000] {dag.py:3696} INFO - Setting next_dagrun for example_bash_operator to 2023-10-09T00:00:00+00:00, run_after=2023-10-10T00:00:00+00:00
[2023-10-10T08:57:07.595+0000] {processor.py:179} INFO - Processing /home/airflow/.local/lib/python3.8/site-packages/airflow/example_dags/example_bash_operator.py took 0.102 seconds
