[2023-10-10T08:39:50.016+0000] {processor.py:157} INFO - Started process (PID=54) to work on /home/airflow/.local/lib/python3.8/site-packages/airflow/example_dags/example_branch_python_dop_operator_3.py
[2023-10-10T08:39:50.017+0000] {processor.py:829} INFO - Processing file /home/airflow/.local/lib/python3.8/site-packages/airflow/example_dags/example_branch_python_dop_operator_3.py for tasks to queue
[2023-10-10T08:39:50.019+0000] {logging_mixin.py:151} INFO - [2023-10-10T08:39:50.019+0000] {dagbag.py:539} INFO - Filling up the DagBag from /home/airflow/.local/lib/python3.8/site-packages/airflow/example_dags/example_branch_python_dop_operator_3.py
[2023-10-10T08:39:50.030+0000] {processor.py:839} INFO - DAG(s) dict_keys(['example_branch_dop_operator_v3']) retrieved from /home/airflow/.local/lib/python3.8/site-packages/airflow/example_dags/example_branch_python_dop_operator_3.py
[2023-10-10T08:39:50.044+0000] {logging_mixin.py:151} INFO - [2023-10-10T08:39:50.044+0000] {dag.py:2915} INFO - Sync 1 DAGs
[2023-10-10T08:39:50.076+0000] {logging_mixin.py:151} INFO - [2023-10-10T08:39:50.076+0000] {dag.py:3696} INFO - Setting next_dagrun for example_branch_dop_operator_v3 to 2023-10-10T08:38:00+00:00, run_after=2023-10-10T08:39:00+00:00
[2023-10-10T08:39:50.097+0000] {processor.py:179} INFO - Processing /home/airflow/.local/lib/python3.8/site-packages/airflow/example_dags/example_branch_python_dop_operator_3.py took 0.085 seconds
[2023-10-10T08:40:20.417+0000] {processor.py:157} INFO - Started process (PID=108) to work on /home/airflow/.local/lib/python3.8/site-packages/airflow/example_dags/example_branch_python_dop_operator_3.py
[2023-10-10T08:40:20.418+0000] {processor.py:829} INFO - Processing file /home/airflow/.local/lib/python3.8/site-packages/airflow/example_dags/example_branch_python_dop_operator_3.py for tasks to queue
[2023-10-10T08:40:20.421+0000] {logging_mixin.py:151} INFO - [2023-10-10T08:40:20.420+0000] {dagbag.py:539} INFO - Filling up the DagBag from /home/airflow/.local/lib/python3.8/site-packages/airflow/example_dags/example_branch_python_dop_operator_3.py
[2023-10-10T08:40:20.431+0000] {processor.py:839} INFO - DAG(s) dict_keys(['example_branch_dop_operator_v3']) retrieved from /home/airflow/.local/lib/python3.8/site-packages/airflow/example_dags/example_branch_python_dop_operator_3.py
[2023-10-10T08:40:20.455+0000] {logging_mixin.py:151} INFO - [2023-10-10T08:40:20.455+0000] {dag.py:2915} INFO - Sync 1 DAGs
[2023-10-10T08:40:20.488+0000] {logging_mixin.py:151} INFO - [2023-10-10T08:40:20.488+0000] {dag.py:3696} INFO - Setting next_dagrun for example_branch_dop_operator_v3 to 2023-10-10T08:39:00+00:00, run_after=2023-10-10T08:40:00+00:00
[2023-10-10T08:40:20.511+0000] {processor.py:179} INFO - Processing /home/airflow/.local/lib/python3.8/site-packages/airflow/example_dags/example_branch_python_dop_operator_3.py took 0.098 seconds
[2023-10-10T08:40:50.733+0000] {processor.py:157} INFO - Started process (PID=161) to work on /home/airflow/.local/lib/python3.8/site-packages/airflow/example_dags/example_branch_python_dop_operator_3.py
[2023-10-10T08:40:50.735+0000] {processor.py:829} INFO - Processing file /home/airflow/.local/lib/python3.8/site-packages/airflow/example_dags/example_branch_python_dop_operator_3.py for tasks to queue
[2023-10-10T08:40:50.737+0000] {logging_mixin.py:151} INFO - [2023-10-10T08:40:50.737+0000] {dagbag.py:539} INFO - Filling up the DagBag from /home/airflow/.local/lib/python3.8/site-packages/airflow/example_dags/example_branch_python_dop_operator_3.py
[2023-10-10T08:40:50.747+0000] {processor.py:839} INFO - DAG(s) dict_keys(['example_branch_dop_operator_v3']) retrieved from /home/airflow/.local/lib/python3.8/site-packages/airflow/example_dags/example_branch_python_dop_operator_3.py
[2023-10-10T08:40:50.774+0000] {logging_mixin.py:151} INFO - [2023-10-10T08:40:50.774+0000] {dag.py:2915} INFO - Sync 1 DAGs
[2023-10-10T08:40:50.805+0000] {logging_mixin.py:151} INFO - [2023-10-10T08:40:50.805+0000] {dag.py:3696} INFO - Setting next_dagrun for example_branch_dop_operator_v3 to 2023-10-10T08:39:00+00:00, run_after=2023-10-10T08:40:00+00:00
[2023-10-10T08:40:50.826+0000] {processor.py:179} INFO - Processing /home/airflow/.local/lib/python3.8/site-packages/airflow/example_dags/example_branch_python_dop_operator_3.py took 0.097 seconds
[2023-10-10T08:41:21.411+0000] {processor.py:157} INFO - Started process (PID=215) to work on /home/airflow/.local/lib/python3.8/site-packages/airflow/example_dags/example_branch_python_dop_operator_3.py
[2023-10-10T08:41:21.413+0000] {processor.py:829} INFO - Processing file /home/airflow/.local/lib/python3.8/site-packages/airflow/example_dags/example_branch_python_dop_operator_3.py for tasks to queue
[2023-10-10T08:41:21.415+0000] {logging_mixin.py:151} INFO - [2023-10-10T08:41:21.415+0000] {dagbag.py:539} INFO - Filling up the DagBag from /home/airflow/.local/lib/python3.8/site-packages/airflow/example_dags/example_branch_python_dop_operator_3.py
[2023-10-10T08:41:21.425+0000] {processor.py:839} INFO - DAG(s) dict_keys(['example_branch_dop_operator_v3']) retrieved from /home/airflow/.local/lib/python3.8/site-packages/airflow/example_dags/example_branch_python_dop_operator_3.py
[2023-10-10T08:41:21.449+0000] {logging_mixin.py:151} INFO - [2023-10-10T08:41:21.449+0000] {dag.py:2915} INFO - Sync 1 DAGs
[2023-10-10T08:41:21.481+0000] {logging_mixin.py:151} INFO - [2023-10-10T08:41:21.481+0000] {dag.py:3696} INFO - Setting next_dagrun for example_branch_dop_operator_v3 to 2023-10-10T08:40:00+00:00, run_after=2023-10-10T08:41:00+00:00
[2023-10-10T08:41:21.502+0000] {processor.py:179} INFO - Processing /home/airflow/.local/lib/python3.8/site-packages/airflow/example_dags/example_branch_python_dop_operator_3.py took 0.094 seconds
[2023-10-10T08:43:50.406+0000] {processor.py:157} INFO - Started process (PID=55) to work on /home/airflow/.local/lib/python3.8/site-packages/airflow/example_dags/example_branch_python_dop_operator_3.py
[2023-10-10T08:43:50.407+0000] {processor.py:829} INFO - Processing file /home/airflow/.local/lib/python3.8/site-packages/airflow/example_dags/example_branch_python_dop_operator_3.py for tasks to queue
[2023-10-10T08:43:50.409+0000] {logging_mixin.py:151} INFO - [2023-10-10T08:43:50.409+0000] {dagbag.py:539} INFO - Filling up the DagBag from /home/airflow/.local/lib/python3.8/site-packages/airflow/example_dags/example_branch_python_dop_operator_3.py
[2023-10-10T08:43:50.420+0000] {processor.py:839} INFO - DAG(s) dict_keys(['example_branch_dop_operator_v3']) retrieved from /home/airflow/.local/lib/python3.8/site-packages/airflow/example_dags/example_branch_python_dop_operator_3.py
[2023-10-10T08:43:50.434+0000] {logging_mixin.py:151} INFO - [2023-10-10T08:43:50.434+0000] {dag.py:2915} INFO - Sync 1 DAGs
[2023-10-10T08:43:50.466+0000] {logging_mixin.py:151} INFO - [2023-10-10T08:43:50.466+0000] {dag.py:3696} INFO - Setting next_dagrun for example_branch_dop_operator_v3 to 2023-10-10T08:42:00+00:00, run_after=2023-10-10T08:43:00+00:00
[2023-10-10T08:43:50.491+0000] {processor.py:179} INFO - Processing /home/airflow/.local/lib/python3.8/site-packages/airflow/example_dags/example_branch_python_dop_operator_3.py took 0.089 seconds
[2023-10-10T08:44:21.089+0000] {processor.py:157} INFO - Started process (PID=109) to work on /home/airflow/.local/lib/python3.8/site-packages/airflow/example_dags/example_branch_python_dop_operator_3.py
[2023-10-10T08:44:21.091+0000] {processor.py:829} INFO - Processing file /home/airflow/.local/lib/python3.8/site-packages/airflow/example_dags/example_branch_python_dop_operator_3.py for tasks to queue
[2023-10-10T08:44:21.093+0000] {logging_mixin.py:151} INFO - [2023-10-10T08:44:21.093+0000] {dagbag.py:539} INFO - Filling up the DagBag from /home/airflow/.local/lib/python3.8/site-packages/airflow/example_dags/example_branch_python_dop_operator_3.py
[2023-10-10T08:44:21.104+0000] {processor.py:839} INFO - DAG(s) dict_keys(['example_branch_dop_operator_v3']) retrieved from /home/airflow/.local/lib/python3.8/site-packages/airflow/example_dags/example_branch_python_dop_operator_3.py
[2023-10-10T08:44:21.127+0000] {logging_mixin.py:151} INFO - [2023-10-10T08:44:21.127+0000] {dag.py:2915} INFO - Sync 1 DAGs
[2023-10-10T08:44:21.158+0000] {logging_mixin.py:151} INFO - [2023-10-10T08:44:21.158+0000] {dag.py:3696} INFO - Setting next_dagrun for example_branch_dop_operator_v3 to 2023-10-10T08:43:00+00:00, run_after=2023-10-10T08:44:00+00:00
[2023-10-10T08:44:21.179+0000] {processor.py:179} INFO - Processing /home/airflow/.local/lib/python3.8/site-packages/airflow/example_dags/example_branch_python_dop_operator_3.py took 0.094 seconds
[2023-10-10T08:44:52.152+0000] {processor.py:157} INFO - Started process (PID=163) to work on /home/airflow/.local/lib/python3.8/site-packages/airflow/example_dags/example_branch_python_dop_operator_3.py
[2023-10-10T08:44:52.153+0000] {processor.py:829} INFO - Processing file /home/airflow/.local/lib/python3.8/site-packages/airflow/example_dags/example_branch_python_dop_operator_3.py for tasks to queue
[2023-10-10T08:44:52.155+0000] {logging_mixin.py:151} INFO - [2023-10-10T08:44:52.155+0000] {dagbag.py:539} INFO - Filling up the DagBag from /home/airflow/.local/lib/python3.8/site-packages/airflow/example_dags/example_branch_python_dop_operator_3.py
[2023-10-10T08:44:52.166+0000] {processor.py:839} INFO - DAG(s) dict_keys(['example_branch_dop_operator_v3']) retrieved from /home/airflow/.local/lib/python3.8/site-packages/airflow/example_dags/example_branch_python_dop_operator_3.py
[2023-10-10T08:44:52.189+0000] {logging_mixin.py:151} INFO - [2023-10-10T08:44:52.189+0000] {dag.py:2915} INFO - Sync 1 DAGs
[2023-10-10T08:44:52.220+0000] {logging_mixin.py:151} INFO - [2023-10-10T08:44:52.220+0000] {dag.py:3696} INFO - Setting next_dagrun for example_branch_dop_operator_v3 to 2023-10-10T08:43:00+00:00, run_after=2023-10-10T08:44:00+00:00
[2023-10-10T08:44:52.241+0000] {processor.py:179} INFO - Processing /home/airflow/.local/lib/python3.8/site-packages/airflow/example_dags/example_branch_python_dop_operator_3.py took 0.093 seconds
[2023-10-10T08:45:22.544+0000] {processor.py:157} INFO - Started process (PID=216) to work on /home/airflow/.local/lib/python3.8/site-packages/airflow/example_dags/example_branch_python_dop_operator_3.py
[2023-10-10T08:45:22.545+0000] {processor.py:829} INFO - Processing file /home/airflow/.local/lib/python3.8/site-packages/airflow/example_dags/example_branch_python_dop_operator_3.py for tasks to queue
[2023-10-10T08:45:22.547+0000] {logging_mixin.py:151} INFO - [2023-10-10T08:45:22.547+0000] {dagbag.py:539} INFO - Filling up the DagBag from /home/airflow/.local/lib/python3.8/site-packages/airflow/example_dags/example_branch_python_dop_operator_3.py
[2023-10-10T08:45:22.558+0000] {processor.py:839} INFO - DAG(s) dict_keys(['example_branch_dop_operator_v3']) retrieved from /home/airflow/.local/lib/python3.8/site-packages/airflow/example_dags/example_branch_python_dop_operator_3.py
[2023-10-10T08:45:22.586+0000] {logging_mixin.py:151} INFO - [2023-10-10T08:45:22.586+0000] {dag.py:2915} INFO - Sync 1 DAGs
[2023-10-10T08:45:22.621+0000] {logging_mixin.py:151} INFO - [2023-10-10T08:45:22.621+0000] {dag.py:3696} INFO - Setting next_dagrun for example_branch_dop_operator_v3 to 2023-10-10T08:44:00+00:00, run_after=2023-10-10T08:45:00+00:00
[2023-10-10T08:45:22.645+0000] {processor.py:179} INFO - Processing /home/airflow/.local/lib/python3.8/site-packages/airflow/example_dags/example_branch_python_dop_operator_3.py took 0.105 seconds
[2023-10-10T08:46:30.500+0000] {processor.py:157} INFO - Started process (PID=54) to work on /home/airflow/.local/lib/python3.8/site-packages/airflow/example_dags/example_branch_python_dop_operator_3.py
[2023-10-10T08:46:30.505+0000] {processor.py:829} INFO - Processing file /home/airflow/.local/lib/python3.8/site-packages/airflow/example_dags/example_branch_python_dop_operator_3.py for tasks to queue
[2023-10-10T08:46:30.508+0000] {logging_mixin.py:151} INFO - [2023-10-10T08:46:30.507+0000] {dagbag.py:539} INFO - Filling up the DagBag from /home/airflow/.local/lib/python3.8/site-packages/airflow/example_dags/example_branch_python_dop_operator_3.py
[2023-10-10T08:46:30.536+0000] {processor.py:839} INFO - DAG(s) dict_keys(['example_branch_dop_operator_v3']) retrieved from /home/airflow/.local/lib/python3.8/site-packages/airflow/example_dags/example_branch_python_dop_operator_3.py
[2023-10-10T08:46:30.555+0000] {logging_mixin.py:151} INFO - [2023-10-10T08:46:30.555+0000] {dag.py:2915} INFO - Sync 1 DAGs
[2023-10-10T08:46:30.589+0000] {logging_mixin.py:151} INFO - [2023-10-10T08:46:30.589+0000] {dag.py:3696} INFO - Setting next_dagrun for example_branch_dop_operator_v3 to 2023-10-10T08:45:00+00:00, run_after=2023-10-10T08:46:00+00:00
[2023-10-10T08:46:30.609+0000] {processor.py:179} INFO - Processing /home/airflow/.local/lib/python3.8/site-packages/airflow/example_dags/example_branch_python_dop_operator_3.py took 0.116 seconds
[2023-10-10T08:47:00.752+0000] {processor.py:157} INFO - Started process (PID=108) to work on /home/airflow/.local/lib/python3.8/site-packages/airflow/example_dags/example_branch_python_dop_operator_3.py
[2023-10-10T08:47:00.753+0000] {processor.py:829} INFO - Processing file /home/airflow/.local/lib/python3.8/site-packages/airflow/example_dags/example_branch_python_dop_operator_3.py for tasks to queue
[2023-10-10T08:47:00.755+0000] {logging_mixin.py:151} INFO - [2023-10-10T08:47:00.755+0000] {dagbag.py:539} INFO - Filling up the DagBag from /home/airflow/.local/lib/python3.8/site-packages/airflow/example_dags/example_branch_python_dop_operator_3.py
[2023-10-10T08:47:00.766+0000] {processor.py:839} INFO - DAG(s) dict_keys(['example_branch_dop_operator_v3']) retrieved from /home/airflow/.local/lib/python3.8/site-packages/airflow/example_dags/example_branch_python_dop_operator_3.py
[2023-10-10T08:47:00.788+0000] {logging_mixin.py:151} INFO - [2023-10-10T08:47:00.788+0000] {dag.py:2915} INFO - Sync 1 DAGs
[2023-10-10T08:47:00.822+0000] {logging_mixin.py:151} INFO - [2023-10-10T08:47:00.822+0000] {dag.py:3696} INFO - Setting next_dagrun for example_branch_dop_operator_v3 to 2023-10-10T08:46:00+00:00, run_after=2023-10-10T08:47:00+00:00
[2023-10-10T08:47:00.843+0000] {processor.py:179} INFO - Processing /home/airflow/.local/lib/python3.8/site-packages/airflow/example_dags/example_branch_python_dop_operator_3.py took 0.094 seconds
[2023-10-10T08:47:31.352+0000] {processor.py:157} INFO - Started process (PID=162) to work on /home/airflow/.local/lib/python3.8/site-packages/airflow/example_dags/example_branch_python_dop_operator_3.py
[2023-10-10T08:47:31.354+0000] {processor.py:829} INFO - Processing file /home/airflow/.local/lib/python3.8/site-packages/airflow/example_dags/example_branch_python_dop_operator_3.py for tasks to queue
[2023-10-10T08:47:31.356+0000] {logging_mixin.py:151} INFO - [2023-10-10T08:47:31.356+0000] {dagbag.py:539} INFO - Filling up the DagBag from /home/airflow/.local/lib/python3.8/site-packages/airflow/example_dags/example_branch_python_dop_operator_3.py
[2023-10-10T08:47:31.367+0000] {processor.py:839} INFO - DAG(s) dict_keys(['example_branch_dop_operator_v3']) retrieved from /home/airflow/.local/lib/python3.8/site-packages/airflow/example_dags/example_branch_python_dop_operator_3.py
[2023-10-10T08:47:31.389+0000] {logging_mixin.py:151} INFO - [2023-10-10T08:47:31.389+0000] {dag.py:2915} INFO - Sync 1 DAGs
[2023-10-10T08:47:31.420+0000] {logging_mixin.py:151} INFO - [2023-10-10T08:47:31.419+0000] {dag.py:3696} INFO - Setting next_dagrun for example_branch_dop_operator_v3 to 2023-10-10T08:46:00+00:00, run_after=2023-10-10T08:47:00+00:00
[2023-10-10T08:47:31.439+0000] {processor.py:179} INFO - Processing /home/airflow/.local/lib/python3.8/site-packages/airflow/example_dags/example_branch_python_dop_operator_3.py took 0.090 seconds
[2023-10-10T08:51:33.402+0000] {processor.py:157} INFO - Started process (PID=54) to work on /home/airflow/.local/lib/python3.8/site-packages/airflow/example_dags/example_branch_python_dop_operator_3.py
[2023-10-10T08:51:33.408+0000] {processor.py:829} INFO - Processing file /home/airflow/.local/lib/python3.8/site-packages/airflow/example_dags/example_branch_python_dop_operator_3.py for tasks to queue
[2023-10-10T08:51:33.418+0000] {logging_mixin.py:151} INFO - [2023-10-10T08:51:33.418+0000] {dagbag.py:539} INFO - Filling up the DagBag from /home/airflow/.local/lib/python3.8/site-packages/airflow/example_dags/example_branch_python_dop_operator_3.py
[2023-10-10T08:51:33.433+0000] {processor.py:839} INFO - DAG(s) dict_keys(['example_branch_dop_operator_v3']) retrieved from /home/airflow/.local/lib/python3.8/site-packages/airflow/example_dags/example_branch_python_dop_operator_3.py
[2023-10-10T08:51:33.446+0000] {logging_mixin.py:151} INFO - [2023-10-10T08:51:33.446+0000] {dag.py:2915} INFO - Sync 1 DAGs
[2023-10-10T08:51:33.481+0000] {logging_mixin.py:151} INFO - [2023-10-10T08:51:33.481+0000] {dag.py:3696} INFO - Setting next_dagrun for example_branch_dop_operator_v3 to 2023-10-10T08:50:00+00:00, run_after=2023-10-10T08:51:00+00:00
[2023-10-10T08:51:33.501+0000] {processor.py:179} INFO - Processing /home/airflow/.local/lib/python3.8/site-packages/airflow/example_dags/example_branch_python_dop_operator_3.py took 0.103 seconds
[2023-10-10T08:52:03.990+0000] {processor.py:157} INFO - Started process (PID=108) to work on /home/airflow/.local/lib/python3.8/site-packages/airflow/example_dags/example_branch_python_dop_operator_3.py
[2023-10-10T08:52:03.992+0000] {processor.py:829} INFO - Processing file /home/airflow/.local/lib/python3.8/site-packages/airflow/example_dags/example_branch_python_dop_operator_3.py for tasks to queue
[2023-10-10T08:52:03.994+0000] {logging_mixin.py:151} INFO - [2023-10-10T08:52:03.994+0000] {dagbag.py:539} INFO - Filling up the DagBag from /home/airflow/.local/lib/python3.8/site-packages/airflow/example_dags/example_branch_python_dop_operator_3.py
[2023-10-10T08:52:04.004+0000] {processor.py:839} INFO - DAG(s) dict_keys(['example_branch_dop_operator_v3']) retrieved from /home/airflow/.local/lib/python3.8/site-packages/airflow/example_dags/example_branch_python_dop_operator_3.py
[2023-10-10T08:52:04.027+0000] {logging_mixin.py:151} INFO - [2023-10-10T08:52:04.027+0000] {dag.py:2915} INFO - Sync 1 DAGs
[2023-10-10T08:52:04.060+0000] {logging_mixin.py:151} INFO - [2023-10-10T08:52:04.060+0000] {dag.py:3696} INFO - Setting next_dagrun for example_branch_dop_operator_v3 to 2023-10-10T08:51:00+00:00, run_after=2023-10-10T08:52:00+00:00
[2023-10-10T08:52:04.080+0000] {processor.py:179} INFO - Processing /home/airflow/.local/lib/python3.8/site-packages/airflow/example_dags/example_branch_python_dop_operator_3.py took 0.094 seconds
[2023-10-10T08:52:34.290+0000] {processor.py:157} INFO - Started process (PID=162) to work on /home/airflow/.local/lib/python3.8/site-packages/airflow/example_dags/example_branch_python_dop_operator_3.py
[2023-10-10T08:52:34.292+0000] {processor.py:829} INFO - Processing file /home/airflow/.local/lib/python3.8/site-packages/airflow/example_dags/example_branch_python_dop_operator_3.py for tasks to queue
[2023-10-10T08:52:34.294+0000] {logging_mixin.py:151} INFO - [2023-10-10T08:52:34.294+0000] {dagbag.py:539} INFO - Filling up the DagBag from /home/airflow/.local/lib/python3.8/site-packages/airflow/example_dags/example_branch_python_dop_operator_3.py
[2023-10-10T08:52:34.304+0000] {processor.py:839} INFO - DAG(s) dict_keys(['example_branch_dop_operator_v3']) retrieved from /home/airflow/.local/lib/python3.8/site-packages/airflow/example_dags/example_branch_python_dop_operator_3.py
[2023-10-10T08:52:34.327+0000] {logging_mixin.py:151} INFO - [2023-10-10T08:52:34.327+0000] {dag.py:2915} INFO - Sync 1 DAGs
[2023-10-10T08:52:34.357+0000] {logging_mixin.py:151} INFO - [2023-10-10T08:52:34.357+0000] {dag.py:3696} INFO - Setting next_dagrun for example_branch_dop_operator_v3 to 2023-10-10T08:51:00+00:00, run_after=2023-10-10T08:52:00+00:00
[2023-10-10T08:52:34.379+0000] {processor.py:179} INFO - Processing /home/airflow/.local/lib/python3.8/site-packages/airflow/example_dags/example_branch_python_dop_operator_3.py took 0.092 seconds
[2023-10-10T08:53:04.684+0000] {processor.py:157} INFO - Started process (PID=216) to work on /home/airflow/.local/lib/python3.8/site-packages/airflow/example_dags/example_branch_python_dop_operator_3.py
[2023-10-10T08:53:04.685+0000] {processor.py:829} INFO - Processing file /home/airflow/.local/lib/python3.8/site-packages/airflow/example_dags/example_branch_python_dop_operator_3.py for tasks to queue
[2023-10-10T08:53:04.687+0000] {logging_mixin.py:151} INFO - [2023-10-10T08:53:04.687+0000] {dagbag.py:539} INFO - Filling up the DagBag from /home/airflow/.local/lib/python3.8/site-packages/airflow/example_dags/example_branch_python_dop_operator_3.py
[2023-10-10T08:53:04.697+0000] {processor.py:839} INFO - DAG(s) dict_keys(['example_branch_dop_operator_v3']) retrieved from /home/airflow/.local/lib/python3.8/site-packages/airflow/example_dags/example_branch_python_dop_operator_3.py
[2023-10-10T08:53:04.721+0000] {logging_mixin.py:151} INFO - [2023-10-10T08:53:04.720+0000] {dag.py:2915} INFO - Sync 1 DAGs
[2023-10-10T08:53:04.752+0000] {logging_mixin.py:151} INFO - [2023-10-10T08:53:04.752+0000] {dag.py:3696} INFO - Setting next_dagrun for example_branch_dop_operator_v3 to 2023-10-10T08:52:00+00:00, run_after=2023-10-10T08:53:00+00:00
[2023-10-10T08:53:04.773+0000] {processor.py:179} INFO - Processing /home/airflow/.local/lib/python3.8/site-packages/airflow/example_dags/example_branch_python_dop_operator_3.py took 0.093 seconds
[2023-10-10T08:53:35.022+0000] {processor.py:157} INFO - Started process (PID=270) to work on /home/airflow/.local/lib/python3.8/site-packages/airflow/example_dags/example_branch_python_dop_operator_3.py
[2023-10-10T08:53:35.024+0000] {processor.py:829} INFO - Processing file /home/airflow/.local/lib/python3.8/site-packages/airflow/example_dags/example_branch_python_dop_operator_3.py for tasks to queue
[2023-10-10T08:53:35.026+0000] {logging_mixin.py:151} INFO - [2023-10-10T08:53:35.026+0000] {dagbag.py:539} INFO - Filling up the DagBag from /home/airflow/.local/lib/python3.8/site-packages/airflow/example_dags/example_branch_python_dop_operator_3.py
[2023-10-10T08:53:35.037+0000] {processor.py:839} INFO - DAG(s) dict_keys(['example_branch_dop_operator_v3']) retrieved from /home/airflow/.local/lib/python3.8/site-packages/airflow/example_dags/example_branch_python_dop_operator_3.py
[2023-10-10T08:53:35.059+0000] {logging_mixin.py:151} INFO - [2023-10-10T08:53:35.059+0000] {dag.py:2915} INFO - Sync 1 DAGs
[2023-10-10T08:53:35.091+0000] {logging_mixin.py:151} INFO - [2023-10-10T08:53:35.091+0000] {dag.py:3696} INFO - Setting next_dagrun for example_branch_dop_operator_v3 to 2023-10-10T08:52:00+00:00, run_after=2023-10-10T08:53:00+00:00
[2023-10-10T08:53:35.111+0000] {processor.py:179} INFO - Processing /home/airflow/.local/lib/python3.8/site-packages/airflow/example_dags/example_branch_python_dop_operator_3.py took 0.095 seconds
[2023-10-10T08:54:09.847+0000] {processor.py:157} INFO - Started process (PID=325) to work on /home/airflow/.local/lib/python3.8/site-packages/airflow/example_dags/example_branch_python_dop_operator_3.py
[2023-10-10T08:54:09.848+0000] {processor.py:829} INFO - Processing file /home/airflow/.local/lib/python3.8/site-packages/airflow/example_dags/example_branch_python_dop_operator_3.py for tasks to queue
[2023-10-10T08:54:09.851+0000] {logging_mixin.py:151} INFO - [2023-10-10T08:54:09.850+0000] {dagbag.py:539} INFO - Filling up the DagBag from /home/airflow/.local/lib/python3.8/site-packages/airflow/example_dags/example_branch_python_dop_operator_3.py
[2023-10-10T08:54:09.861+0000] {processor.py:839} INFO - DAG(s) dict_keys(['example_branch_dop_operator_v3']) retrieved from /home/airflow/.local/lib/python3.8/site-packages/airflow/example_dags/example_branch_python_dop_operator_3.py
[2023-10-10T08:54:09.884+0000] {logging_mixin.py:151} INFO - [2023-10-10T08:54:09.884+0000] {dag.py:2915} INFO - Sync 1 DAGs
[2023-10-10T08:54:09.916+0000] {logging_mixin.py:151} INFO - [2023-10-10T08:54:09.916+0000] {dag.py:3696} INFO - Setting next_dagrun for example_branch_dop_operator_v3 to 2023-10-10T08:53:00+00:00, run_after=2023-10-10T08:54:00+00:00
[2023-10-10T08:54:09.937+0000] {processor.py:179} INFO - Processing /home/airflow/.local/lib/python3.8/site-packages/airflow/example_dags/example_branch_python_dop_operator_3.py took 0.094 seconds
[2023-10-10T08:54:40.002+0000] {processor.py:157} INFO - Started process (PID=378) to work on /home/airflow/.local/lib/python3.8/site-packages/airflow/example_dags/example_branch_python_dop_operator_3.py
[2023-10-10T08:54:40.005+0000] {processor.py:829} INFO - Processing file /home/airflow/.local/lib/python3.8/site-packages/airflow/example_dags/example_branch_python_dop_operator_3.py for tasks to queue
[2023-10-10T08:54:40.008+0000] {logging_mixin.py:151} INFO - [2023-10-10T08:54:40.007+0000] {dagbag.py:539} INFO - Filling up the DagBag from /home/airflow/.local/lib/python3.8/site-packages/airflow/example_dags/example_branch_python_dop_operator_3.py
[2023-10-10T08:54:40.018+0000] {processor.py:839} INFO - DAG(s) dict_keys(['example_branch_dop_operator_v3']) retrieved from /home/airflow/.local/lib/python3.8/site-packages/airflow/example_dags/example_branch_python_dop_operator_3.py
[2023-10-10T08:54:40.041+0000] {logging_mixin.py:151} INFO - [2023-10-10T08:54:40.041+0000] {dag.py:2915} INFO - Sync 1 DAGs
[2023-10-10T08:54:40.072+0000] {logging_mixin.py:151} INFO - [2023-10-10T08:54:40.072+0000] {dag.py:3696} INFO - Setting next_dagrun for example_branch_dop_operator_v3 to 2023-10-10T08:53:00+00:00, run_after=2023-10-10T08:54:00+00:00
[2023-10-10T08:54:40.093+0000] {processor.py:179} INFO - Processing /home/airflow/.local/lib/python3.8/site-packages/airflow/example_dags/example_branch_python_dop_operator_3.py took 0.094 seconds
[2023-10-10T08:55:10.330+0000] {processor.py:157} INFO - Started process (PID=433) to work on /home/airflow/.local/lib/python3.8/site-packages/airflow/example_dags/example_branch_python_dop_operator_3.py
[2023-10-10T08:55:10.331+0000] {processor.py:829} INFO - Processing file /home/airflow/.local/lib/python3.8/site-packages/airflow/example_dags/example_branch_python_dop_operator_3.py for tasks to queue
[2023-10-10T08:55:10.334+0000] {logging_mixin.py:151} INFO - [2023-10-10T08:55:10.333+0000] {dagbag.py:539} INFO - Filling up the DagBag from /home/airflow/.local/lib/python3.8/site-packages/airflow/example_dags/example_branch_python_dop_operator_3.py
[2023-10-10T08:55:10.345+0000] {processor.py:839} INFO - DAG(s) dict_keys(['example_branch_dop_operator_v3']) retrieved from /home/airflow/.local/lib/python3.8/site-packages/airflow/example_dags/example_branch_python_dop_operator_3.py
[2023-10-10T08:55:10.372+0000] {logging_mixin.py:151} INFO - [2023-10-10T08:55:10.372+0000] {dag.py:2915} INFO - Sync 1 DAGs
[2023-10-10T08:55:10.405+0000] {logging_mixin.py:151} INFO - [2023-10-10T08:55:10.404+0000] {dag.py:3696} INFO - Setting next_dagrun for example_branch_dop_operator_v3 to 2023-10-10T08:54:00+00:00, run_after=2023-10-10T08:55:00+00:00
[2023-10-10T08:55:10.426+0000] {processor.py:179} INFO - Processing /home/airflow/.local/lib/python3.8/site-packages/airflow/example_dags/example_branch_python_dop_operator_3.py took 0.100 seconds
[2023-10-10T08:55:40.842+0000] {processor.py:157} INFO - Started process (PID=488) to work on /home/airflow/.local/lib/python3.8/site-packages/airflow/example_dags/example_branch_python_dop_operator_3.py
[2023-10-10T08:55:40.843+0000] {processor.py:829} INFO - Processing file /home/airflow/.local/lib/python3.8/site-packages/airflow/example_dags/example_branch_python_dop_operator_3.py for tasks to queue
[2023-10-10T08:55:40.845+0000] {logging_mixin.py:151} INFO - [2023-10-10T08:55:40.845+0000] {dagbag.py:539} INFO - Filling up the DagBag from /home/airflow/.local/lib/python3.8/site-packages/airflow/example_dags/example_branch_python_dop_operator_3.py
[2023-10-10T08:55:40.856+0000] {processor.py:839} INFO - DAG(s) dict_keys(['example_branch_dop_operator_v3']) retrieved from /home/airflow/.local/lib/python3.8/site-packages/airflow/example_dags/example_branch_python_dop_operator_3.py
[2023-10-10T08:55:40.879+0000] {logging_mixin.py:151} INFO - [2023-10-10T08:55:40.879+0000] {dag.py:2915} INFO - Sync 1 DAGs
[2023-10-10T08:55:40.913+0000] {logging_mixin.py:151} INFO - [2023-10-10T08:55:40.913+0000] {dag.py:3696} INFO - Setting next_dagrun for example_branch_dop_operator_v3 to 2023-10-10T08:54:00+00:00, run_after=2023-10-10T08:55:00+00:00
[2023-10-10T08:55:40.935+0000] {processor.py:179} INFO - Processing /home/airflow/.local/lib/python3.8/site-packages/airflow/example_dags/example_branch_python_dop_operator_3.py took 0.097 seconds
[2023-10-10T08:56:11.358+0000] {processor.py:157} INFO - Started process (PID=542) to work on /home/airflow/.local/lib/python3.8/site-packages/airflow/example_dags/example_branch_python_dop_operator_3.py
[2023-10-10T08:56:11.360+0000] {processor.py:829} INFO - Processing file /home/airflow/.local/lib/python3.8/site-packages/airflow/example_dags/example_branch_python_dop_operator_3.py for tasks to queue
[2023-10-10T08:56:11.362+0000] {logging_mixin.py:151} INFO - [2023-10-10T08:56:11.362+0000] {dagbag.py:539} INFO - Filling up the DagBag from /home/airflow/.local/lib/python3.8/site-packages/airflow/example_dags/example_branch_python_dop_operator_3.py
[2023-10-10T08:56:11.372+0000] {processor.py:839} INFO - DAG(s) dict_keys(['example_branch_dop_operator_v3']) retrieved from /home/airflow/.local/lib/python3.8/site-packages/airflow/example_dags/example_branch_python_dop_operator_3.py
[2023-10-10T08:56:11.396+0000] {logging_mixin.py:151} INFO - [2023-10-10T08:56:11.396+0000] {dag.py:2915} INFO - Sync 1 DAGs
[2023-10-10T08:56:11.427+0000] {logging_mixin.py:151} INFO - [2023-10-10T08:56:11.427+0000] {dag.py:3696} INFO - Setting next_dagrun for example_branch_dop_operator_v3 to 2023-10-10T08:55:00+00:00, run_after=2023-10-10T08:56:00+00:00
[2023-10-10T08:56:11.448+0000] {processor.py:179} INFO - Processing /home/airflow/.local/lib/python3.8/site-packages/airflow/example_dags/example_branch_python_dop_operator_3.py took 0.094 seconds
[2023-10-10T08:56:41.576+0000] {processor.py:157} INFO - Started process (PID=595) to work on /home/airflow/.local/lib/python3.8/site-packages/airflow/example_dags/example_branch_python_dop_operator_3.py
[2023-10-10T08:56:41.577+0000] {processor.py:829} INFO - Processing file /home/airflow/.local/lib/python3.8/site-packages/airflow/example_dags/example_branch_python_dop_operator_3.py for tasks to queue
[2023-10-10T08:56:41.580+0000] {logging_mixin.py:151} INFO - [2023-10-10T08:56:41.579+0000] {dagbag.py:539} INFO - Filling up the DagBag from /home/airflow/.local/lib/python3.8/site-packages/airflow/example_dags/example_branch_python_dop_operator_3.py
[2023-10-10T08:56:41.590+0000] {processor.py:839} INFO - DAG(s) dict_keys(['example_branch_dop_operator_v3']) retrieved from /home/airflow/.local/lib/python3.8/site-packages/airflow/example_dags/example_branch_python_dop_operator_3.py
[2023-10-10T08:56:41.614+0000] {logging_mixin.py:151} INFO - [2023-10-10T08:56:41.613+0000] {dag.py:2915} INFO - Sync 1 DAGs
[2023-10-10T08:56:41.645+0000] {logging_mixin.py:151} INFO - [2023-10-10T08:56:41.645+0000] {dag.py:3696} INFO - Setting next_dagrun for example_branch_dop_operator_v3 to 2023-10-10T08:55:00+00:00, run_after=2023-10-10T08:56:00+00:00
[2023-10-10T08:56:41.665+0000] {processor.py:179} INFO - Processing /home/airflow/.local/lib/python3.8/site-packages/airflow/example_dags/example_branch_python_dop_operator_3.py took 0.094 seconds
