[2023-10-10T08:39:48.677+0000] {processor.py:157} INFO - Started process (PID=34) to work on /home/airflow/.local/lib/python3.8/site-packages/airflow/example_dags/example_branch_day_of_week_operator.py
[2023-10-10T08:39:48.678+0000] {processor.py:829} INFO - Processing file /home/airflow/.local/lib/python3.8/site-packages/airflow/example_dags/example_branch_day_of_week_operator.py for tasks to queue
[2023-10-10T08:39:48.681+0000] {logging_mixin.py:151} INFO - [2023-10-10T08:39:48.680+0000] {dagbag.py:539} INFO - Filling up the DagBag from /home/airflow/.local/lib/python3.8/site-packages/airflow/example_dags/example_branch_day_of_week_operator.py
[2023-10-10T08:39:48.695+0000] {processor.py:839} INFO - DAG(s) dict_keys(['example_weekday_branch_operator']) retrieved from /home/airflow/.local/lib/python3.8/site-packages/airflow/example_dags/example_branch_day_of_week_operator.py
[2023-10-10T08:39:48.710+0000] {logging_mixin.py:151} INFO - [2023-10-10T08:39:48.710+0000] {dag.py:2915} INFO - Sync 1 DAGs
[2023-10-10T08:39:48.738+0000] {logging_mixin.py:151} INFO - [2023-10-10T08:39:48.738+0000] {dag.py:3696} INFO - Setting next_dagrun for example_weekday_branch_operator to 2023-10-09T00:00:00+00:00, run_after=2023-10-10T00:00:00+00:00
[2023-10-10T08:39:48.761+0000] {processor.py:179} INFO - Processing /home/airflow/.local/lib/python3.8/site-packages/airflow/example_dags/example_branch_day_of_week_operator.py took 0.088 seconds
[2023-10-10T08:40:18.924+0000] {processor.py:157} INFO - Started process (PID=87) to work on /home/airflow/.local/lib/python3.8/site-packages/airflow/example_dags/example_branch_day_of_week_operator.py
[2023-10-10T08:40:18.925+0000] {processor.py:829} INFO - Processing file /home/airflow/.local/lib/python3.8/site-packages/airflow/example_dags/example_branch_day_of_week_operator.py for tasks to queue
[2023-10-10T08:40:18.928+0000] {logging_mixin.py:151} INFO - [2023-10-10T08:40:18.927+0000] {dagbag.py:539} INFO - Filling up the DagBag from /home/airflow/.local/lib/python3.8/site-packages/airflow/example_dags/example_branch_day_of_week_operator.py
[2023-10-10T08:40:18.937+0000] {processor.py:839} INFO - DAG(s) dict_keys(['example_weekday_branch_operator']) retrieved from /home/airflow/.local/lib/python3.8/site-packages/airflow/example_dags/example_branch_day_of_week_operator.py
[2023-10-10T08:40:18.962+0000] {logging_mixin.py:151} INFO - [2023-10-10T08:40:18.962+0000] {dag.py:2915} INFO - Sync 1 DAGs
[2023-10-10T08:40:18.989+0000] {logging_mixin.py:151} INFO - [2023-10-10T08:40:18.988+0000] {dag.py:3696} INFO - Setting next_dagrun for example_weekday_branch_operator to 2023-10-09T00:00:00+00:00, run_after=2023-10-10T00:00:00+00:00
[2023-10-10T08:40:19.009+0000] {processor.py:179} INFO - Processing /home/airflow/.local/lib/python3.8/site-packages/airflow/example_dags/example_branch_day_of_week_operator.py took 0.089 seconds
[2023-10-10T08:40:49.338+0000] {processor.py:157} INFO - Started process (PID=140) to work on /home/airflow/.local/lib/python3.8/site-packages/airflow/example_dags/example_branch_day_of_week_operator.py
[2023-10-10T08:40:49.339+0000] {processor.py:829} INFO - Processing file /home/airflow/.local/lib/python3.8/site-packages/airflow/example_dags/example_branch_day_of_week_operator.py for tasks to queue
[2023-10-10T08:40:49.342+0000] {logging_mixin.py:151} INFO - [2023-10-10T08:40:49.341+0000] {dagbag.py:539} INFO - Filling up the DagBag from /home/airflow/.local/lib/python3.8/site-packages/airflow/example_dags/example_branch_day_of_week_operator.py
[2023-10-10T08:40:49.351+0000] {processor.py:839} INFO - DAG(s) dict_keys(['example_weekday_branch_operator']) retrieved from /home/airflow/.local/lib/python3.8/site-packages/airflow/example_dags/example_branch_day_of_week_operator.py
[2023-10-10T08:40:49.375+0000] {logging_mixin.py:151} INFO - [2023-10-10T08:40:49.374+0000] {dag.py:2915} INFO - Sync 1 DAGs
[2023-10-10T08:40:49.402+0000] {logging_mixin.py:151} INFO - [2023-10-10T08:40:49.402+0000] {dag.py:3696} INFO - Setting next_dagrun for example_weekday_branch_operator to 2023-10-09T00:00:00+00:00, run_after=2023-10-10T00:00:00+00:00
[2023-10-10T08:40:49.422+0000] {processor.py:179} INFO - Processing /home/airflow/.local/lib/python3.8/site-packages/airflow/example_dags/example_branch_day_of_week_operator.py took 0.088 seconds
[2023-10-10T08:41:19.957+0000] {processor.py:157} INFO - Started process (PID=195) to work on /home/airflow/.local/lib/python3.8/site-packages/airflow/example_dags/example_branch_day_of_week_operator.py
[2023-10-10T08:41:19.959+0000] {processor.py:829} INFO - Processing file /home/airflow/.local/lib/python3.8/site-packages/airflow/example_dags/example_branch_day_of_week_operator.py for tasks to queue
[2023-10-10T08:41:19.961+0000] {logging_mixin.py:151} INFO - [2023-10-10T08:41:19.961+0000] {dagbag.py:539} INFO - Filling up the DagBag from /home/airflow/.local/lib/python3.8/site-packages/airflow/example_dags/example_branch_day_of_week_operator.py
[2023-10-10T08:41:19.971+0000] {processor.py:839} INFO - DAG(s) dict_keys(['example_weekday_branch_operator']) retrieved from /home/airflow/.local/lib/python3.8/site-packages/airflow/example_dags/example_branch_day_of_week_operator.py
[2023-10-10T08:41:19.995+0000] {logging_mixin.py:151} INFO - [2023-10-10T08:41:19.995+0000] {dag.py:2915} INFO - Sync 1 DAGs
[2023-10-10T08:41:20.023+0000] {logging_mixin.py:151} INFO - [2023-10-10T08:41:20.023+0000] {dag.py:3696} INFO - Setting next_dagrun for example_weekday_branch_operator to 2023-10-09T00:00:00+00:00, run_after=2023-10-10T00:00:00+00:00
[2023-10-10T08:41:20.045+0000] {processor.py:179} INFO - Processing /home/airflow/.local/lib/python3.8/site-packages/airflow/example_dags/example_branch_day_of_week_operator.py took 0.091 seconds
[2023-10-10T08:43:49.267+0000] {processor.py:157} INFO - Started process (PID=35) to work on /home/airflow/.local/lib/python3.8/site-packages/airflow/example_dags/example_branch_day_of_week_operator.py
[2023-10-10T08:43:49.270+0000] {processor.py:829} INFO - Processing file /home/airflow/.local/lib/python3.8/site-packages/airflow/example_dags/example_branch_day_of_week_operator.py for tasks to queue
[2023-10-10T08:43:49.272+0000] {logging_mixin.py:151} INFO - [2023-10-10T08:43:49.272+0000] {dagbag.py:539} INFO - Filling up the DagBag from /home/airflow/.local/lib/python3.8/site-packages/airflow/example_dags/example_branch_day_of_week_operator.py
[2023-10-10T08:43:49.285+0000] {processor.py:839} INFO - DAG(s) dict_keys(['example_weekday_branch_operator']) retrieved from /home/airflow/.local/lib/python3.8/site-packages/airflow/example_dags/example_branch_day_of_week_operator.py
[2023-10-10T08:43:49.298+0000] {logging_mixin.py:151} INFO - [2023-10-10T08:43:49.298+0000] {dag.py:2915} INFO - Sync 1 DAGs
[2023-10-10T08:43:49.327+0000] {logging_mixin.py:151} INFO - [2023-10-10T08:43:49.326+0000] {dag.py:3696} INFO - Setting next_dagrun for example_weekday_branch_operator to 2023-10-09T00:00:00+00:00, run_after=2023-10-10T00:00:00+00:00
[2023-10-10T08:43:49.347+0000] {processor.py:179} INFO - Processing /home/airflow/.local/lib/python3.8/site-packages/airflow/example_dags/example_branch_day_of_week_operator.py took 0.084 seconds
[2023-10-10T08:44:19.767+0000] {processor.py:157} INFO - Started process (PID=89) to work on /home/airflow/.local/lib/python3.8/site-packages/airflow/example_dags/example_branch_day_of_week_operator.py
[2023-10-10T08:44:19.768+0000] {processor.py:829} INFO - Processing file /home/airflow/.local/lib/python3.8/site-packages/airflow/example_dags/example_branch_day_of_week_operator.py for tasks to queue
[2023-10-10T08:44:19.771+0000] {logging_mixin.py:151} INFO - [2023-10-10T08:44:19.770+0000] {dagbag.py:539} INFO - Filling up the DagBag from /home/airflow/.local/lib/python3.8/site-packages/airflow/example_dags/example_branch_day_of_week_operator.py
[2023-10-10T08:44:19.780+0000] {processor.py:839} INFO - DAG(s) dict_keys(['example_weekday_branch_operator']) retrieved from /home/airflow/.local/lib/python3.8/site-packages/airflow/example_dags/example_branch_day_of_week_operator.py
[2023-10-10T08:44:19.805+0000] {logging_mixin.py:151} INFO - [2023-10-10T08:44:19.805+0000] {dag.py:2915} INFO - Sync 1 DAGs
[2023-10-10T08:44:19.833+0000] {logging_mixin.py:151} INFO - [2023-10-10T08:44:19.833+0000] {dag.py:3696} INFO - Setting next_dagrun for example_weekday_branch_operator to 2023-10-09T00:00:00+00:00, run_after=2023-10-10T00:00:00+00:00
[2023-10-10T08:44:19.854+0000] {processor.py:179} INFO - Processing /home/airflow/.local/lib/python3.8/site-packages/airflow/example_dags/example_branch_day_of_week_operator.py took 0.091 seconds
[2023-10-10T08:44:50.006+0000] {processor.py:157} INFO - Started process (PID=143) to work on /home/airflow/.local/lib/python3.8/site-packages/airflow/example_dags/example_branch_day_of_week_operator.py
[2023-10-10T08:44:50.008+0000] {processor.py:829} INFO - Processing file /home/airflow/.local/lib/python3.8/site-packages/airflow/example_dags/example_branch_day_of_week_operator.py for tasks to queue
[2023-10-10T08:44:50.010+0000] {logging_mixin.py:151} INFO - [2023-10-10T08:44:50.010+0000] {dagbag.py:539} INFO - Filling up the DagBag from /home/airflow/.local/lib/python3.8/site-packages/airflow/example_dags/example_branch_day_of_week_operator.py
[2023-10-10T08:44:50.019+0000] {processor.py:839} INFO - DAG(s) dict_keys(['example_weekday_branch_operator']) retrieved from /home/airflow/.local/lib/python3.8/site-packages/airflow/example_dags/example_branch_day_of_week_operator.py
[2023-10-10T08:44:55.047+0000] {logging_mixin.py:151} INFO - [2023-10-10T08:44:55.046+0000] {dag.py:2915} INFO - Sync 1 DAGs
[2023-10-10T08:44:55.074+0000] {logging_mixin.py:151} INFO - [2023-10-10T08:44:55.074+0000] {dag.py:3696} INFO - Setting next_dagrun for example_weekday_branch_operator to 2023-10-09T00:00:00+00:00, run_after=2023-10-10T00:00:00+00:00
[2023-10-10T08:44:55.094+0000] {processor.py:179} INFO - Processing /home/airflow/.local/lib/python3.8/site-packages/airflow/example_dags/example_branch_day_of_week_operator.py took 5.091 seconds
[2023-10-10T08:46:29.177+0000] {processor.py:157} INFO - Started process (PID=34) to work on /home/airflow/.local/lib/python3.8/site-packages/airflow/example_dags/example_branch_day_of_week_operator.py
[2023-10-10T08:46:29.178+0000] {processor.py:829} INFO - Processing file /home/airflow/.local/lib/python3.8/site-packages/airflow/example_dags/example_branch_day_of_week_operator.py for tasks to queue
[2023-10-10T08:46:29.180+0000] {logging_mixin.py:151} INFO - [2023-10-10T08:46:29.180+0000] {dagbag.py:539} INFO - Filling up the DagBag from /home/airflow/.local/lib/python3.8/site-packages/airflow/example_dags/example_branch_day_of_week_operator.py
[2023-10-10T08:46:29.190+0000] {processor.py:839} INFO - DAG(s) dict_keys(['example_weekday_branch_operator']) retrieved from /home/airflow/.local/lib/python3.8/site-packages/airflow/example_dags/example_branch_day_of_week_operator.py
[2023-10-10T08:46:29.205+0000] {logging_mixin.py:151} INFO - [2023-10-10T08:46:29.205+0000] {dag.py:2915} INFO - Sync 1 DAGs
[2023-10-10T08:46:29.234+0000] {logging_mixin.py:151} INFO - [2023-10-10T08:46:29.233+0000] {dag.py:3696} INFO - Setting next_dagrun for example_weekday_branch_operator to 2023-10-09T00:00:00+00:00, run_after=2023-10-10T00:00:00+00:00
[2023-10-10T08:46:29.254+0000] {processor.py:179} INFO - Processing /home/airflow/.local/lib/python3.8/site-packages/airflow/example_dags/example_branch_day_of_week_operator.py took 0.081 seconds
[2023-10-10T08:46:59.626+0000] {processor.py:157} INFO - Started process (PID=88) to work on /home/airflow/.local/lib/python3.8/site-packages/airflow/example_dags/example_branch_day_of_week_operator.py
[2023-10-10T08:46:59.627+0000] {processor.py:829} INFO - Processing file /home/airflow/.local/lib/python3.8/site-packages/airflow/example_dags/example_branch_day_of_week_operator.py for tasks to queue
[2023-10-10T08:46:59.629+0000] {logging_mixin.py:151} INFO - [2023-10-10T08:46:59.629+0000] {dagbag.py:539} INFO - Filling up the DagBag from /home/airflow/.local/lib/python3.8/site-packages/airflow/example_dags/example_branch_day_of_week_operator.py
[2023-10-10T08:46:59.638+0000] {processor.py:839} INFO - DAG(s) dict_keys(['example_weekday_branch_operator']) retrieved from /home/airflow/.local/lib/python3.8/site-packages/airflow/example_dags/example_branch_day_of_week_operator.py
[2023-10-10T08:46:59.662+0000] {logging_mixin.py:151} INFO - [2023-10-10T08:46:59.662+0000] {dag.py:2915} INFO - Sync 1 DAGs
[2023-10-10T08:46:59.689+0000] {logging_mixin.py:151} INFO - [2023-10-10T08:46:59.688+0000] {dag.py:3696} INFO - Setting next_dagrun for example_weekday_branch_operator to 2023-10-09T00:00:00+00:00, run_after=2023-10-10T00:00:00+00:00
[2023-10-10T08:46:59.709+0000] {processor.py:179} INFO - Processing /home/airflow/.local/lib/python3.8/site-packages/airflow/example_dags/example_branch_day_of_week_operator.py took 0.086 seconds
[2023-10-10T08:47:29.991+0000] {processor.py:157} INFO - Started process (PID=142) to work on /home/airflow/.local/lib/python3.8/site-packages/airflow/example_dags/example_branch_day_of_week_operator.py
[2023-10-10T08:47:29.994+0000] {processor.py:829} INFO - Processing file /home/airflow/.local/lib/python3.8/site-packages/airflow/example_dags/example_branch_day_of_week_operator.py for tasks to queue
[2023-10-10T08:47:29.996+0000] {logging_mixin.py:151} INFO - [2023-10-10T08:47:29.995+0000] {dagbag.py:539} INFO - Filling up the DagBag from /home/airflow/.local/lib/python3.8/site-packages/airflow/example_dags/example_branch_day_of_week_operator.py
[2023-10-10T08:47:30.005+0000] {processor.py:839} INFO - DAG(s) dict_keys(['example_weekday_branch_operator']) retrieved from /home/airflow/.local/lib/python3.8/site-packages/airflow/example_dags/example_branch_day_of_week_operator.py
[2023-10-10T08:47:30.029+0000] {logging_mixin.py:151} INFO - [2023-10-10T08:47:30.029+0000] {dag.py:2915} INFO - Sync 1 DAGs
[2023-10-10T08:47:30.056+0000] {logging_mixin.py:151} INFO - [2023-10-10T08:47:30.056+0000] {dag.py:3696} INFO - Setting next_dagrun for example_weekday_branch_operator to 2023-10-09T00:00:00+00:00, run_after=2023-10-10T00:00:00+00:00
[2023-10-10T08:47:30.076+0000] {processor.py:179} INFO - Processing /home/airflow/.local/lib/python3.8/site-packages/airflow/example_dags/example_branch_day_of_week_operator.py took 0.089 seconds
[2023-10-10T08:51:32.239+0000] {processor.py:157} INFO - Started process (PID=34) to work on /home/airflow/.local/lib/python3.8/site-packages/airflow/example_dags/example_branch_day_of_week_operator.py
[2023-10-10T08:51:32.241+0000] {processor.py:829} INFO - Processing file /home/airflow/.local/lib/python3.8/site-packages/airflow/example_dags/example_branch_day_of_week_operator.py for tasks to queue
[2023-10-10T08:51:32.243+0000] {logging_mixin.py:151} INFO - [2023-10-10T08:51:32.243+0000] {dagbag.py:539} INFO - Filling up the DagBag from /home/airflow/.local/lib/python3.8/site-packages/airflow/example_dags/example_branch_day_of_week_operator.py
[2023-10-10T08:51:32.253+0000] {processor.py:839} INFO - DAG(s) dict_keys(['example_weekday_branch_operator']) retrieved from /home/airflow/.local/lib/python3.8/site-packages/airflow/example_dags/example_branch_day_of_week_operator.py
[2023-10-10T08:51:32.267+0000] {logging_mixin.py:151} INFO - [2023-10-10T08:51:32.267+0000] {dag.py:2915} INFO - Sync 1 DAGs
[2023-10-10T08:51:32.296+0000] {logging_mixin.py:151} INFO - [2023-10-10T08:51:32.295+0000] {dag.py:3696} INFO - Setting next_dagrun for example_weekday_branch_operator to 2023-10-09T00:00:00+00:00, run_after=2023-10-10T00:00:00+00:00
[2023-10-10T08:51:32.315+0000] {processor.py:179} INFO - Processing /home/airflow/.local/lib/python3.8/site-packages/airflow/example_dags/example_branch_day_of_week_operator.py took 0.080 seconds
[2023-10-10T08:52:02.662+0000] {processor.py:157} INFO - Started process (PID=88) to work on /home/airflow/.local/lib/python3.8/site-packages/airflow/example_dags/example_branch_day_of_week_operator.py
[2023-10-10T08:52:02.663+0000] {processor.py:829} INFO - Processing file /home/airflow/.local/lib/python3.8/site-packages/airflow/example_dags/example_branch_day_of_week_operator.py for tasks to queue
[2023-10-10T08:52:02.666+0000] {logging_mixin.py:151} INFO - [2023-10-10T08:52:02.665+0000] {dagbag.py:539} INFO - Filling up the DagBag from /home/airflow/.local/lib/python3.8/site-packages/airflow/example_dags/example_branch_day_of_week_operator.py
[2023-10-10T08:52:02.675+0000] {processor.py:839} INFO - DAG(s) dict_keys(['example_weekday_branch_operator']) retrieved from /home/airflow/.local/lib/python3.8/site-packages/airflow/example_dags/example_branch_day_of_week_operator.py
[2023-10-10T08:52:02.700+0000] {logging_mixin.py:151} INFO - [2023-10-10T08:52:02.700+0000] {dag.py:2915} INFO - Sync 1 DAGs
[2023-10-10T08:52:02.728+0000] {logging_mixin.py:151} INFO - [2023-10-10T08:52:02.728+0000] {dag.py:3696} INFO - Setting next_dagrun for example_weekday_branch_operator to 2023-10-09T00:00:00+00:00, run_after=2023-10-10T00:00:00+00:00
[2023-10-10T08:52:02.751+0000] {processor.py:179} INFO - Processing /home/airflow/.local/lib/python3.8/site-packages/airflow/example_dags/example_branch_day_of_week_operator.py took 0.093 seconds
[2023-10-10T08:52:33.155+0000] {processor.py:157} INFO - Started process (PID=142) to work on /home/airflow/.local/lib/python3.8/site-packages/airflow/example_dags/example_branch_day_of_week_operator.py
[2023-10-10T08:52:33.157+0000] {processor.py:829} INFO - Processing file /home/airflow/.local/lib/python3.8/site-packages/airflow/example_dags/example_branch_day_of_week_operator.py for tasks to queue
[2023-10-10T08:52:33.159+0000] {logging_mixin.py:151} INFO - [2023-10-10T08:52:33.159+0000] {dagbag.py:539} INFO - Filling up the DagBag from /home/airflow/.local/lib/python3.8/site-packages/airflow/example_dags/example_branch_day_of_week_operator.py
[2023-10-10T08:52:33.168+0000] {processor.py:839} INFO - DAG(s) dict_keys(['example_weekday_branch_operator']) retrieved from /home/airflow/.local/lib/python3.8/site-packages/airflow/example_dags/example_branch_day_of_week_operator.py
[2023-10-10T08:52:33.193+0000] {logging_mixin.py:151} INFO - [2023-10-10T08:52:33.192+0000] {dag.py:2915} INFO - Sync 1 DAGs
[2023-10-10T08:52:33.220+0000] {logging_mixin.py:151} INFO - [2023-10-10T08:52:33.219+0000] {dag.py:3696} INFO - Setting next_dagrun for example_weekday_branch_operator to 2023-10-09T00:00:00+00:00, run_after=2023-10-10T00:00:00+00:00
[2023-10-10T08:52:33.239+0000] {processor.py:179} INFO - Processing /home/airflow/.local/lib/python3.8/site-packages/airflow/example_dags/example_branch_day_of_week_operator.py took 0.088 seconds
[2023-10-10T08:53:03.532+0000] {processor.py:157} INFO - Started process (PID=196) to work on /home/airflow/.local/lib/python3.8/site-packages/airflow/example_dags/example_branch_day_of_week_operator.py
[2023-10-10T08:53:03.534+0000] {processor.py:829} INFO - Processing file /home/airflow/.local/lib/python3.8/site-packages/airflow/example_dags/example_branch_day_of_week_operator.py for tasks to queue
[2023-10-10T08:53:03.536+0000] {logging_mixin.py:151} INFO - [2023-10-10T08:53:03.536+0000] {dagbag.py:539} INFO - Filling up the DagBag from /home/airflow/.local/lib/python3.8/site-packages/airflow/example_dags/example_branch_day_of_week_operator.py
[2023-10-10T08:53:03.545+0000] {processor.py:839} INFO - DAG(s) dict_keys(['example_weekday_branch_operator']) retrieved from /home/airflow/.local/lib/python3.8/site-packages/airflow/example_dags/example_branch_day_of_week_operator.py
[2023-10-10T08:53:03.572+0000] {logging_mixin.py:151} INFO - [2023-10-10T08:53:03.572+0000] {dag.py:2915} INFO - Sync 1 DAGs
[2023-10-10T08:53:03.599+0000] {logging_mixin.py:151} INFO - [2023-10-10T08:53:03.599+0000] {dag.py:3696} INFO - Setting next_dagrun for example_weekday_branch_operator to 2023-10-09T00:00:00+00:00, run_after=2023-10-10T00:00:00+00:00
[2023-10-10T08:53:03.620+0000] {processor.py:179} INFO - Processing /home/airflow/.local/lib/python3.8/site-packages/airflow/example_dags/example_branch_day_of_week_operator.py took 0.091 seconds
[2023-10-10T08:53:33.758+0000] {processor.py:157} INFO - Started process (PID=250) to work on /home/airflow/.local/lib/python3.8/site-packages/airflow/example_dags/example_branch_day_of_week_operator.py
[2023-10-10T08:53:33.759+0000] {processor.py:829} INFO - Processing file /home/airflow/.local/lib/python3.8/site-packages/airflow/example_dags/example_branch_day_of_week_operator.py for tasks to queue
[2023-10-10T08:53:33.762+0000] {logging_mixin.py:151} INFO - [2023-10-10T08:53:33.761+0000] {dagbag.py:539} INFO - Filling up the DagBag from /home/airflow/.local/lib/python3.8/site-packages/airflow/example_dags/example_branch_day_of_week_operator.py
[2023-10-10T08:53:33.771+0000] {processor.py:839} INFO - DAG(s) dict_keys(['example_weekday_branch_operator']) retrieved from /home/airflow/.local/lib/python3.8/site-packages/airflow/example_dags/example_branch_day_of_week_operator.py
[2023-10-10T08:53:33.795+0000] {logging_mixin.py:151} INFO - [2023-10-10T08:53:33.795+0000] {dag.py:2915} INFO - Sync 1 DAGs
[2023-10-10T08:53:33.824+0000] {logging_mixin.py:151} INFO - [2023-10-10T08:53:33.824+0000] {dag.py:3696} INFO - Setting next_dagrun for example_weekday_branch_operator to 2023-10-09T00:00:00+00:00, run_after=2023-10-10T00:00:00+00:00
[2023-10-10T08:53:33.844+0000] {processor.py:179} INFO - Processing /home/airflow/.local/lib/python3.8/site-packages/airflow/example_dags/example_branch_day_of_week_operator.py took 0.091 seconds
[2023-10-10T08:54:04.206+0000] {processor.py:157} INFO - Started process (PID=305) to work on /home/airflow/.local/lib/python3.8/site-packages/airflow/example_dags/example_branch_day_of_week_operator.py
[2023-10-10T08:54:04.207+0000] {processor.py:829} INFO - Processing file /home/airflow/.local/lib/python3.8/site-packages/airflow/example_dags/example_branch_day_of_week_operator.py for tasks to queue
[2023-10-10T08:54:04.210+0000] {logging_mixin.py:151} INFO - [2023-10-10T08:54:04.210+0000] {dagbag.py:539} INFO - Filling up the DagBag from /home/airflow/.local/lib/python3.8/site-packages/airflow/example_dags/example_branch_day_of_week_operator.py
[2023-10-10T08:54:04.219+0000] {processor.py:839} INFO - DAG(s) dict_keys(['example_weekday_branch_operator']) retrieved from /home/airflow/.local/lib/python3.8/site-packages/airflow/example_dags/example_branch_day_of_week_operator.py
[2023-10-10T08:54:04.244+0000] {logging_mixin.py:151} INFO - [2023-10-10T08:54:04.243+0000] {dag.py:2915} INFO - Sync 1 DAGs
[2023-10-10T08:54:04.270+0000] {logging_mixin.py:151} INFO - [2023-10-10T08:54:04.270+0000] {dag.py:3696} INFO - Setting next_dagrun for example_weekday_branch_operator to 2023-10-09T00:00:00+00:00, run_after=2023-10-10T00:00:00+00:00
[2023-10-10T08:54:04.292+0000] {processor.py:179} INFO - Processing /home/airflow/.local/lib/python3.8/site-packages/airflow/example_dags/example_branch_day_of_week_operator.py took 0.090 seconds
[2023-10-10T08:54:34.827+0000] {processor.py:157} INFO - Started process (PID=359) to work on /home/airflow/.local/lib/python3.8/site-packages/airflow/example_dags/example_branch_day_of_week_operator.py
[2023-10-10T08:54:34.829+0000] {processor.py:829} INFO - Processing file /home/airflow/.local/lib/python3.8/site-packages/airflow/example_dags/example_branch_day_of_week_operator.py for tasks to queue
[2023-10-10T08:54:34.832+0000] {logging_mixin.py:151} INFO - [2023-10-10T08:54:34.831+0000] {dagbag.py:539} INFO - Filling up the DagBag from /home/airflow/.local/lib/python3.8/site-packages/airflow/example_dags/example_branch_day_of_week_operator.py
[2023-10-10T08:54:34.841+0000] {processor.py:839} INFO - DAG(s) dict_keys(['example_weekday_branch_operator']) retrieved from /home/airflow/.local/lib/python3.8/site-packages/airflow/example_dags/example_branch_day_of_week_operator.py
[2023-10-10T08:54:34.865+0000] {logging_mixin.py:151} INFO - [2023-10-10T08:54:34.865+0000] {dag.py:2915} INFO - Sync 1 DAGs
[2023-10-10T08:54:34.892+0000] {logging_mixin.py:151} INFO - [2023-10-10T08:54:34.892+0000] {dag.py:3696} INFO - Setting next_dagrun for example_weekday_branch_operator to 2023-10-09T00:00:00+00:00, run_after=2023-10-10T00:00:00+00:00
[2023-10-10T08:54:34.913+0000] {processor.py:179} INFO - Processing /home/airflow/.local/lib/python3.8/site-packages/airflow/example_dags/example_branch_day_of_week_operator.py took 0.090 seconds
[2023-10-10T08:55:05.344+0000] {processor.py:157} INFO - Started process (PID=414) to work on /home/airflow/.local/lib/python3.8/site-packages/airflow/example_dags/example_branch_day_of_week_operator.py
[2023-10-10T08:55:05.346+0000] {processor.py:829} INFO - Processing file /home/airflow/.local/lib/python3.8/site-packages/airflow/example_dags/example_branch_day_of_week_operator.py for tasks to queue
[2023-10-10T08:55:05.348+0000] {logging_mixin.py:151} INFO - [2023-10-10T08:55:05.348+0000] {dagbag.py:539} INFO - Filling up the DagBag from /home/airflow/.local/lib/python3.8/site-packages/airflow/example_dags/example_branch_day_of_week_operator.py
[2023-10-10T08:55:05.357+0000] {processor.py:839} INFO - DAG(s) dict_keys(['example_weekday_branch_operator']) retrieved from /home/airflow/.local/lib/python3.8/site-packages/airflow/example_dags/example_branch_day_of_week_operator.py
[2023-10-10T08:55:05.382+0000] {logging_mixin.py:151} INFO - [2023-10-10T08:55:05.381+0000] {dag.py:2915} INFO - Sync 1 DAGs
[2023-10-10T08:55:05.409+0000] {logging_mixin.py:151} INFO - [2023-10-10T08:55:05.408+0000] {dag.py:3696} INFO - Setting next_dagrun for example_weekday_branch_operator to 2023-10-09T00:00:00+00:00, run_after=2023-10-10T00:00:00+00:00
[2023-10-10T08:55:05.429+0000] {processor.py:179} INFO - Processing /home/airflow/.local/lib/python3.8/site-packages/airflow/example_dags/example_branch_day_of_week_operator.py took 0.088 seconds
[2023-10-10T08:55:36.209+0000] {processor.py:157} INFO - Started process (PID=469) to work on /home/airflow/.local/lib/python3.8/site-packages/airflow/example_dags/example_branch_day_of_week_operator.py
[2023-10-10T08:55:36.217+0000] {processor.py:829} INFO - Processing file /home/airflow/.local/lib/python3.8/site-packages/airflow/example_dags/example_branch_day_of_week_operator.py for tasks to queue
[2023-10-10T08:55:36.222+0000] {logging_mixin.py:151} INFO - [2023-10-10T08:55:36.221+0000] {dagbag.py:539} INFO - Filling up the DagBag from /home/airflow/.local/lib/python3.8/site-packages/airflow/example_dags/example_branch_day_of_week_operator.py
[2023-10-10T08:55:36.259+0000] {processor.py:839} INFO - DAG(s) dict_keys(['example_weekday_branch_operator']) retrieved from /home/airflow/.local/lib/python3.8/site-packages/airflow/example_dags/example_branch_day_of_week_operator.py
[2023-10-10T08:55:36.318+0000] {logging_mixin.py:151} INFO - [2023-10-10T08:55:36.318+0000] {dag.py:2915} INFO - Sync 1 DAGs
[2023-10-10T08:55:36.348+0000] {logging_mixin.py:151} INFO - [2023-10-10T08:55:36.348+0000] {dag.py:3696} INFO - Setting next_dagrun for example_weekday_branch_operator to 2023-10-09T00:00:00+00:00, run_after=2023-10-10T00:00:00+00:00
[2023-10-10T08:55:36.404+0000] {processor.py:179} INFO - Processing /home/airflow/.local/lib/python3.8/site-packages/airflow/example_dags/example_branch_day_of_week_operator.py took 0.211 seconds
[2023-10-10T08:56:06.967+0000] {processor.py:157} INFO - Started process (PID=523) to work on /home/airflow/.local/lib/python3.8/site-packages/airflow/example_dags/example_branch_day_of_week_operator.py
[2023-10-10T08:56:06.972+0000] {processor.py:829} INFO - Processing file /home/airflow/.local/lib/python3.8/site-packages/airflow/example_dags/example_branch_day_of_week_operator.py for tasks to queue
[2023-10-10T08:56:06.974+0000] {logging_mixin.py:151} INFO - [2023-10-10T08:56:06.974+0000] {dagbag.py:539} INFO - Filling up the DagBag from /home/airflow/.local/lib/python3.8/site-packages/airflow/example_dags/example_branch_day_of_week_operator.py
[2023-10-10T08:56:06.983+0000] {processor.py:839} INFO - DAG(s) dict_keys(['example_weekday_branch_operator']) retrieved from /home/airflow/.local/lib/python3.8/site-packages/airflow/example_dags/example_branch_day_of_week_operator.py
[2023-10-10T08:56:07.008+0000] {logging_mixin.py:151} INFO - [2023-10-10T08:56:07.008+0000] {dag.py:2915} INFO - Sync 1 DAGs
[2023-10-10T08:56:07.036+0000] {logging_mixin.py:151} INFO - [2023-10-10T08:56:07.036+0000] {dag.py:3696} INFO - Setting next_dagrun for example_weekday_branch_operator to 2023-10-09T00:00:00+00:00, run_after=2023-10-10T00:00:00+00:00
[2023-10-10T08:56:07.057+0000] {processor.py:179} INFO - Processing /home/airflow/.local/lib/python3.8/site-packages/airflow/example_dags/example_branch_day_of_week_operator.py took 0.094 seconds
[2023-10-10T08:56:37.563+0000] {processor.py:157} INFO - Started process (PID=577) to work on /home/airflow/.local/lib/python3.8/site-packages/airflow/example_dags/example_branch_day_of_week_operator.py
[2023-10-10T08:56:37.564+0000] {processor.py:829} INFO - Processing file /home/airflow/.local/lib/python3.8/site-packages/airflow/example_dags/example_branch_day_of_week_operator.py for tasks to queue
[2023-10-10T08:56:37.567+0000] {logging_mixin.py:151} INFO - [2023-10-10T08:56:37.566+0000] {dagbag.py:539} INFO - Filling up the DagBag from /home/airflow/.local/lib/python3.8/site-packages/airflow/example_dags/example_branch_day_of_week_operator.py
[2023-10-10T08:56:37.576+0000] {processor.py:839} INFO - DAG(s) dict_keys(['example_weekday_branch_operator']) retrieved from /home/airflow/.local/lib/python3.8/site-packages/airflow/example_dags/example_branch_day_of_week_operator.py
[2023-10-10T08:56:37.600+0000] {logging_mixin.py:151} INFO - [2023-10-10T08:56:37.600+0000] {dag.py:2915} INFO - Sync 1 DAGs
[2023-10-10T08:56:37.628+0000] {logging_mixin.py:151} INFO - [2023-10-10T08:56:37.628+0000] {dag.py:3696} INFO - Setting next_dagrun for example_weekday_branch_operator to 2023-10-09T00:00:00+00:00, run_after=2023-10-10T00:00:00+00:00
[2023-10-10T08:56:37.648+0000] {processor.py:179} INFO - Processing /home/airflow/.local/lib/python3.8/site-packages/airflow/example_dags/example_branch_day_of_week_operator.py took 0.089 seconds
[2023-10-10T08:57:07.757+0000] {processor.py:157} INFO - Started process (PID=631) to work on /home/airflow/.local/lib/python3.8/site-packages/airflow/example_dags/example_branch_day_of_week_operator.py
[2023-10-10T08:57:07.758+0000] {processor.py:829} INFO - Processing file /home/airflow/.local/lib/python3.8/site-packages/airflow/example_dags/example_branch_day_of_week_operator.py for tasks to queue
[2023-10-10T08:57:07.760+0000] {logging_mixin.py:151} INFO - [2023-10-10T08:57:07.760+0000] {dagbag.py:539} INFO - Filling up the DagBag from /home/airflow/.local/lib/python3.8/site-packages/airflow/example_dags/example_branch_day_of_week_operator.py
[2023-10-10T08:57:07.769+0000] {processor.py:839} INFO - DAG(s) dict_keys(['example_weekday_branch_operator']) retrieved from /home/airflow/.local/lib/python3.8/site-packages/airflow/example_dags/example_branch_day_of_week_operator.py
[2023-10-10T08:57:07.793+0000] {logging_mixin.py:151} INFO - [2023-10-10T08:57:07.793+0000] {dag.py:2915} INFO - Sync 1 DAGs
[2023-10-10T08:57:07.821+0000] {logging_mixin.py:151} INFO - [2023-10-10T08:57:07.821+0000] {dag.py:3696} INFO - Setting next_dagrun for example_weekday_branch_operator to 2023-10-09T00:00:00+00:00, run_after=2023-10-10T00:00:00+00:00
[2023-10-10T08:57:07.841+0000] {processor.py:179} INFO - Processing /home/airflow/.local/lib/python3.8/site-packages/airflow/example_dags/example_branch_day_of_week_operator.py took 0.088 seconds
