[2023-10-10T08:39:50.855+0000] {processor.py:157} INFO - Started process (PID=65) to work on /home/airflow/.local/lib/python3.8/site-packages/airflow/example_dags/example_xcomargs.py
[2023-10-10T08:39:50.856+0000] {processor.py:829} INFO - Processing file /home/airflow/.local/lib/python3.8/site-packages/airflow/example_dags/example_xcomargs.py for tasks to queue
[2023-10-10T08:39:50.858+0000] {logging_mixin.py:151} INFO - [2023-10-10T08:39:50.858+0000] {dagbag.py:539} INFO - Filling up the DagBag from /home/airflow/.local/lib/python3.8/site-packages/airflow/example_dags/example_xcomargs.py
[2023-10-10T08:39:50.868+0000] {processor.py:839} INFO - DAG(s) dict_keys(['example_xcom_args_with_operators', 'example_xcom_args']) retrieved from /home/airflow/.local/lib/python3.8/site-packages/airflow/example_dags/example_xcomargs.py
[2023-10-10T08:39:50.883+0000] {logging_mixin.py:151} INFO - [2023-10-10T08:39:50.883+0000] {dag.py:2915} INFO - Sync 2 DAGs
[2023-10-10T08:39:50.899+0000] {logging_mixin.py:151} INFO - [2023-10-10T08:39:50.899+0000] {dag.py:3696} INFO - Setting next_dagrun for example_xcom_args to None, run_after=None
[2023-10-10T08:39:50.903+0000] {logging_mixin.py:151} INFO - [2023-10-10T08:39:50.903+0000] {dag.py:3696} INFO - Setting next_dagrun for example_xcom_args_with_operators to None, run_after=None
[2023-10-10T08:39:50.935+0000] {processor.py:179} INFO - Processing /home/airflow/.local/lib/python3.8/site-packages/airflow/example_dags/example_xcomargs.py took 0.085 seconds
[2023-10-10T08:40:20.977+0000] {processor.py:157} INFO - Started process (PID=118) to work on /home/airflow/.local/lib/python3.8/site-packages/airflow/example_dags/example_xcomargs.py
[2023-10-10T08:40:20.979+0000] {processor.py:829} INFO - Processing file /home/airflow/.local/lib/python3.8/site-packages/airflow/example_dags/example_xcomargs.py for tasks to queue
[2023-10-10T08:40:20.982+0000] {logging_mixin.py:151} INFO - [2023-10-10T08:40:20.981+0000] {dagbag.py:539} INFO - Filling up the DagBag from /home/airflow/.local/lib/python3.8/site-packages/airflow/example_dags/example_xcomargs.py
[2023-10-10T08:40:20.991+0000] {processor.py:839} INFO - DAG(s) dict_keys(['example_xcom_args', 'example_xcom_args_with_operators']) retrieved from /home/airflow/.local/lib/python3.8/site-packages/airflow/example_dags/example_xcomargs.py
[2023-10-10T08:40:21.018+0000] {logging_mixin.py:151} INFO - [2023-10-10T08:40:21.018+0000] {dag.py:2915} INFO - Sync 2 DAGs
[2023-10-10T08:40:21.034+0000] {logging_mixin.py:151} INFO - [2023-10-10T08:40:21.034+0000] {dag.py:3696} INFO - Setting next_dagrun for example_xcom_args to None, run_after=None
[2023-10-10T08:40:21.038+0000] {logging_mixin.py:151} INFO - [2023-10-10T08:40:21.038+0000] {dag.py:3696} INFO - Setting next_dagrun for example_xcom_args_with_operators to None, run_after=None
[2023-10-10T08:40:21.056+0000] {processor.py:179} INFO - Processing /home/airflow/.local/lib/python3.8/site-packages/airflow/example_dags/example_xcomargs.py took 0.082 seconds
[2023-10-10T08:40:51.281+0000] {processor.py:157} INFO - Started process (PID=171) to work on /home/airflow/.local/lib/python3.8/site-packages/airflow/example_dags/example_xcomargs.py
[2023-10-10T08:40:51.283+0000] {processor.py:829} INFO - Processing file /home/airflow/.local/lib/python3.8/site-packages/airflow/example_dags/example_xcomargs.py for tasks to queue
[2023-10-10T08:40:51.285+0000] {logging_mixin.py:151} INFO - [2023-10-10T08:40:51.285+0000] {dagbag.py:539} INFO - Filling up the DagBag from /home/airflow/.local/lib/python3.8/site-packages/airflow/example_dags/example_xcomargs.py
[2023-10-10T08:40:51.294+0000] {processor.py:839} INFO - DAG(s) dict_keys(['example_xcom_args', 'example_xcom_args_with_operators']) retrieved from /home/airflow/.local/lib/python3.8/site-packages/airflow/example_dags/example_xcomargs.py
[2023-10-10T08:40:51.321+0000] {logging_mixin.py:151} INFO - [2023-10-10T08:40:51.321+0000] {dag.py:2915} INFO - Sync 2 DAGs
[2023-10-10T08:40:51.337+0000] {logging_mixin.py:151} INFO - [2023-10-10T08:40:51.336+0000] {dag.py:3696} INFO - Setting next_dagrun for example_xcom_args to None, run_after=None
[2023-10-10T08:40:51.341+0000] {logging_mixin.py:151} INFO - [2023-10-10T08:40:51.340+0000] {dag.py:3696} INFO - Setting next_dagrun for example_xcom_args_with_operators to None, run_after=None
[2023-10-10T08:40:51.358+0000] {processor.py:179} INFO - Processing /home/airflow/.local/lib/python3.8/site-packages/airflow/example_dags/example_xcomargs.py took 0.081 seconds
[2023-10-10T08:41:21.985+0000] {processor.py:157} INFO - Started process (PID=225) to work on /home/airflow/.local/lib/python3.8/site-packages/airflow/example_dags/example_xcomargs.py
[2023-10-10T08:41:21.986+0000] {processor.py:829} INFO - Processing file /home/airflow/.local/lib/python3.8/site-packages/airflow/example_dags/example_xcomargs.py for tasks to queue
[2023-10-10T08:41:21.989+0000] {logging_mixin.py:151} INFO - [2023-10-10T08:41:21.989+0000] {dagbag.py:539} INFO - Filling up the DagBag from /home/airflow/.local/lib/python3.8/site-packages/airflow/example_dags/example_xcomargs.py
[2023-10-10T08:41:21.998+0000] {processor.py:839} INFO - DAG(s) dict_keys(['example_xcom_args_with_operators', 'example_xcom_args']) retrieved from /home/airflow/.local/lib/python3.8/site-packages/airflow/example_dags/example_xcomargs.py
[2023-10-10T08:41:22.026+0000] {logging_mixin.py:151} INFO - [2023-10-10T08:41:22.026+0000] {dag.py:2915} INFO - Sync 2 DAGs
[2023-10-10T08:41:22.043+0000] {logging_mixin.py:151} INFO - [2023-10-10T08:41:22.042+0000] {dag.py:3696} INFO - Setting next_dagrun for example_xcom_args to None, run_after=None
[2023-10-10T08:41:22.047+0000] {logging_mixin.py:151} INFO - [2023-10-10T08:41:22.047+0000] {dag.py:3696} INFO - Setting next_dagrun for example_xcom_args_with_operators to None, run_after=None
[2023-10-10T08:41:22.071+0000] {processor.py:179} INFO - Processing /home/airflow/.local/lib/python3.8/site-packages/airflow/example_dags/example_xcomargs.py took 0.090 seconds
[2023-10-10T08:43:52.199+0000] {processor.py:157} INFO - Started process (PID=66) to work on /home/airflow/.local/lib/python3.8/site-packages/airflow/example_dags/example_xcomargs.py
[2023-10-10T08:43:52.201+0000] {processor.py:829} INFO - Processing file /home/airflow/.local/lib/python3.8/site-packages/airflow/example_dags/example_xcomargs.py for tasks to queue
[2023-10-10T08:43:52.203+0000] {logging_mixin.py:151} INFO - [2023-10-10T08:43:52.203+0000] {dagbag.py:539} INFO - Filling up the DagBag from /home/airflow/.local/lib/python3.8/site-packages/airflow/example_dags/example_xcomargs.py
[2023-10-10T08:43:52.232+0000] {processor.py:839} INFO - DAG(s) dict_keys(['example_xcom_args_with_operators', 'example_xcom_args']) retrieved from /home/airflow/.local/lib/python3.8/site-packages/airflow/example_dags/example_xcomargs.py
[2023-10-10T08:43:52.258+0000] {logging_mixin.py:151} INFO - [2023-10-10T08:43:52.258+0000] {dag.py:2915} INFO - Sync 2 DAGs
[2023-10-10T08:43:52.287+0000] {logging_mixin.py:151} INFO - [2023-10-10T08:43:52.286+0000] {dag.py:3696} INFO - Setting next_dagrun for example_xcom_args to None, run_after=None
[2023-10-10T08:43:52.291+0000] {logging_mixin.py:151} INFO - [2023-10-10T08:43:52.291+0000] {dag.py:3696} INFO - Setting next_dagrun for example_xcom_args_with_operators to None, run_after=None
[2023-10-10T08:43:52.310+0000] {processor.py:179} INFO - Processing /home/airflow/.local/lib/python3.8/site-packages/airflow/example_dags/example_xcomargs.py took 0.114 seconds
[2023-10-10T08:44:22.676+0000] {processor.py:157} INFO - Started process (PID=119) to work on /home/airflow/.local/lib/python3.8/site-packages/airflow/example_dags/example_xcomargs.py
[2023-10-10T08:44:22.678+0000] {processor.py:829} INFO - Processing file /home/airflow/.local/lib/python3.8/site-packages/airflow/example_dags/example_xcomargs.py for tasks to queue
[2023-10-10T08:44:22.681+0000] {logging_mixin.py:151} INFO - [2023-10-10T08:44:22.680+0000] {dagbag.py:539} INFO - Filling up the DagBag from /home/airflow/.local/lib/python3.8/site-packages/airflow/example_dags/example_xcomargs.py
[2023-10-10T08:44:22.701+0000] {processor.py:839} INFO - DAG(s) dict_keys(['example_xcom_args', 'example_xcom_args_with_operators']) retrieved from /home/airflow/.local/lib/python3.8/site-packages/airflow/example_dags/example_xcomargs.py
[2023-10-10T08:44:22.740+0000] {logging_mixin.py:151} INFO - [2023-10-10T08:44:22.740+0000] {dag.py:2915} INFO - Sync 2 DAGs
[2023-10-10T08:44:22.763+0000] {logging_mixin.py:151} INFO - [2023-10-10T08:44:22.762+0000] {dag.py:3696} INFO - Setting next_dagrun for example_xcom_args to None, run_after=None
[2023-10-10T08:44:22.767+0000] {logging_mixin.py:151} INFO - [2023-10-10T08:44:22.767+0000] {dag.py:3696} INFO - Setting next_dagrun for example_xcom_args_with_operators to None, run_after=None
[2023-10-10T08:44:22.793+0000] {processor.py:179} INFO - Processing /home/airflow/.local/lib/python3.8/site-packages/airflow/example_dags/example_xcomargs.py took 0.124 seconds
[2023-10-10T08:44:56.298+0000] {processor.py:157} INFO - Started process (PID=174) to work on /home/airflow/.local/lib/python3.8/site-packages/airflow/example_dags/example_xcomargs.py
[2023-10-10T08:44:56.302+0000] {processor.py:829} INFO - Processing file /home/airflow/.local/lib/python3.8/site-packages/airflow/example_dags/example_xcomargs.py for tasks to queue
[2023-10-10T08:44:56.304+0000] {logging_mixin.py:151} INFO - [2023-10-10T08:44:56.304+0000] {dagbag.py:539} INFO - Filling up the DagBag from /home/airflow/.local/lib/python3.8/site-packages/airflow/example_dags/example_xcomargs.py
[2023-10-10T08:44:56.314+0000] {processor.py:839} INFO - DAG(s) dict_keys(['example_xcom_args', 'example_xcom_args_with_operators']) retrieved from /home/airflow/.local/lib/python3.8/site-packages/airflow/example_dags/example_xcomargs.py
[2023-10-10T08:44:56.341+0000] {logging_mixin.py:151} INFO - [2023-10-10T08:44:56.340+0000] {dag.py:2915} INFO - Sync 2 DAGs
[2023-10-10T08:44:56.356+0000] {logging_mixin.py:151} INFO - [2023-10-10T08:44:56.355+0000] {dag.py:3696} INFO - Setting next_dagrun for example_xcom_args to None, run_after=None
[2023-10-10T08:44:56.360+0000] {logging_mixin.py:151} INFO - [2023-10-10T08:44:56.360+0000] {dag.py:3696} INFO - Setting next_dagrun for example_xcom_args_with_operators to None, run_after=None
[2023-10-10T08:44:56.378+0000] {processor.py:179} INFO - Processing /home/airflow/.local/lib/python3.8/site-packages/airflow/example_dags/example_xcomargs.py took 0.084 seconds
[2023-10-10T08:46:31.370+0000] {processor.py:157} INFO - Started process (PID=65) to work on /home/airflow/.local/lib/python3.8/site-packages/airflow/example_dags/example_xcomargs.py
[2023-10-10T08:46:31.374+0000] {processor.py:829} INFO - Processing file /home/airflow/.local/lib/python3.8/site-packages/airflow/example_dags/example_xcomargs.py for tasks to queue
[2023-10-10T08:46:31.377+0000] {logging_mixin.py:151} INFO - [2023-10-10T08:46:31.376+0000] {dagbag.py:539} INFO - Filling up the DagBag from /home/airflow/.local/lib/python3.8/site-packages/airflow/example_dags/example_xcomargs.py
[2023-10-10T08:46:31.388+0000] {processor.py:839} INFO - DAG(s) dict_keys(['example_xcom_args_with_operators', 'example_xcom_args']) retrieved from /home/airflow/.local/lib/python3.8/site-packages/airflow/example_dags/example_xcomargs.py
[2023-10-10T08:46:31.407+0000] {logging_mixin.py:151} INFO - [2023-10-10T08:46:31.407+0000] {dag.py:2915} INFO - Sync 2 DAGs
[2023-10-10T08:46:31.424+0000] {logging_mixin.py:151} INFO - [2023-10-10T08:46:31.424+0000] {dag.py:3696} INFO - Setting next_dagrun for example_xcom_args to None, run_after=None
[2023-10-10T08:46:31.429+0000] {logging_mixin.py:151} INFO - [2023-10-10T08:46:31.428+0000] {dag.py:3696} INFO - Setting next_dagrun for example_xcom_args_with_operators to None, run_after=None
[2023-10-10T08:46:31.456+0000] {processor.py:179} INFO - Processing /home/airflow/.local/lib/python3.8/site-packages/airflow/example_dags/example_xcomargs.py took 0.090 seconds
[2023-10-10T08:47:01.907+0000] {processor.py:157} INFO - Started process (PID=119) to work on /home/airflow/.local/lib/python3.8/site-packages/airflow/example_dags/example_xcomargs.py
[2023-10-10T08:47:01.908+0000] {processor.py:829} INFO - Processing file /home/airflow/.local/lib/python3.8/site-packages/airflow/example_dags/example_xcomargs.py for tasks to queue
[2023-10-10T08:47:01.910+0000] {logging_mixin.py:151} INFO - [2023-10-10T08:47:01.909+0000] {dagbag.py:539} INFO - Filling up the DagBag from /home/airflow/.local/lib/python3.8/site-packages/airflow/example_dags/example_xcomargs.py
[2023-10-10T08:47:01.919+0000] {processor.py:839} INFO - DAG(s) dict_keys(['example_xcom_args', 'example_xcom_args_with_operators']) retrieved from /home/airflow/.local/lib/python3.8/site-packages/airflow/example_dags/example_xcomargs.py
[2023-10-10T08:47:01.946+0000] {logging_mixin.py:151} INFO - [2023-10-10T08:47:01.946+0000] {dag.py:2915} INFO - Sync 2 DAGs
[2023-10-10T08:47:01.961+0000] {logging_mixin.py:151} INFO - [2023-10-10T08:47:01.961+0000] {dag.py:3696} INFO - Setting next_dagrun for example_xcom_args to None, run_after=None
[2023-10-10T08:47:01.965+0000] {logging_mixin.py:151} INFO - [2023-10-10T08:47:01.965+0000] {dag.py:3696} INFO - Setting next_dagrun for example_xcom_args_with_operators to None, run_after=None
[2023-10-10T08:47:01.983+0000] {processor.py:179} INFO - Processing /home/airflow/.local/lib/python3.8/site-packages/airflow/example_dags/example_xcomargs.py took 0.080 seconds
[2023-10-10T08:47:32.889+0000] {processor.py:157} INFO - Started process (PID=173) to work on /home/airflow/.local/lib/python3.8/site-packages/airflow/example_dags/example_xcomargs.py
[2023-10-10T08:47:32.891+0000] {processor.py:829} INFO - Processing file /home/airflow/.local/lib/python3.8/site-packages/airflow/example_dags/example_xcomargs.py for tasks to queue
[2023-10-10T08:47:32.893+0000] {logging_mixin.py:151} INFO - [2023-10-10T08:47:32.893+0000] {dagbag.py:539} INFO - Filling up the DagBag from /home/airflow/.local/lib/python3.8/site-packages/airflow/example_dags/example_xcomargs.py
[2023-10-10T08:47:32.902+0000] {processor.py:839} INFO - DAG(s) dict_keys(['example_xcom_args', 'example_xcom_args_with_operators']) retrieved from /home/airflow/.local/lib/python3.8/site-packages/airflow/example_dags/example_xcomargs.py
[2023-10-10T08:47:32.929+0000] {logging_mixin.py:151} INFO - [2023-10-10T08:47:32.929+0000] {dag.py:2915} INFO - Sync 2 DAGs
[2023-10-10T08:47:32.944+0000] {logging_mixin.py:151} INFO - [2023-10-10T08:47:32.944+0000] {dag.py:3696} INFO - Setting next_dagrun for example_xcom_args to None, run_after=None
[2023-10-10T08:47:32.948+0000] {logging_mixin.py:151} INFO - [2023-10-10T08:47:32.948+0000] {dag.py:3696} INFO - Setting next_dagrun for example_xcom_args_with_operators to None, run_after=None
[2023-10-10T08:47:32.966+0000] {processor.py:179} INFO - Processing /home/airflow/.local/lib/python3.8/site-packages/airflow/example_dags/example_xcomargs.py took 0.080 seconds
[2023-10-10T08:51:35.124+0000] {processor.py:157} INFO - Started process (PID=65) to work on /home/airflow/.local/lib/python3.8/site-packages/airflow/example_dags/example_xcomargs.py
[2023-10-10T08:51:35.125+0000] {processor.py:829} INFO - Processing file /home/airflow/.local/lib/python3.8/site-packages/airflow/example_dags/example_xcomargs.py for tasks to queue
[2023-10-10T08:51:35.128+0000] {logging_mixin.py:151} INFO - [2023-10-10T08:51:35.127+0000] {dagbag.py:539} INFO - Filling up the DagBag from /home/airflow/.local/lib/python3.8/site-packages/airflow/example_dags/example_xcomargs.py
[2023-10-10T08:51:35.138+0000] {processor.py:839} INFO - DAG(s) dict_keys(['example_xcom_args_with_operators', 'example_xcom_args']) retrieved from /home/airflow/.local/lib/python3.8/site-packages/airflow/example_dags/example_xcomargs.py
[2023-10-10T08:51:35.153+0000] {logging_mixin.py:151} INFO - [2023-10-10T08:51:35.153+0000] {dag.py:2915} INFO - Sync 2 DAGs
[2023-10-10T08:51:35.170+0000] {logging_mixin.py:151} INFO - [2023-10-10T08:51:35.170+0000] {dag.py:3696} INFO - Setting next_dagrun for example_xcom_args to None, run_after=None
[2023-10-10T08:51:35.174+0000] {logging_mixin.py:151} INFO - [2023-10-10T08:51:35.174+0000] {dag.py:3696} INFO - Setting next_dagrun for example_xcom_args_with_operators to None, run_after=None
[2023-10-10T08:51:35.192+0000] {processor.py:179} INFO - Processing /home/airflow/.local/lib/python3.8/site-packages/airflow/example_dags/example_xcomargs.py took 0.073 seconds
[2023-10-10T08:52:05.583+0000] {processor.py:157} INFO - Started process (PID=118) to work on /home/airflow/.local/lib/python3.8/site-packages/airflow/example_dags/example_xcomargs.py
[2023-10-10T08:52:05.584+0000] {processor.py:829} INFO - Processing file /home/airflow/.local/lib/python3.8/site-packages/airflow/example_dags/example_xcomargs.py for tasks to queue
[2023-10-10T08:52:05.587+0000] {logging_mixin.py:151} INFO - [2023-10-10T08:52:05.586+0000] {dagbag.py:539} INFO - Filling up the DagBag from /home/airflow/.local/lib/python3.8/site-packages/airflow/example_dags/example_xcomargs.py
[2023-10-10T08:52:05.595+0000] {processor.py:839} INFO - DAG(s) dict_keys(['example_xcom_args_with_operators', 'example_xcom_args']) retrieved from /home/airflow/.local/lib/python3.8/site-packages/airflow/example_dags/example_xcomargs.py
[2023-10-10T08:52:05.623+0000] {logging_mixin.py:151} INFO - [2023-10-10T08:52:05.622+0000] {dag.py:2915} INFO - Sync 2 DAGs
[2023-10-10T08:52:05.638+0000] {logging_mixin.py:151} INFO - [2023-10-10T08:52:05.638+0000] {dag.py:3696} INFO - Setting next_dagrun for example_xcom_args to None, run_after=None
[2023-10-10T08:52:05.642+0000] {logging_mixin.py:151} INFO - [2023-10-10T08:52:05.641+0000] {dag.py:3696} INFO - Setting next_dagrun for example_xcom_args_with_operators to None, run_after=None
[2023-10-10T08:52:05.658+0000] {processor.py:179} INFO - Processing /home/airflow/.local/lib/python3.8/site-packages/airflow/example_dags/example_xcomargs.py took 0.080 seconds
[2023-10-10T08:52:35.900+0000] {processor.py:157} INFO - Started process (PID=172) to work on /home/airflow/.local/lib/python3.8/site-packages/airflow/example_dags/example_xcomargs.py
[2023-10-10T08:52:35.902+0000] {processor.py:829} INFO - Processing file /home/airflow/.local/lib/python3.8/site-packages/airflow/example_dags/example_xcomargs.py for tasks to queue
[2023-10-10T08:52:35.904+0000] {logging_mixin.py:151} INFO - [2023-10-10T08:52:35.904+0000] {dagbag.py:539} INFO - Filling up the DagBag from /home/airflow/.local/lib/python3.8/site-packages/airflow/example_dags/example_xcomargs.py
[2023-10-10T08:52:35.913+0000] {processor.py:839} INFO - DAG(s) dict_keys(['example_xcom_args_with_operators', 'example_xcom_args']) retrieved from /home/airflow/.local/lib/python3.8/site-packages/airflow/example_dags/example_xcomargs.py
[2023-10-10T08:52:35.940+0000] {logging_mixin.py:151} INFO - [2023-10-10T08:52:35.940+0000] {dag.py:2915} INFO - Sync 2 DAGs
[2023-10-10T08:52:35.955+0000] {logging_mixin.py:151} INFO - [2023-10-10T08:52:35.955+0000] {dag.py:3696} INFO - Setting next_dagrun for example_xcom_args to None, run_after=None
[2023-10-10T08:52:35.959+0000] {logging_mixin.py:151} INFO - [2023-10-10T08:52:35.958+0000] {dag.py:3696} INFO - Setting next_dagrun for example_xcom_args_with_operators to None, run_after=None
[2023-10-10T08:52:35.976+0000] {processor.py:179} INFO - Processing /home/airflow/.local/lib/python3.8/site-packages/airflow/example_dags/example_xcomargs.py took 0.080 seconds
[2023-10-10T08:53:06.281+0000] {processor.py:157} INFO - Started process (PID=226) to work on /home/airflow/.local/lib/python3.8/site-packages/airflow/example_dags/example_xcomargs.py
[2023-10-10T08:53:06.282+0000] {processor.py:829} INFO - Processing file /home/airflow/.local/lib/python3.8/site-packages/airflow/example_dags/example_xcomargs.py for tasks to queue
[2023-10-10T08:53:06.285+0000] {logging_mixin.py:151} INFO - [2023-10-10T08:53:06.285+0000] {dagbag.py:539} INFO - Filling up the DagBag from /home/airflow/.local/lib/python3.8/site-packages/airflow/example_dags/example_xcomargs.py
[2023-10-10T08:53:06.294+0000] {processor.py:839} INFO - DAG(s) dict_keys(['example_xcom_args', 'example_xcom_args_with_operators']) retrieved from /home/airflow/.local/lib/python3.8/site-packages/airflow/example_dags/example_xcomargs.py
[2023-10-10T08:53:06.321+0000] {logging_mixin.py:151} INFO - [2023-10-10T08:53:06.321+0000] {dag.py:2915} INFO - Sync 2 DAGs
[2023-10-10T08:53:06.337+0000] {logging_mixin.py:151} INFO - [2023-10-10T08:53:06.336+0000] {dag.py:3696} INFO - Setting next_dagrun for example_xcom_args to None, run_after=None
[2023-10-10T08:53:06.340+0000] {logging_mixin.py:151} INFO - [2023-10-10T08:53:06.340+0000] {dag.py:3696} INFO - Setting next_dagrun for example_xcom_args_with_operators to None, run_after=None
[2023-10-10T08:53:06.360+0000] {processor.py:179} INFO - Processing /home/airflow/.local/lib/python3.8/site-packages/airflow/example_dags/example_xcomargs.py took 0.083 seconds
[2023-10-10T08:53:36.610+0000] {processor.py:157} INFO - Started process (PID=280) to work on /home/airflow/.local/lib/python3.8/site-packages/airflow/example_dags/example_xcomargs.py
[2023-10-10T08:53:36.611+0000] {processor.py:829} INFO - Processing file /home/airflow/.local/lib/python3.8/site-packages/airflow/example_dags/example_xcomargs.py for tasks to queue
[2023-10-10T08:53:36.614+0000] {logging_mixin.py:151} INFO - [2023-10-10T08:53:36.614+0000] {dagbag.py:539} INFO - Filling up the DagBag from /home/airflow/.local/lib/python3.8/site-packages/airflow/example_dags/example_xcomargs.py
[2023-10-10T08:53:36.623+0000] {processor.py:839} INFO - DAG(s) dict_keys(['example_xcom_args_with_operators', 'example_xcom_args']) retrieved from /home/airflow/.local/lib/python3.8/site-packages/airflow/example_dags/example_xcomargs.py
[2023-10-10T08:53:36.651+0000] {logging_mixin.py:151} INFO - [2023-10-10T08:53:36.650+0000] {dag.py:2915} INFO - Sync 2 DAGs
[2023-10-10T08:53:36.666+0000] {logging_mixin.py:151} INFO - [2023-10-10T08:53:36.666+0000] {dag.py:3696} INFO - Setting next_dagrun for example_xcom_args to None, run_after=None
[2023-10-10T08:53:36.670+0000] {logging_mixin.py:151} INFO - [2023-10-10T08:53:36.669+0000] {dag.py:3696} INFO - Setting next_dagrun for example_xcom_args_with_operators to None, run_after=None
[2023-10-10T08:53:36.688+0000] {processor.py:179} INFO - Processing /home/airflow/.local/lib/python3.8/site-packages/airflow/example_dags/example_xcomargs.py took 0.081 seconds
[2023-10-10T08:54:11.387+0000] {processor.py:157} INFO - Started process (PID=336) to work on /home/airflow/.local/lib/python3.8/site-packages/airflow/example_dags/example_xcomargs.py
[2023-10-10T08:54:11.389+0000] {processor.py:829} INFO - Processing file /home/airflow/.local/lib/python3.8/site-packages/airflow/example_dags/example_xcomargs.py for tasks to queue
[2023-10-10T08:54:11.391+0000] {logging_mixin.py:151} INFO - [2023-10-10T08:54:11.391+0000] {dagbag.py:539} INFO - Filling up the DagBag from /home/airflow/.local/lib/python3.8/site-packages/airflow/example_dags/example_xcomargs.py
[2023-10-10T08:54:11.400+0000] {processor.py:839} INFO - DAG(s) dict_keys(['example_xcom_args_with_operators', 'example_xcom_args']) retrieved from /home/airflow/.local/lib/python3.8/site-packages/airflow/example_dags/example_xcomargs.py
[2023-10-10T08:54:11.428+0000] {logging_mixin.py:151} INFO - [2023-10-10T08:54:11.428+0000] {dag.py:2915} INFO - Sync 2 DAGs
[2023-10-10T08:54:11.444+0000] {logging_mixin.py:151} INFO - [2023-10-10T08:54:11.444+0000] {dag.py:3696} INFO - Setting next_dagrun for example_xcom_args to None, run_after=None
[2023-10-10T08:54:11.448+0000] {logging_mixin.py:151} INFO - [2023-10-10T08:54:11.448+0000] {dag.py:3696} INFO - Setting next_dagrun for example_xcom_args_with_operators to None, run_after=None
[2023-10-10T08:54:11.467+0000] {processor.py:179} INFO - Processing /home/airflow/.local/lib/python3.8/site-packages/airflow/example_dags/example_xcomargs.py took 0.083 seconds
[2023-10-10T08:54:41.992+0000] {processor.py:157} INFO - Started process (PID=389) to work on /home/airflow/.local/lib/python3.8/site-packages/airflow/example_dags/example_xcomargs.py
[2023-10-10T08:54:41.994+0000] {processor.py:829} INFO - Processing file /home/airflow/.local/lib/python3.8/site-packages/airflow/example_dags/example_xcomargs.py for tasks to queue
[2023-10-10T08:54:41.996+0000] {logging_mixin.py:151} INFO - [2023-10-10T08:54:41.996+0000] {dagbag.py:539} INFO - Filling up the DagBag from /home/airflow/.local/lib/python3.8/site-packages/airflow/example_dags/example_xcomargs.py
[2023-10-10T08:54:42.005+0000] {processor.py:839} INFO - DAG(s) dict_keys(['example_xcom_args', 'example_xcom_args_with_operators']) retrieved from /home/airflow/.local/lib/python3.8/site-packages/airflow/example_dags/example_xcomargs.py
[2023-10-10T08:54:42.034+0000] {logging_mixin.py:151} INFO - [2023-10-10T08:54:42.033+0000] {dag.py:2915} INFO - Sync 2 DAGs
[2023-10-10T08:54:42.049+0000] {logging_mixin.py:151} INFO - [2023-10-10T08:54:42.048+0000] {dag.py:3696} INFO - Setting next_dagrun for example_xcom_args to None, run_after=None
[2023-10-10T08:54:42.052+0000] {logging_mixin.py:151} INFO - [2023-10-10T08:54:42.052+0000] {dag.py:3696} INFO - Setting next_dagrun for example_xcom_args_with_operators to None, run_after=None
[2023-10-10T08:54:42.071+0000] {processor.py:179} INFO - Processing /home/airflow/.local/lib/python3.8/site-packages/airflow/example_dags/example_xcomargs.py took 0.082 seconds
[2023-10-10T08:55:12.101+0000] {processor.py:157} INFO - Started process (PID=443) to work on /home/airflow/.local/lib/python3.8/site-packages/airflow/example_dags/example_xcomargs.py
[2023-10-10T08:55:12.102+0000] {processor.py:829} INFO - Processing file /home/airflow/.local/lib/python3.8/site-packages/airflow/example_dags/example_xcomargs.py for tasks to queue
[2023-10-10T08:55:12.105+0000] {logging_mixin.py:151} INFO - [2023-10-10T08:55:12.105+0000] {dagbag.py:539} INFO - Filling up the DagBag from /home/airflow/.local/lib/python3.8/site-packages/airflow/example_dags/example_xcomargs.py
[2023-10-10T08:55:12.114+0000] {processor.py:839} INFO - DAG(s) dict_keys(['example_xcom_args', 'example_xcom_args_with_operators']) retrieved from /home/airflow/.local/lib/python3.8/site-packages/airflow/example_dags/example_xcomargs.py
[2023-10-10T08:55:12.142+0000] {logging_mixin.py:151} INFO - [2023-10-10T08:55:12.142+0000] {dag.py:2915} INFO - Sync 2 DAGs
[2023-10-10T08:55:12.157+0000] {logging_mixin.py:151} INFO - [2023-10-10T08:55:12.157+0000] {dag.py:3696} INFO - Setting next_dagrun for example_xcom_args to None, run_after=None
[2023-10-10T08:55:12.161+0000] {logging_mixin.py:151} INFO - [2023-10-10T08:55:12.161+0000] {dag.py:3696} INFO - Setting next_dagrun for example_xcom_args_with_operators to None, run_after=None
[2023-10-10T08:55:12.178+0000] {processor.py:179} INFO - Processing /home/airflow/.local/lib/python3.8/site-packages/airflow/example_dags/example_xcomargs.py took 0.081 seconds
[2023-10-10T08:55:42.496+0000] {processor.py:157} INFO - Started process (PID=498) to work on /home/airflow/.local/lib/python3.8/site-packages/airflow/example_dags/example_xcomargs.py
[2023-10-10T08:55:42.499+0000] {processor.py:829} INFO - Processing file /home/airflow/.local/lib/python3.8/site-packages/airflow/example_dags/example_xcomargs.py for tasks to queue
[2023-10-10T08:55:42.502+0000] {logging_mixin.py:151} INFO - [2023-10-10T08:55:42.502+0000] {dagbag.py:539} INFO - Filling up the DagBag from /home/airflow/.local/lib/python3.8/site-packages/airflow/example_dags/example_xcomargs.py
[2023-10-10T08:55:42.511+0000] {processor.py:839} INFO - DAG(s) dict_keys(['example_xcom_args', 'example_xcom_args_with_operators']) retrieved from /home/airflow/.local/lib/python3.8/site-packages/airflow/example_dags/example_xcomargs.py
[2023-10-10T08:55:42.539+0000] {logging_mixin.py:151} INFO - [2023-10-10T08:55:42.539+0000] {dag.py:2915} INFO - Sync 2 DAGs
[2023-10-10T08:55:42.555+0000] {logging_mixin.py:151} INFO - [2023-10-10T08:55:42.555+0000] {dag.py:3696} INFO - Setting next_dagrun for example_xcom_args to None, run_after=None
[2023-10-10T08:55:42.559+0000] {logging_mixin.py:151} INFO - [2023-10-10T08:55:42.559+0000] {dag.py:3696} INFO - Setting next_dagrun for example_xcom_args_with_operators to None, run_after=None
[2023-10-10T08:55:42.578+0000] {processor.py:179} INFO - Processing /home/airflow/.local/lib/python3.8/site-packages/airflow/example_dags/example_xcomargs.py took 0.086 seconds
[2023-10-10T08:56:17.088+0000] {processor.py:157} INFO - Started process (PID=554) to work on /home/airflow/.local/lib/python3.8/site-packages/airflow/example_dags/example_xcomargs.py
[2023-10-10T08:56:17.090+0000] {processor.py:829} INFO - Processing file /home/airflow/.local/lib/python3.8/site-packages/airflow/example_dags/example_xcomargs.py for tasks to queue
[2023-10-10T08:56:17.092+0000] {logging_mixin.py:151} INFO - [2023-10-10T08:56:17.092+0000] {dagbag.py:539} INFO - Filling up the DagBag from /home/airflow/.local/lib/python3.8/site-packages/airflow/example_dags/example_xcomargs.py
[2023-10-10T08:56:17.101+0000] {processor.py:839} INFO - DAG(s) dict_keys(['example_xcom_args', 'example_xcom_args_with_operators']) retrieved from /home/airflow/.local/lib/python3.8/site-packages/airflow/example_dags/example_xcomargs.py
[2023-10-10T08:56:17.129+0000] {logging_mixin.py:151} INFO - [2023-10-10T08:56:17.128+0000] {dag.py:2915} INFO - Sync 2 DAGs
[2023-10-10T08:56:17.144+0000] {logging_mixin.py:151} INFO - [2023-10-10T08:56:17.144+0000] {dag.py:3696} INFO - Setting next_dagrun for example_xcom_args to None, run_after=None
[2023-10-10T08:56:17.148+0000] {logging_mixin.py:151} INFO - [2023-10-10T08:56:17.148+0000] {dag.py:3696} INFO - Setting next_dagrun for example_xcom_args_with_operators to None, run_after=None
[2023-10-10T08:56:17.170+0000] {processor.py:179} INFO - Processing /home/airflow/.local/lib/python3.8/site-packages/airflow/example_dags/example_xcomargs.py took 0.086 seconds
[2023-10-10T08:56:47.519+0000] {processor.py:157} INFO - Started process (PID=608) to work on /home/airflow/.local/lib/python3.8/site-packages/airflow/example_dags/example_xcomargs.py
[2023-10-10T08:56:47.520+0000] {processor.py:829} INFO - Processing file /home/airflow/.local/lib/python3.8/site-packages/airflow/example_dags/example_xcomargs.py for tasks to queue
[2023-10-10T08:56:47.522+0000] {logging_mixin.py:151} INFO - [2023-10-10T08:56:47.522+0000] {dagbag.py:539} INFO - Filling up the DagBag from /home/airflow/.local/lib/python3.8/site-packages/airflow/example_dags/example_xcomargs.py
[2023-10-10T08:56:47.531+0000] {processor.py:839} INFO - DAG(s) dict_keys(['example_xcom_args_with_operators', 'example_xcom_args']) retrieved from /home/airflow/.local/lib/python3.8/site-packages/airflow/example_dags/example_xcomargs.py
[2023-10-10T08:56:47.559+0000] {logging_mixin.py:151} INFO - [2023-10-10T08:56:47.559+0000] {dag.py:2915} INFO - Sync 2 DAGs
[2023-10-10T08:56:47.573+0000] {logging_mixin.py:151} INFO - [2023-10-10T08:56:47.573+0000] {dag.py:3696} INFO - Setting next_dagrun for example_xcom_args to None, run_after=None
[2023-10-10T08:56:47.577+0000] {logging_mixin.py:151} INFO - [2023-10-10T08:56:47.577+0000] {dag.py:3696} INFO - Setting next_dagrun for example_xcom_args_with_operators to None, run_after=None
[2023-10-10T08:56:47.595+0000] {processor.py:179} INFO - Processing /home/airflow/.local/lib/python3.8/site-packages/airflow/example_dags/example_xcomargs.py took 0.080 seconds
