[2023-10-10T08:39:49.613+0000] {processor.py:157} INFO - Started process (PID=48) to work on /home/airflow/.local/lib/python3.8/site-packages/airflow/example_dags/example_branch_operator.py
[2023-10-10T08:39:49.614+0000] {processor.py:829} INFO - Processing file /home/airflow/.local/lib/python3.8/site-packages/airflow/example_dags/example_branch_operator.py for tasks to queue
[2023-10-10T08:39:49.617+0000] {logging_mixin.py:151} INFO - [2023-10-10T08:39:49.616+0000] {dagbag.py:539} INFO - Filling up the DagBag from /home/airflow/.local/lib/python3.8/site-packages/airflow/example_dags/example_branch_operator.py
[2023-10-10T08:39:49.628+0000] {processor.py:839} INFO - DAG(s) dict_keys(['example_branch_operator']) retrieved from /home/airflow/.local/lib/python3.8/site-packages/airflow/example_dags/example_branch_operator.py
[2023-10-10T08:39:49.643+0000] {logging_mixin.py:151} INFO - [2023-10-10T08:39:49.643+0000] {dag.py:2915} INFO - Sync 1 DAGs
[2023-10-10T08:39:49.670+0000] {logging_mixin.py:151} INFO - [2023-10-10T08:39:49.670+0000] {dag.py:3696} INFO - Setting next_dagrun for example_branch_operator to 2023-10-09T00:00:00+00:00, run_after=2023-10-10T00:00:00+00:00
[2023-10-10T08:39:49.690+0000] {processor.py:179} INFO - Processing /home/airflow/.local/lib/python3.8/site-packages/airflow/example_dags/example_branch_operator.py took 0.080 seconds
[2023-10-10T08:40:20.084+0000] {processor.py:157} INFO - Started process (PID=102) to work on /home/airflow/.local/lib/python3.8/site-packages/airflow/example_dags/example_branch_operator.py
[2023-10-10T08:40:20.085+0000] {processor.py:829} INFO - Processing file /home/airflow/.local/lib/python3.8/site-packages/airflow/example_dags/example_branch_operator.py for tasks to queue
[2023-10-10T08:40:20.088+0000] {logging_mixin.py:151} INFO - [2023-10-10T08:40:20.087+0000] {dagbag.py:539} INFO - Filling up the DagBag from /home/airflow/.local/lib/python3.8/site-packages/airflow/example_dags/example_branch_operator.py
[2023-10-10T08:40:20.099+0000] {processor.py:839} INFO - DAG(s) dict_keys(['example_branch_operator']) retrieved from /home/airflow/.local/lib/python3.8/site-packages/airflow/example_dags/example_branch_operator.py
[2023-10-10T08:40:20.128+0000] {logging_mixin.py:151} INFO - [2023-10-10T08:40:20.127+0000] {dag.py:2915} INFO - Sync 1 DAGs
[2023-10-10T08:40:20.157+0000] {logging_mixin.py:151} INFO - [2023-10-10T08:40:20.157+0000] {dag.py:3696} INFO - Setting next_dagrun for example_branch_operator to 2023-10-09T00:00:00+00:00, run_after=2023-10-10T00:00:00+00:00
[2023-10-10T08:40:20.177+0000] {processor.py:179} INFO - Processing /home/airflow/.local/lib/python3.8/site-packages/airflow/example_dags/example_branch_operator.py took 0.098 seconds
[2023-10-10T08:40:50.410+0000] {processor.py:157} INFO - Started process (PID=155) to work on /home/airflow/.local/lib/python3.8/site-packages/airflow/example_dags/example_branch_operator.py
[2023-10-10T08:40:50.411+0000] {processor.py:829} INFO - Processing file /home/airflow/.local/lib/python3.8/site-packages/airflow/example_dags/example_branch_operator.py for tasks to queue
[2023-10-10T08:40:50.413+0000] {logging_mixin.py:151} INFO - [2023-10-10T08:40:50.413+0000] {dagbag.py:539} INFO - Filling up the DagBag from /home/airflow/.local/lib/python3.8/site-packages/airflow/example_dags/example_branch_operator.py
[2023-10-10T08:40:50.424+0000] {processor.py:839} INFO - DAG(s) dict_keys(['example_branch_operator']) retrieved from /home/airflow/.local/lib/python3.8/site-packages/airflow/example_dags/example_branch_operator.py
[2023-10-10T08:40:50.450+0000] {logging_mixin.py:151} INFO - [2023-10-10T08:40:50.450+0000] {dag.py:2915} INFO - Sync 1 DAGs
[2023-10-10T08:40:50.478+0000] {logging_mixin.py:151} INFO - [2023-10-10T08:40:50.478+0000] {dag.py:3696} INFO - Setting next_dagrun for example_branch_operator to 2023-10-09T00:00:00+00:00, run_after=2023-10-10T00:00:00+00:00
[2023-10-10T08:40:50.498+0000] {processor.py:179} INFO - Processing /home/airflow/.local/lib/python3.8/site-packages/airflow/example_dags/example_branch_operator.py took 0.092 seconds
[2023-10-10T08:41:20.945+0000] {processor.py:157} INFO - Started process (PID=209) to work on /home/airflow/.local/lib/python3.8/site-packages/airflow/example_dags/example_branch_operator.py
[2023-10-10T08:41:20.947+0000] {processor.py:829} INFO - Processing file /home/airflow/.local/lib/python3.8/site-packages/airflow/example_dags/example_branch_operator.py for tasks to queue
[2023-10-10T08:41:20.949+0000] {logging_mixin.py:151} INFO - [2023-10-10T08:41:20.949+0000] {dagbag.py:539} INFO - Filling up the DagBag from /home/airflow/.local/lib/python3.8/site-packages/airflow/example_dags/example_branch_operator.py
[2023-10-10T08:41:20.961+0000] {processor.py:839} INFO - DAG(s) dict_keys(['example_branch_operator']) retrieved from /home/airflow/.local/lib/python3.8/site-packages/airflow/example_dags/example_branch_operator.py
[2023-10-10T08:41:20.989+0000] {logging_mixin.py:151} INFO - [2023-10-10T08:41:20.988+0000] {dag.py:2915} INFO - Sync 1 DAGs
[2023-10-10T08:41:21.018+0000] {logging_mixin.py:151} INFO - [2023-10-10T08:41:21.018+0000] {dag.py:3696} INFO - Setting next_dagrun for example_branch_operator to 2023-10-09T00:00:00+00:00, run_after=2023-10-10T00:00:00+00:00
[2023-10-10T08:41:21.041+0000] {processor.py:179} INFO - Processing /home/airflow/.local/lib/python3.8/site-packages/airflow/example_dags/example_branch_operator.py took 0.100 seconds
[2023-10-10T08:43:50.090+0000] {processor.py:157} INFO - Started process (PID=49) to work on /home/airflow/.local/lib/python3.8/site-packages/airflow/example_dags/example_branch_operator.py
[2023-10-10T08:43:50.093+0000] {processor.py:829} INFO - Processing file /home/airflow/.local/lib/python3.8/site-packages/airflow/example_dags/example_branch_operator.py for tasks to queue
[2023-10-10T08:43:50.095+0000] {logging_mixin.py:151} INFO - [2023-10-10T08:43:50.095+0000] {dagbag.py:539} INFO - Filling up the DagBag from /home/airflow/.local/lib/python3.8/site-packages/airflow/example_dags/example_branch_operator.py
[2023-10-10T08:43:50.106+0000] {processor.py:839} INFO - DAG(s) dict_keys(['example_branch_operator']) retrieved from /home/airflow/.local/lib/python3.8/site-packages/airflow/example_dags/example_branch_operator.py
[2023-10-10T08:43:50.121+0000] {logging_mixin.py:151} INFO - [2023-10-10T08:43:50.121+0000] {dag.py:2915} INFO - Sync 1 DAGs
[2023-10-10T08:43:50.149+0000] {logging_mixin.py:151} INFO - [2023-10-10T08:43:50.149+0000] {dag.py:3696} INFO - Setting next_dagrun for example_branch_operator to 2023-10-09T00:00:00+00:00, run_after=2023-10-10T00:00:00+00:00
[2023-10-10T08:43:50.169+0000] {processor.py:179} INFO - Processing /home/airflow/.local/lib/python3.8/site-packages/airflow/example_dags/example_branch_operator.py took 0.082 seconds
[2023-10-10T08:44:20.763+0000] {processor.py:157} INFO - Started process (PID=103) to work on /home/airflow/.local/lib/python3.8/site-packages/airflow/example_dags/example_branch_operator.py
[2023-10-10T08:44:20.764+0000] {processor.py:829} INFO - Processing file /home/airflow/.local/lib/python3.8/site-packages/airflow/example_dags/example_branch_operator.py for tasks to queue
[2023-10-10T08:44:20.766+0000] {logging_mixin.py:151} INFO - [2023-10-10T08:44:20.766+0000] {dagbag.py:539} INFO - Filling up the DagBag from /home/airflow/.local/lib/python3.8/site-packages/airflow/example_dags/example_branch_operator.py
[2023-10-10T08:44:20.777+0000] {processor.py:839} INFO - DAG(s) dict_keys(['example_branch_operator']) retrieved from /home/airflow/.local/lib/python3.8/site-packages/airflow/example_dags/example_branch_operator.py
[2023-10-10T08:44:20.803+0000] {logging_mixin.py:151} INFO - [2023-10-10T08:44:20.803+0000] {dag.py:2915} INFO - Sync 1 DAGs
[2023-10-10T08:44:20.830+0000] {logging_mixin.py:151} INFO - [2023-10-10T08:44:20.830+0000] {dag.py:3696} INFO - Setting next_dagrun for example_branch_operator to 2023-10-09T00:00:00+00:00, run_after=2023-10-10T00:00:00+00:00
[2023-10-10T08:44:20.849+0000] {processor.py:179} INFO - Processing /home/airflow/.local/lib/python3.8/site-packages/airflow/example_dags/example_branch_operator.py took 0.091 seconds
[2023-10-10T08:44:51.506+0000] {processor.py:157} INFO - Started process (PID=157) to work on /home/airflow/.local/lib/python3.8/site-packages/airflow/example_dags/example_branch_operator.py
[2023-10-10T08:44:51.507+0000] {processor.py:829} INFO - Processing file /home/airflow/.local/lib/python3.8/site-packages/airflow/example_dags/example_branch_operator.py for tasks to queue
[2023-10-10T08:44:51.510+0000] {logging_mixin.py:151} INFO - [2023-10-10T08:44:51.509+0000] {dagbag.py:539} INFO - Filling up the DagBag from /home/airflow/.local/lib/python3.8/site-packages/airflow/example_dags/example_branch_operator.py
[2023-10-10T08:44:51.520+0000] {processor.py:839} INFO - DAG(s) dict_keys(['example_branch_operator']) retrieved from /home/airflow/.local/lib/python3.8/site-packages/airflow/example_dags/example_branch_operator.py
[2023-10-10T08:44:51.546+0000] {logging_mixin.py:151} INFO - [2023-10-10T08:44:51.546+0000] {dag.py:2915} INFO - Sync 1 DAGs
[2023-10-10T08:44:51.573+0000] {logging_mixin.py:151} INFO - [2023-10-10T08:44:51.572+0000] {dag.py:3696} INFO - Setting next_dagrun for example_branch_operator to 2023-10-09T00:00:00+00:00, run_after=2023-10-10T00:00:00+00:00
[2023-10-10T08:44:51.592+0000] {processor.py:179} INFO - Processing /home/airflow/.local/lib/python3.8/site-packages/airflow/example_dags/example_branch_operator.py took 0.090 seconds
[2023-10-10T08:45:22.199+0000] {processor.py:157} INFO - Started process (PID=210) to work on /home/airflow/.local/lib/python3.8/site-packages/airflow/example_dags/example_branch_operator.py
[2023-10-10T08:45:22.200+0000] {processor.py:829} INFO - Processing file /home/airflow/.local/lib/python3.8/site-packages/airflow/example_dags/example_branch_operator.py for tasks to queue
[2023-10-10T08:45:22.203+0000] {logging_mixin.py:151} INFO - [2023-10-10T08:45:22.202+0000] {dagbag.py:539} INFO - Filling up the DagBag from /home/airflow/.local/lib/python3.8/site-packages/airflow/example_dags/example_branch_operator.py
[2023-10-10T08:45:22.214+0000] {processor.py:839} INFO - DAG(s) dict_keys(['example_branch_operator']) retrieved from /home/airflow/.local/lib/python3.8/site-packages/airflow/example_dags/example_branch_operator.py
[2023-10-10T08:45:22.243+0000] {logging_mixin.py:151} INFO - [2023-10-10T08:45:22.243+0000] {dag.py:2915} INFO - Sync 1 DAGs
[2023-10-10T08:45:22.272+0000] {logging_mixin.py:151} INFO - [2023-10-10T08:45:22.272+0000] {dag.py:3696} INFO - Setting next_dagrun for example_branch_operator to 2023-10-09T00:00:00+00:00, run_after=2023-10-10T00:00:00+00:00
[2023-10-10T08:45:22.293+0000] {processor.py:179} INFO - Processing /home/airflow/.local/lib/python3.8/site-packages/airflow/example_dags/example_branch_operator.py took 0.098 seconds
[2023-10-10T08:46:30.105+0000] {processor.py:157} INFO - Started process (PID=48) to work on /home/airflow/.local/lib/python3.8/site-packages/airflow/example_dags/example_branch_operator.py
[2023-10-10T08:46:30.114+0000] {processor.py:829} INFO - Processing file /home/airflow/.local/lib/python3.8/site-packages/airflow/example_dags/example_branch_operator.py for tasks to queue
[2023-10-10T08:46:30.117+0000] {logging_mixin.py:151} INFO - [2023-10-10T08:46:30.116+0000] {dagbag.py:539} INFO - Filling up the DagBag from /home/airflow/.local/lib/python3.8/site-packages/airflow/example_dags/example_branch_operator.py
[2023-10-10T08:46:30.127+0000] {processor.py:839} INFO - DAG(s) dict_keys(['example_branch_operator']) retrieved from /home/airflow/.local/lib/python3.8/site-packages/airflow/example_dags/example_branch_operator.py
[2023-10-10T08:46:30.141+0000] {logging_mixin.py:151} INFO - [2023-10-10T08:46:30.141+0000] {dag.py:2915} INFO - Sync 1 DAGs
[2023-10-10T08:46:30.170+0000] {logging_mixin.py:151} INFO - [2023-10-10T08:46:30.170+0000] {dag.py:3696} INFO - Setting next_dagrun for example_branch_operator to 2023-10-09T00:00:00+00:00, run_after=2023-10-10T00:00:00+00:00
[2023-10-10T08:46:30.193+0000] {processor.py:179} INFO - Processing /home/airflow/.local/lib/python3.8/site-packages/airflow/example_dags/example_branch_operator.py took 0.092 seconds
[2023-10-10T08:47:00.429+0000] {processor.py:157} INFO - Started process (PID=102) to work on /home/airflow/.local/lib/python3.8/site-packages/airflow/example_dags/example_branch_operator.py
[2023-10-10T08:47:00.430+0000] {processor.py:829} INFO - Processing file /home/airflow/.local/lib/python3.8/site-packages/airflow/example_dags/example_branch_operator.py for tasks to queue
[2023-10-10T08:47:00.432+0000] {logging_mixin.py:151} INFO - [2023-10-10T08:47:00.432+0000] {dagbag.py:539} INFO - Filling up the DagBag from /home/airflow/.local/lib/python3.8/site-packages/airflow/example_dags/example_branch_operator.py
[2023-10-10T08:47:00.442+0000] {processor.py:839} INFO - DAG(s) dict_keys(['example_branch_operator']) retrieved from /home/airflow/.local/lib/python3.8/site-packages/airflow/example_dags/example_branch_operator.py
[2023-10-10T08:47:00.469+0000] {logging_mixin.py:151} INFO - [2023-10-10T08:47:00.468+0000] {dag.py:2915} INFO - Sync 1 DAGs
[2023-10-10T08:47:00.496+0000] {logging_mixin.py:151} INFO - [2023-10-10T08:47:00.496+0000] {dag.py:3696} INFO - Setting next_dagrun for example_branch_operator to 2023-10-09T00:00:00+00:00, run_after=2023-10-10T00:00:00+00:00
[2023-10-10T08:47:00.517+0000] {processor.py:179} INFO - Processing /home/airflow/.local/lib/python3.8/site-packages/airflow/example_dags/example_branch_operator.py took 0.092 seconds
[2023-10-10T08:47:30.925+0000] {processor.py:157} INFO - Started process (PID=156) to work on /home/airflow/.local/lib/python3.8/site-packages/airflow/example_dags/example_branch_operator.py
[2023-10-10T08:47:30.927+0000] {processor.py:829} INFO - Processing file /home/airflow/.local/lib/python3.8/site-packages/airflow/example_dags/example_branch_operator.py for tasks to queue
[2023-10-10T08:47:30.929+0000] {logging_mixin.py:151} INFO - [2023-10-10T08:47:30.929+0000] {dagbag.py:539} INFO - Filling up the DagBag from /home/airflow/.local/lib/python3.8/site-packages/airflow/example_dags/example_branch_operator.py
[2023-10-10T08:47:30.940+0000] {processor.py:839} INFO - DAG(s) dict_keys(['example_branch_operator']) retrieved from /home/airflow/.local/lib/python3.8/site-packages/airflow/example_dags/example_branch_operator.py
[2023-10-10T08:47:30.967+0000] {logging_mixin.py:151} INFO - [2023-10-10T08:47:30.967+0000] {dag.py:2915} INFO - Sync 1 DAGs
[2023-10-10T08:47:30.993+0000] {logging_mixin.py:151} INFO - [2023-10-10T08:47:30.992+0000] {dag.py:3696} INFO - Setting next_dagrun for example_branch_operator to 2023-10-09T00:00:00+00:00, run_after=2023-10-10T00:00:00+00:00
[2023-10-10T08:47:31.011+0000] {processor.py:179} INFO - Processing /home/airflow/.local/lib/python3.8/site-packages/airflow/example_dags/example_branch_operator.py took 0.090 seconds
[2023-10-10T08:51:33.063+0000] {processor.py:157} INFO - Started process (PID=48) to work on /home/airflow/.local/lib/python3.8/site-packages/airflow/example_dags/example_branch_operator.py
[2023-10-10T08:51:33.065+0000] {processor.py:829} INFO - Processing file /home/airflow/.local/lib/python3.8/site-packages/airflow/example_dags/example_branch_operator.py for tasks to queue
[2023-10-10T08:51:33.068+0000] {logging_mixin.py:151} INFO - [2023-10-10T08:51:33.067+0000] {dagbag.py:539} INFO - Filling up the DagBag from /home/airflow/.local/lib/python3.8/site-packages/airflow/example_dags/example_branch_operator.py
[2023-10-10T08:51:33.079+0000] {processor.py:839} INFO - DAG(s) dict_keys(['example_branch_operator']) retrieved from /home/airflow/.local/lib/python3.8/site-packages/airflow/example_dags/example_branch_operator.py
[2023-10-10T08:51:33.094+0000] {logging_mixin.py:151} INFO - [2023-10-10T08:51:33.094+0000] {dag.py:2915} INFO - Sync 1 DAGs
[2023-10-10T08:51:33.124+0000] {logging_mixin.py:151} INFO - [2023-10-10T08:51:33.123+0000] {dag.py:3696} INFO - Setting next_dagrun for example_branch_operator to 2023-10-09T00:00:00+00:00, run_after=2023-10-10T00:00:00+00:00
[2023-10-10T08:51:33.146+0000] {processor.py:179} INFO - Processing /home/airflow/.local/lib/python3.8/site-packages/airflow/example_dags/example_branch_operator.py took 0.087 seconds
[2023-10-10T08:52:03.666+0000] {processor.py:157} INFO - Started process (PID=102) to work on /home/airflow/.local/lib/python3.8/site-packages/airflow/example_dags/example_branch_operator.py
[2023-10-10T08:52:03.668+0000] {processor.py:829} INFO - Processing file /home/airflow/.local/lib/python3.8/site-packages/airflow/example_dags/example_branch_operator.py for tasks to queue
[2023-10-10T08:52:03.670+0000] {logging_mixin.py:151} INFO - [2023-10-10T08:52:03.670+0000] {dagbag.py:539} INFO - Filling up the DagBag from /home/airflow/.local/lib/python3.8/site-packages/airflow/example_dags/example_branch_operator.py
[2023-10-10T08:52:03.681+0000] {processor.py:839} INFO - DAG(s) dict_keys(['example_branch_operator']) retrieved from /home/airflow/.local/lib/python3.8/site-packages/airflow/example_dags/example_branch_operator.py
[2023-10-10T08:52:03.707+0000] {logging_mixin.py:151} INFO - [2023-10-10T08:52:03.706+0000] {dag.py:2915} INFO - Sync 1 DAGs
[2023-10-10T08:52:03.735+0000] {logging_mixin.py:151} INFO - [2023-10-10T08:52:03.735+0000] {dag.py:3696} INFO - Setting next_dagrun for example_branch_operator to 2023-10-09T00:00:00+00:00, run_after=2023-10-10T00:00:00+00:00
[2023-10-10T08:52:03.757+0000] {processor.py:179} INFO - Processing /home/airflow/.local/lib/python3.8/site-packages/airflow/example_dags/example_branch_operator.py took 0.094 seconds
[2023-10-10T08:52:33.966+0000] {processor.py:157} INFO - Started process (PID=156) to work on /home/airflow/.local/lib/python3.8/site-packages/airflow/example_dags/example_branch_operator.py
[2023-10-10T08:52:33.968+0000] {processor.py:829} INFO - Processing file /home/airflow/.local/lib/python3.8/site-packages/airflow/example_dags/example_branch_operator.py for tasks to queue
[2023-10-10T08:52:33.970+0000] {logging_mixin.py:151} INFO - [2023-10-10T08:52:33.970+0000] {dagbag.py:539} INFO - Filling up the DagBag from /home/airflow/.local/lib/python3.8/site-packages/airflow/example_dags/example_branch_operator.py
[2023-10-10T08:52:33.980+0000] {processor.py:839} INFO - DAG(s) dict_keys(['example_branch_operator']) retrieved from /home/airflow/.local/lib/python3.8/site-packages/airflow/example_dags/example_branch_operator.py
[2023-10-10T08:52:34.007+0000] {logging_mixin.py:151} INFO - [2023-10-10T08:52:34.007+0000] {dag.py:2915} INFO - Sync 1 DAGs
[2023-10-10T08:52:34.033+0000] {logging_mixin.py:151} INFO - [2023-10-10T08:52:34.033+0000] {dag.py:3696} INFO - Setting next_dagrun for example_branch_operator to 2023-10-09T00:00:00+00:00, run_after=2023-10-10T00:00:00+00:00
[2023-10-10T08:52:34.053+0000] {processor.py:179} INFO - Processing /home/airflow/.local/lib/python3.8/site-packages/airflow/example_dags/example_branch_operator.py took 0.090 seconds
[2023-10-10T08:53:04.356+0000] {processor.py:157} INFO - Started process (PID=210) to work on /home/airflow/.local/lib/python3.8/site-packages/airflow/example_dags/example_branch_operator.py
[2023-10-10T08:53:04.358+0000] {processor.py:829} INFO - Processing file /home/airflow/.local/lib/python3.8/site-packages/airflow/example_dags/example_branch_operator.py for tasks to queue
[2023-10-10T08:53:04.360+0000] {logging_mixin.py:151} INFO - [2023-10-10T08:53:04.360+0000] {dagbag.py:539} INFO - Filling up the DagBag from /home/airflow/.local/lib/python3.8/site-packages/airflow/example_dags/example_branch_operator.py
[2023-10-10T08:53:04.371+0000] {processor.py:839} INFO - DAG(s) dict_keys(['example_branch_operator']) retrieved from /home/airflow/.local/lib/python3.8/site-packages/airflow/example_dags/example_branch_operator.py
[2023-10-10T08:53:04.397+0000] {logging_mixin.py:151} INFO - [2023-10-10T08:53:04.397+0000] {dag.py:2915} INFO - Sync 1 DAGs
[2023-10-10T08:53:04.424+0000] {logging_mixin.py:151} INFO - [2023-10-10T08:53:04.424+0000] {dag.py:3696} INFO - Setting next_dagrun for example_branch_operator to 2023-10-09T00:00:00+00:00, run_after=2023-10-10T00:00:00+00:00
[2023-10-10T08:53:04.444+0000] {processor.py:179} INFO - Processing /home/airflow/.local/lib/python3.8/site-packages/airflow/example_dags/example_branch_operator.py took 0.091 seconds
[2023-10-10T08:53:34.652+0000] {processor.py:157} INFO - Started process (PID=264) to work on /home/airflow/.local/lib/python3.8/site-packages/airflow/example_dags/example_branch_operator.py
[2023-10-10T08:53:34.653+0000] {processor.py:829} INFO - Processing file /home/airflow/.local/lib/python3.8/site-packages/airflow/example_dags/example_branch_operator.py for tasks to queue
[2023-10-10T08:53:34.656+0000] {logging_mixin.py:151} INFO - [2023-10-10T08:53:34.655+0000] {dagbag.py:539} INFO - Filling up the DagBag from /home/airflow/.local/lib/python3.8/site-packages/airflow/example_dags/example_branch_operator.py
[2023-10-10T08:53:34.682+0000] {processor.py:839} INFO - DAG(s) dict_keys(['example_branch_operator']) retrieved from /home/airflow/.local/lib/python3.8/site-packages/airflow/example_dags/example_branch_operator.py
[2023-10-10T08:53:34.712+0000] {logging_mixin.py:151} INFO - [2023-10-10T08:53:34.711+0000] {dag.py:2915} INFO - Sync 1 DAGs
[2023-10-10T08:53:34.739+0000] {logging_mixin.py:151} INFO - [2023-10-10T08:53:34.739+0000] {dag.py:3696} INFO - Setting next_dagrun for example_branch_operator to 2023-10-09T00:00:00+00:00, run_after=2023-10-10T00:00:00+00:00
[2023-10-10T08:53:34.758+0000] {processor.py:179} INFO - Processing /home/airflow/.local/lib/python3.8/site-packages/airflow/example_dags/example_branch_operator.py took 0.111 seconds
[2023-10-10T08:54:06.421+0000] {processor.py:157} INFO - Started process (PID=319) to work on /home/airflow/.local/lib/python3.8/site-packages/airflow/example_dags/example_branch_operator.py
[2023-10-10T08:54:06.423+0000] {processor.py:829} INFO - Processing file /home/airflow/.local/lib/python3.8/site-packages/airflow/example_dags/example_branch_operator.py for tasks to queue
[2023-10-10T08:54:06.425+0000] {logging_mixin.py:151} INFO - [2023-10-10T08:54:06.424+0000] {dagbag.py:539} INFO - Filling up the DagBag from /home/airflow/.local/lib/python3.8/site-packages/airflow/example_dags/example_branch_operator.py
[2023-10-10T08:54:06.436+0000] {processor.py:839} INFO - DAG(s) dict_keys(['example_branch_operator']) retrieved from /home/airflow/.local/lib/python3.8/site-packages/airflow/example_dags/example_branch_operator.py
[2023-10-10T08:54:06.462+0000] {logging_mixin.py:151} INFO - [2023-10-10T08:54:06.461+0000] {dag.py:2915} INFO - Sync 1 DAGs
[2023-10-10T08:54:06.490+0000] {logging_mixin.py:151} INFO - [2023-10-10T08:54:06.490+0000] {dag.py:3696} INFO - Setting next_dagrun for example_branch_operator to 2023-10-09T00:00:00+00:00, run_after=2023-10-10T00:00:00+00:00
[2023-10-10T08:54:06.511+0000] {processor.py:179} INFO - Processing /home/airflow/.local/lib/python3.8/site-packages/airflow/example_dags/example_branch_operator.py took 0.094 seconds
[2023-10-10T08:54:36.558+0000] {processor.py:157} INFO - Started process (PID=372) to work on /home/airflow/.local/lib/python3.8/site-packages/airflow/example_dags/example_branch_operator.py
[2023-10-10T08:54:36.561+0000] {processor.py:829} INFO - Processing file /home/airflow/.local/lib/python3.8/site-packages/airflow/example_dags/example_branch_operator.py for tasks to queue
[2023-10-10T08:54:36.563+0000] {logging_mixin.py:151} INFO - [2023-10-10T08:54:36.563+0000] {dagbag.py:539} INFO - Filling up the DagBag from /home/airflow/.local/lib/python3.8/site-packages/airflow/example_dags/example_branch_operator.py
[2023-10-10T08:54:36.574+0000] {processor.py:839} INFO - DAG(s) dict_keys(['example_branch_operator']) retrieved from /home/airflow/.local/lib/python3.8/site-packages/airflow/example_dags/example_branch_operator.py
[2023-10-10T08:54:36.601+0000] {logging_mixin.py:151} INFO - [2023-10-10T08:54:36.600+0000] {dag.py:2915} INFO - Sync 1 DAGs
[2023-10-10T08:54:36.628+0000] {logging_mixin.py:151} INFO - [2023-10-10T08:54:36.628+0000] {dag.py:3696} INFO - Setting next_dagrun for example_branch_operator to 2023-10-09T00:00:00+00:00, run_after=2023-10-10T00:00:00+00:00
[2023-10-10T08:54:36.648+0000] {processor.py:179} INFO - Processing /home/airflow/.local/lib/python3.8/site-packages/airflow/example_dags/example_branch_operator.py took 0.094 seconds
[2023-10-10T08:55:06.978+0000] {processor.py:157} INFO - Started process (PID=427) to work on /home/airflow/.local/lib/python3.8/site-packages/airflow/example_dags/example_branch_operator.py
[2023-10-10T08:55:06.979+0000] {processor.py:829} INFO - Processing file /home/airflow/.local/lib/python3.8/site-packages/airflow/example_dags/example_branch_operator.py for tasks to queue
[2023-10-10T08:55:06.982+0000] {logging_mixin.py:151} INFO - [2023-10-10T08:55:06.981+0000] {dagbag.py:539} INFO - Filling up the DagBag from /home/airflow/.local/lib/python3.8/site-packages/airflow/example_dags/example_branch_operator.py
[2023-10-10T08:55:06.992+0000] {processor.py:839} INFO - DAG(s) dict_keys(['example_branch_operator']) retrieved from /home/airflow/.local/lib/python3.8/site-packages/airflow/example_dags/example_branch_operator.py
[2023-10-10T08:55:07.019+0000] {logging_mixin.py:151} INFO - [2023-10-10T08:55:07.018+0000] {dag.py:2915} INFO - Sync 1 DAGs
[2023-10-10T08:55:07.047+0000] {logging_mixin.py:151} INFO - [2023-10-10T08:55:07.046+0000] {dag.py:3696} INFO - Setting next_dagrun for example_branch_operator to 2023-10-09T00:00:00+00:00, run_after=2023-10-10T00:00:00+00:00
[2023-10-10T08:55:07.067+0000] {processor.py:179} INFO - Processing /home/airflow/.local/lib/python3.8/site-packages/airflow/example_dags/example_branch_operator.py took 0.093 seconds
[2023-10-10T08:55:37.471+0000] {processor.py:157} INFO - Started process (PID=482) to work on /home/airflow/.local/lib/python3.8/site-packages/airflow/example_dags/example_branch_operator.py
[2023-10-10T08:55:37.473+0000] {processor.py:829} INFO - Processing file /home/airflow/.local/lib/python3.8/site-packages/airflow/example_dags/example_branch_operator.py for tasks to queue
[2023-10-10T08:55:37.475+0000] {logging_mixin.py:151} INFO - [2023-10-10T08:55:37.475+0000] {dagbag.py:539} INFO - Filling up the DagBag from /home/airflow/.local/lib/python3.8/site-packages/airflow/example_dags/example_branch_operator.py
[2023-10-10T08:55:37.487+0000] {processor.py:839} INFO - DAG(s) dict_keys(['example_branch_operator']) retrieved from /home/airflow/.local/lib/python3.8/site-packages/airflow/example_dags/example_branch_operator.py
[2023-10-10T08:55:37.516+0000] {logging_mixin.py:151} INFO - [2023-10-10T08:55:37.515+0000] {dag.py:2915} INFO - Sync 1 DAGs
[2023-10-10T08:55:37.547+0000] {logging_mixin.py:151} INFO - [2023-10-10T08:55:37.546+0000] {dag.py:3696} INFO - Setting next_dagrun for example_branch_operator to 2023-10-09T00:00:00+00:00, run_after=2023-10-10T00:00:00+00:00
[2023-10-10T08:55:37.579+0000] {processor.py:179} INFO - Processing /home/airflow/.local/lib/python3.8/site-packages/airflow/example_dags/example_branch_operator.py took 0.112 seconds
[2023-10-10T08:56:07.811+0000] {processor.py:157} INFO - Started process (PID=536) to work on /home/airflow/.local/lib/python3.8/site-packages/airflow/example_dags/example_branch_operator.py
[2023-10-10T08:56:07.822+0000] {processor.py:829} INFO - Processing file /home/airflow/.local/lib/python3.8/site-packages/airflow/example_dags/example_branch_operator.py for tasks to queue
[2023-10-10T08:56:07.824+0000] {logging_mixin.py:151} INFO - [2023-10-10T08:56:07.824+0000] {dagbag.py:539} INFO - Filling up the DagBag from /home/airflow/.local/lib/python3.8/site-packages/airflow/example_dags/example_branch_operator.py
[2023-10-10T08:56:07.856+0000] {processor.py:839} INFO - DAG(s) dict_keys(['example_branch_operator']) retrieved from /home/airflow/.local/lib/python3.8/site-packages/airflow/example_dags/example_branch_operator.py
[2023-10-10T08:56:07.908+0000] {logging_mixin.py:151} INFO - [2023-10-10T08:56:07.908+0000] {dag.py:2915} INFO - Sync 1 DAGs
[2023-10-10T08:56:07.951+0000] {logging_mixin.py:151} INFO - [2023-10-10T08:56:07.948+0000] {dag.py:3696} INFO - Setting next_dagrun for example_branch_operator to 2023-10-09T00:00:00+00:00, run_after=2023-10-10T00:00:00+00:00
[2023-10-10T08:56:07.994+0000] {processor.py:179} INFO - Processing /home/airflow/.local/lib/python3.8/site-packages/airflow/example_dags/example_branch_operator.py took 0.187 seconds
[2023-10-10T08:56:38.318+0000] {processor.py:157} INFO - Started process (PID=590) to work on /home/airflow/.local/lib/python3.8/site-packages/airflow/example_dags/example_branch_operator.py
[2023-10-10T08:56:38.319+0000] {processor.py:829} INFO - Processing file /home/airflow/.local/lib/python3.8/site-packages/airflow/example_dags/example_branch_operator.py for tasks to queue
[2023-10-10T08:56:38.322+0000] {logging_mixin.py:151} INFO - [2023-10-10T08:56:38.321+0000] {dagbag.py:539} INFO - Filling up the DagBag from /home/airflow/.local/lib/python3.8/site-packages/airflow/example_dags/example_branch_operator.py
[2023-10-10T08:56:38.333+0000] {processor.py:839} INFO - DAG(s) dict_keys(['example_branch_operator']) retrieved from /home/airflow/.local/lib/python3.8/site-packages/airflow/example_dags/example_branch_operator.py
[2023-10-10T08:56:38.359+0000] {logging_mixin.py:151} INFO - [2023-10-10T08:56:38.359+0000] {dag.py:2915} INFO - Sync 1 DAGs
[2023-10-10T08:56:38.386+0000] {logging_mixin.py:151} INFO - [2023-10-10T08:56:38.386+0000] {dag.py:3696} INFO - Setting next_dagrun for example_branch_operator to 2023-10-09T00:00:00+00:00, run_after=2023-10-10T00:00:00+00:00
[2023-10-10T08:56:38.407+0000] {processor.py:179} INFO - Processing /home/airflow/.local/lib/python3.8/site-packages/airflow/example_dags/example_branch_operator.py took 0.093 seconds
[2023-10-10T08:57:08.684+0000] {processor.py:157} INFO - Started process (PID=644) to work on /home/airflow/.local/lib/python3.8/site-packages/airflow/example_dags/example_branch_operator.py
[2023-10-10T08:57:08.685+0000] {processor.py:829} INFO - Processing file /home/airflow/.local/lib/python3.8/site-packages/airflow/example_dags/example_branch_operator.py for tasks to queue
[2023-10-10T08:57:08.688+0000] {logging_mixin.py:151} INFO - [2023-10-10T08:57:08.687+0000] {dagbag.py:539} INFO - Filling up the DagBag from /home/airflow/.local/lib/python3.8/site-packages/airflow/example_dags/example_branch_operator.py
[2023-10-10T08:57:08.699+0000] {processor.py:839} INFO - DAG(s) dict_keys(['example_branch_operator']) retrieved from /home/airflow/.local/lib/python3.8/site-packages/airflow/example_dags/example_branch_operator.py
[2023-10-10T08:57:08.725+0000] {logging_mixin.py:151} INFO - [2023-10-10T08:57:08.724+0000] {dag.py:2915} INFO - Sync 1 DAGs
[2023-10-10T08:57:08.752+0000] {logging_mixin.py:151} INFO - [2023-10-10T08:57:08.752+0000] {dag.py:3696} INFO - Setting next_dagrun for example_branch_operator to 2023-10-09T00:00:00+00:00, run_after=2023-10-10T00:00:00+00:00
[2023-10-10T08:57:08.772+0000] {processor.py:179} INFO - Processing /home/airflow/.local/lib/python3.8/site-packages/airflow/example_dags/example_branch_operator.py took 0.091 seconds
