[2023-10-10T08:39:49.040+0000] {processor.py:157} INFO - Started process (PID=38) to work on /home/airflow/.local/lib/python3.8/site-packages/airflow/example_dags/example_task_group_decorator.py
[2023-10-10T08:39:49.041+0000] {processor.py:829} INFO - Processing file /home/airflow/.local/lib/python3.8/site-packages/airflow/example_dags/example_task_group_decorator.py for tasks to queue
[2023-10-10T08:39:49.043+0000] {logging_mixin.py:151} INFO - [2023-10-10T08:39:49.043+0000] {dagbag.py:539} INFO - Filling up the DagBag from /home/airflow/.local/lib/python3.8/site-packages/airflow/example_dags/example_task_group_decorator.py
[2023-10-10T08:39:49.063+0000] {processor.py:839} INFO - DAG(s) dict_keys(['example_task_group_decorator']) retrieved from /home/airflow/.local/lib/python3.8/site-packages/airflow/example_dags/example_task_group_decorator.py
[2023-10-10T08:39:49.077+0000] {logging_mixin.py:151} INFO - [2023-10-10T08:39:49.077+0000] {dag.py:2915} INFO - Sync 1 DAGs
[2023-10-10T08:39:49.104+0000] {logging_mixin.py:151} INFO - [2023-10-10T08:39:49.103+0000] {dag.py:3696} INFO - Setting next_dagrun for example_task_group_decorator to 2023-10-09T08:39:49.103653+00:00, run_after=2023-10-10T08:39:49.103653+00:00
[2023-10-10T08:39:49.126+0000] {processor.py:179} INFO - Processing /home/airflow/.local/lib/python3.8/site-packages/airflow/example_dags/example_task_group_decorator.py took 0.090 seconds
[2023-10-10T08:40:19.455+0000] {processor.py:157} INFO - Started process (PID=92) to work on /home/airflow/.local/lib/python3.8/site-packages/airflow/example_dags/example_task_group_decorator.py
[2023-10-10T08:40:19.457+0000] {processor.py:829} INFO - Processing file /home/airflow/.local/lib/python3.8/site-packages/airflow/example_dags/example_task_group_decorator.py for tasks to queue
[2023-10-10T08:40:19.459+0000] {logging_mixin.py:151} INFO - [2023-10-10T08:40:19.459+0000] {dagbag.py:539} INFO - Filling up the DagBag from /home/airflow/.local/lib/python3.8/site-packages/airflow/example_dags/example_task_group_decorator.py
[2023-10-10T08:40:19.477+0000] {processor.py:839} INFO - DAG(s) dict_keys(['example_task_group_decorator']) retrieved from /home/airflow/.local/lib/python3.8/site-packages/airflow/example_dags/example_task_group_decorator.py
[2023-10-10T08:40:19.506+0000] {logging_mixin.py:151} INFO - [2023-10-10T08:40:19.505+0000] {dag.py:2915} INFO - Sync 1 DAGs
[2023-10-10T08:40:19.532+0000] {logging_mixin.py:151} INFO - [2023-10-10T08:40:19.532+0000] {dag.py:3696} INFO - Setting next_dagrun for example_task_group_decorator to 2023-10-09T08:40:19.532087+00:00, run_after=2023-10-10T08:40:19.532087+00:00
[2023-10-10T08:40:19.554+0000] {processor.py:179} INFO - Processing /home/airflow/.local/lib/python3.8/site-packages/airflow/example_dags/example_task_group_decorator.py took 0.103 seconds
[2023-10-10T08:40:49.856+0000] {processor.py:157} INFO - Started process (PID=145) to work on /home/airflow/.local/lib/python3.8/site-packages/airflow/example_dags/example_task_group_decorator.py
[2023-10-10T08:40:49.858+0000] {processor.py:829} INFO - Processing file /home/airflow/.local/lib/python3.8/site-packages/airflow/example_dags/example_task_group_decorator.py for tasks to queue
[2023-10-10T08:40:49.860+0000] {logging_mixin.py:151} INFO - [2023-10-10T08:40:49.859+0000] {dagbag.py:539} INFO - Filling up the DagBag from /home/airflow/.local/lib/python3.8/site-packages/airflow/example_dags/example_task_group_decorator.py
[2023-10-10T08:40:49.877+0000] {processor.py:839} INFO - DAG(s) dict_keys(['example_task_group_decorator']) retrieved from /home/airflow/.local/lib/python3.8/site-packages/airflow/example_dags/example_task_group_decorator.py
[2023-10-10T08:40:49.905+0000] {logging_mixin.py:151} INFO - [2023-10-10T08:40:49.905+0000] {dag.py:2915} INFO - Sync 1 DAGs
[2023-10-10T08:40:49.931+0000] {logging_mixin.py:151} INFO - [2023-10-10T08:40:49.931+0000] {dag.py:3696} INFO - Setting next_dagrun for example_task_group_decorator to 2023-10-09T08:40:49.930852+00:00, run_after=2023-10-10T08:40:49.930852+00:00
[2023-10-10T08:40:49.951+0000] {processor.py:179} INFO - Processing /home/airflow/.local/lib/python3.8/site-packages/airflow/example_dags/example_task_group_decorator.py took 0.099 seconds
[2023-10-10T08:41:20.180+0000] {processor.py:157} INFO - Started process (PID=199) to work on /home/airflow/.local/lib/python3.8/site-packages/airflow/example_dags/example_task_group_decorator.py
[2023-10-10T08:41:20.182+0000] {processor.py:829} INFO - Processing file /home/airflow/.local/lib/python3.8/site-packages/airflow/example_dags/example_task_group_decorator.py for tasks to queue
[2023-10-10T08:41:20.184+0000] {logging_mixin.py:151} INFO - [2023-10-10T08:41:20.184+0000] {dagbag.py:539} INFO - Filling up the DagBag from /home/airflow/.local/lib/python3.8/site-packages/airflow/example_dags/example_task_group_decorator.py
[2023-10-10T08:41:20.201+0000] {processor.py:839} INFO - DAG(s) dict_keys(['example_task_group_decorator']) retrieved from /home/airflow/.local/lib/python3.8/site-packages/airflow/example_dags/example_task_group_decorator.py
[2023-10-10T08:41:20.231+0000] {logging_mixin.py:151} INFO - [2023-10-10T08:41:20.231+0000] {dag.py:2915} INFO - Sync 1 DAGs
[2023-10-10T08:41:20.258+0000] {logging_mixin.py:151} INFO - [2023-10-10T08:41:20.257+0000] {dag.py:3696} INFO - Setting next_dagrun for example_task_group_decorator to 2023-10-09T08:41:20.257629+00:00, run_after=2023-10-10T08:41:20.257629+00:00
[2023-10-10T08:41:20.278+0000] {processor.py:179} INFO - Processing /home/airflow/.local/lib/python3.8/site-packages/airflow/example_dags/example_task_group_decorator.py took 0.102 seconds
[2023-10-10T08:43:49.466+0000] {processor.py:157} INFO - Started process (PID=39) to work on /home/airflow/.local/lib/python3.8/site-packages/airflow/example_dags/example_task_group_decorator.py
[2023-10-10T08:43:49.467+0000] {processor.py:829} INFO - Processing file /home/airflow/.local/lib/python3.8/site-packages/airflow/example_dags/example_task_group_decorator.py for tasks to queue
[2023-10-10T08:43:49.470+0000] {logging_mixin.py:151} INFO - [2023-10-10T08:43:49.469+0000] {dagbag.py:539} INFO - Filling up the DagBag from /home/airflow/.local/lib/python3.8/site-packages/airflow/example_dags/example_task_group_decorator.py
[2023-10-10T08:43:49.488+0000] {processor.py:839} INFO - DAG(s) dict_keys(['example_task_group_decorator']) retrieved from /home/airflow/.local/lib/python3.8/site-packages/airflow/example_dags/example_task_group_decorator.py
[2023-10-10T08:43:49.502+0000] {logging_mixin.py:151} INFO - [2023-10-10T08:43:49.501+0000] {dag.py:2915} INFO - Sync 1 DAGs
[2023-10-10T08:43:49.528+0000] {logging_mixin.py:151} INFO - [2023-10-10T08:43:49.528+0000] {dag.py:3696} INFO - Setting next_dagrun for example_task_group_decorator to 2023-10-09T08:43:49.527948+00:00, run_after=2023-10-10T08:43:49.527948+00:00
[2023-10-10T08:43:49.548+0000] {processor.py:179} INFO - Processing /home/airflow/.local/lib/python3.8/site-packages/airflow/example_dags/example_task_group_decorator.py took 0.086 seconds
[2023-10-10T08:44:20.260+0000] {processor.py:157} INFO - Started process (PID=93) to work on /home/airflow/.local/lib/python3.8/site-packages/airflow/example_dags/example_task_group_decorator.py
[2023-10-10T08:44:20.261+0000] {processor.py:829} INFO - Processing file /home/airflow/.local/lib/python3.8/site-packages/airflow/example_dags/example_task_group_decorator.py for tasks to queue
[2023-10-10T08:44:20.264+0000] {logging_mixin.py:151} INFO - [2023-10-10T08:44:20.263+0000] {dagbag.py:539} INFO - Filling up the DagBag from /home/airflow/.local/lib/python3.8/site-packages/airflow/example_dags/example_task_group_decorator.py
[2023-10-10T08:44:20.281+0000] {processor.py:839} INFO - DAG(s) dict_keys(['example_task_group_decorator']) retrieved from /home/airflow/.local/lib/python3.8/site-packages/airflow/example_dags/example_task_group_decorator.py
[2023-10-10T08:44:20.308+0000] {logging_mixin.py:151} INFO - [2023-10-10T08:44:20.308+0000] {dag.py:2915} INFO - Sync 1 DAGs
[2023-10-10T08:44:20.333+0000] {logging_mixin.py:151} INFO - [2023-10-10T08:44:20.332+0000] {dag.py:3696} INFO - Setting next_dagrun for example_task_group_decorator to 2023-10-09T08:44:20.332542+00:00, run_after=2023-10-10T08:44:20.332542+00:00
[2023-10-10T08:44:20.353+0000] {processor.py:179} INFO - Processing /home/airflow/.local/lib/python3.8/site-packages/airflow/example_dags/example_task_group_decorator.py took 0.096 seconds
[2023-10-10T08:44:50.415+0000] {processor.py:157} INFO - Started process (PID=147) to work on /home/airflow/.local/lib/python3.8/site-packages/airflow/example_dags/example_task_group_decorator.py
[2023-10-10T08:44:50.418+0000] {processor.py:829} INFO - Processing file /home/airflow/.local/lib/python3.8/site-packages/airflow/example_dags/example_task_group_decorator.py for tasks to queue
[2023-10-10T08:44:50.421+0000] {logging_mixin.py:151} INFO - [2023-10-10T08:44:50.420+0000] {dagbag.py:539} INFO - Filling up the DagBag from /home/airflow/.local/lib/python3.8/site-packages/airflow/example_dags/example_task_group_decorator.py
[2023-10-10T08:44:50.438+0000] {processor.py:839} INFO - DAG(s) dict_keys(['example_task_group_decorator']) retrieved from /home/airflow/.local/lib/python3.8/site-packages/airflow/example_dags/example_task_group_decorator.py
[2023-10-10T08:44:50.468+0000] {logging_mixin.py:151} INFO - [2023-10-10T08:44:50.468+0000] {dag.py:2915} INFO - Sync 1 DAGs
[2023-10-10T08:44:50.493+0000] {logging_mixin.py:151} INFO - [2023-10-10T08:44:50.492+0000] {dag.py:3696} INFO - Setting next_dagrun for example_task_group_decorator to 2023-10-09T08:44:50.492585+00:00, run_after=2023-10-10T08:44:50.492585+00:00
[2023-10-10T08:44:50.512+0000] {processor.py:179} INFO - Processing /home/airflow/.local/lib/python3.8/site-packages/airflow/example_dags/example_task_group_decorator.py took 0.100 seconds
[2023-10-10T08:45:20.601+0000] {processor.py:157} INFO - Started process (PID=200) to work on /home/airflow/.local/lib/python3.8/site-packages/airflow/example_dags/example_task_group_decorator.py
[2023-10-10T08:45:20.602+0000] {processor.py:829} INFO - Processing file /home/airflow/.local/lib/python3.8/site-packages/airflow/example_dags/example_task_group_decorator.py for tasks to queue
[2023-10-10T08:45:20.604+0000] {logging_mixin.py:151} INFO - [2023-10-10T08:45:20.604+0000] {dagbag.py:539} INFO - Filling up the DagBag from /home/airflow/.local/lib/python3.8/site-packages/airflow/example_dags/example_task_group_decorator.py
[2023-10-10T08:45:20.622+0000] {processor.py:839} INFO - DAG(s) dict_keys(['example_task_group_decorator']) retrieved from /home/airflow/.local/lib/python3.8/site-packages/airflow/example_dags/example_task_group_decorator.py
[2023-10-10T08:45:20.652+0000] {logging_mixin.py:151} INFO - [2023-10-10T08:45:20.652+0000] {dag.py:2915} INFO - Sync 1 DAGs
[2023-10-10T08:45:20.679+0000] {logging_mixin.py:151} INFO - [2023-10-10T08:45:20.679+0000] {dag.py:3696} INFO - Setting next_dagrun for example_task_group_decorator to 2023-10-09T08:45:20.679273+00:00, run_after=2023-10-10T08:45:20.679273+00:00
[2023-10-10T08:45:20.702+0000] {processor.py:179} INFO - Processing /home/airflow/.local/lib/python3.8/site-packages/airflow/example_dags/example_task_group_decorator.py took 0.104 seconds
[2023-10-10T08:46:29.377+0000] {processor.py:157} INFO - Started process (PID=38) to work on /home/airflow/.local/lib/python3.8/site-packages/airflow/example_dags/example_task_group_decorator.py
[2023-10-10T08:46:29.378+0000] {processor.py:829} INFO - Processing file /home/airflow/.local/lib/python3.8/site-packages/airflow/example_dags/example_task_group_decorator.py for tasks to queue
[2023-10-10T08:46:29.380+0000] {logging_mixin.py:151} INFO - [2023-10-10T08:46:29.380+0000] {dagbag.py:539} INFO - Filling up the DagBag from /home/airflow/.local/lib/python3.8/site-packages/airflow/example_dags/example_task_group_decorator.py
[2023-10-10T08:46:29.400+0000] {processor.py:839} INFO - DAG(s) dict_keys(['example_task_group_decorator']) retrieved from /home/airflow/.local/lib/python3.8/site-packages/airflow/example_dags/example_task_group_decorator.py
[2023-10-10T08:46:29.416+0000] {logging_mixin.py:151} INFO - [2023-10-10T08:46:29.416+0000] {dag.py:2915} INFO - Sync 1 DAGs
[2023-10-10T08:46:29.444+0000] {logging_mixin.py:151} INFO - [2023-10-10T08:46:29.444+0000] {dag.py:3696} INFO - Setting next_dagrun for example_task_group_decorator to 2023-10-09T08:46:29.443830+00:00, run_after=2023-10-10T08:46:29.443830+00:00
[2023-10-10T08:46:29.472+0000] {processor.py:179} INFO - Processing /home/airflow/.local/lib/python3.8/site-packages/airflow/example_dags/example_task_group_decorator.py took 0.100 seconds
[2023-10-10T08:46:59.842+0000] {processor.py:157} INFO - Started process (PID=92) to work on /home/airflow/.local/lib/python3.8/site-packages/airflow/example_dags/example_task_group_decorator.py
[2023-10-10T08:46:59.843+0000] {processor.py:829} INFO - Processing file /home/airflow/.local/lib/python3.8/site-packages/airflow/example_dags/example_task_group_decorator.py for tasks to queue
[2023-10-10T08:46:59.845+0000] {logging_mixin.py:151} INFO - [2023-10-10T08:46:59.845+0000] {dagbag.py:539} INFO - Filling up the DagBag from /home/airflow/.local/lib/python3.8/site-packages/airflow/example_dags/example_task_group_decorator.py
[2023-10-10T08:46:59.862+0000] {processor.py:839} INFO - DAG(s) dict_keys(['example_task_group_decorator']) retrieved from /home/airflow/.local/lib/python3.8/site-packages/airflow/example_dags/example_task_group_decorator.py
[2023-10-10T08:46:59.890+0000] {logging_mixin.py:151} INFO - [2023-10-10T08:46:59.889+0000] {dag.py:2915} INFO - Sync 1 DAGs
[2023-10-10T08:46:59.914+0000] {logging_mixin.py:151} INFO - [2023-10-10T08:46:59.913+0000] {dag.py:3696} INFO - Setting next_dagrun for example_task_group_decorator to 2023-10-09T08:46:59.913497+00:00, run_after=2023-10-10T08:46:59.913497+00:00
[2023-10-10T08:46:59.934+0000] {processor.py:179} INFO - Processing /home/airflow/.local/lib/python3.8/site-packages/airflow/example_dags/example_task_group_decorator.py took 0.096 seconds
[2023-10-10T08:47:30.207+0000] {processor.py:157} INFO - Started process (PID=146) to work on /home/airflow/.local/lib/python3.8/site-packages/airflow/example_dags/example_task_group_decorator.py
[2023-10-10T08:47:30.208+0000] {processor.py:829} INFO - Processing file /home/airflow/.local/lib/python3.8/site-packages/airflow/example_dags/example_task_group_decorator.py for tasks to queue
[2023-10-10T08:47:30.210+0000] {logging_mixin.py:151} INFO - [2023-10-10T08:47:30.210+0000] {dagbag.py:539} INFO - Filling up the DagBag from /home/airflow/.local/lib/python3.8/site-packages/airflow/example_dags/example_task_group_decorator.py
[2023-10-10T08:47:30.227+0000] {processor.py:839} INFO - DAG(s) dict_keys(['example_task_group_decorator']) retrieved from /home/airflow/.local/lib/python3.8/site-packages/airflow/example_dags/example_task_group_decorator.py
[2023-10-10T08:47:30.256+0000] {logging_mixin.py:151} INFO - [2023-10-10T08:47:30.255+0000] {dag.py:2915} INFO - Sync 1 DAGs
[2023-10-10T08:47:30.280+0000] {logging_mixin.py:151} INFO - [2023-10-10T08:47:30.280+0000] {dag.py:3696} INFO - Setting next_dagrun for example_task_group_decorator to 2023-10-09T08:47:30.280286+00:00, run_after=2023-10-10T08:47:30.280286+00:00
[2023-10-10T08:47:30.301+0000] {processor.py:179} INFO - Processing /home/airflow/.local/lib/python3.8/site-packages/airflow/example_dags/example_task_group_decorator.py took 0.098 seconds
[2023-10-10T08:51:32.483+0000] {processor.py:157} INFO - Started process (PID=38) to work on /home/airflow/.local/lib/python3.8/site-packages/airflow/example_dags/example_task_group_decorator.py
[2023-10-10T08:51:32.485+0000] {processor.py:829} INFO - Processing file /home/airflow/.local/lib/python3.8/site-packages/airflow/example_dags/example_task_group_decorator.py for tasks to queue
[2023-10-10T08:51:32.487+0000] {logging_mixin.py:151} INFO - [2023-10-10T08:51:32.487+0000] {dagbag.py:539} INFO - Filling up the DagBag from /home/airflow/.local/lib/python3.8/site-packages/airflow/example_dags/example_task_group_decorator.py
[2023-10-10T08:51:32.505+0000] {processor.py:839} INFO - DAG(s) dict_keys(['example_task_group_decorator']) retrieved from /home/airflow/.local/lib/python3.8/site-packages/airflow/example_dags/example_task_group_decorator.py
[2023-10-10T08:51:32.521+0000] {logging_mixin.py:151} INFO - [2023-10-10T08:51:32.521+0000] {dag.py:2915} INFO - Sync 1 DAGs
[2023-10-10T08:51:32.553+0000] {logging_mixin.py:151} INFO - [2023-10-10T08:51:32.553+0000] {dag.py:3696} INFO - Setting next_dagrun for example_task_group_decorator to 2023-10-09T08:51:32.553088+00:00, run_after=2023-10-10T08:51:32.553088+00:00
[2023-10-10T08:51:32.575+0000] {processor.py:179} INFO - Processing /home/airflow/.local/lib/python3.8/site-packages/airflow/example_dags/example_task_group_decorator.py took 0.096 seconds
[2023-10-10T08:52:03.149+0000] {processor.py:157} INFO - Started process (PID=92) to work on /home/airflow/.local/lib/python3.8/site-packages/airflow/example_dags/example_task_group_decorator.py
[2023-10-10T08:52:03.150+0000] {processor.py:829} INFO - Processing file /home/airflow/.local/lib/python3.8/site-packages/airflow/example_dags/example_task_group_decorator.py for tasks to queue
[2023-10-10T08:52:03.152+0000] {logging_mixin.py:151} INFO - [2023-10-10T08:52:03.152+0000] {dagbag.py:539} INFO - Filling up the DagBag from /home/airflow/.local/lib/python3.8/site-packages/airflow/example_dags/example_task_group_decorator.py
[2023-10-10T08:52:03.170+0000] {processor.py:839} INFO - DAG(s) dict_keys(['example_task_group_decorator']) retrieved from /home/airflow/.local/lib/python3.8/site-packages/airflow/example_dags/example_task_group_decorator.py
[2023-10-10T08:52:03.197+0000] {logging_mixin.py:151} INFO - [2023-10-10T08:52:03.196+0000] {dag.py:2915} INFO - Sync 1 DAGs
[2023-10-10T08:52:03.222+0000] {logging_mixin.py:151} INFO - [2023-10-10T08:52:03.222+0000] {dag.py:3696} INFO - Setting next_dagrun for example_task_group_decorator to 2023-10-09T08:52:03.221970+00:00, run_after=2023-10-10T08:52:03.221970+00:00
[2023-10-10T08:52:03.242+0000] {processor.py:179} INFO - Processing /home/airflow/.local/lib/python3.8/site-packages/airflow/example_dags/example_task_group_decorator.py took 0.097 seconds
[2023-10-10T08:52:33.455+0000] {processor.py:157} INFO - Started process (PID=146) to work on /home/airflow/.local/lib/python3.8/site-packages/airflow/example_dags/example_task_group_decorator.py
[2023-10-10T08:52:33.457+0000] {processor.py:829} INFO - Processing file /home/airflow/.local/lib/python3.8/site-packages/airflow/example_dags/example_task_group_decorator.py for tasks to queue
[2023-10-10T08:52:33.459+0000] {logging_mixin.py:151} INFO - [2023-10-10T08:52:33.459+0000] {dagbag.py:539} INFO - Filling up the DagBag from /home/airflow/.local/lib/python3.8/site-packages/airflow/example_dags/example_task_group_decorator.py
[2023-10-10T08:52:33.476+0000] {processor.py:839} INFO - DAG(s) dict_keys(['example_task_group_decorator']) retrieved from /home/airflow/.local/lib/python3.8/site-packages/airflow/example_dags/example_task_group_decorator.py
[2023-10-10T08:52:33.504+0000] {logging_mixin.py:151} INFO - [2023-10-10T08:52:33.504+0000] {dag.py:2915} INFO - Sync 1 DAGs
[2023-10-10T08:52:33.529+0000] {logging_mixin.py:151} INFO - [2023-10-10T08:52:33.529+0000] {dag.py:3696} INFO - Setting next_dagrun for example_task_group_decorator to 2023-10-09T08:52:33.528900+00:00, run_after=2023-10-10T08:52:33.528900+00:00
[2023-10-10T08:52:33.549+0000] {processor.py:179} INFO - Processing /home/airflow/.local/lib/python3.8/site-packages/airflow/example_dags/example_task_group_decorator.py took 0.098 seconds
[2023-10-10T08:53:03.838+0000] {processor.py:157} INFO - Started process (PID=200) to work on /home/airflow/.local/lib/python3.8/site-packages/airflow/example_dags/example_task_group_decorator.py
[2023-10-10T08:53:03.840+0000] {processor.py:829} INFO - Processing file /home/airflow/.local/lib/python3.8/site-packages/airflow/example_dags/example_task_group_decorator.py for tasks to queue
[2023-10-10T08:53:03.842+0000] {logging_mixin.py:151} INFO - [2023-10-10T08:53:03.842+0000] {dagbag.py:539} INFO - Filling up the DagBag from /home/airflow/.local/lib/python3.8/site-packages/airflow/example_dags/example_task_group_decorator.py
[2023-10-10T08:53:03.860+0000] {processor.py:839} INFO - DAG(s) dict_keys(['example_task_group_decorator']) retrieved from /home/airflow/.local/lib/python3.8/site-packages/airflow/example_dags/example_task_group_decorator.py
[2023-10-10T08:53:03.889+0000] {logging_mixin.py:151} INFO - [2023-10-10T08:53:03.888+0000] {dag.py:2915} INFO - Sync 1 DAGs
[2023-10-10T08:53:03.914+0000] {logging_mixin.py:151} INFO - [2023-10-10T08:53:03.914+0000] {dag.py:3696} INFO - Setting next_dagrun for example_task_group_decorator to 2023-10-09T08:53:03.913893+00:00, run_after=2023-10-10T08:53:03.913893+00:00
[2023-10-10T08:53:03.934+0000] {processor.py:179} INFO - Processing /home/airflow/.local/lib/python3.8/site-packages/airflow/example_dags/example_task_group_decorator.py took 0.100 seconds
[2023-10-10T08:53:33.989+0000] {processor.py:157} INFO - Started process (PID=254) to work on /home/airflow/.local/lib/python3.8/site-packages/airflow/example_dags/example_task_group_decorator.py
[2023-10-10T08:53:33.991+0000] {processor.py:829} INFO - Processing file /home/airflow/.local/lib/python3.8/site-packages/airflow/example_dags/example_task_group_decorator.py for tasks to queue
[2023-10-10T08:53:33.993+0000] {logging_mixin.py:151} INFO - [2023-10-10T08:53:33.993+0000] {dagbag.py:539} INFO - Filling up the DagBag from /home/airflow/.local/lib/python3.8/site-packages/airflow/example_dags/example_task_group_decorator.py
[2023-10-10T08:53:34.011+0000] {processor.py:839} INFO - DAG(s) dict_keys(['example_task_group_decorator']) retrieved from /home/airflow/.local/lib/python3.8/site-packages/airflow/example_dags/example_task_group_decorator.py
[2023-10-10T08:53:34.040+0000] {logging_mixin.py:151} INFO - [2023-10-10T08:53:34.040+0000] {dag.py:2915} INFO - Sync 1 DAGs
[2023-10-10T08:53:34.066+0000] {logging_mixin.py:151} INFO - [2023-10-10T08:53:34.065+0000] {dag.py:3696} INFO - Setting next_dagrun for example_task_group_decorator to 2023-10-09T08:53:34.065656+00:00, run_after=2023-10-10T08:53:34.065656+00:00
[2023-10-10T08:53:34.085+0000] {processor.py:179} INFO - Processing /home/airflow/.local/lib/python3.8/site-packages/airflow/example_dags/example_task_group_decorator.py took 0.100 seconds
[2023-10-10T08:54:05.329+0000] {processor.py:157} INFO - Started process (PID=309) to work on /home/airflow/.local/lib/python3.8/site-packages/airflow/example_dags/example_task_group_decorator.py
[2023-10-10T08:54:05.332+0000] {processor.py:829} INFO - Processing file /home/airflow/.local/lib/python3.8/site-packages/airflow/example_dags/example_task_group_decorator.py for tasks to queue
[2023-10-10T08:54:05.334+0000] {logging_mixin.py:151} INFO - [2023-10-10T08:54:05.334+0000] {dagbag.py:539} INFO - Filling up the DagBag from /home/airflow/.local/lib/python3.8/site-packages/airflow/example_dags/example_task_group_decorator.py
[2023-10-10T08:54:05.352+0000] {processor.py:839} INFO - DAG(s) dict_keys(['example_task_group_decorator']) retrieved from /home/airflow/.local/lib/python3.8/site-packages/airflow/example_dags/example_task_group_decorator.py
[2023-10-10T08:54:05.381+0000] {logging_mixin.py:151} INFO - [2023-10-10T08:54:05.380+0000] {dag.py:2915} INFO - Sync 1 DAGs
[2023-10-10T08:54:05.408+0000] {logging_mixin.py:151} INFO - [2023-10-10T08:54:05.407+0000] {dag.py:3696} INFO - Setting next_dagrun for example_task_group_decorator to 2023-10-09T08:54:05.407502+00:00, run_after=2023-10-10T08:54:05.407502+00:00
[2023-10-10T08:54:05.427+0000] {processor.py:179} INFO - Processing /home/airflow/.local/lib/python3.8/site-packages/airflow/example_dags/example_task_group_decorator.py took 0.102 seconds
[2023-10-10T08:54:36.036+0000] {processor.py:157} INFO - Started process (PID=362) to work on /home/airflow/.local/lib/python3.8/site-packages/airflow/example_dags/example_task_group_decorator.py
[2023-10-10T08:54:36.038+0000] {processor.py:829} INFO - Processing file /home/airflow/.local/lib/python3.8/site-packages/airflow/example_dags/example_task_group_decorator.py for tasks to queue
[2023-10-10T08:54:36.040+0000] {logging_mixin.py:151} INFO - [2023-10-10T08:54:36.040+0000] {dagbag.py:539} INFO - Filling up the DagBag from /home/airflow/.local/lib/python3.8/site-packages/airflow/example_dags/example_task_group_decorator.py
[2023-10-10T08:54:36.058+0000] {processor.py:839} INFO - DAG(s) dict_keys(['example_task_group_decorator']) retrieved from /home/airflow/.local/lib/python3.8/site-packages/airflow/example_dags/example_task_group_decorator.py
[2023-10-10T08:54:36.084+0000] {logging_mixin.py:151} INFO - [2023-10-10T08:54:36.084+0000] {dag.py:2915} INFO - Sync 1 DAGs
[2023-10-10T08:54:36.109+0000] {logging_mixin.py:151} INFO - [2023-10-10T08:54:36.108+0000] {dag.py:3696} INFO - Setting next_dagrun for example_task_group_decorator to 2023-10-09T08:54:36.108587+00:00, run_after=2023-10-10T08:54:36.108587+00:00
[2023-10-10T08:54:36.129+0000] {processor.py:179} INFO - Processing /home/airflow/.local/lib/python3.8/site-packages/airflow/example_dags/example_task_group_decorator.py took 0.097 seconds
[2023-10-10T08:55:06.463+0000] {processor.py:157} INFO - Started process (PID=417) to work on /home/airflow/.local/lib/python3.8/site-packages/airflow/example_dags/example_task_group_decorator.py
[2023-10-10T08:55:06.465+0000] {processor.py:829} INFO - Processing file /home/airflow/.local/lib/python3.8/site-packages/airflow/example_dags/example_task_group_decorator.py for tasks to queue
[2023-10-10T08:55:06.467+0000] {logging_mixin.py:151} INFO - [2023-10-10T08:55:06.467+0000] {dagbag.py:539} INFO - Filling up the DagBag from /home/airflow/.local/lib/python3.8/site-packages/airflow/example_dags/example_task_group_decorator.py
[2023-10-10T08:55:06.484+0000] {processor.py:839} INFO - DAG(s) dict_keys(['example_task_group_decorator']) retrieved from /home/airflow/.local/lib/python3.8/site-packages/airflow/example_dags/example_task_group_decorator.py
[2023-10-10T08:55:06.512+0000] {logging_mixin.py:151} INFO - [2023-10-10T08:55:06.511+0000] {dag.py:2915} INFO - Sync 1 DAGs
[2023-10-10T08:55:06.537+0000] {logging_mixin.py:151} INFO - [2023-10-10T08:55:06.537+0000] {dag.py:3696} INFO - Setting next_dagrun for example_task_group_decorator to 2023-10-09T08:55:06.536721+00:00, run_after=2023-10-10T08:55:06.536721+00:00
[2023-10-10T08:55:06.557+0000] {processor.py:179} INFO - Processing /home/airflow/.local/lib/python3.8/site-packages/airflow/example_dags/example_task_group_decorator.py took 0.097 seconds
[2023-10-10T08:55:36.619+0000] {processor.py:157} INFO - Started process (PID=472) to work on /home/airflow/.local/lib/python3.8/site-packages/airflow/example_dags/example_task_group_decorator.py
[2023-10-10T08:55:36.625+0000] {processor.py:829} INFO - Processing file /home/airflow/.local/lib/python3.8/site-packages/airflow/example_dags/example_task_group_decorator.py for tasks to queue
[2023-10-10T08:55:36.628+0000] {logging_mixin.py:151} INFO - [2023-10-10T08:55:36.627+0000] {dagbag.py:539} INFO - Filling up the DagBag from /home/airflow/.local/lib/python3.8/site-packages/airflow/example_dags/example_task_group_decorator.py
[2023-10-10T08:55:36.656+0000] {processor.py:839} INFO - DAG(s) dict_keys(['example_task_group_decorator']) retrieved from /home/airflow/.local/lib/python3.8/site-packages/airflow/example_dags/example_task_group_decorator.py
[2023-10-10T08:55:36.691+0000] {logging_mixin.py:151} INFO - [2023-10-10T08:55:36.691+0000] {dag.py:2915} INFO - Sync 1 DAGs
[2023-10-10T08:55:36.742+0000] {logging_mixin.py:151} INFO - [2023-10-10T08:55:36.741+0000] {dag.py:3696} INFO - Setting next_dagrun for example_task_group_decorator to 2023-10-09T08:55:36.741558+00:00, run_after=2023-10-10T08:55:36.741558+00:00
[2023-10-10T08:55:36.785+0000] {processor.py:179} INFO - Processing /home/airflow/.local/lib/python3.8/site-packages/airflow/example_dags/example_task_group_decorator.py took 0.174 seconds
[2023-10-10T08:56:07.173+0000] {processor.py:157} INFO - Started process (PID=526) to work on /home/airflow/.local/lib/python3.8/site-packages/airflow/example_dags/example_task_group_decorator.py
[2023-10-10T08:56:07.174+0000] {processor.py:829} INFO - Processing file /home/airflow/.local/lib/python3.8/site-packages/airflow/example_dags/example_task_group_decorator.py for tasks to queue
[2023-10-10T08:56:07.177+0000] {logging_mixin.py:151} INFO - [2023-10-10T08:56:07.176+0000] {dagbag.py:539} INFO - Filling up the DagBag from /home/airflow/.local/lib/python3.8/site-packages/airflow/example_dags/example_task_group_decorator.py
[2023-10-10T08:56:07.194+0000] {processor.py:839} INFO - DAG(s) dict_keys(['example_task_group_decorator']) retrieved from /home/airflow/.local/lib/python3.8/site-packages/airflow/example_dags/example_task_group_decorator.py
[2023-10-10T08:56:07.223+0000] {logging_mixin.py:151} INFO - [2023-10-10T08:56:07.222+0000] {dag.py:2915} INFO - Sync 1 DAGs
[2023-10-10T08:56:07.247+0000] {logging_mixin.py:151} INFO - [2023-10-10T08:56:07.247+0000] {dag.py:3696} INFO - Setting next_dagrun for example_task_group_decorator to 2023-10-09T08:56:07.247050+00:00, run_after=2023-10-10T08:56:07.247050+00:00
[2023-10-10T08:56:07.267+0000] {processor.py:179} INFO - Processing /home/airflow/.local/lib/python3.8/site-packages/airflow/example_dags/example_task_group_decorator.py took 0.098 seconds
[2023-10-10T08:56:37.764+0000] {processor.py:157} INFO - Started process (PID=580) to work on /home/airflow/.local/lib/python3.8/site-packages/airflow/example_dags/example_task_group_decorator.py
[2023-10-10T08:56:37.766+0000] {processor.py:829} INFO - Processing file /home/airflow/.local/lib/python3.8/site-packages/airflow/example_dags/example_task_group_decorator.py for tasks to queue
[2023-10-10T08:56:37.768+0000] {logging_mixin.py:151} INFO - [2023-10-10T08:56:37.768+0000] {dagbag.py:539} INFO - Filling up the DagBag from /home/airflow/.local/lib/python3.8/site-packages/airflow/example_dags/example_task_group_decorator.py
[2023-10-10T08:56:37.785+0000] {processor.py:839} INFO - DAG(s) dict_keys(['example_task_group_decorator']) retrieved from /home/airflow/.local/lib/python3.8/site-packages/airflow/example_dags/example_task_group_decorator.py
[2023-10-10T08:56:37.814+0000] {logging_mixin.py:151} INFO - [2023-10-10T08:56:37.814+0000] {dag.py:2915} INFO - Sync 1 DAGs
[2023-10-10T08:56:37.839+0000] {logging_mixin.py:151} INFO - [2023-10-10T08:56:37.839+0000] {dag.py:3696} INFO - Setting next_dagrun for example_task_group_decorator to 2023-10-09T08:56:37.838964+00:00, run_after=2023-10-10T08:56:37.838964+00:00
[2023-10-10T08:56:37.859+0000] {processor.py:179} INFO - Processing /home/airflow/.local/lib/python3.8/site-packages/airflow/example_dags/example_task_group_decorator.py took 0.099 seconds
[2023-10-10T08:57:08.021+0000] {processor.py:157} INFO - Started process (PID=634) to work on /home/airflow/.local/lib/python3.8/site-packages/airflow/example_dags/example_task_group_decorator.py
[2023-10-10T08:57:08.022+0000] {processor.py:829} INFO - Processing file /home/airflow/.local/lib/python3.8/site-packages/airflow/example_dags/example_task_group_decorator.py for tasks to queue
[2023-10-10T08:57:08.024+0000] {logging_mixin.py:151} INFO - [2023-10-10T08:57:08.024+0000] {dagbag.py:539} INFO - Filling up the DagBag from /home/airflow/.local/lib/python3.8/site-packages/airflow/example_dags/example_task_group_decorator.py
[2023-10-10T08:57:08.042+0000] {processor.py:839} INFO - DAG(s) dict_keys(['example_task_group_decorator']) retrieved from /home/airflow/.local/lib/python3.8/site-packages/airflow/example_dags/example_task_group_decorator.py
[2023-10-10T08:57:08.070+0000] {logging_mixin.py:151} INFO - [2023-10-10T08:57:08.070+0000] {dag.py:2915} INFO - Sync 1 DAGs
[2023-10-10T08:57:08.096+0000] {logging_mixin.py:151} INFO - [2023-10-10T08:57:08.096+0000] {dag.py:3696} INFO - Setting next_dagrun for example_task_group_decorator to 2023-10-09T08:57:08.096040+00:00, run_after=2023-10-10T08:57:08.096040+00:00
[2023-10-10T08:57:08.116+0000] {processor.py:179} INFO - Processing /home/airflow/.local/lib/python3.8/site-packages/airflow/example_dags/example_task_group_decorator.py took 0.099 seconds
