[2023-10-10T08:39:49.806+0000] {processor.py:157} INFO - Started process (PID=50) to work on /home/airflow/.local/lib/python3.8/site-packages/airflow/example_dags/example_branch_labels.py
[2023-10-10T08:39:49.807+0000] {processor.py:829} INFO - Processing file /home/airflow/.local/lib/python3.8/site-packages/airflow/example_dags/example_branch_labels.py for tasks to queue
[2023-10-10T08:39:49.809+0000] {logging_mixin.py:151} INFO - [2023-10-10T08:39:49.809+0000] {dagbag.py:539} INFO - Filling up the DagBag from /home/airflow/.local/lib/python3.8/site-packages/airflow/example_dags/example_branch_labels.py
[2023-10-10T08:39:49.819+0000] {processor.py:839} INFO - DAG(s) dict_keys(['example_branch_labels']) retrieved from /home/airflow/.local/lib/python3.8/site-packages/airflow/example_dags/example_branch_labels.py
[2023-10-10T08:39:49.835+0000] {logging_mixin.py:151} INFO - [2023-10-10T08:39:49.835+0000] {dag.py:2915} INFO - Sync 1 DAGs
[2023-10-10T08:39:49.870+0000] {logging_mixin.py:151} INFO - [2023-10-10T08:39:49.870+0000] {dag.py:3696} INFO - Setting next_dagrun for example_branch_labels to 2023-10-09T00:00:00+00:00, run_after=2023-10-10T00:00:00+00:00
[2023-10-10T08:39:49.890+0000] {processor.py:179} INFO - Processing /home/airflow/.local/lib/python3.8/site-packages/airflow/example_dags/example_branch_labels.py took 0.088 seconds
[2023-10-10T08:40:20.201+0000] {processor.py:157} INFO - Started process (PID=104) to work on /home/airflow/.local/lib/python3.8/site-packages/airflow/example_dags/example_branch_labels.py
[2023-10-10T08:40:20.203+0000] {processor.py:829} INFO - Processing file /home/airflow/.local/lib/python3.8/site-packages/airflow/example_dags/example_branch_labels.py for tasks to queue
[2023-10-10T08:40:20.205+0000] {logging_mixin.py:151} INFO - [2023-10-10T08:40:20.205+0000] {dagbag.py:539} INFO - Filling up the DagBag from /home/airflow/.local/lib/python3.8/site-packages/airflow/example_dags/example_branch_labels.py
[2023-10-10T08:40:20.215+0000] {processor.py:839} INFO - DAG(s) dict_keys(['example_branch_labels']) retrieved from /home/airflow/.local/lib/python3.8/site-packages/airflow/example_dags/example_branch_labels.py
[2023-10-10T08:40:20.240+0000] {logging_mixin.py:151} INFO - [2023-10-10T08:40:20.240+0000] {dag.py:2915} INFO - Sync 1 DAGs
[2023-10-10T08:40:20.268+0000] {logging_mixin.py:151} INFO - [2023-10-10T08:40:20.268+0000] {dag.py:3696} INFO - Setting next_dagrun for example_branch_labels to 2023-10-09T00:00:00+00:00, run_after=2023-10-10T00:00:00+00:00
[2023-10-10T08:40:20.288+0000] {processor.py:179} INFO - Processing /home/airflow/.local/lib/python3.8/site-packages/airflow/example_dags/example_branch_labels.py took 0.091 seconds
[2023-10-10T08:40:50.522+0000] {processor.py:157} INFO - Started process (PID=157) to work on /home/airflow/.local/lib/python3.8/site-packages/airflow/example_dags/example_branch_labels.py
[2023-10-10T08:40:50.523+0000] {processor.py:829} INFO - Processing file /home/airflow/.local/lib/python3.8/site-packages/airflow/example_dags/example_branch_labels.py for tasks to queue
[2023-10-10T08:40:50.526+0000] {logging_mixin.py:151} INFO - [2023-10-10T08:40:50.525+0000] {dagbag.py:539} INFO - Filling up the DagBag from /home/airflow/.local/lib/python3.8/site-packages/airflow/example_dags/example_branch_labels.py
[2023-10-10T08:40:50.535+0000] {processor.py:839} INFO - DAG(s) dict_keys(['example_branch_labels']) retrieved from /home/airflow/.local/lib/python3.8/site-packages/airflow/example_dags/example_branch_labels.py
[2023-10-10T08:40:50.559+0000] {logging_mixin.py:151} INFO - [2023-10-10T08:40:50.559+0000] {dag.py:2915} INFO - Sync 1 DAGs
[2023-10-10T08:40:50.586+0000] {logging_mixin.py:151} INFO - [2023-10-10T08:40:50.585+0000] {dag.py:3696} INFO - Setting next_dagrun for example_branch_labels to 2023-10-09T00:00:00+00:00, run_after=2023-10-10T00:00:00+00:00
[2023-10-10T08:40:50.605+0000] {processor.py:179} INFO - Processing /home/airflow/.local/lib/python3.8/site-packages/airflow/example_dags/example_branch_labels.py took 0.087 seconds
[2023-10-10T08:41:21.067+0000] {processor.py:157} INFO - Started process (PID=211) to work on /home/airflow/.local/lib/python3.8/site-packages/airflow/example_dags/example_branch_labels.py
[2023-10-10T08:41:21.069+0000] {processor.py:829} INFO - Processing file /home/airflow/.local/lib/python3.8/site-packages/airflow/example_dags/example_branch_labels.py for tasks to queue
[2023-10-10T08:41:21.071+0000] {logging_mixin.py:151} INFO - [2023-10-10T08:41:21.071+0000] {dagbag.py:539} INFO - Filling up the DagBag from /home/airflow/.local/lib/python3.8/site-packages/airflow/example_dags/example_branch_labels.py
[2023-10-10T08:41:21.081+0000] {processor.py:839} INFO - DAG(s) dict_keys(['example_branch_labels']) retrieved from /home/airflow/.local/lib/python3.8/site-packages/airflow/example_dags/example_branch_labels.py
[2023-10-10T08:41:21.108+0000] {logging_mixin.py:151} INFO - [2023-10-10T08:41:21.107+0000] {dag.py:2915} INFO - Sync 1 DAGs
[2023-10-10T08:41:21.137+0000] {logging_mixin.py:151} INFO - [2023-10-10T08:41:21.137+0000] {dag.py:3696} INFO - Setting next_dagrun for example_branch_labels to 2023-10-09T00:00:00+00:00, run_after=2023-10-10T00:00:00+00:00
[2023-10-10T08:41:21.161+0000] {processor.py:179} INFO - Processing /home/airflow/.local/lib/python3.8/site-packages/airflow/example_dags/example_branch_labels.py took 0.098 seconds
[2023-10-10T08:43:50.193+0000] {processor.py:157} INFO - Started process (PID=51) to work on /home/airflow/.local/lib/python3.8/site-packages/airflow/example_dags/example_branch_labels.py
[2023-10-10T08:43:50.195+0000] {processor.py:829} INFO - Processing file /home/airflow/.local/lib/python3.8/site-packages/airflow/example_dags/example_branch_labels.py for tasks to queue
[2023-10-10T08:43:50.198+0000] {logging_mixin.py:151} INFO - [2023-10-10T08:43:50.197+0000] {dagbag.py:539} INFO - Filling up the DagBag from /home/airflow/.local/lib/python3.8/site-packages/airflow/example_dags/example_branch_labels.py
[2023-10-10T08:43:50.208+0000] {processor.py:839} INFO - DAG(s) dict_keys(['example_branch_labels']) retrieved from /home/airflow/.local/lib/python3.8/site-packages/airflow/example_dags/example_branch_labels.py
[2023-10-10T08:43:50.222+0000] {logging_mixin.py:151} INFO - [2023-10-10T08:43:50.222+0000] {dag.py:2915} INFO - Sync 1 DAGs
[2023-10-10T08:43:50.251+0000] {logging_mixin.py:151} INFO - [2023-10-10T08:43:50.250+0000] {dag.py:3696} INFO - Setting next_dagrun for example_branch_labels to 2023-10-09T00:00:00+00:00, run_after=2023-10-10T00:00:00+00:00
[2023-10-10T08:43:50.270+0000] {processor.py:179} INFO - Processing /home/airflow/.local/lib/python3.8/site-packages/airflow/example_dags/example_branch_labels.py took 0.081 seconds
[2023-10-10T08:44:20.874+0000] {processor.py:157} INFO - Started process (PID=105) to work on /home/airflow/.local/lib/python3.8/site-packages/airflow/example_dags/example_branch_labels.py
[2023-10-10T08:44:20.875+0000] {processor.py:829} INFO - Processing file /home/airflow/.local/lib/python3.8/site-packages/airflow/example_dags/example_branch_labels.py for tasks to queue
[2023-10-10T08:44:20.878+0000] {logging_mixin.py:151} INFO - [2023-10-10T08:44:20.877+0000] {dagbag.py:539} INFO - Filling up the DagBag from /home/airflow/.local/lib/python3.8/site-packages/airflow/example_dags/example_branch_labels.py
[2023-10-10T08:44:20.887+0000] {processor.py:839} INFO - DAG(s) dict_keys(['example_branch_labels']) retrieved from /home/airflow/.local/lib/python3.8/site-packages/airflow/example_dags/example_branch_labels.py
[2023-10-10T08:44:20.913+0000] {logging_mixin.py:151} INFO - [2023-10-10T08:44:20.912+0000] {dag.py:2915} INFO - Sync 1 DAGs
[2023-10-10T08:44:20.940+0000] {logging_mixin.py:151} INFO - [2023-10-10T08:44:20.940+0000] {dag.py:3696} INFO - Setting next_dagrun for example_branch_labels to 2023-10-09T00:00:00+00:00, run_after=2023-10-10T00:00:00+00:00
[2023-10-10T08:44:20.960+0000] {processor.py:179} INFO - Processing /home/airflow/.local/lib/python3.8/site-packages/airflow/example_dags/example_branch_labels.py took 0.090 seconds
[2023-10-10T08:44:51.721+0000] {processor.py:157} INFO - Started process (PID=159) to work on /home/airflow/.local/lib/python3.8/site-packages/airflow/example_dags/example_branch_labels.py
[2023-10-10T08:44:51.723+0000] {processor.py:829} INFO - Processing file /home/airflow/.local/lib/python3.8/site-packages/airflow/example_dags/example_branch_labels.py for tasks to queue
[2023-10-10T08:44:51.725+0000] {logging_mixin.py:151} INFO - [2023-10-10T08:44:51.725+0000] {dagbag.py:539} INFO - Filling up the DagBag from /home/airflow/.local/lib/python3.8/site-packages/airflow/example_dags/example_branch_labels.py
[2023-10-10T08:44:51.734+0000] {processor.py:839} INFO - DAG(s) dict_keys(['example_branch_labels']) retrieved from /home/airflow/.local/lib/python3.8/site-packages/airflow/example_dags/example_branch_labels.py
[2023-10-10T08:44:51.759+0000] {logging_mixin.py:151} INFO - [2023-10-10T08:44:51.759+0000] {dag.py:2915} INFO - Sync 1 DAGs
[2023-10-10T08:44:51.786+0000] {logging_mixin.py:151} INFO - [2023-10-10T08:44:51.786+0000] {dag.py:3696} INFO - Setting next_dagrun for example_branch_labels to 2023-10-09T00:00:00+00:00, run_after=2023-10-10T00:00:00+00:00
[2023-10-10T08:44:51.805+0000] {processor.py:179} INFO - Processing /home/airflow/.local/lib/python3.8/site-packages/airflow/example_dags/example_branch_labels.py took 0.087 seconds
[2023-10-10T08:45:22.319+0000] {processor.py:157} INFO - Started process (PID=212) to work on /home/airflow/.local/lib/python3.8/site-packages/airflow/example_dags/example_branch_labels.py
[2023-10-10T08:45:22.320+0000] {processor.py:829} INFO - Processing file /home/airflow/.local/lib/python3.8/site-packages/airflow/example_dags/example_branch_labels.py for tasks to queue
[2023-10-10T08:45:22.322+0000] {logging_mixin.py:151} INFO - [2023-10-10T08:45:22.322+0000] {dagbag.py:539} INFO - Filling up the DagBag from /home/airflow/.local/lib/python3.8/site-packages/airflow/example_dags/example_branch_labels.py
[2023-10-10T08:45:22.332+0000] {processor.py:839} INFO - DAG(s) dict_keys(['example_branch_labels']) retrieved from /home/airflow/.local/lib/python3.8/site-packages/airflow/example_dags/example_branch_labels.py
[2023-10-10T08:45:22.357+0000] {logging_mixin.py:151} INFO - [2023-10-10T08:45:22.357+0000] {dag.py:2915} INFO - Sync 1 DAGs
[2023-10-10T08:45:22.386+0000] {logging_mixin.py:151} INFO - [2023-10-10T08:45:22.386+0000] {dag.py:3696} INFO - Setting next_dagrun for example_branch_labels to 2023-10-09T00:00:00+00:00, run_after=2023-10-10T00:00:00+00:00
[2023-10-10T08:45:22.407+0000] {processor.py:179} INFO - Processing /home/airflow/.local/lib/python3.8/site-packages/airflow/example_dags/example_branch_labels.py took 0.092 seconds
[2023-10-10T08:46:30.240+0000] {processor.py:157} INFO - Started process (PID=50) to work on /home/airflow/.local/lib/python3.8/site-packages/airflow/example_dags/example_branch_labels.py
[2023-10-10T08:46:30.243+0000] {processor.py:829} INFO - Processing file /home/airflow/.local/lib/python3.8/site-packages/airflow/example_dags/example_branch_labels.py for tasks to queue
[2023-10-10T08:46:30.245+0000] {logging_mixin.py:151} INFO - [2023-10-10T08:46:30.245+0000] {dagbag.py:539} INFO - Filling up the DagBag from /home/airflow/.local/lib/python3.8/site-packages/airflow/example_dags/example_branch_labels.py
[2023-10-10T08:46:30.256+0000] {processor.py:839} INFO - DAG(s) dict_keys(['example_branch_labels']) retrieved from /home/airflow/.local/lib/python3.8/site-packages/airflow/example_dags/example_branch_labels.py
[2023-10-10T08:46:30.272+0000] {logging_mixin.py:151} INFO - [2023-10-10T08:46:30.272+0000] {dag.py:2915} INFO - Sync 1 DAGs
[2023-10-10T08:46:30.303+0000] {logging_mixin.py:151} INFO - [2023-10-10T08:46:30.302+0000] {dag.py:3696} INFO - Setting next_dagrun for example_branch_labels to 2023-10-09T00:00:00+00:00, run_after=2023-10-10T00:00:00+00:00
[2023-10-10T08:46:30.355+0000] {processor.py:179} INFO - Processing /home/airflow/.local/lib/python3.8/site-packages/airflow/example_dags/example_branch_labels.py took 0.119 seconds
[2023-10-10T08:47:00.540+0000] {processor.py:157} INFO - Started process (PID=104) to work on /home/airflow/.local/lib/python3.8/site-packages/airflow/example_dags/example_branch_labels.py
[2023-10-10T08:47:00.541+0000] {processor.py:829} INFO - Processing file /home/airflow/.local/lib/python3.8/site-packages/airflow/example_dags/example_branch_labels.py for tasks to queue
[2023-10-10T08:47:00.543+0000] {logging_mixin.py:151} INFO - [2023-10-10T08:47:00.543+0000] {dagbag.py:539} INFO - Filling up the DagBag from /home/airflow/.local/lib/python3.8/site-packages/airflow/example_dags/example_branch_labels.py
[2023-10-10T08:47:00.552+0000] {processor.py:839} INFO - DAG(s) dict_keys(['example_branch_labels']) retrieved from /home/airflow/.local/lib/python3.8/site-packages/airflow/example_dags/example_branch_labels.py
[2023-10-10T08:47:00.577+0000] {logging_mixin.py:151} INFO - [2023-10-10T08:47:00.577+0000] {dag.py:2915} INFO - Sync 1 DAGs
[2023-10-10T08:47:00.605+0000] {logging_mixin.py:151} INFO - [2023-10-10T08:47:00.605+0000] {dag.py:3696} INFO - Setting next_dagrun for example_branch_labels to 2023-10-09T00:00:00+00:00, run_after=2023-10-10T00:00:00+00:00
[2023-10-10T08:47:00.624+0000] {processor.py:179} INFO - Processing /home/airflow/.local/lib/python3.8/site-packages/airflow/example_dags/example_branch_labels.py took 0.088 seconds
[2023-10-10T08:47:31.033+0000] {processor.py:157} INFO - Started process (PID=158) to work on /home/airflow/.local/lib/python3.8/site-packages/airflow/example_dags/example_branch_labels.py
[2023-10-10T08:47:31.034+0000] {processor.py:829} INFO - Processing file /home/airflow/.local/lib/python3.8/site-packages/airflow/example_dags/example_branch_labels.py for tasks to queue
[2023-10-10T08:47:31.037+0000] {logging_mixin.py:151} INFO - [2023-10-10T08:47:31.036+0000] {dagbag.py:539} INFO - Filling up the DagBag from /home/airflow/.local/lib/python3.8/site-packages/airflow/example_dags/example_branch_labels.py
[2023-10-10T08:47:31.045+0000] {processor.py:839} INFO - DAG(s) dict_keys(['example_branch_labels']) retrieved from /home/airflow/.local/lib/python3.8/site-packages/airflow/example_dags/example_branch_labels.py
[2023-10-10T08:47:31.070+0000] {logging_mixin.py:151} INFO - [2023-10-10T08:47:31.069+0000] {dag.py:2915} INFO - Sync 1 DAGs
[2023-10-10T08:47:31.096+0000] {logging_mixin.py:151} INFO - [2023-10-10T08:47:31.096+0000] {dag.py:3696} INFO - Setting next_dagrun for example_branch_labels to 2023-10-09T00:00:00+00:00, run_after=2023-10-10T00:00:00+00:00
[2023-10-10T08:47:31.116+0000] {processor.py:179} INFO - Processing /home/airflow/.local/lib/python3.8/site-packages/airflow/example_dags/example_branch_labels.py took 0.087 seconds
[2023-10-10T08:51:33.175+0000] {processor.py:157} INFO - Started process (PID=50) to work on /home/airflow/.local/lib/python3.8/site-packages/airflow/example_dags/example_branch_labels.py
[2023-10-10T08:51:33.178+0000] {processor.py:829} INFO - Processing file /home/airflow/.local/lib/python3.8/site-packages/airflow/example_dags/example_branch_labels.py for tasks to queue
[2023-10-10T08:51:33.180+0000] {logging_mixin.py:151} INFO - [2023-10-10T08:51:33.180+0000] {dagbag.py:539} INFO - Filling up the DagBag from /home/airflow/.local/lib/python3.8/site-packages/airflow/example_dags/example_branch_labels.py
[2023-10-10T08:51:33.190+0000] {processor.py:839} INFO - DAG(s) dict_keys(['example_branch_labels']) retrieved from /home/airflow/.local/lib/python3.8/site-packages/airflow/example_dags/example_branch_labels.py
[2023-10-10T08:51:33.205+0000] {logging_mixin.py:151} INFO - [2023-10-10T08:51:33.204+0000] {dag.py:2915} INFO - Sync 1 DAGs
[2023-10-10T08:51:33.235+0000] {logging_mixin.py:151} INFO - [2023-10-10T08:51:33.234+0000] {dag.py:3696} INFO - Setting next_dagrun for example_branch_labels to 2023-10-09T00:00:00+00:00, run_after=2023-10-10T00:00:00+00:00
[2023-10-10T08:51:33.257+0000] {processor.py:179} INFO - Processing /home/airflow/.local/lib/python3.8/site-packages/airflow/example_dags/example_branch_labels.py took 0.086 seconds
[2023-10-10T08:52:03.781+0000] {processor.py:157} INFO - Started process (PID=104) to work on /home/airflow/.local/lib/python3.8/site-packages/airflow/example_dags/example_branch_labels.py
[2023-10-10T08:52:03.783+0000] {processor.py:829} INFO - Processing file /home/airflow/.local/lib/python3.8/site-packages/airflow/example_dags/example_branch_labels.py for tasks to queue
[2023-10-10T08:52:03.785+0000] {logging_mixin.py:151} INFO - [2023-10-10T08:52:03.785+0000] {dagbag.py:539} INFO - Filling up the DagBag from /home/airflow/.local/lib/python3.8/site-packages/airflow/example_dags/example_branch_labels.py
[2023-10-10T08:52:03.794+0000] {processor.py:839} INFO - DAG(s) dict_keys(['example_branch_labels']) retrieved from /home/airflow/.local/lib/python3.8/site-packages/airflow/example_dags/example_branch_labels.py
[2023-10-10T08:52:03.819+0000] {logging_mixin.py:151} INFO - [2023-10-10T08:52:03.818+0000] {dag.py:2915} INFO - Sync 1 DAGs
[2023-10-10T08:52:03.847+0000] {logging_mixin.py:151} INFO - [2023-10-10T08:52:03.847+0000] {dag.py:3696} INFO - Setting next_dagrun for example_branch_labels to 2023-10-09T00:00:00+00:00, run_after=2023-10-10T00:00:00+00:00
[2023-10-10T08:52:03.866+0000] {processor.py:179} INFO - Processing /home/airflow/.local/lib/python3.8/site-packages/airflow/example_dags/example_branch_labels.py took 0.088 seconds
[2023-10-10T08:52:34.077+0000] {processor.py:157} INFO - Started process (PID=158) to work on /home/airflow/.local/lib/python3.8/site-packages/airflow/example_dags/example_branch_labels.py
[2023-10-10T08:52:34.080+0000] {processor.py:829} INFO - Processing file /home/airflow/.local/lib/python3.8/site-packages/airflow/example_dags/example_branch_labels.py for tasks to queue
[2023-10-10T08:52:34.082+0000] {logging_mixin.py:151} INFO - [2023-10-10T08:52:34.082+0000] {dagbag.py:539} INFO - Filling up the DagBag from /home/airflow/.local/lib/python3.8/site-packages/airflow/example_dags/example_branch_labels.py
[2023-10-10T08:52:34.092+0000] {processor.py:839} INFO - DAG(s) dict_keys(['example_branch_labels']) retrieved from /home/airflow/.local/lib/python3.8/site-packages/airflow/example_dags/example_branch_labels.py
[2023-10-10T08:52:34.116+0000] {logging_mixin.py:151} INFO - [2023-10-10T08:52:34.116+0000] {dag.py:2915} INFO - Sync 1 DAGs
[2023-10-10T08:52:34.143+0000] {logging_mixin.py:151} INFO - [2023-10-10T08:52:34.143+0000] {dag.py:3696} INFO - Setting next_dagrun for example_branch_labels to 2023-10-09T00:00:00+00:00, run_after=2023-10-10T00:00:00+00:00
[2023-10-10T08:52:34.163+0000] {processor.py:179} INFO - Processing /home/airflow/.local/lib/python3.8/site-packages/airflow/example_dags/example_branch_labels.py took 0.090 seconds
[2023-10-10T08:53:04.469+0000] {processor.py:157} INFO - Started process (PID=212) to work on /home/airflow/.local/lib/python3.8/site-packages/airflow/example_dags/example_branch_labels.py
[2023-10-10T08:53:04.470+0000] {processor.py:829} INFO - Processing file /home/airflow/.local/lib/python3.8/site-packages/airflow/example_dags/example_branch_labels.py for tasks to queue
[2023-10-10T08:53:04.472+0000] {logging_mixin.py:151} INFO - [2023-10-10T08:53:04.472+0000] {dagbag.py:539} INFO - Filling up the DagBag from /home/airflow/.local/lib/python3.8/site-packages/airflow/example_dags/example_branch_labels.py
[2023-10-10T08:53:04.481+0000] {processor.py:839} INFO - DAG(s) dict_keys(['example_branch_labels']) retrieved from /home/airflow/.local/lib/python3.8/site-packages/airflow/example_dags/example_branch_labels.py
[2023-10-10T08:53:04.506+0000] {logging_mixin.py:151} INFO - [2023-10-10T08:53:04.506+0000] {dag.py:2915} INFO - Sync 1 DAGs
[2023-10-10T08:53:04.535+0000] {logging_mixin.py:151} INFO - [2023-10-10T08:53:04.535+0000] {dag.py:3696} INFO - Setting next_dagrun for example_branch_labels to 2023-10-09T00:00:00+00:00, run_after=2023-10-10T00:00:00+00:00
[2023-10-10T08:53:04.556+0000] {processor.py:179} INFO - Processing /home/airflow/.local/lib/python3.8/site-packages/airflow/example_dags/example_branch_labels.py took 0.091 seconds
[2023-10-10T08:53:34.787+0000] {processor.py:157} INFO - Started process (PID=266) to work on /home/airflow/.local/lib/python3.8/site-packages/airflow/example_dags/example_branch_labels.py
[2023-10-10T08:53:34.788+0000] {processor.py:829} INFO - Processing file /home/airflow/.local/lib/python3.8/site-packages/airflow/example_dags/example_branch_labels.py for tasks to queue
[2023-10-10T08:53:34.790+0000] {logging_mixin.py:151} INFO - [2023-10-10T08:53:34.790+0000] {dagbag.py:539} INFO - Filling up the DagBag from /home/airflow/.local/lib/python3.8/site-packages/airflow/example_dags/example_branch_labels.py
[2023-10-10T08:53:34.800+0000] {processor.py:839} INFO - DAG(s) dict_keys(['example_branch_labels']) retrieved from /home/airflow/.local/lib/python3.8/site-packages/airflow/example_dags/example_branch_labels.py
[2023-10-10T08:53:34.838+0000] {logging_mixin.py:151} INFO - [2023-10-10T08:53:34.838+0000] {dag.py:2915} INFO - Sync 1 DAGs
[2023-10-10T08:53:34.866+0000] {logging_mixin.py:151} INFO - [2023-10-10T08:53:34.866+0000] {dag.py:3696} INFO - Setting next_dagrun for example_branch_labels to 2023-10-09T00:00:00+00:00, run_after=2023-10-10T00:00:00+00:00
[2023-10-10T08:53:34.886+0000] {processor.py:179} INFO - Processing /home/airflow/.local/lib/python3.8/site-packages/airflow/example_dags/example_branch_labels.py took 0.104 seconds
[2023-10-10T08:54:06.642+0000] {processor.py:157} INFO - Started process (PID=321) to work on /home/airflow/.local/lib/python3.8/site-packages/airflow/example_dags/example_branch_labels.py
[2023-10-10T08:54:06.644+0000] {processor.py:829} INFO - Processing file /home/airflow/.local/lib/python3.8/site-packages/airflow/example_dags/example_branch_labels.py for tasks to queue
[2023-10-10T08:54:06.646+0000] {logging_mixin.py:151} INFO - [2023-10-10T08:54:06.646+0000] {dagbag.py:539} INFO - Filling up the DagBag from /home/airflow/.local/lib/python3.8/site-packages/airflow/example_dags/example_branch_labels.py
[2023-10-10T08:54:06.655+0000] {processor.py:839} INFO - DAG(s) dict_keys(['example_branch_labels']) retrieved from /home/airflow/.local/lib/python3.8/site-packages/airflow/example_dags/example_branch_labels.py
[2023-10-10T08:54:11.683+0000] {logging_mixin.py:151} INFO - [2023-10-10T08:54:11.682+0000] {dag.py:2915} INFO - Sync 1 DAGs
[2023-10-10T08:54:11.711+0000] {logging_mixin.py:151} INFO - [2023-10-10T08:54:11.711+0000] {dag.py:3696} INFO - Setting next_dagrun for example_branch_labels to 2023-10-09T00:00:00+00:00, run_after=2023-10-10T00:00:00+00:00
[2023-10-10T08:54:11.730+0000] {processor.py:179} INFO - Processing /home/airflow/.local/lib/python3.8/site-packages/airflow/example_dags/example_branch_labels.py took 5.092 seconds
[2023-10-10T08:54:42.129+0000] {processor.py:157} INFO - Started process (PID=391) to work on /home/airflow/.local/lib/python3.8/site-packages/airflow/example_dags/example_branch_labels.py
[2023-10-10T08:54:42.130+0000] {processor.py:829} INFO - Processing file /home/airflow/.local/lib/python3.8/site-packages/airflow/example_dags/example_branch_labels.py for tasks to queue
[2023-10-10T08:54:42.133+0000] {logging_mixin.py:151} INFO - [2023-10-10T08:54:42.132+0000] {dagbag.py:539} INFO - Filling up the DagBag from /home/airflow/.local/lib/python3.8/site-packages/airflow/example_dags/example_branch_labels.py
[2023-10-10T08:54:42.142+0000] {processor.py:839} INFO - DAG(s) dict_keys(['example_branch_labels']) retrieved from /home/airflow/.local/lib/python3.8/site-packages/airflow/example_dags/example_branch_labels.py
[2023-10-10T08:54:42.167+0000] {logging_mixin.py:151} INFO - [2023-10-10T08:54:42.167+0000] {dag.py:2915} INFO - Sync 1 DAGs
[2023-10-10T08:54:42.195+0000] {logging_mixin.py:151} INFO - [2023-10-10T08:54:42.195+0000] {dag.py:3696} INFO - Setting next_dagrun for example_branch_labels to 2023-10-09T00:00:00+00:00, run_after=2023-10-10T00:00:00+00:00
[2023-10-10T08:54:42.216+0000] {processor.py:179} INFO - Processing /home/airflow/.local/lib/python3.8/site-packages/airflow/example_dags/example_branch_labels.py took 0.091 seconds
[2023-10-10T08:55:12.648+0000] {processor.py:157} INFO - Started process (PID=445) to work on /home/airflow/.local/lib/python3.8/site-packages/airflow/example_dags/example_branch_labels.py
[2023-10-10T08:55:12.649+0000] {processor.py:829} INFO - Processing file /home/airflow/.local/lib/python3.8/site-packages/airflow/example_dags/example_branch_labels.py for tasks to queue
[2023-10-10T08:55:12.651+0000] {logging_mixin.py:151} INFO - [2023-10-10T08:55:12.651+0000] {dagbag.py:539} INFO - Filling up the DagBag from /home/airflow/.local/lib/python3.8/site-packages/airflow/example_dags/example_branch_labels.py
[2023-10-10T08:55:12.661+0000] {processor.py:839} INFO - DAG(s) dict_keys(['example_branch_labels']) retrieved from /home/airflow/.local/lib/python3.8/site-packages/airflow/example_dags/example_branch_labels.py
[2023-10-10T08:55:12.686+0000] {logging_mixin.py:151} INFO - [2023-10-10T08:55:12.686+0000] {dag.py:2915} INFO - Sync 1 DAGs
[2023-10-10T08:55:12.712+0000] {logging_mixin.py:151} INFO - [2023-10-10T08:55:12.712+0000] {dag.py:3696} INFO - Setting next_dagrun for example_branch_labels to 2023-10-09T00:00:00+00:00, run_after=2023-10-10T00:00:00+00:00
[2023-10-10T08:55:12.731+0000] {processor.py:179} INFO - Processing /home/airflow/.local/lib/python3.8/site-packages/airflow/example_dags/example_branch_labels.py took 0.087 seconds
[2023-10-10T08:55:43.508+0000] {processor.py:157} INFO - Started process (PID=499) to work on /home/airflow/.local/lib/python3.8/site-packages/airflow/example_dags/example_branch_labels.py
[2023-10-10T08:55:43.509+0000] {processor.py:829} INFO - Processing file /home/airflow/.local/lib/python3.8/site-packages/airflow/example_dags/example_branch_labels.py for tasks to queue
[2023-10-10T08:55:43.512+0000] {logging_mixin.py:151} INFO - [2023-10-10T08:55:43.512+0000] {dagbag.py:539} INFO - Filling up the DagBag from /home/airflow/.local/lib/python3.8/site-packages/airflow/example_dags/example_branch_labels.py
[2023-10-10T08:55:43.521+0000] {processor.py:839} INFO - DAG(s) dict_keys(['example_branch_labels']) retrieved from /home/airflow/.local/lib/python3.8/site-packages/airflow/example_dags/example_branch_labels.py
[2023-10-10T08:55:43.546+0000] {logging_mixin.py:151} INFO - [2023-10-10T08:55:43.546+0000] {dag.py:2915} INFO - Sync 1 DAGs
[2023-10-10T08:55:43.573+0000] {logging_mixin.py:151} INFO - [2023-10-10T08:55:43.573+0000] {dag.py:3696} INFO - Setting next_dagrun for example_branch_labels to 2023-10-09T00:00:00+00:00, run_after=2023-10-10T00:00:00+00:00
[2023-10-10T08:55:43.592+0000] {processor.py:179} INFO - Processing /home/airflow/.local/lib/python3.8/site-packages/airflow/example_dags/example_branch_labels.py took 0.088 seconds
[2023-10-10T08:56:16.290+0000] {processor.py:157} INFO - Started process (PID=549) to work on /home/airflow/.local/lib/python3.8/site-packages/airflow/example_dags/example_branch_labels.py
[2023-10-10T08:56:16.292+0000] {processor.py:829} INFO - Processing file /home/airflow/.local/lib/python3.8/site-packages/airflow/example_dags/example_branch_labels.py for tasks to queue
[2023-10-10T08:56:16.294+0000] {logging_mixin.py:151} INFO - [2023-10-10T08:56:16.294+0000] {dagbag.py:539} INFO - Filling up the DagBag from /home/airflow/.local/lib/python3.8/site-packages/airflow/example_dags/example_branch_labels.py
[2023-10-10T08:56:16.304+0000] {processor.py:839} INFO - DAG(s) dict_keys(['example_branch_labels']) retrieved from /home/airflow/.local/lib/python3.8/site-packages/airflow/example_dags/example_branch_labels.py
[2023-10-10T08:56:16.329+0000] {logging_mixin.py:151} INFO - [2023-10-10T08:56:16.329+0000] {dag.py:2915} INFO - Sync 1 DAGs
[2023-10-10T08:56:16.358+0000] {logging_mixin.py:151} INFO - [2023-10-10T08:56:16.358+0000] {dag.py:3696} INFO - Setting next_dagrun for example_branch_labels to 2023-10-09T00:00:00+00:00, run_after=2023-10-10T00:00:00+00:00
[2023-10-10T08:56:16.380+0000] {processor.py:179} INFO - Processing /home/airflow/.local/lib/python3.8/site-packages/airflow/example_dags/example_branch_labels.py took 0.094 seconds
[2023-10-10T08:56:46.949+0000] {processor.py:157} INFO - Started process (PID=600) to work on /home/airflow/.local/lib/python3.8/site-packages/airflow/example_dags/example_branch_labels.py
[2023-10-10T08:56:46.950+0000] {processor.py:829} INFO - Processing file /home/airflow/.local/lib/python3.8/site-packages/airflow/example_dags/example_branch_labels.py for tasks to queue
[2023-10-10T08:56:46.953+0000] {logging_mixin.py:151} INFO - [2023-10-10T08:56:46.953+0000] {dagbag.py:539} INFO - Filling up the DagBag from /home/airflow/.local/lib/python3.8/site-packages/airflow/example_dags/example_branch_labels.py
[2023-10-10T08:56:46.962+0000] {processor.py:839} INFO - DAG(s) dict_keys(['example_branch_labels']) retrieved from /home/airflow/.local/lib/python3.8/site-packages/airflow/example_dags/example_branch_labels.py
[2023-10-10T08:56:46.986+0000] {logging_mixin.py:151} INFO - [2023-10-10T08:56:46.986+0000] {dag.py:2915} INFO - Sync 1 DAGs
[2023-10-10T08:56:47.013+0000] {logging_mixin.py:151} INFO - [2023-10-10T08:56:47.012+0000] {dag.py:3696} INFO - Setting next_dagrun for example_branch_labels to 2023-10-09T00:00:00+00:00, run_after=2023-10-10T00:00:00+00:00
[2023-10-10T08:56:47.032+0000] {processor.py:179} INFO - Processing /home/airflow/.local/lib/python3.8/site-packages/airflow/example_dags/example_branch_labels.py took 0.087 seconds
