[2023-10-10T08:39:49.275+0000] {processor.py:157} INFO - Started process (PID=42) to work on /home/airflow/.local/lib/python3.8/site-packages/airflow/example_dags/example_branch_operator_decorator.py
[2023-10-10T08:39:49.276+0000] {processor.py:829} INFO - Processing file /home/airflow/.local/lib/python3.8/site-packages/airflow/example_dags/example_branch_operator_decorator.py for tasks to queue
[2023-10-10T08:39:49.278+0000] {logging_mixin.py:151} INFO - [2023-10-10T08:39:49.278+0000] {dagbag.py:539} INFO - Filling up the DagBag from /home/airflow/.local/lib/python3.8/site-packages/airflow/example_dags/example_branch_operator_decorator.py
[2023-10-10T08:39:49.291+0000] {processor.py:839} INFO - DAG(s) dict_keys(['example_branch_python_operator_decorator']) retrieved from /home/airflow/.local/lib/python3.8/site-packages/airflow/example_dags/example_branch_operator_decorator.py
[2023-10-10T08:39:49.305+0000] {logging_mixin.py:151} INFO - [2023-10-10T08:39:49.305+0000] {dag.py:2915} INFO - Sync 1 DAGs
[2023-10-10T08:39:49.335+0000] {logging_mixin.py:151} INFO - [2023-10-10T08:39:49.335+0000] {dag.py:3696} INFO - Setting next_dagrun for example_branch_python_operator_decorator to 2023-10-09T00:00:00+00:00, run_after=2023-10-10T00:00:00+00:00
[2023-10-10T08:39:49.357+0000] {processor.py:179} INFO - Processing /home/airflow/.local/lib/python3.8/site-packages/airflow/example_dags/example_branch_operator_decorator.py took 0.086 seconds
[2023-10-10T08:40:19.753+0000] {processor.py:157} INFO - Started process (PID=96) to work on /home/airflow/.local/lib/python3.8/site-packages/airflow/example_dags/example_branch_operator_decorator.py
[2023-10-10T08:40:19.755+0000] {processor.py:829} INFO - Processing file /home/airflow/.local/lib/python3.8/site-packages/airflow/example_dags/example_branch_operator_decorator.py for tasks to queue
[2023-10-10T08:40:19.757+0000] {logging_mixin.py:151} INFO - [2023-10-10T08:40:19.757+0000] {dagbag.py:539} INFO - Filling up the DagBag from /home/airflow/.local/lib/python3.8/site-packages/airflow/example_dags/example_branch_operator_decorator.py
[2023-10-10T08:40:19.769+0000] {processor.py:839} INFO - DAG(s) dict_keys(['example_branch_python_operator_decorator']) retrieved from /home/airflow/.local/lib/python3.8/site-packages/airflow/example_dags/example_branch_operator_decorator.py
[2023-10-10T08:40:19.796+0000] {logging_mixin.py:151} INFO - [2023-10-10T08:40:19.796+0000] {dag.py:2915} INFO - Sync 1 DAGs
[2023-10-10T08:40:19.824+0000] {logging_mixin.py:151} INFO - [2023-10-10T08:40:19.824+0000] {dag.py:3696} INFO - Setting next_dagrun for example_branch_python_operator_decorator to 2023-10-09T00:00:00+00:00, run_after=2023-10-10T00:00:00+00:00
[2023-10-10T08:40:19.844+0000] {processor.py:179} INFO - Processing /home/airflow/.local/lib/python3.8/site-packages/airflow/example_dags/example_branch_operator_decorator.py took 0.096 seconds
[2023-10-10T08:40:50.061+0000] {processor.py:157} INFO - Started process (PID=149) to work on /home/airflow/.local/lib/python3.8/site-packages/airflow/example_dags/example_branch_operator_decorator.py
[2023-10-10T08:40:50.063+0000] {processor.py:829} INFO - Processing file /home/airflow/.local/lib/python3.8/site-packages/airflow/example_dags/example_branch_operator_decorator.py for tasks to queue
[2023-10-10T08:40:50.065+0000] {logging_mixin.py:151} INFO - [2023-10-10T08:40:50.064+0000] {dagbag.py:539} INFO - Filling up the DagBag from /home/airflow/.local/lib/python3.8/site-packages/airflow/example_dags/example_branch_operator_decorator.py
[2023-10-10T08:40:50.076+0000] {processor.py:839} INFO - DAG(s) dict_keys(['example_branch_python_operator_decorator']) retrieved from /home/airflow/.local/lib/python3.8/site-packages/airflow/example_dags/example_branch_operator_decorator.py
[2023-10-10T08:40:50.103+0000] {logging_mixin.py:151} INFO - [2023-10-10T08:40:50.103+0000] {dag.py:2915} INFO - Sync 1 DAGs
[2023-10-10T08:40:50.130+0000] {logging_mixin.py:151} INFO - [2023-10-10T08:40:50.130+0000] {dag.py:3696} INFO - Setting next_dagrun for example_branch_python_operator_decorator to 2023-10-09T00:00:00+00:00, run_after=2023-10-10T00:00:00+00:00
[2023-10-10T08:40:50.150+0000] {processor.py:179} INFO - Processing /home/airflow/.local/lib/python3.8/site-packages/airflow/example_dags/example_branch_operator_decorator.py took 0.093 seconds
[2023-10-10T08:41:20.400+0000] {processor.py:157} INFO - Started process (PID=203) to work on /home/airflow/.local/lib/python3.8/site-packages/airflow/example_dags/example_branch_operator_decorator.py
[2023-10-10T08:41:20.402+0000] {processor.py:829} INFO - Processing file /home/airflow/.local/lib/python3.8/site-packages/airflow/example_dags/example_branch_operator_decorator.py for tasks to queue
[2023-10-10T08:41:20.405+0000] {logging_mixin.py:151} INFO - [2023-10-10T08:41:20.404+0000] {dagbag.py:539} INFO - Filling up the DagBag from /home/airflow/.local/lib/python3.8/site-packages/airflow/example_dags/example_branch_operator_decorator.py
[2023-10-10T08:41:20.416+0000] {processor.py:839} INFO - DAG(s) dict_keys(['example_branch_python_operator_decorator']) retrieved from /home/airflow/.local/lib/python3.8/site-packages/airflow/example_dags/example_branch_operator_decorator.py
[2023-10-10T08:41:20.443+0000] {logging_mixin.py:151} INFO - [2023-10-10T08:41:20.443+0000] {dag.py:2915} INFO - Sync 1 DAGs
[2023-10-10T08:41:20.471+0000] {logging_mixin.py:151} INFO - [2023-10-10T08:41:20.471+0000] {dag.py:3696} INFO - Setting next_dagrun for example_branch_python_operator_decorator to 2023-10-09T00:00:00+00:00, run_after=2023-10-10T00:00:00+00:00
[2023-10-10T08:41:20.490+0000] {processor.py:179} INFO - Processing /home/airflow/.local/lib/python3.8/site-packages/airflow/example_dags/example_branch_operator_decorator.py took 0.094 seconds
[2023-10-10T08:43:49.674+0000] {processor.py:157} INFO - Started process (PID=43) to work on /home/airflow/.local/lib/python3.8/site-packages/airflow/example_dags/example_branch_operator_decorator.py
[2023-10-10T08:43:49.676+0000] {processor.py:829} INFO - Processing file /home/airflow/.local/lib/python3.8/site-packages/airflow/example_dags/example_branch_operator_decorator.py for tasks to queue
[2023-10-10T08:43:49.679+0000] {logging_mixin.py:151} INFO - [2023-10-10T08:43:49.679+0000] {dagbag.py:539} INFO - Filling up the DagBag from /home/airflow/.local/lib/python3.8/site-packages/airflow/example_dags/example_branch_operator_decorator.py
[2023-10-10T08:43:49.696+0000] {processor.py:839} INFO - DAG(s) dict_keys(['example_branch_python_operator_decorator']) retrieved from /home/airflow/.local/lib/python3.8/site-packages/airflow/example_dags/example_branch_operator_decorator.py
[2023-10-10T08:43:49.710+0000] {logging_mixin.py:151} INFO - [2023-10-10T08:43:49.709+0000] {dag.py:2915} INFO - Sync 1 DAGs
[2023-10-10T08:43:49.738+0000] {logging_mixin.py:151} INFO - [2023-10-10T08:43:49.738+0000] {dag.py:3696} INFO - Setting next_dagrun for example_branch_python_operator_decorator to 2023-10-09T00:00:00+00:00, run_after=2023-10-10T00:00:00+00:00
[2023-10-10T08:43:49.758+0000] {processor.py:179} INFO - Processing /home/airflow/.local/lib/python3.8/site-packages/airflow/example_dags/example_branch_operator_decorator.py took 0.088 seconds
[2023-10-10T08:44:20.446+0000] {processor.py:157} INFO - Started process (PID=97) to work on /home/airflow/.local/lib/python3.8/site-packages/airflow/example_dags/example_branch_operator_decorator.py
[2023-10-10T08:44:20.448+0000] {processor.py:829} INFO - Processing file /home/airflow/.local/lib/python3.8/site-packages/airflow/example_dags/example_branch_operator_decorator.py for tasks to queue
[2023-10-10T08:44:20.450+0000] {logging_mixin.py:151} INFO - [2023-10-10T08:44:20.450+0000] {dagbag.py:539} INFO - Filling up the DagBag from /home/airflow/.local/lib/python3.8/site-packages/airflow/example_dags/example_branch_operator_decorator.py
[2023-10-10T08:44:20.462+0000] {processor.py:839} INFO - DAG(s) dict_keys(['example_branch_python_operator_decorator']) retrieved from /home/airflow/.local/lib/python3.8/site-packages/airflow/example_dags/example_branch_operator_decorator.py
[2023-10-10T08:44:20.488+0000] {logging_mixin.py:151} INFO - [2023-10-10T08:44:20.488+0000] {dag.py:2915} INFO - Sync 1 DAGs
[2023-10-10T08:44:20.515+0000] {logging_mixin.py:151} INFO - [2023-10-10T08:44:20.515+0000] {dag.py:3696} INFO - Setting next_dagrun for example_branch_python_operator_decorator to 2023-10-09T00:00:00+00:00, run_after=2023-10-10T00:00:00+00:00
[2023-10-10T08:44:20.534+0000] {processor.py:179} INFO - Processing /home/airflow/.local/lib/python3.8/site-packages/airflow/example_dags/example_branch_operator_decorator.py took 0.092 seconds
[2023-10-10T08:44:50.866+0000] {processor.py:157} INFO - Started process (PID=151) to work on /home/airflow/.local/lib/python3.8/site-packages/airflow/example_dags/example_branch_operator_decorator.py
[2023-10-10T08:44:50.870+0000] {processor.py:829} INFO - Processing file /home/airflow/.local/lib/python3.8/site-packages/airflow/example_dags/example_branch_operator_decorator.py for tasks to queue
[2023-10-10T08:44:50.872+0000] {logging_mixin.py:151} INFO - [2023-10-10T08:44:50.872+0000] {dagbag.py:539} INFO - Filling up the DagBag from /home/airflow/.local/lib/python3.8/site-packages/airflow/example_dags/example_branch_operator_decorator.py
[2023-10-10T08:44:50.884+0000] {processor.py:839} INFO - DAG(s) dict_keys(['example_branch_python_operator_decorator']) retrieved from /home/airflow/.local/lib/python3.8/site-packages/airflow/example_dags/example_branch_operator_decorator.py
[2023-10-10T08:44:50.910+0000] {logging_mixin.py:151} INFO - [2023-10-10T08:44:50.910+0000] {dag.py:2915} INFO - Sync 1 DAGs
[2023-10-10T08:44:50.938+0000] {logging_mixin.py:151} INFO - [2023-10-10T08:44:50.938+0000] {dag.py:3696} INFO - Setting next_dagrun for example_branch_python_operator_decorator to 2023-10-09T00:00:00+00:00, run_after=2023-10-10T00:00:00+00:00
[2023-10-10T08:44:50.958+0000] {processor.py:179} INFO - Processing /home/airflow/.local/lib/python3.8/site-packages/airflow/example_dags/example_branch_operator_decorator.py took 0.096 seconds
[2023-10-10T08:45:21.839+0000] {processor.py:157} INFO - Started process (PID=204) to work on /home/airflow/.local/lib/python3.8/site-packages/airflow/example_dags/example_branch_operator_decorator.py
[2023-10-10T08:45:21.839+0000] {processor.py:829} INFO - Processing file /home/airflow/.local/lib/python3.8/site-packages/airflow/example_dags/example_branch_operator_decorator.py for tasks to queue
[2023-10-10T08:45:21.842+0000] {logging_mixin.py:151} INFO - [2023-10-10T08:45:21.841+0000] {dagbag.py:539} INFO - Filling up the DagBag from /home/airflow/.local/lib/python3.8/site-packages/airflow/example_dags/example_branch_operator_decorator.py
[2023-10-10T08:45:21.853+0000] {processor.py:839} INFO - DAG(s) dict_keys(['example_branch_python_operator_decorator']) retrieved from /home/airflow/.local/lib/python3.8/site-packages/airflow/example_dags/example_branch_operator_decorator.py
[2023-10-10T08:45:21.881+0000] {logging_mixin.py:151} INFO - [2023-10-10T08:45:21.881+0000] {dag.py:2915} INFO - Sync 1 DAGs
[2023-10-10T08:45:21.911+0000] {logging_mixin.py:151} INFO - [2023-10-10T08:45:21.910+0000] {dag.py:3696} INFO - Setting next_dagrun for example_branch_python_operator_decorator to 2023-10-09T00:00:00+00:00, run_after=2023-10-10T00:00:00+00:00
[2023-10-10T08:45:21.932+0000] {processor.py:179} INFO - Processing /home/airflow/.local/lib/python3.8/site-packages/airflow/example_dags/example_branch_operator_decorator.py took 0.097 seconds
[2023-10-10T08:46:29.624+0000] {processor.py:157} INFO - Started process (PID=42) to work on /home/airflow/.local/lib/python3.8/site-packages/airflow/example_dags/example_branch_operator_decorator.py
[2023-10-10T08:46:29.634+0000] {processor.py:829} INFO - Processing file /home/airflow/.local/lib/python3.8/site-packages/airflow/example_dags/example_branch_operator_decorator.py for tasks to queue
[2023-10-10T08:46:29.636+0000] {logging_mixin.py:151} INFO - [2023-10-10T08:46:29.636+0000] {dagbag.py:539} INFO - Filling up the DagBag from /home/airflow/.local/lib/python3.8/site-packages/airflow/example_dags/example_branch_operator_decorator.py
[2023-10-10T08:46:29.685+0000] {processor.py:839} INFO - DAG(s) dict_keys(['example_branch_python_operator_decorator']) retrieved from /home/airflow/.local/lib/python3.8/site-packages/airflow/example_dags/example_branch_operator_decorator.py
[2023-10-10T08:46:29.726+0000] {logging_mixin.py:151} INFO - [2023-10-10T08:46:29.726+0000] {dag.py:2915} INFO - Sync 1 DAGs
[2023-10-10T08:46:29.776+0000] {logging_mixin.py:151} INFO - [2023-10-10T08:46:29.776+0000] {dag.py:3696} INFO - Setting next_dagrun for example_branch_python_operator_decorator to 2023-10-09T00:00:00+00:00, run_after=2023-10-10T00:00:00+00:00
[2023-10-10T08:46:29.813+0000] {processor.py:179} INFO - Processing /home/airflow/.local/lib/python3.8/site-packages/airflow/example_dags/example_branch_operator_decorator.py took 0.193 seconds
[2023-10-10T08:47:00.111+0000] {processor.py:157} INFO - Started process (PID=96) to work on /home/airflow/.local/lib/python3.8/site-packages/airflow/example_dags/example_branch_operator_decorator.py
[2023-10-10T08:47:00.112+0000] {processor.py:829} INFO - Processing file /home/airflow/.local/lib/python3.8/site-packages/airflow/example_dags/example_branch_operator_decorator.py for tasks to queue
[2023-10-10T08:47:00.115+0000] {logging_mixin.py:151} INFO - [2023-10-10T08:47:00.114+0000] {dagbag.py:539} INFO - Filling up the DagBag from /home/airflow/.local/lib/python3.8/site-packages/airflow/example_dags/example_branch_operator_decorator.py
[2023-10-10T08:47:00.126+0000] {processor.py:839} INFO - DAG(s) dict_keys(['example_branch_python_operator_decorator']) retrieved from /home/airflow/.local/lib/python3.8/site-packages/airflow/example_dags/example_branch_operator_decorator.py
[2023-10-10T08:47:00.152+0000] {logging_mixin.py:151} INFO - [2023-10-10T08:47:00.152+0000] {dag.py:2915} INFO - Sync 1 DAGs
[2023-10-10T08:47:00.180+0000] {logging_mixin.py:151} INFO - [2023-10-10T08:47:00.180+0000] {dag.py:3696} INFO - Setting next_dagrun for example_branch_python_operator_decorator to 2023-10-09T00:00:00+00:00, run_after=2023-10-10T00:00:00+00:00
[2023-10-10T08:47:00.200+0000] {processor.py:179} INFO - Processing /home/airflow/.local/lib/python3.8/site-packages/airflow/example_dags/example_branch_operator_decorator.py took 0.093 seconds
[2023-10-10T08:47:30.416+0000] {processor.py:157} INFO - Started process (PID=150) to work on /home/airflow/.local/lib/python3.8/site-packages/airflow/example_dags/example_branch_operator_decorator.py
[2023-10-10T08:47:30.417+0000] {processor.py:829} INFO - Processing file /home/airflow/.local/lib/python3.8/site-packages/airflow/example_dags/example_branch_operator_decorator.py for tasks to queue
[2023-10-10T08:47:30.419+0000] {logging_mixin.py:151} INFO - [2023-10-10T08:47:30.419+0000] {dagbag.py:539} INFO - Filling up the DagBag from /home/airflow/.local/lib/python3.8/site-packages/airflow/example_dags/example_branch_operator_decorator.py
[2023-10-10T08:47:30.431+0000] {processor.py:839} INFO - DAG(s) dict_keys(['example_branch_python_operator_decorator']) retrieved from /home/airflow/.local/lib/python3.8/site-packages/airflow/example_dags/example_branch_operator_decorator.py
[2023-10-10T08:47:30.458+0000] {logging_mixin.py:151} INFO - [2023-10-10T08:47:30.458+0000] {dag.py:2915} INFO - Sync 1 DAGs
[2023-10-10T08:47:30.485+0000] {logging_mixin.py:151} INFO - [2023-10-10T08:47:30.485+0000] {dag.py:3696} INFO - Setting next_dagrun for example_branch_python_operator_decorator to 2023-10-09T00:00:00+00:00, run_after=2023-10-10T00:00:00+00:00
[2023-10-10T08:47:30.505+0000] {processor.py:179} INFO - Processing /home/airflow/.local/lib/python3.8/site-packages/airflow/example_dags/example_branch_operator_decorator.py took 0.093 seconds
[2023-10-10T08:51:32.703+0000] {processor.py:157} INFO - Started process (PID=42) to work on /home/airflow/.local/lib/python3.8/site-packages/airflow/example_dags/example_branch_operator_decorator.py
[2023-10-10T08:51:32.706+0000] {processor.py:829} INFO - Processing file /home/airflow/.local/lib/python3.8/site-packages/airflow/example_dags/example_branch_operator_decorator.py for tasks to queue
[2023-10-10T08:51:32.708+0000] {logging_mixin.py:151} INFO - [2023-10-10T08:51:32.708+0000] {dagbag.py:539} INFO - Filling up the DagBag from /home/airflow/.local/lib/python3.8/site-packages/airflow/example_dags/example_branch_operator_decorator.py
[2023-10-10T08:51:32.724+0000] {processor.py:839} INFO - DAG(s) dict_keys(['example_branch_python_operator_decorator']) retrieved from /home/airflow/.local/lib/python3.8/site-packages/airflow/example_dags/example_branch_operator_decorator.py
[2023-10-10T08:51:32.744+0000] {logging_mixin.py:151} INFO - [2023-10-10T08:51:32.744+0000] {dag.py:2915} INFO - Sync 1 DAGs
[2023-10-10T08:51:32.774+0000] {logging_mixin.py:151} INFO - [2023-10-10T08:51:32.774+0000] {dag.py:3696} INFO - Setting next_dagrun for example_branch_python_operator_decorator to 2023-10-09T00:00:00+00:00, run_after=2023-10-10T00:00:00+00:00
[2023-10-10T08:51:32.795+0000] {processor.py:179} INFO - Processing /home/airflow/.local/lib/python3.8/site-packages/airflow/example_dags/example_branch_operator_decorator.py took 0.097 seconds
[2023-10-10T08:52:03.342+0000] {processor.py:157} INFO - Started process (PID=96) to work on /home/airflow/.local/lib/python3.8/site-packages/airflow/example_dags/example_branch_operator_decorator.py
[2023-10-10T08:52:03.343+0000] {processor.py:829} INFO - Processing file /home/airflow/.local/lib/python3.8/site-packages/airflow/example_dags/example_branch_operator_decorator.py for tasks to queue
[2023-10-10T08:52:03.346+0000] {logging_mixin.py:151} INFO - [2023-10-10T08:52:03.345+0000] {dagbag.py:539} INFO - Filling up the DagBag from /home/airflow/.local/lib/python3.8/site-packages/airflow/example_dags/example_branch_operator_decorator.py
[2023-10-10T08:52:03.357+0000] {processor.py:839} INFO - DAG(s) dict_keys(['example_branch_python_operator_decorator']) retrieved from /home/airflow/.local/lib/python3.8/site-packages/airflow/example_dags/example_branch_operator_decorator.py
[2023-10-10T08:52:03.383+0000] {logging_mixin.py:151} INFO - [2023-10-10T08:52:03.383+0000] {dag.py:2915} INFO - Sync 1 DAGs
[2023-10-10T08:52:03.410+0000] {logging_mixin.py:151} INFO - [2023-10-10T08:52:03.410+0000] {dag.py:3696} INFO - Setting next_dagrun for example_branch_python_operator_decorator to 2023-10-09T00:00:00+00:00, run_after=2023-10-10T00:00:00+00:00
[2023-10-10T08:52:03.429+0000] {processor.py:179} INFO - Processing /home/airflow/.local/lib/python3.8/site-packages/airflow/example_dags/example_branch_operator_decorator.py took 0.091 seconds
[2023-10-10T08:52:33.644+0000] {processor.py:157} INFO - Started process (PID=150) to work on /home/airflow/.local/lib/python3.8/site-packages/airflow/example_dags/example_branch_operator_decorator.py
[2023-10-10T08:52:33.646+0000] {processor.py:829} INFO - Processing file /home/airflow/.local/lib/python3.8/site-packages/airflow/example_dags/example_branch_operator_decorator.py for tasks to queue
[2023-10-10T08:52:33.648+0000] {logging_mixin.py:151} INFO - [2023-10-10T08:52:33.648+0000] {dagbag.py:539} INFO - Filling up the DagBag from /home/airflow/.local/lib/python3.8/site-packages/airflow/example_dags/example_branch_operator_decorator.py
[2023-10-10T08:52:33.660+0000] {processor.py:839} INFO - DAG(s) dict_keys(['example_branch_python_operator_decorator']) retrieved from /home/airflow/.local/lib/python3.8/site-packages/airflow/example_dags/example_branch_operator_decorator.py
[2023-10-10T08:52:33.685+0000] {logging_mixin.py:151} INFO - [2023-10-10T08:52:33.685+0000] {dag.py:2915} INFO - Sync 1 DAGs
[2023-10-10T08:52:33.712+0000] {logging_mixin.py:151} INFO - [2023-10-10T08:52:33.712+0000] {dag.py:3696} INFO - Setting next_dagrun for example_branch_python_operator_decorator to 2023-10-09T00:00:00+00:00, run_after=2023-10-10T00:00:00+00:00
[2023-10-10T08:52:33.733+0000] {processor.py:179} INFO - Processing /home/airflow/.local/lib/python3.8/site-packages/airflow/example_dags/example_branch_operator_decorator.py took 0.092 seconds
[2023-10-10T08:53:04.032+0000] {processor.py:157} INFO - Started process (PID=204) to work on /home/airflow/.local/lib/python3.8/site-packages/airflow/example_dags/example_branch_operator_decorator.py
[2023-10-10T08:53:04.034+0000] {processor.py:829} INFO - Processing file /home/airflow/.local/lib/python3.8/site-packages/airflow/example_dags/example_branch_operator_decorator.py for tasks to queue
[2023-10-10T08:53:04.036+0000] {logging_mixin.py:151} INFO - [2023-10-10T08:53:04.036+0000] {dagbag.py:539} INFO - Filling up the DagBag from /home/airflow/.local/lib/python3.8/site-packages/airflow/example_dags/example_branch_operator_decorator.py
[2023-10-10T08:53:04.048+0000] {processor.py:839} INFO - DAG(s) dict_keys(['example_branch_python_operator_decorator']) retrieved from /home/airflow/.local/lib/python3.8/site-packages/airflow/example_dags/example_branch_operator_decorator.py
[2023-10-10T08:53:04.075+0000] {logging_mixin.py:151} INFO - [2023-10-10T08:53:04.075+0000] {dag.py:2915} INFO - Sync 1 DAGs
[2023-10-10T08:53:04.103+0000] {logging_mixin.py:151} INFO - [2023-10-10T08:53:04.103+0000] {dag.py:3696} INFO - Setting next_dagrun for example_branch_python_operator_decorator to 2023-10-09T00:00:00+00:00, run_after=2023-10-10T00:00:00+00:00
[2023-10-10T08:53:04.124+0000] {processor.py:179} INFO - Processing /home/airflow/.local/lib/python3.8/site-packages/airflow/example_dags/example_branch_operator_decorator.py took 0.096 seconds
[2023-10-10T08:53:34.208+0000] {processor.py:157} INFO - Started process (PID=258) to work on /home/airflow/.local/lib/python3.8/site-packages/airflow/example_dags/example_branch_operator_decorator.py
[2023-10-10T08:53:34.209+0000] {processor.py:829} INFO - Processing file /home/airflow/.local/lib/python3.8/site-packages/airflow/example_dags/example_branch_operator_decorator.py for tasks to queue
[2023-10-10T08:53:34.212+0000] {logging_mixin.py:151} INFO - [2023-10-10T08:53:34.212+0000] {dagbag.py:539} INFO - Filling up the DagBag from /home/airflow/.local/lib/python3.8/site-packages/airflow/example_dags/example_branch_operator_decorator.py
[2023-10-10T08:53:34.224+0000] {processor.py:839} INFO - DAG(s) dict_keys(['example_branch_python_operator_decorator']) retrieved from /home/airflow/.local/lib/python3.8/site-packages/airflow/example_dags/example_branch_operator_decorator.py
[2023-10-10T08:53:34.251+0000] {logging_mixin.py:151} INFO - [2023-10-10T08:53:34.251+0000] {dag.py:2915} INFO - Sync 1 DAGs
[2023-10-10T08:53:34.278+0000] {logging_mixin.py:151} INFO - [2023-10-10T08:53:34.278+0000] {dag.py:3696} INFO - Setting next_dagrun for example_branch_python_operator_decorator to 2023-10-09T00:00:00+00:00, run_after=2023-10-10T00:00:00+00:00
[2023-10-10T08:53:34.302+0000] {processor.py:179} INFO - Processing /home/airflow/.local/lib/python3.8/site-packages/airflow/example_dags/example_branch_operator_decorator.py took 0.098 seconds
[2023-10-10T08:54:05.778+0000] {processor.py:157} INFO - Started process (PID=313) to work on /home/airflow/.local/lib/python3.8/site-packages/airflow/example_dags/example_branch_operator_decorator.py
[2023-10-10T08:54:05.780+0000] {processor.py:829} INFO - Processing file /home/airflow/.local/lib/python3.8/site-packages/airflow/example_dags/example_branch_operator_decorator.py for tasks to queue
[2023-10-10T08:54:05.782+0000] {logging_mixin.py:151} INFO - [2023-10-10T08:54:05.782+0000] {dagbag.py:539} INFO - Filling up the DagBag from /home/airflow/.local/lib/python3.8/site-packages/airflow/example_dags/example_branch_operator_decorator.py
[2023-10-10T08:54:05.794+0000] {processor.py:839} INFO - DAG(s) dict_keys(['example_branch_python_operator_decorator']) retrieved from /home/airflow/.local/lib/python3.8/site-packages/airflow/example_dags/example_branch_operator_decorator.py
[2023-10-10T08:54:05.821+0000] {logging_mixin.py:151} INFO - [2023-10-10T08:54:05.820+0000] {dag.py:2915} INFO - Sync 1 DAGs
[2023-10-10T08:54:05.848+0000] {logging_mixin.py:151} INFO - [2023-10-10T08:54:05.848+0000] {dag.py:3696} INFO - Setting next_dagrun for example_branch_python_operator_decorator to 2023-10-09T00:00:00+00:00, run_after=2023-10-10T00:00:00+00:00
[2023-10-10T08:54:05.869+0000] {processor.py:179} INFO - Processing /home/airflow/.local/lib/python3.8/site-packages/airflow/example_dags/example_branch_operator_decorator.py took 0.094 seconds
[2023-10-10T08:54:36.230+0000] {processor.py:157} INFO - Started process (PID=366) to work on /home/airflow/.local/lib/python3.8/site-packages/airflow/example_dags/example_branch_operator_decorator.py
[2023-10-10T08:54:36.232+0000] {processor.py:829} INFO - Processing file /home/airflow/.local/lib/python3.8/site-packages/airflow/example_dags/example_branch_operator_decorator.py for tasks to queue
[2023-10-10T08:54:36.234+0000] {logging_mixin.py:151} INFO - [2023-10-10T08:54:36.234+0000] {dagbag.py:539} INFO - Filling up the DagBag from /home/airflow/.local/lib/python3.8/site-packages/airflow/example_dags/example_branch_operator_decorator.py
[2023-10-10T08:54:36.246+0000] {processor.py:839} INFO - DAG(s) dict_keys(['example_branch_python_operator_decorator']) retrieved from /home/airflow/.local/lib/python3.8/site-packages/airflow/example_dags/example_branch_operator_decorator.py
[2023-10-10T08:54:36.273+0000] {logging_mixin.py:151} INFO - [2023-10-10T08:54:36.273+0000] {dag.py:2915} INFO - Sync 1 DAGs
[2023-10-10T08:54:36.300+0000] {logging_mixin.py:151} INFO - [2023-10-10T08:54:36.300+0000] {dag.py:3696} INFO - Setting next_dagrun for example_branch_python_operator_decorator to 2023-10-09T00:00:00+00:00, run_after=2023-10-10T00:00:00+00:00
[2023-10-10T08:54:36.320+0000] {processor.py:179} INFO - Processing /home/airflow/.local/lib/python3.8/site-packages/airflow/example_dags/example_branch_operator_decorator.py took 0.094 seconds
[2023-10-10T08:55:06.657+0000] {processor.py:157} INFO - Started process (PID=421) to work on /home/airflow/.local/lib/python3.8/site-packages/airflow/example_dags/example_branch_operator_decorator.py
[2023-10-10T08:55:06.658+0000] {processor.py:829} INFO - Processing file /home/airflow/.local/lib/python3.8/site-packages/airflow/example_dags/example_branch_operator_decorator.py for tasks to queue
[2023-10-10T08:55:06.660+0000] {logging_mixin.py:151} INFO - [2023-10-10T08:55:06.660+0000] {dagbag.py:539} INFO - Filling up the DagBag from /home/airflow/.local/lib/python3.8/site-packages/airflow/example_dags/example_branch_operator_decorator.py
[2023-10-10T08:55:06.672+0000] {processor.py:839} INFO - DAG(s) dict_keys(['example_branch_python_operator_decorator']) retrieved from /home/airflow/.local/lib/python3.8/site-packages/airflow/example_dags/example_branch_operator_decorator.py
[2023-10-10T08:55:06.698+0000] {logging_mixin.py:151} INFO - [2023-10-10T08:55:06.698+0000] {dag.py:2915} INFO - Sync 1 DAGs
[2023-10-10T08:55:06.726+0000] {logging_mixin.py:151} INFO - [2023-10-10T08:55:06.726+0000] {dag.py:3696} INFO - Setting next_dagrun for example_branch_python_operator_decorator to 2023-10-09T00:00:00+00:00, run_after=2023-10-10T00:00:00+00:00
[2023-10-10T08:55:06.746+0000] {processor.py:179} INFO - Processing /home/airflow/.local/lib/python3.8/site-packages/airflow/example_dags/example_branch_operator_decorator.py took 0.093 seconds
[2023-10-10T08:55:36.945+0000] {processor.py:157} INFO - Started process (PID=476) to work on /home/airflow/.local/lib/python3.8/site-packages/airflow/example_dags/example_branch_operator_decorator.py
[2023-10-10T08:55:36.946+0000] {processor.py:829} INFO - Processing file /home/airflow/.local/lib/python3.8/site-packages/airflow/example_dags/example_branch_operator_decorator.py for tasks to queue
[2023-10-10T08:55:36.949+0000] {logging_mixin.py:151} INFO - [2023-10-10T08:55:36.949+0000] {dagbag.py:539} INFO - Filling up the DagBag from /home/airflow/.local/lib/python3.8/site-packages/airflow/example_dags/example_branch_operator_decorator.py
[2023-10-10T08:55:36.972+0000] {processor.py:839} INFO - DAG(s) dict_keys(['example_branch_python_operator_decorator']) retrieved from /home/airflow/.local/lib/python3.8/site-packages/airflow/example_dags/example_branch_operator_decorator.py
[2023-10-10T08:55:37.012+0000] {logging_mixin.py:151} INFO - [2023-10-10T08:55:37.012+0000] {dag.py:2915} INFO - Sync 1 DAGs
[2023-10-10T08:55:37.045+0000] {logging_mixin.py:151} INFO - [2023-10-10T08:55:37.045+0000] {dag.py:3696} INFO - Setting next_dagrun for example_branch_python_operator_decorator to 2023-10-09T00:00:00+00:00, run_after=2023-10-10T00:00:00+00:00
[2023-10-10T08:55:37.070+0000] {processor.py:179} INFO - Processing /home/airflow/.local/lib/python3.8/site-packages/airflow/example_dags/example_branch_operator_decorator.py took 0.129 seconds
[2023-10-10T08:56:07.370+0000] {processor.py:157} INFO - Started process (PID=530) to work on /home/airflow/.local/lib/python3.8/site-packages/airflow/example_dags/example_branch_operator_decorator.py
[2023-10-10T08:56:07.371+0000] {processor.py:829} INFO - Processing file /home/airflow/.local/lib/python3.8/site-packages/airflow/example_dags/example_branch_operator_decorator.py for tasks to queue
[2023-10-10T08:56:07.373+0000] {logging_mixin.py:151} INFO - [2023-10-10T08:56:07.373+0000] {dagbag.py:539} INFO - Filling up the DagBag from /home/airflow/.local/lib/python3.8/site-packages/airflow/example_dags/example_branch_operator_decorator.py
[2023-10-10T08:56:07.386+0000] {processor.py:839} INFO - DAG(s) dict_keys(['example_branch_python_operator_decorator']) retrieved from /home/airflow/.local/lib/python3.8/site-packages/airflow/example_dags/example_branch_operator_decorator.py
[2023-10-10T08:56:07.414+0000] {logging_mixin.py:151} INFO - [2023-10-10T08:56:07.414+0000] {dag.py:2915} INFO - Sync 1 DAGs
[2023-10-10T08:56:07.442+0000] {logging_mixin.py:151} INFO - [2023-10-10T08:56:07.441+0000] {dag.py:3696} INFO - Setting next_dagrun for example_branch_python_operator_decorator to 2023-10-09T00:00:00+00:00, run_after=2023-10-10T00:00:00+00:00
[2023-10-10T08:56:07.464+0000] {processor.py:179} INFO - Processing /home/airflow/.local/lib/python3.8/site-packages/airflow/example_dags/example_branch_operator_decorator.py took 0.098 seconds
[2023-10-10T08:56:37.969+0000] {processor.py:157} INFO - Started process (PID=584) to work on /home/airflow/.local/lib/python3.8/site-packages/airflow/example_dags/example_branch_operator_decorator.py
[2023-10-10T08:56:37.970+0000] {processor.py:829} INFO - Processing file /home/airflow/.local/lib/python3.8/site-packages/airflow/example_dags/example_branch_operator_decorator.py for tasks to queue
[2023-10-10T08:56:37.972+0000] {logging_mixin.py:151} INFO - [2023-10-10T08:56:37.972+0000] {dagbag.py:539} INFO - Filling up the DagBag from /home/airflow/.local/lib/python3.8/site-packages/airflow/example_dags/example_branch_operator_decorator.py
[2023-10-10T08:56:37.984+0000] {processor.py:839} INFO - DAG(s) dict_keys(['example_branch_python_operator_decorator']) retrieved from /home/airflow/.local/lib/python3.8/site-packages/airflow/example_dags/example_branch_operator_decorator.py
[2023-10-10T08:56:38.011+0000] {logging_mixin.py:151} INFO - [2023-10-10T08:56:38.011+0000] {dag.py:2915} INFO - Sync 1 DAGs
[2023-10-10T08:56:38.038+0000] {logging_mixin.py:151} INFO - [2023-10-10T08:56:38.038+0000] {dag.py:3696} INFO - Setting next_dagrun for example_branch_python_operator_decorator to 2023-10-09T00:00:00+00:00, run_after=2023-10-10T00:00:00+00:00
[2023-10-10T08:56:38.060+0000] {processor.py:179} INFO - Processing /home/airflow/.local/lib/python3.8/site-packages/airflow/example_dags/example_branch_operator_decorator.py took 0.096 seconds
[2023-10-10T08:57:08.379+0000] {processor.py:157} INFO - Started process (PID=638) to work on /home/airflow/.local/lib/python3.8/site-packages/airflow/example_dags/example_branch_operator_decorator.py
[2023-10-10T08:57:08.380+0000] {processor.py:829} INFO - Processing file /home/airflow/.local/lib/python3.8/site-packages/airflow/example_dags/example_branch_operator_decorator.py for tasks to queue
[2023-10-10T08:57:08.383+0000] {logging_mixin.py:151} INFO - [2023-10-10T08:57:08.382+0000] {dagbag.py:539} INFO - Filling up the DagBag from /home/airflow/.local/lib/python3.8/site-packages/airflow/example_dags/example_branch_operator_decorator.py
[2023-10-10T08:57:08.394+0000] {processor.py:839} INFO - DAG(s) dict_keys(['example_branch_python_operator_decorator']) retrieved from /home/airflow/.local/lib/python3.8/site-packages/airflow/example_dags/example_branch_operator_decorator.py
[2023-10-10T08:57:08.420+0000] {logging_mixin.py:151} INFO - [2023-10-10T08:57:08.420+0000] {dag.py:2915} INFO - Sync 1 DAGs
[2023-10-10T08:57:08.449+0000] {logging_mixin.py:151} INFO - [2023-10-10T08:57:08.448+0000] {dag.py:3696} INFO - Setting next_dagrun for example_branch_python_operator_decorator to 2023-10-09T00:00:00+00:00, run_after=2023-10-10T00:00:00+00:00
[2023-10-10T08:57:08.469+0000] {processor.py:179} INFO - Processing /home/airflow/.local/lib/python3.8/site-packages/airflow/example_dags/example_branch_operator_decorator.py took 0.094 seconds
