[2023-10-10T08:39:52.383+0000] {processor.py:157} INFO - Started process (PID=71) to work on /home/airflow/.local/lib/python3.8/site-packages/airflow/example_dags/example_setup_teardown_taskflow.py
[2023-10-10T08:39:52.384+0000] {processor.py:829} INFO - Processing file /home/airflow/.local/lib/python3.8/site-packages/airflow/example_dags/example_setup_teardown_taskflow.py for tasks to queue
[2023-10-10T08:39:52.387+0000] {logging_mixin.py:151} INFO - [2023-10-10T08:39:52.386+0000] {dagbag.py:539} INFO - Filling up the DagBag from /home/airflow/.local/lib/python3.8/site-packages/airflow/example_dags/example_setup_teardown_taskflow.py
[2023-10-10T08:39:52.399+0000] {processor.py:839} INFO - DAG(s) dict_keys(['example_setup_teardown_taskflow']) retrieved from /home/airflow/.local/lib/python3.8/site-packages/airflow/example_dags/example_setup_teardown_taskflow.py
[2023-10-10T08:39:52.414+0000] {logging_mixin.py:151} INFO - [2023-10-10T08:39:52.414+0000] {dag.py:2915} INFO - Sync 1 DAGs
[2023-10-10T08:39:52.453+0000] {logging_mixin.py:151} INFO - [2023-10-10T08:39:52.453+0000] {dag.py:3696} INFO - Setting next_dagrun for example_setup_teardown_taskflow to 2023-10-09T08:39:52.453023+00:00, run_after=2023-10-10T08:39:52.453023+00:00
[2023-10-10T08:39:52.475+0000] {processor.py:179} INFO - Processing /home/airflow/.local/lib/python3.8/site-packages/airflow/example_dags/example_setup_teardown_taskflow.py took 0.096 seconds
[2023-10-10T08:40:22.950+0000] {processor.py:157} INFO - Started process (PID=125) to work on /home/airflow/.local/lib/python3.8/site-packages/airflow/example_dags/example_setup_teardown_taskflow.py
[2023-10-10T08:40:22.951+0000] {processor.py:829} INFO - Processing file /home/airflow/.local/lib/python3.8/site-packages/airflow/example_dags/example_setup_teardown_taskflow.py for tasks to queue
[2023-10-10T08:40:22.954+0000] {logging_mixin.py:151} INFO - [2023-10-10T08:40:22.953+0000] {dagbag.py:539} INFO - Filling up the DagBag from /home/airflow/.local/lib/python3.8/site-packages/airflow/example_dags/example_setup_teardown_taskflow.py
[2023-10-10T08:40:22.964+0000] {processor.py:839} INFO - DAG(s) dict_keys(['example_setup_teardown_taskflow']) retrieved from /home/airflow/.local/lib/python3.8/site-packages/airflow/example_dags/example_setup_teardown_taskflow.py
[2023-10-10T08:40:22.990+0000] {logging_mixin.py:151} INFO - [2023-10-10T08:40:22.989+0000] {dag.py:2915} INFO - Sync 1 DAGs
[2023-10-10T08:40:23.017+0000] {logging_mixin.py:151} INFO - [2023-10-10T08:40:23.017+0000] {dag.py:3696} INFO - Setting next_dagrun for example_setup_teardown_taskflow to 2023-10-09T08:40:23.017279+00:00, run_after=2023-10-10T08:40:23.017279+00:00
[2023-10-10T08:40:23.039+0000] {processor.py:179} INFO - Processing /home/airflow/.local/lib/python3.8/site-packages/airflow/example_dags/example_setup_teardown_taskflow.py took 0.093 seconds
[2023-10-10T08:40:53.987+0000] {processor.py:157} INFO - Started process (PID=178) to work on /home/airflow/.local/lib/python3.8/site-packages/airflow/example_dags/example_setup_teardown_taskflow.py
[2023-10-10T08:40:53.989+0000] {processor.py:829} INFO - Processing file /home/airflow/.local/lib/python3.8/site-packages/airflow/example_dags/example_setup_teardown_taskflow.py for tasks to queue
[2023-10-10T08:40:53.991+0000] {logging_mixin.py:151} INFO - [2023-10-10T08:40:53.991+0000] {dagbag.py:539} INFO - Filling up the DagBag from /home/airflow/.local/lib/python3.8/site-packages/airflow/example_dags/example_setup_teardown_taskflow.py
[2023-10-10T08:40:54.002+0000] {processor.py:839} INFO - DAG(s) dict_keys(['example_setup_teardown_taskflow']) retrieved from /home/airflow/.local/lib/python3.8/site-packages/airflow/example_dags/example_setup_teardown_taskflow.py
[2023-10-10T08:40:54.028+0000] {logging_mixin.py:151} INFO - [2023-10-10T08:40:54.027+0000] {dag.py:2915} INFO - Sync 1 DAGs
[2023-10-10T08:40:54.054+0000] {logging_mixin.py:151} INFO - [2023-10-10T08:40:54.054+0000] {dag.py:3696} INFO - Setting next_dagrun for example_setup_teardown_taskflow to 2023-10-09T08:40:54.054437+00:00, run_after=2023-10-10T08:40:54.054437+00:00
[2023-10-10T08:40:54.076+0000] {processor.py:179} INFO - Processing /home/airflow/.local/lib/python3.8/site-packages/airflow/example_dags/example_setup_teardown_taskflow.py took 0.093 seconds
[2023-10-10T08:41:24.248+0000] {processor.py:157} INFO - Started process (PID=231) to work on /home/airflow/.local/lib/python3.8/site-packages/airflow/example_dags/example_setup_teardown_taskflow.py
[2023-10-10T08:41:24.250+0000] {processor.py:829} INFO - Processing file /home/airflow/.local/lib/python3.8/site-packages/airflow/example_dags/example_setup_teardown_taskflow.py for tasks to queue
[2023-10-10T08:41:24.252+0000] {logging_mixin.py:151} INFO - [2023-10-10T08:41:24.252+0000] {dagbag.py:539} INFO - Filling up the DagBag from /home/airflow/.local/lib/python3.8/site-packages/airflow/example_dags/example_setup_teardown_taskflow.py
[2023-10-10T08:41:24.264+0000] {processor.py:839} INFO - DAG(s) dict_keys(['example_setup_teardown_taskflow']) retrieved from /home/airflow/.local/lib/python3.8/site-packages/airflow/example_dags/example_setup_teardown_taskflow.py
[2023-10-10T08:41:24.290+0000] {logging_mixin.py:151} INFO - [2023-10-10T08:41:24.290+0000] {dag.py:2915} INFO - Sync 1 DAGs
[2023-10-10T08:41:24.318+0000] {logging_mixin.py:151} INFO - [2023-10-10T08:41:24.318+0000] {dag.py:3696} INFO - Setting next_dagrun for example_setup_teardown_taskflow to 2023-10-09T08:41:24.317918+00:00, run_after=2023-10-10T08:41:24.317918+00:00
[2023-10-10T08:41:24.340+0000] {processor.py:179} INFO - Processing /home/airflow/.local/lib/python3.8/site-packages/airflow/example_dags/example_setup_teardown_taskflow.py took 0.096 seconds
[2023-10-10T08:43:52.974+0000] {processor.py:157} INFO - Started process (PID=72) to work on /home/airflow/.local/lib/python3.8/site-packages/airflow/example_dags/example_setup_teardown_taskflow.py
[2023-10-10T08:43:52.983+0000] {processor.py:829} INFO - Processing file /home/airflow/.local/lib/python3.8/site-packages/airflow/example_dags/example_setup_teardown_taskflow.py for tasks to queue
[2023-10-10T08:43:52.986+0000] {logging_mixin.py:151} INFO - [2023-10-10T08:43:52.985+0000] {dagbag.py:539} INFO - Filling up the DagBag from /home/airflow/.local/lib/python3.8/site-packages/airflow/example_dags/example_setup_teardown_taskflow.py
[2023-10-10T08:43:53.007+0000] {processor.py:839} INFO - DAG(s) dict_keys(['example_setup_teardown_taskflow']) retrieved from /home/airflow/.local/lib/python3.8/site-packages/airflow/example_dags/example_setup_teardown_taskflow.py
[2023-10-10T08:43:53.020+0000] {logging_mixin.py:151} INFO - [2023-10-10T08:43:53.020+0000] {dag.py:2915} INFO - Sync 1 DAGs
[2023-10-10T08:43:53.048+0000] {logging_mixin.py:151} INFO - [2023-10-10T08:43:53.048+0000] {dag.py:3696} INFO - Setting next_dagrun for example_setup_teardown_taskflow to 2023-10-09T08:43:53.048017+00:00, run_after=2023-10-10T08:43:53.048017+00:00
[2023-10-10T08:43:53.069+0000] {processor.py:179} INFO - Processing /home/airflow/.local/lib/python3.8/site-packages/airflow/example_dags/example_setup_teardown_taskflow.py took 0.099 seconds
[2023-10-10T08:44:24.307+0000] {processor.py:157} INFO - Started process (PID=126) to work on /home/airflow/.local/lib/python3.8/site-packages/airflow/example_dags/example_setup_teardown_taskflow.py
[2023-10-10T08:44:24.310+0000] {processor.py:829} INFO - Processing file /home/airflow/.local/lib/python3.8/site-packages/airflow/example_dags/example_setup_teardown_taskflow.py for tasks to queue
[2023-10-10T08:44:24.312+0000] {logging_mixin.py:151} INFO - [2023-10-10T08:44:24.312+0000] {dagbag.py:539} INFO - Filling up the DagBag from /home/airflow/.local/lib/python3.8/site-packages/airflow/example_dags/example_setup_teardown_taskflow.py
[2023-10-10T08:44:24.323+0000] {processor.py:839} INFO - DAG(s) dict_keys(['example_setup_teardown_taskflow']) retrieved from /home/airflow/.local/lib/python3.8/site-packages/airflow/example_dags/example_setup_teardown_taskflow.py
[2023-10-10T08:44:24.353+0000] {logging_mixin.py:151} INFO - [2023-10-10T08:44:24.353+0000] {dag.py:2915} INFO - Sync 1 DAGs
[2023-10-10T08:44:24.381+0000] {logging_mixin.py:151} INFO - [2023-10-10T08:44:24.380+0000] {dag.py:3696} INFO - Setting next_dagrun for example_setup_teardown_taskflow to 2023-10-09T08:44:24.380396+00:00, run_after=2023-10-10T08:44:24.380396+00:00
[2023-10-10T08:44:24.403+0000] {processor.py:179} INFO - Processing /home/airflow/.local/lib/python3.8/site-packages/airflow/example_dags/example_setup_teardown_taskflow.py took 0.100 seconds
[2023-10-10T08:44:57.413+0000] {processor.py:157} INFO - Started process (PID=180) to work on /home/airflow/.local/lib/python3.8/site-packages/airflow/example_dags/example_setup_teardown_taskflow.py
[2023-10-10T08:44:57.415+0000] {processor.py:829} INFO - Processing file /home/airflow/.local/lib/python3.8/site-packages/airflow/example_dags/example_setup_teardown_taskflow.py for tasks to queue
[2023-10-10T08:44:57.418+0000] {logging_mixin.py:151} INFO - [2023-10-10T08:44:57.417+0000] {dagbag.py:539} INFO - Filling up the DagBag from /home/airflow/.local/lib/python3.8/site-packages/airflow/example_dags/example_setup_teardown_taskflow.py
[2023-10-10T08:44:57.429+0000] {processor.py:839} INFO - DAG(s) dict_keys(['example_setup_teardown_taskflow']) retrieved from /home/airflow/.local/lib/python3.8/site-packages/airflow/example_dags/example_setup_teardown_taskflow.py
[2023-10-10T08:44:57.454+0000] {logging_mixin.py:151} INFO - [2023-10-10T08:44:57.454+0000] {dag.py:2915} INFO - Sync 1 DAGs
[2023-10-10T08:44:57.480+0000] {logging_mixin.py:151} INFO - [2023-10-10T08:44:57.479+0000] {dag.py:3696} INFO - Setting next_dagrun for example_setup_teardown_taskflow to 2023-10-09T08:44:57.479578+00:00, run_after=2023-10-10T08:44:57.479578+00:00
[2023-10-10T08:44:57.500+0000] {processor.py:179} INFO - Processing /home/airflow/.local/lib/python3.8/site-packages/airflow/example_dags/example_setup_teardown_taskflow.py took 0.091 seconds
[2023-10-10T08:46:31.841+0000] {processor.py:157} INFO - Started process (PID=71) to work on /home/airflow/.local/lib/python3.8/site-packages/airflow/example_dags/example_setup_teardown_taskflow.py
[2023-10-10T08:46:31.843+0000] {processor.py:829} INFO - Processing file /home/airflow/.local/lib/python3.8/site-packages/airflow/example_dags/example_setup_teardown_taskflow.py for tasks to queue
[2023-10-10T08:46:31.845+0000] {logging_mixin.py:151} INFO - [2023-10-10T08:46:31.845+0000] {dagbag.py:539} INFO - Filling up the DagBag from /home/airflow/.local/lib/python3.8/site-packages/airflow/example_dags/example_setup_teardown_taskflow.py
[2023-10-10T08:46:31.857+0000] {processor.py:839} INFO - DAG(s) dict_keys(['example_setup_teardown_taskflow']) retrieved from /home/airflow/.local/lib/python3.8/site-packages/airflow/example_dags/example_setup_teardown_taskflow.py
[2023-10-10T08:46:31.871+0000] {logging_mixin.py:151} INFO - [2023-10-10T08:46:31.871+0000] {dag.py:2915} INFO - Sync 1 DAGs
[2023-10-10T08:46:31.899+0000] {logging_mixin.py:151} INFO - [2023-10-10T08:46:31.899+0000] {dag.py:3696} INFO - Setting next_dagrun for example_setup_teardown_taskflow to 2023-10-09T08:46:31.899033+00:00, run_after=2023-10-10T08:46:31.899033+00:00
[2023-10-10T08:46:31.921+0000] {processor.py:179} INFO - Processing /home/airflow/.local/lib/python3.8/site-packages/airflow/example_dags/example_setup_teardown_taskflow.py took 0.084 seconds
[2023-10-10T08:47:02.292+0000] {processor.py:157} INFO - Started process (PID=125) to work on /home/airflow/.local/lib/python3.8/site-packages/airflow/example_dags/example_setup_teardown_taskflow.py
[2023-10-10T08:47:02.293+0000] {processor.py:829} INFO - Processing file /home/airflow/.local/lib/python3.8/site-packages/airflow/example_dags/example_setup_teardown_taskflow.py for tasks to queue
[2023-10-10T08:47:02.295+0000] {logging_mixin.py:151} INFO - [2023-10-10T08:47:02.295+0000] {dagbag.py:539} INFO - Filling up the DagBag from /home/airflow/.local/lib/python3.8/site-packages/airflow/example_dags/example_setup_teardown_taskflow.py
[2023-10-10T08:47:02.306+0000] {processor.py:839} INFO - DAG(s) dict_keys(['example_setup_teardown_taskflow']) retrieved from /home/airflow/.local/lib/python3.8/site-packages/airflow/example_dags/example_setup_teardown_taskflow.py
[2023-10-10T08:47:02.332+0000] {logging_mixin.py:151} INFO - [2023-10-10T08:47:02.331+0000] {dag.py:2915} INFO - Sync 1 DAGs
[2023-10-10T08:47:02.357+0000] {logging_mixin.py:151} INFO - [2023-10-10T08:47:02.357+0000] {dag.py:3696} INFO - Setting next_dagrun for example_setup_teardown_taskflow to 2023-10-09T08:47:02.356841+00:00, run_after=2023-10-10T08:47:02.356841+00:00
[2023-10-10T08:47:02.377+0000] {processor.py:179} INFO - Processing /home/airflow/.local/lib/python3.8/site-packages/airflow/example_dags/example_setup_teardown_taskflow.py took 0.088 seconds
[2023-10-10T08:47:33.559+0000] {processor.py:157} INFO - Started process (PID=179) to work on /home/airflow/.local/lib/python3.8/site-packages/airflow/example_dags/example_setup_teardown_taskflow.py
[2023-10-10T08:47:33.561+0000] {processor.py:829} INFO - Processing file /home/airflow/.local/lib/python3.8/site-packages/airflow/example_dags/example_setup_teardown_taskflow.py for tasks to queue
[2023-10-10T08:47:33.563+0000] {logging_mixin.py:151} INFO - [2023-10-10T08:47:33.563+0000] {dagbag.py:539} INFO - Filling up the DagBag from /home/airflow/.local/lib/python3.8/site-packages/airflow/example_dags/example_setup_teardown_taskflow.py
[2023-10-10T08:47:33.574+0000] {processor.py:839} INFO - DAG(s) dict_keys(['example_setup_teardown_taskflow']) retrieved from /home/airflow/.local/lib/python3.8/site-packages/airflow/example_dags/example_setup_teardown_taskflow.py
[2023-10-10T08:47:33.600+0000] {logging_mixin.py:151} INFO - [2023-10-10T08:47:33.599+0000] {dag.py:2915} INFO - Sync 1 DAGs
[2023-10-10T08:47:33.625+0000] {logging_mixin.py:151} INFO - [2023-10-10T08:47:33.625+0000] {dag.py:3696} INFO - Setting next_dagrun for example_setup_teardown_taskflow to 2023-10-09T08:47:33.624891+00:00, run_after=2023-10-10T08:47:33.624891+00:00
[2023-10-10T08:47:33.645+0000] {processor.py:179} INFO - Processing /home/airflow/.local/lib/python3.8/site-packages/airflow/example_dags/example_setup_teardown_taskflow.py took 0.090 seconds
[2023-10-10T08:51:35.920+0000] {processor.py:157} INFO - Started process (PID=71) to work on /home/airflow/.local/lib/python3.8/site-packages/airflow/example_dags/example_setup_teardown_taskflow.py
[2023-10-10T08:51:35.922+0000] {processor.py:829} INFO - Processing file /home/airflow/.local/lib/python3.8/site-packages/airflow/example_dags/example_setup_teardown_taskflow.py for tasks to queue
[2023-10-10T08:51:35.924+0000] {logging_mixin.py:151} INFO - [2023-10-10T08:51:35.924+0000] {dagbag.py:539} INFO - Filling up the DagBag from /home/airflow/.local/lib/python3.8/site-packages/airflow/example_dags/example_setup_teardown_taskflow.py
[2023-10-10T08:51:35.937+0000] {processor.py:839} INFO - DAG(s) dict_keys(['example_setup_teardown_taskflow']) retrieved from /home/airflow/.local/lib/python3.8/site-packages/airflow/example_dags/example_setup_teardown_taskflow.py
[2023-10-10T08:51:35.952+0000] {logging_mixin.py:151} INFO - [2023-10-10T08:51:35.951+0000] {dag.py:2915} INFO - Sync 1 DAGs
[2023-10-10T08:51:36.007+0000] {logging_mixin.py:151} INFO - [2023-10-10T08:51:36.006+0000] {dag.py:3696} INFO - Setting next_dagrun for example_setup_teardown_taskflow to 2023-10-09T08:51:36.006393+00:00, run_after=2023-10-10T08:51:36.006393+00:00
[2023-10-10T08:51:36.058+0000] {processor.py:179} INFO - Processing /home/airflow/.local/lib/python3.8/site-packages/airflow/example_dags/example_setup_teardown_taskflow.py took 0.141 seconds
[2023-10-10T08:52:06.599+0000] {processor.py:157} INFO - Started process (PID=125) to work on /home/airflow/.local/lib/python3.8/site-packages/airflow/example_dags/example_setup_teardown_taskflow.py
[2023-10-10T08:52:06.600+0000] {processor.py:829} INFO - Processing file /home/airflow/.local/lib/python3.8/site-packages/airflow/example_dags/example_setup_teardown_taskflow.py for tasks to queue
[2023-10-10T08:52:06.602+0000] {logging_mixin.py:151} INFO - [2023-10-10T08:52:06.602+0000] {dagbag.py:539} INFO - Filling up the DagBag from /home/airflow/.local/lib/python3.8/site-packages/airflow/example_dags/example_setup_teardown_taskflow.py
[2023-10-10T08:52:06.613+0000] {processor.py:839} INFO - DAG(s) dict_keys(['example_setup_teardown_taskflow']) retrieved from /home/airflow/.local/lib/python3.8/site-packages/airflow/example_dags/example_setup_teardown_taskflow.py
[2023-10-10T08:52:06.639+0000] {logging_mixin.py:151} INFO - [2023-10-10T08:52:06.639+0000] {dag.py:2915} INFO - Sync 1 DAGs
[2023-10-10T08:52:06.664+0000] {logging_mixin.py:151} INFO - [2023-10-10T08:52:06.664+0000] {dag.py:3696} INFO - Setting next_dagrun for example_setup_teardown_taskflow to 2023-10-09T08:52:06.664062+00:00, run_after=2023-10-10T08:52:06.664062+00:00
[2023-10-10T08:52:06.688+0000] {processor.py:179} INFO - Processing /home/airflow/.local/lib/python3.8/site-packages/airflow/example_dags/example_setup_teardown_taskflow.py took 0.093 seconds
[2023-10-10T08:52:37.577+0000] {processor.py:157} INFO - Started process (PID=179) to work on /home/airflow/.local/lib/python3.8/site-packages/airflow/example_dags/example_setup_teardown_taskflow.py
[2023-10-10T08:52:37.579+0000] {processor.py:829} INFO - Processing file /home/airflow/.local/lib/python3.8/site-packages/airflow/example_dags/example_setup_teardown_taskflow.py for tasks to queue
[2023-10-10T08:52:37.581+0000] {logging_mixin.py:151} INFO - [2023-10-10T08:52:37.581+0000] {dagbag.py:539} INFO - Filling up the DagBag from /home/airflow/.local/lib/python3.8/site-packages/airflow/example_dags/example_setup_teardown_taskflow.py
[2023-10-10T08:52:37.592+0000] {processor.py:839} INFO - DAG(s) dict_keys(['example_setup_teardown_taskflow']) retrieved from /home/airflow/.local/lib/python3.8/site-packages/airflow/example_dags/example_setup_teardown_taskflow.py
[2023-10-10T08:52:37.618+0000] {logging_mixin.py:151} INFO - [2023-10-10T08:52:37.618+0000] {dag.py:2915} INFO - Sync 1 DAGs
[2023-10-10T08:52:37.644+0000] {logging_mixin.py:151} INFO - [2023-10-10T08:52:37.644+0000] {dag.py:3696} INFO - Setting next_dagrun for example_setup_teardown_taskflow to 2023-10-09T08:52:37.644288+00:00, run_after=2023-10-10T08:52:37.644288+00:00
[2023-10-10T08:52:37.665+0000] {processor.py:179} INFO - Processing /home/airflow/.local/lib/python3.8/site-packages/airflow/example_dags/example_setup_teardown_taskflow.py took 0.091 seconds
[2023-10-10T08:53:07.772+0000] {processor.py:157} INFO - Started process (PID=232) to work on /home/airflow/.local/lib/python3.8/site-packages/airflow/example_dags/example_setup_teardown_taskflow.py
[2023-10-10T08:53:07.773+0000] {processor.py:829} INFO - Processing file /home/airflow/.local/lib/python3.8/site-packages/airflow/example_dags/example_setup_teardown_taskflow.py for tasks to queue
[2023-10-10T08:53:07.775+0000] {logging_mixin.py:151} INFO - [2023-10-10T08:53:07.775+0000] {dagbag.py:539} INFO - Filling up the DagBag from /home/airflow/.local/lib/python3.8/site-packages/airflow/example_dags/example_setup_teardown_taskflow.py
[2023-10-10T08:53:07.786+0000] {processor.py:839} INFO - DAG(s) dict_keys(['example_setup_teardown_taskflow']) retrieved from /home/airflow/.local/lib/python3.8/site-packages/airflow/example_dags/example_setup_teardown_taskflow.py
[2023-10-10T08:53:07.812+0000] {logging_mixin.py:151} INFO - [2023-10-10T08:53:07.811+0000] {dag.py:2915} INFO - Sync 1 DAGs
[2023-10-10T08:53:07.837+0000] {logging_mixin.py:151} INFO - [2023-10-10T08:53:07.837+0000] {dag.py:3696} INFO - Setting next_dagrun for example_setup_teardown_taskflow to 2023-10-09T08:53:07.836792+00:00, run_after=2023-10-10T08:53:07.836792+00:00
[2023-10-10T08:53:07.857+0000] {processor.py:179} INFO - Processing /home/airflow/.local/lib/python3.8/site-packages/airflow/example_dags/example_setup_teardown_taskflow.py took 0.089 seconds
[2023-10-10T08:53:37.919+0000] {processor.py:157} INFO - Started process (PID=285) to work on /home/airflow/.local/lib/python3.8/site-packages/airflow/example_dags/example_setup_teardown_taskflow.py
[2023-10-10T08:53:37.921+0000] {processor.py:829} INFO - Processing file /home/airflow/.local/lib/python3.8/site-packages/airflow/example_dags/example_setup_teardown_taskflow.py for tasks to queue
[2023-10-10T08:53:37.923+0000] {logging_mixin.py:151} INFO - [2023-10-10T08:53:37.922+0000] {dagbag.py:539} INFO - Filling up the DagBag from /home/airflow/.local/lib/python3.8/site-packages/airflow/example_dags/example_setup_teardown_taskflow.py
[2023-10-10T08:53:37.934+0000] {processor.py:839} INFO - DAG(s) dict_keys(['example_setup_teardown_taskflow']) retrieved from /home/airflow/.local/lib/python3.8/site-packages/airflow/example_dags/example_setup_teardown_taskflow.py
[2023-10-10T08:53:37.958+0000] {logging_mixin.py:151} INFO - [2023-10-10T08:53:37.958+0000] {dag.py:2915} INFO - Sync 1 DAGs
[2023-10-10T08:53:37.983+0000] {logging_mixin.py:151} INFO - [2023-10-10T08:53:37.983+0000] {dag.py:3696} INFO - Setting next_dagrun for example_setup_teardown_taskflow to 2023-10-09T08:53:37.983421+00:00, run_after=2023-10-10T08:53:37.983421+00:00
[2023-10-10T08:53:38.004+0000] {processor.py:179} INFO - Processing /home/airflow/.local/lib/python3.8/site-packages/airflow/example_dags/example_setup_teardown_taskflow.py took 0.089 seconds
[2023-10-10T08:54:11.860+0000] {processor.py:157} INFO - Started process (PID=341) to work on /home/airflow/.local/lib/python3.8/site-packages/airflow/example_dags/example_setup_teardown_taskflow.py
[2023-10-10T08:54:11.863+0000] {processor.py:829} INFO - Processing file /home/airflow/.local/lib/python3.8/site-packages/airflow/example_dags/example_setup_teardown_taskflow.py for tasks to queue
[2023-10-10T08:54:11.865+0000] {logging_mixin.py:151} INFO - [2023-10-10T08:54:11.865+0000] {dagbag.py:539} INFO - Filling up the DagBag from /home/airflow/.local/lib/python3.8/site-packages/airflow/example_dags/example_setup_teardown_taskflow.py
[2023-10-10T08:54:11.876+0000] {processor.py:839} INFO - DAG(s) dict_keys(['example_setup_teardown_taskflow']) retrieved from /home/airflow/.local/lib/python3.8/site-packages/airflow/example_dags/example_setup_teardown_taskflow.py
[2023-10-10T08:54:11.901+0000] {logging_mixin.py:151} INFO - [2023-10-10T08:54:11.901+0000] {dag.py:2915} INFO - Sync 1 DAGs
[2023-10-10T08:54:11.927+0000] {logging_mixin.py:151} INFO - [2023-10-10T08:54:11.927+0000] {dag.py:3696} INFO - Setting next_dagrun for example_setup_teardown_taskflow to 2023-10-09T08:54:11.927225+00:00, run_after=2023-10-10T08:54:11.927225+00:00
[2023-10-10T08:54:11.948+0000] {processor.py:179} INFO - Processing /home/airflow/.local/lib/python3.8/site-packages/airflow/example_dags/example_setup_teardown_taskflow.py took 0.092 seconds
[2023-10-10T08:54:42.414+0000] {processor.py:157} INFO - Started process (PID=395) to work on /home/airflow/.local/lib/python3.8/site-packages/airflow/example_dags/example_setup_teardown_taskflow.py
[2023-10-10T08:54:42.416+0000] {processor.py:829} INFO - Processing file /home/airflow/.local/lib/python3.8/site-packages/airflow/example_dags/example_setup_teardown_taskflow.py for tasks to queue
[2023-10-10T08:54:42.418+0000] {logging_mixin.py:151} INFO - [2023-10-10T08:54:42.418+0000] {dagbag.py:539} INFO - Filling up the DagBag from /home/airflow/.local/lib/python3.8/site-packages/airflow/example_dags/example_setup_teardown_taskflow.py
[2023-10-10T08:54:42.429+0000] {processor.py:839} INFO - DAG(s) dict_keys(['example_setup_teardown_taskflow']) retrieved from /home/airflow/.local/lib/python3.8/site-packages/airflow/example_dags/example_setup_teardown_taskflow.py
[2023-10-10T08:54:42.455+0000] {logging_mixin.py:151} INFO - [2023-10-10T08:54:42.454+0000] {dag.py:2915} INFO - Sync 1 DAGs
[2023-10-10T08:54:42.481+0000] {logging_mixin.py:151} INFO - [2023-10-10T08:54:42.481+0000] {dag.py:3696} INFO - Setting next_dagrun for example_setup_teardown_taskflow to 2023-10-09T08:54:42.481094+00:00, run_after=2023-10-10T08:54:42.481094+00:00
[2023-10-10T08:54:42.503+0000] {processor.py:179} INFO - Processing /home/airflow/.local/lib/python3.8/site-packages/airflow/example_dags/example_setup_teardown_taskflow.py took 0.092 seconds
[2023-10-10T08:55:12.962+0000] {processor.py:157} INFO - Started process (PID=450) to work on /home/airflow/.local/lib/python3.8/site-packages/airflow/example_dags/example_setup_teardown_taskflow.py
[2023-10-10T08:55:12.963+0000] {processor.py:829} INFO - Processing file /home/airflow/.local/lib/python3.8/site-packages/airflow/example_dags/example_setup_teardown_taskflow.py for tasks to queue
[2023-10-10T08:55:12.965+0000] {logging_mixin.py:151} INFO - [2023-10-10T08:55:12.964+0000] {dagbag.py:539} INFO - Filling up the DagBag from /home/airflow/.local/lib/python3.8/site-packages/airflow/example_dags/example_setup_teardown_taskflow.py
[2023-10-10T08:55:12.976+0000] {processor.py:839} INFO - DAG(s) dict_keys(['example_setup_teardown_taskflow']) retrieved from /home/airflow/.local/lib/python3.8/site-packages/airflow/example_dags/example_setup_teardown_taskflow.py
[2023-10-10T08:55:13.002+0000] {logging_mixin.py:151} INFO - [2023-10-10T08:55:13.002+0000] {dag.py:2915} INFO - Sync 1 DAGs
[2023-10-10T08:55:13.028+0000] {logging_mixin.py:151} INFO - [2023-10-10T08:55:13.028+0000] {dag.py:3696} INFO - Setting next_dagrun for example_setup_teardown_taskflow to 2023-10-09T08:55:13.027830+00:00, run_after=2023-10-10T08:55:13.027830+00:00
[2023-10-10T08:55:13.048+0000] {processor.py:179} INFO - Processing /home/airflow/.local/lib/python3.8/site-packages/airflow/example_dags/example_setup_teardown_taskflow.py took 0.090 seconds
[2023-10-10T08:55:44.064+0000] {processor.py:157} INFO - Started process (PID=505) to work on /home/airflow/.local/lib/python3.8/site-packages/airflow/example_dags/example_setup_teardown_taskflow.py
[2023-10-10T08:55:44.066+0000] {processor.py:829} INFO - Processing file /home/airflow/.local/lib/python3.8/site-packages/airflow/example_dags/example_setup_teardown_taskflow.py for tasks to queue
[2023-10-10T08:55:44.068+0000] {logging_mixin.py:151} INFO - [2023-10-10T08:55:44.068+0000] {dagbag.py:539} INFO - Filling up the DagBag from /home/airflow/.local/lib/python3.8/site-packages/airflow/example_dags/example_setup_teardown_taskflow.py
[2023-10-10T08:55:44.079+0000] {processor.py:839} INFO - DAG(s) dict_keys(['example_setup_teardown_taskflow']) retrieved from /home/airflow/.local/lib/python3.8/site-packages/airflow/example_dags/example_setup_teardown_taskflow.py
[2023-10-10T08:55:44.104+0000] {logging_mixin.py:151} INFO - [2023-10-10T08:55:44.103+0000] {dag.py:2915} INFO - Sync 1 DAGs
[2023-10-10T08:55:44.129+0000] {logging_mixin.py:151} INFO - [2023-10-10T08:55:44.129+0000] {dag.py:3696} INFO - Setting next_dagrun for example_setup_teardown_taskflow to 2023-10-09T08:55:44.129270+00:00, run_after=2023-10-10T08:55:44.129270+00:00
[2023-10-10T08:55:44.150+0000] {processor.py:179} INFO - Processing /home/airflow/.local/lib/python3.8/site-packages/airflow/example_dags/example_setup_teardown_taskflow.py took 0.089 seconds
[2023-10-10T08:56:17.509+0000] {processor.py:157} INFO - Started process (PID=559) to work on /home/airflow/.local/lib/python3.8/site-packages/airflow/example_dags/example_setup_teardown_taskflow.py
[2023-10-10T08:56:17.510+0000] {processor.py:829} INFO - Processing file /home/airflow/.local/lib/python3.8/site-packages/airflow/example_dags/example_setup_teardown_taskflow.py for tasks to queue
[2023-10-10T08:56:17.512+0000] {logging_mixin.py:151} INFO - [2023-10-10T08:56:17.512+0000] {dagbag.py:539} INFO - Filling up the DagBag from /home/airflow/.local/lib/python3.8/site-packages/airflow/example_dags/example_setup_teardown_taskflow.py
[2023-10-10T08:56:17.524+0000] {processor.py:839} INFO - DAG(s) dict_keys(['example_setup_teardown_taskflow']) retrieved from /home/airflow/.local/lib/python3.8/site-packages/airflow/example_dags/example_setup_teardown_taskflow.py
[2023-10-10T08:56:17.549+0000] {logging_mixin.py:151} INFO - [2023-10-10T08:56:17.549+0000] {dag.py:2915} INFO - Sync 1 DAGs
[2023-10-10T08:56:17.576+0000] {logging_mixin.py:151} INFO - [2023-10-10T08:56:17.575+0000] {dag.py:3696} INFO - Setting next_dagrun for example_setup_teardown_taskflow to 2023-10-09T08:56:17.575602+00:00, run_after=2023-10-10T08:56:17.575602+00:00
[2023-10-10T08:56:17.596+0000] {processor.py:179} INFO - Processing /home/airflow/.local/lib/python3.8/site-packages/airflow/example_dags/example_setup_teardown_taskflow.py took 0.091 seconds
[2023-10-10T08:56:47.718+0000] {processor.py:157} INFO - Started process (PID=612) to work on /home/airflow/.local/lib/python3.8/site-packages/airflow/example_dags/example_setup_teardown_taskflow.py
[2023-10-10T08:56:47.719+0000] {processor.py:829} INFO - Processing file /home/airflow/.local/lib/python3.8/site-packages/airflow/example_dags/example_setup_teardown_taskflow.py for tasks to queue
[2023-10-10T08:56:47.721+0000] {logging_mixin.py:151} INFO - [2023-10-10T08:56:47.721+0000] {dagbag.py:539} INFO - Filling up the DagBag from /home/airflow/.local/lib/python3.8/site-packages/airflow/example_dags/example_setup_teardown_taskflow.py
[2023-10-10T08:56:47.732+0000] {processor.py:839} INFO - DAG(s) dict_keys(['example_setup_teardown_taskflow']) retrieved from /home/airflow/.local/lib/python3.8/site-packages/airflow/example_dags/example_setup_teardown_taskflow.py
[2023-10-10T08:56:47.757+0000] {logging_mixin.py:151} INFO - [2023-10-10T08:56:47.757+0000] {dag.py:2915} INFO - Sync 1 DAGs
[2023-10-10T08:56:47.782+0000] {logging_mixin.py:151} INFO - [2023-10-10T08:56:47.782+0000] {dag.py:3696} INFO - Setting next_dagrun for example_setup_teardown_taskflow to 2023-10-09T08:56:47.782023+00:00, run_after=2023-10-10T08:56:47.782023+00:00
[2023-10-10T08:56:47.801+0000] {processor.py:179} INFO - Processing /home/airflow/.local/lib/python3.8/site-packages/airflow/example_dags/example_setup_teardown_taskflow.py took 0.087 seconds
