[2023-10-10T08:39:48.356+0000] {processor.py:157} INFO - Started process (PID=31) to work on /home/airflow/.local/lib/python3.8/site-packages/airflow/example_dags/example_trigger_controller_dag.py
[2023-10-10T08:39:48.356+0000] {processor.py:829} INFO - Processing file /home/airflow/.local/lib/python3.8/site-packages/airflow/example_dags/example_trigger_controller_dag.py for tasks to queue
[2023-10-10T08:39:48.359+0000] {logging_mixin.py:151} INFO - [2023-10-10T08:39:48.359+0000] {dagbag.py:539} INFO - Filling up the DagBag from /home/airflow/.local/lib/python3.8/site-packages/airflow/example_dags/example_trigger_controller_dag.py
[2023-10-10T08:39:48.378+0000] {processor.py:839} INFO - DAG(s) dict_keys(['example_trigger_controller_dag']) retrieved from /home/airflow/.local/lib/python3.8/site-packages/airflow/example_dags/example_trigger_controller_dag.py
[2023-10-10T08:39:48.424+0000] {logging_mixin.py:151} INFO - [2023-10-10T08:39:48.424+0000] {dag.py:2915} INFO - Sync 1 DAGs
[2023-10-10T08:39:48.455+0000] {logging_mixin.py:151} INFO - [2023-10-10T08:39:48.455+0000] {dag.py:3696} INFO - Setting next_dagrun for example_trigger_controller_dag to 2021-01-01T00:00:00+00:00, run_after=2021-01-01T00:00:00+00:00
[2023-10-10T08:39:48.477+0000] {processor.py:179} INFO - Processing /home/airflow/.local/lib/python3.8/site-packages/airflow/example_dags/example_trigger_controller_dag.py took 0.129 seconds
[2023-10-10T08:40:18.806+0000] {processor.py:157} INFO - Started process (PID=85) to work on /home/airflow/.local/lib/python3.8/site-packages/airflow/example_dags/example_trigger_controller_dag.py
[2023-10-10T08:40:18.808+0000] {processor.py:829} INFO - Processing file /home/airflow/.local/lib/python3.8/site-packages/airflow/example_dags/example_trigger_controller_dag.py for tasks to queue
[2023-10-10T08:40:18.810+0000] {logging_mixin.py:151} INFO - [2023-10-10T08:40:18.810+0000] {dagbag.py:539} INFO - Filling up the DagBag from /home/airflow/.local/lib/python3.8/site-packages/airflow/example_dags/example_trigger_controller_dag.py
[2023-10-10T08:40:18.815+0000] {processor.py:839} INFO - DAG(s) dict_keys(['example_trigger_controller_dag']) retrieved from /home/airflow/.local/lib/python3.8/site-packages/airflow/example_dags/example_trigger_controller_dag.py
[2023-10-10T08:40:18.840+0000] {logging_mixin.py:151} INFO - [2023-10-10T08:40:18.840+0000] {dag.py:2915} INFO - Sync 1 DAGs
[2023-10-10T08:40:18.868+0000] {logging_mixin.py:151} INFO - [2023-10-10T08:40:18.867+0000] {dag.py:3696} INFO - Setting next_dagrun for example_trigger_controller_dag to 2021-01-01T00:00:00+00:00, run_after=2021-01-01T00:00:00+00:00
[2023-10-10T08:40:18.888+0000] {processor.py:179} INFO - Processing /home/airflow/.local/lib/python3.8/site-packages/airflow/example_dags/example_trigger_controller_dag.py took 0.086 seconds
[2023-10-10T08:40:49.210+0000] {processor.py:157} INFO - Started process (PID=138) to work on /home/airflow/.local/lib/python3.8/site-packages/airflow/example_dags/example_trigger_controller_dag.py
[2023-10-10T08:40:49.212+0000] {processor.py:829} INFO - Processing file /home/airflow/.local/lib/python3.8/site-packages/airflow/example_dags/example_trigger_controller_dag.py for tasks to queue
[2023-10-10T08:40:49.214+0000] {logging_mixin.py:151} INFO - [2023-10-10T08:40:49.213+0000] {dagbag.py:539} INFO - Filling up the DagBag from /home/airflow/.local/lib/python3.8/site-packages/airflow/example_dags/example_trigger_controller_dag.py
[2023-10-10T08:40:49.219+0000] {processor.py:839} INFO - DAG(s) dict_keys(['example_trigger_controller_dag']) retrieved from /home/airflow/.local/lib/python3.8/site-packages/airflow/example_dags/example_trigger_controller_dag.py
[2023-10-10T08:40:49.247+0000] {logging_mixin.py:151} INFO - [2023-10-10T08:40:49.247+0000] {dag.py:2915} INFO - Sync 1 DAGs
[2023-10-10T08:40:49.275+0000] {logging_mixin.py:151} INFO - [2023-10-10T08:40:49.274+0000] {dag.py:3696} INFO - Setting next_dagrun for example_trigger_controller_dag to 2021-01-01T00:00:00+00:00, run_after=2021-01-01T00:00:00+00:00
[2023-10-10T08:40:49.296+0000] {processor.py:179} INFO - Processing /home/airflow/.local/lib/python3.8/site-packages/airflow/example_dags/example_trigger_controller_dag.py took 0.090 seconds
[2023-10-10T08:41:19.727+0000] {processor.py:157} INFO - Started process (PID=192) to work on /home/airflow/.local/lib/python3.8/site-packages/airflow/example_dags/example_trigger_controller_dag.py
[2023-10-10T08:41:19.728+0000] {processor.py:829} INFO - Processing file /home/airflow/.local/lib/python3.8/site-packages/airflow/example_dags/example_trigger_controller_dag.py for tasks to queue
[2023-10-10T08:41:19.730+0000] {logging_mixin.py:151} INFO - [2023-10-10T08:41:19.730+0000] {dagbag.py:539} INFO - Filling up the DagBag from /home/airflow/.local/lib/python3.8/site-packages/airflow/example_dags/example_trigger_controller_dag.py
[2023-10-10T08:41:19.735+0000] {processor.py:839} INFO - DAG(s) dict_keys(['example_trigger_controller_dag']) retrieved from /home/airflow/.local/lib/python3.8/site-packages/airflow/example_dags/example_trigger_controller_dag.py
[2023-10-10T08:41:19.759+0000] {logging_mixin.py:151} INFO - [2023-10-10T08:41:19.758+0000] {dag.py:2915} INFO - Sync 1 DAGs
[2023-10-10T08:41:19.784+0000] {logging_mixin.py:151} INFO - [2023-10-10T08:41:19.784+0000] {dag.py:3696} INFO - Setting next_dagrun for example_trigger_controller_dag to 2021-01-01T00:00:00+00:00, run_after=2021-01-01T00:00:00+00:00
[2023-10-10T08:41:19.806+0000] {processor.py:179} INFO - Processing /home/airflow/.local/lib/python3.8/site-packages/airflow/example_dags/example_trigger_controller_dag.py took 0.083 seconds
[2023-10-10T08:43:48.955+0000] {processor.py:157} INFO - Started process (PID=32) to work on /home/airflow/.local/lib/python3.8/site-packages/airflow/example_dags/example_trigger_controller_dag.py
[2023-10-10T08:43:48.962+0000] {processor.py:829} INFO - Processing file /home/airflow/.local/lib/python3.8/site-packages/airflow/example_dags/example_trigger_controller_dag.py for tasks to queue
[2023-10-10T08:43:48.964+0000] {logging_mixin.py:151} INFO - [2023-10-10T08:43:48.964+0000] {dagbag.py:539} INFO - Filling up the DagBag from /home/airflow/.local/lib/python3.8/site-packages/airflow/example_dags/example_trigger_controller_dag.py
[2023-10-10T08:43:48.984+0000] {processor.py:839} INFO - DAG(s) dict_keys(['example_trigger_controller_dag']) retrieved from /home/airflow/.local/lib/python3.8/site-packages/airflow/example_dags/example_trigger_controller_dag.py
[2023-10-10T08:43:49.013+0000] {logging_mixin.py:151} INFO - [2023-10-10T08:43:49.013+0000] {dag.py:2915} INFO - Sync 1 DAGs
[2023-10-10T08:43:49.039+0000] {logging_mixin.py:151} INFO - [2023-10-10T08:43:49.039+0000] {dag.py:3696} INFO - Setting next_dagrun for example_trigger_controller_dag to 2021-01-01T00:00:00+00:00, run_after=2021-01-01T00:00:00+00:00
[2023-10-10T08:43:49.061+0000] {processor.py:179} INFO - Processing /home/airflow/.local/lib/python3.8/site-packages/airflow/example_dags/example_trigger_controller_dag.py took 0.109 seconds
[2023-10-10T08:44:19.541+0000] {processor.py:157} INFO - Started process (PID=86) to work on /home/airflow/.local/lib/python3.8/site-packages/airflow/example_dags/example_trigger_controller_dag.py
[2023-10-10T08:44:19.543+0000] {processor.py:829} INFO - Processing file /home/airflow/.local/lib/python3.8/site-packages/airflow/example_dags/example_trigger_controller_dag.py for tasks to queue
[2023-10-10T08:44:19.545+0000] {logging_mixin.py:151} INFO - [2023-10-10T08:44:19.545+0000] {dagbag.py:539} INFO - Filling up the DagBag from /home/airflow/.local/lib/python3.8/site-packages/airflow/example_dags/example_trigger_controller_dag.py
[2023-10-10T08:44:19.550+0000] {processor.py:839} INFO - DAG(s) dict_keys(['example_trigger_controller_dag']) retrieved from /home/airflow/.local/lib/python3.8/site-packages/airflow/example_dags/example_trigger_controller_dag.py
[2023-10-10T08:44:19.573+0000] {logging_mixin.py:151} INFO - [2023-10-10T08:44:19.573+0000] {dag.py:2915} INFO - Sync 1 DAGs
[2023-10-10T08:44:19.598+0000] {logging_mixin.py:151} INFO - [2023-10-10T08:44:19.598+0000] {dag.py:3696} INFO - Setting next_dagrun for example_trigger_controller_dag to 2021-01-01T00:00:00+00:00, run_after=2021-01-01T00:00:00+00:00
[2023-10-10T08:44:19.618+0000] {processor.py:179} INFO - Processing /home/airflow/.local/lib/python3.8/site-packages/airflow/example_dags/example_trigger_controller_dag.py took 0.080 seconds
[2023-10-10T08:44:49.776+0000] {processor.py:157} INFO - Started process (PID=140) to work on /home/airflow/.local/lib/python3.8/site-packages/airflow/example_dags/example_trigger_controller_dag.py
[2023-10-10T08:44:49.778+0000] {processor.py:829} INFO - Processing file /home/airflow/.local/lib/python3.8/site-packages/airflow/example_dags/example_trigger_controller_dag.py for tasks to queue
[2023-10-10T08:44:49.780+0000] {logging_mixin.py:151} INFO - [2023-10-10T08:44:49.780+0000] {dagbag.py:539} INFO - Filling up the DagBag from /home/airflow/.local/lib/python3.8/site-packages/airflow/example_dags/example_trigger_controller_dag.py
[2023-10-10T08:44:49.785+0000] {processor.py:839} INFO - DAG(s) dict_keys(['example_trigger_controller_dag']) retrieved from /home/airflow/.local/lib/python3.8/site-packages/airflow/example_dags/example_trigger_controller_dag.py
[2023-10-10T08:44:49.809+0000] {logging_mixin.py:151} INFO - [2023-10-10T08:44:49.809+0000] {dag.py:2915} INFO - Sync 1 DAGs
[2023-10-10T08:44:49.835+0000] {logging_mixin.py:151} INFO - [2023-10-10T08:44:49.835+0000] {dag.py:3696} INFO - Setting next_dagrun for example_trigger_controller_dag to 2021-01-01T00:00:00+00:00, run_after=2021-01-01T00:00:00+00:00
[2023-10-10T08:44:49.855+0000] {processor.py:179} INFO - Processing /home/airflow/.local/lib/python3.8/site-packages/airflow/example_dags/example_trigger_controller_dag.py took 0.082 seconds
[2023-10-10T08:45:20.003+0000] {processor.py:157} INFO - Started process (PID=194) to work on /home/airflow/.local/lib/python3.8/site-packages/airflow/example_dags/example_trigger_controller_dag.py
[2023-10-10T08:45:20.003+0000] {processor.py:829} INFO - Processing file /home/airflow/.local/lib/python3.8/site-packages/airflow/example_dags/example_trigger_controller_dag.py for tasks to queue
[2023-10-10T08:45:20.006+0000] {logging_mixin.py:151} INFO - [2023-10-10T08:45:20.006+0000] {dagbag.py:539} INFO - Filling up the DagBag from /home/airflow/.local/lib/python3.8/site-packages/airflow/example_dags/example_trigger_controller_dag.py
[2023-10-10T08:45:20.011+0000] {processor.py:839} INFO - DAG(s) dict_keys(['example_trigger_controller_dag']) retrieved from /home/airflow/.local/lib/python3.8/site-packages/airflow/example_dags/example_trigger_controller_dag.py
[2023-10-10T08:45:20.034+0000] {logging_mixin.py:151} INFO - [2023-10-10T08:45:20.034+0000] {dag.py:2915} INFO - Sync 1 DAGs
[2023-10-10T08:45:20.059+0000] {logging_mixin.py:151} INFO - [2023-10-10T08:45:20.059+0000] {dag.py:3696} INFO - Setting next_dagrun for example_trigger_controller_dag to 2021-01-01T00:00:00+00:00, run_after=2021-01-01T00:00:00+00:00
[2023-10-10T08:45:20.080+0000] {processor.py:179} INFO - Processing /home/airflow/.local/lib/python3.8/site-packages/airflow/example_dags/example_trigger_controller_dag.py took 0.081 seconds
[2023-10-10T08:46:28.580+0000] {processor.py:157} INFO - Started process (PID=31) to work on /home/airflow/.local/lib/python3.8/site-packages/airflow/example_dags/example_trigger_controller_dag.py
[2023-10-10T08:46:28.586+0000] {processor.py:829} INFO - Processing file /home/airflow/.local/lib/python3.8/site-packages/airflow/example_dags/example_trigger_controller_dag.py for tasks to queue
[2023-10-10T08:46:28.588+0000] {logging_mixin.py:151} INFO - [2023-10-10T08:46:28.588+0000] {dagbag.py:539} INFO - Filling up the DagBag from /home/airflow/.local/lib/python3.8/site-packages/airflow/example_dags/example_trigger_controller_dag.py
[2023-10-10T08:46:28.601+0000] {processor.py:839} INFO - DAG(s) dict_keys(['example_trigger_controller_dag']) retrieved from /home/airflow/.local/lib/python3.8/site-packages/airflow/example_dags/example_trigger_controller_dag.py
[2023-10-10T08:46:28.649+0000] {logging_mixin.py:151} INFO - [2023-10-10T08:46:28.648+0000] {dag.py:2915} INFO - Sync 1 DAGs
[2023-10-10T08:46:28.870+0000] {logging_mixin.py:151} INFO - [2023-10-10T08:46:28.870+0000] {dag.py:3696} INFO - Setting next_dagrun for example_trigger_controller_dag to 2021-01-01T00:00:00+00:00, run_after=2021-01-01T00:00:00+00:00
[2023-10-10T08:46:28.890+0000] {processor.py:179} INFO - Processing /home/airflow/.local/lib/python3.8/site-packages/airflow/example_dags/example_trigger_controller_dag.py took 0.316 seconds
[2023-10-10T08:46:59.404+0000] {processor.py:157} INFO - Started process (PID=85) to work on /home/airflow/.local/lib/python3.8/site-packages/airflow/example_dags/example_trigger_controller_dag.py
[2023-10-10T08:46:59.405+0000] {processor.py:829} INFO - Processing file /home/airflow/.local/lib/python3.8/site-packages/airflow/example_dags/example_trigger_controller_dag.py for tasks to queue
[2023-10-10T08:46:59.407+0000] {logging_mixin.py:151} INFO - [2023-10-10T08:46:59.406+0000] {dagbag.py:539} INFO - Filling up the DagBag from /home/airflow/.local/lib/python3.8/site-packages/airflow/example_dags/example_trigger_controller_dag.py
[2023-10-10T08:46:59.412+0000] {processor.py:839} INFO - DAG(s) dict_keys(['example_trigger_controller_dag']) retrieved from /home/airflow/.local/lib/python3.8/site-packages/airflow/example_dags/example_trigger_controller_dag.py
[2023-10-10T08:46:59.435+0000] {logging_mixin.py:151} INFO - [2023-10-10T08:46:59.435+0000] {dag.py:2915} INFO - Sync 1 DAGs
[2023-10-10T08:46:59.460+0000] {logging_mixin.py:151} INFO - [2023-10-10T08:46:59.460+0000] {dag.py:3696} INFO - Setting next_dagrun for example_trigger_controller_dag to 2021-01-01T00:00:00+00:00, run_after=2021-01-01T00:00:00+00:00
[2023-10-10T08:46:59.479+0000] {processor.py:179} INFO - Processing /home/airflow/.local/lib/python3.8/site-packages/airflow/example_dags/example_trigger_controller_dag.py took 0.079 seconds
[2023-10-10T08:47:29.766+0000] {processor.py:157} INFO - Started process (PID=139) to work on /home/airflow/.local/lib/python3.8/site-packages/airflow/example_dags/example_trigger_controller_dag.py
[2023-10-10T08:47:29.767+0000] {processor.py:829} INFO - Processing file /home/airflow/.local/lib/python3.8/site-packages/airflow/example_dags/example_trigger_controller_dag.py for tasks to queue
[2023-10-10T08:47:29.769+0000] {logging_mixin.py:151} INFO - [2023-10-10T08:47:29.769+0000] {dagbag.py:539} INFO - Filling up the DagBag from /home/airflow/.local/lib/python3.8/site-packages/airflow/example_dags/example_trigger_controller_dag.py
[2023-10-10T08:47:29.774+0000] {processor.py:839} INFO - DAG(s) dict_keys(['example_trigger_controller_dag']) retrieved from /home/airflow/.local/lib/python3.8/site-packages/airflow/example_dags/example_trigger_controller_dag.py
[2023-10-10T08:47:29.798+0000] {logging_mixin.py:151} INFO - [2023-10-10T08:47:29.798+0000] {dag.py:2915} INFO - Sync 1 DAGs
[2023-10-10T08:47:29.823+0000] {logging_mixin.py:151} INFO - [2023-10-10T08:47:29.823+0000] {dag.py:3696} INFO - Setting next_dagrun for example_trigger_controller_dag to 2021-01-01T00:00:00+00:00, run_after=2021-01-01T00:00:00+00:00
[2023-10-10T08:47:29.843+0000] {processor.py:179} INFO - Processing /home/airflow/.local/lib/python3.8/site-packages/airflow/example_dags/example_trigger_controller_dag.py took 0.081 seconds
[2023-10-10T08:51:31.907+0000] {processor.py:157} INFO - Started process (PID=31) to work on /home/airflow/.local/lib/python3.8/site-packages/airflow/example_dags/example_trigger_controller_dag.py
[2023-10-10T08:51:31.909+0000] {processor.py:829} INFO - Processing file /home/airflow/.local/lib/python3.8/site-packages/airflow/example_dags/example_trigger_controller_dag.py for tasks to queue
[2023-10-10T08:51:31.912+0000] {logging_mixin.py:151} INFO - [2023-10-10T08:51:31.912+0000] {dagbag.py:539} INFO - Filling up the DagBag from /home/airflow/.local/lib/python3.8/site-packages/airflow/example_dags/example_trigger_controller_dag.py
[2023-10-10T08:51:31.935+0000] {processor.py:839} INFO - DAG(s) dict_keys(['example_trigger_controller_dag']) retrieved from /home/airflow/.local/lib/python3.8/site-packages/airflow/example_dags/example_trigger_controller_dag.py
[2023-10-10T08:51:31.983+0000] {logging_mixin.py:151} INFO - [2023-10-10T08:51:31.983+0000] {dag.py:2915} INFO - Sync 1 DAGs
[2023-10-10T08:51:32.012+0000] {logging_mixin.py:151} INFO - [2023-10-10T08:51:32.012+0000] {dag.py:3696} INFO - Setting next_dagrun for example_trigger_controller_dag to 2021-01-01T00:00:00+00:00, run_after=2021-01-01T00:00:00+00:00
[2023-10-10T08:51:32.032+0000] {processor.py:179} INFO - Processing /home/airflow/.local/lib/python3.8/site-packages/airflow/example_dags/example_trigger_controller_dag.py took 0.128 seconds
[2023-10-10T08:52:02.425+0000] {processor.py:157} INFO - Started process (PID=85) to work on /home/airflow/.local/lib/python3.8/site-packages/airflow/example_dags/example_trigger_controller_dag.py
[2023-10-10T08:52:02.426+0000] {processor.py:829} INFO - Processing file /home/airflow/.local/lib/python3.8/site-packages/airflow/example_dags/example_trigger_controller_dag.py for tasks to queue
[2023-10-10T08:52:02.428+0000] {logging_mixin.py:151} INFO - [2023-10-10T08:52:02.428+0000] {dagbag.py:539} INFO - Filling up the DagBag from /home/airflow/.local/lib/python3.8/site-packages/airflow/example_dags/example_trigger_controller_dag.py
[2023-10-10T08:52:02.433+0000] {processor.py:839} INFO - DAG(s) dict_keys(['example_trigger_controller_dag']) retrieved from /home/airflow/.local/lib/python3.8/site-packages/airflow/example_dags/example_trigger_controller_dag.py
[2023-10-10T08:52:02.458+0000] {logging_mixin.py:151} INFO - [2023-10-10T08:52:02.458+0000] {dag.py:2915} INFO - Sync 1 DAGs
[2023-10-10T08:52:02.484+0000] {logging_mixin.py:151} INFO - [2023-10-10T08:52:02.484+0000] {dag.py:3696} INFO - Setting next_dagrun for example_trigger_controller_dag to 2021-01-01T00:00:00+00:00, run_after=2021-01-01T00:00:00+00:00
[2023-10-10T08:52:02.505+0000] {processor.py:179} INFO - Processing /home/airflow/.local/lib/python3.8/site-packages/airflow/example_dags/example_trigger_controller_dag.py took 0.084 seconds
[2023-10-10T08:52:32.925+0000] {processor.py:157} INFO - Started process (PID=139) to work on /home/airflow/.local/lib/python3.8/site-packages/airflow/example_dags/example_trigger_controller_dag.py
[2023-10-10T08:52:32.926+0000] {processor.py:829} INFO - Processing file /home/airflow/.local/lib/python3.8/site-packages/airflow/example_dags/example_trigger_controller_dag.py for tasks to queue
[2023-10-10T08:52:32.928+0000] {logging_mixin.py:151} INFO - [2023-10-10T08:52:32.928+0000] {dagbag.py:539} INFO - Filling up the DagBag from /home/airflow/.local/lib/python3.8/site-packages/airflow/example_dags/example_trigger_controller_dag.py
[2023-10-10T08:52:32.933+0000] {processor.py:839} INFO - DAG(s) dict_keys(['example_trigger_controller_dag']) retrieved from /home/airflow/.local/lib/python3.8/site-packages/airflow/example_dags/example_trigger_controller_dag.py
[2023-10-10T08:52:32.957+0000] {logging_mixin.py:151} INFO - [2023-10-10T08:52:32.956+0000] {dag.py:2915} INFO - Sync 1 DAGs
[2023-10-10T08:52:32.982+0000] {logging_mixin.py:151} INFO - [2023-10-10T08:52:32.981+0000] {dag.py:3696} INFO - Setting next_dagrun for example_trigger_controller_dag to 2021-01-01T00:00:00+00:00, run_after=2021-01-01T00:00:00+00:00
[2023-10-10T08:52:33.002+0000] {processor.py:179} INFO - Processing /home/airflow/.local/lib/python3.8/site-packages/airflow/example_dags/example_trigger_controller_dag.py took 0.082 seconds
[2023-10-10T08:53:03.300+0000] {processor.py:157} INFO - Started process (PID=193) to work on /home/airflow/.local/lib/python3.8/site-packages/airflow/example_dags/example_trigger_controller_dag.py
[2023-10-10T08:53:03.301+0000] {processor.py:829} INFO - Processing file /home/airflow/.local/lib/python3.8/site-packages/airflow/example_dags/example_trigger_controller_dag.py for tasks to queue
[2023-10-10T08:53:03.303+0000] {logging_mixin.py:151} INFO - [2023-10-10T08:53:03.303+0000] {dagbag.py:539} INFO - Filling up the DagBag from /home/airflow/.local/lib/python3.8/site-packages/airflow/example_dags/example_trigger_controller_dag.py
[2023-10-10T08:53:03.308+0000] {processor.py:839} INFO - DAG(s) dict_keys(['example_trigger_controller_dag']) retrieved from /home/airflow/.local/lib/python3.8/site-packages/airflow/example_dags/example_trigger_controller_dag.py
[2023-10-10T08:53:03.332+0000] {logging_mixin.py:151} INFO - [2023-10-10T08:53:03.331+0000] {dag.py:2915} INFO - Sync 1 DAGs
[2023-10-10T08:53:03.357+0000] {logging_mixin.py:151} INFO - [2023-10-10T08:53:03.357+0000] {dag.py:3696} INFO - Setting next_dagrun for example_trigger_controller_dag to 2021-01-01T00:00:00+00:00, run_after=2021-01-01T00:00:00+00:00
[2023-10-10T08:53:03.377+0000] {processor.py:179} INFO - Processing /home/airflow/.local/lib/python3.8/site-packages/airflow/example_dags/example_trigger_controller_dag.py took 0.081 seconds
[2023-10-10T08:53:33.522+0000] {processor.py:157} INFO - Started process (PID=247) to work on /home/airflow/.local/lib/python3.8/site-packages/airflow/example_dags/example_trigger_controller_dag.py
[2023-10-10T08:53:33.524+0000] {processor.py:829} INFO - Processing file /home/airflow/.local/lib/python3.8/site-packages/airflow/example_dags/example_trigger_controller_dag.py for tasks to queue
[2023-10-10T08:53:33.527+0000] {logging_mixin.py:151} INFO - [2023-10-10T08:53:33.526+0000] {dagbag.py:539} INFO - Filling up the DagBag from /home/airflow/.local/lib/python3.8/site-packages/airflow/example_dags/example_trigger_controller_dag.py
[2023-10-10T08:53:33.531+0000] {processor.py:839} INFO - DAG(s) dict_keys(['example_trigger_controller_dag']) retrieved from /home/airflow/.local/lib/python3.8/site-packages/airflow/example_dags/example_trigger_controller_dag.py
[2023-10-10T08:53:33.557+0000] {logging_mixin.py:151} INFO - [2023-10-10T08:53:33.556+0000] {dag.py:2915} INFO - Sync 1 DAGs
[2023-10-10T08:53:33.582+0000] {logging_mixin.py:151} INFO - [2023-10-10T08:53:33.582+0000] {dag.py:3696} INFO - Setting next_dagrun for example_trigger_controller_dag to 2021-01-01T00:00:00+00:00, run_after=2021-01-01T00:00:00+00:00
[2023-10-10T08:53:33.602+0000] {processor.py:179} INFO - Processing /home/airflow/.local/lib/python3.8/site-packages/airflow/example_dags/example_trigger_controller_dag.py took 0.084 seconds
[2023-10-10T08:54:03.972+0000] {processor.py:157} INFO - Started process (PID=302) to work on /home/airflow/.local/lib/python3.8/site-packages/airflow/example_dags/example_trigger_controller_dag.py
[2023-10-10T08:54:03.974+0000] {processor.py:829} INFO - Processing file /home/airflow/.local/lib/python3.8/site-packages/airflow/example_dags/example_trigger_controller_dag.py for tasks to queue
[2023-10-10T08:54:03.977+0000] {logging_mixin.py:151} INFO - [2023-10-10T08:54:03.976+0000] {dagbag.py:539} INFO - Filling up the DagBag from /home/airflow/.local/lib/python3.8/site-packages/airflow/example_dags/example_trigger_controller_dag.py
[2023-10-10T08:54:03.981+0000] {processor.py:839} INFO - DAG(s) dict_keys(['example_trigger_controller_dag']) retrieved from /home/airflow/.local/lib/python3.8/site-packages/airflow/example_dags/example_trigger_controller_dag.py
[2023-10-10T08:54:04.005+0000] {logging_mixin.py:151} INFO - [2023-10-10T08:54:04.004+0000] {dag.py:2915} INFO - Sync 1 DAGs
[2023-10-10T08:54:04.030+0000] {logging_mixin.py:151} INFO - [2023-10-10T08:54:04.030+0000] {dag.py:3696} INFO - Setting next_dagrun for example_trigger_controller_dag to 2021-01-01T00:00:00+00:00, run_after=2021-01-01T00:00:00+00:00
[2023-10-10T08:54:04.051+0000] {processor.py:179} INFO - Processing /home/airflow/.local/lib/python3.8/site-packages/airflow/example_dags/example_trigger_controller_dag.py took 0.083 seconds
[2023-10-10T08:54:34.589+0000] {processor.py:157} INFO - Started process (PID=356) to work on /home/airflow/.local/lib/python3.8/site-packages/airflow/example_dags/example_trigger_controller_dag.py
[2023-10-10T08:54:34.590+0000] {processor.py:829} INFO - Processing file /home/airflow/.local/lib/python3.8/site-packages/airflow/example_dags/example_trigger_controller_dag.py for tasks to queue
[2023-10-10T08:54:34.593+0000] {logging_mixin.py:151} INFO - [2023-10-10T08:54:34.593+0000] {dagbag.py:539} INFO - Filling up the DagBag from /home/airflow/.local/lib/python3.8/site-packages/airflow/example_dags/example_trigger_controller_dag.py
[2023-10-10T08:54:34.598+0000] {processor.py:839} INFO - DAG(s) dict_keys(['example_trigger_controller_dag']) retrieved from /home/airflow/.local/lib/python3.8/site-packages/airflow/example_dags/example_trigger_controller_dag.py
[2023-10-10T08:54:34.622+0000] {logging_mixin.py:151} INFO - [2023-10-10T08:54:34.622+0000] {dag.py:2915} INFO - Sync 1 DAGs
[2023-10-10T08:54:34.648+0000] {logging_mixin.py:151} INFO - [2023-10-10T08:54:34.648+0000] {dag.py:3696} INFO - Setting next_dagrun for example_trigger_controller_dag to 2021-01-01T00:00:00+00:00, run_after=2021-01-01T00:00:00+00:00
[2023-10-10T08:54:34.670+0000] {processor.py:179} INFO - Processing /home/airflow/.local/lib/python3.8/site-packages/airflow/example_dags/example_trigger_controller_dag.py took 0.085 seconds
[2023-10-10T08:55:05.108+0000] {processor.py:157} INFO - Started process (PID=411) to work on /home/airflow/.local/lib/python3.8/site-packages/airflow/example_dags/example_trigger_controller_dag.py
[2023-10-10T08:55:05.109+0000] {processor.py:829} INFO - Processing file /home/airflow/.local/lib/python3.8/site-packages/airflow/example_dags/example_trigger_controller_dag.py for tasks to queue
[2023-10-10T08:55:05.112+0000] {logging_mixin.py:151} INFO - [2023-10-10T08:55:05.112+0000] {dagbag.py:539} INFO - Filling up the DagBag from /home/airflow/.local/lib/python3.8/site-packages/airflow/example_dags/example_trigger_controller_dag.py
[2023-10-10T08:55:05.117+0000] {processor.py:839} INFO - DAG(s) dict_keys(['example_trigger_controller_dag']) retrieved from /home/airflow/.local/lib/python3.8/site-packages/airflow/example_dags/example_trigger_controller_dag.py
[2023-10-10T08:55:05.142+0000] {logging_mixin.py:151} INFO - [2023-10-10T08:55:05.141+0000] {dag.py:2915} INFO - Sync 1 DAGs
[2023-10-10T08:55:05.167+0000] {logging_mixin.py:151} INFO - [2023-10-10T08:55:05.167+0000] {dag.py:3696} INFO - Setting next_dagrun for example_trigger_controller_dag to 2021-01-01T00:00:00+00:00, run_after=2021-01-01T00:00:00+00:00
[2023-10-10T08:55:05.187+0000] {processor.py:179} INFO - Processing /home/airflow/.local/lib/python3.8/site-packages/airflow/example_dags/example_trigger_controller_dag.py took 0.082 seconds
[2023-10-10T08:55:35.767+0000] {processor.py:157} INFO - Started process (PID=466) to work on /home/airflow/.local/lib/python3.8/site-packages/airflow/example_dags/example_trigger_controller_dag.py
[2023-10-10T08:55:35.770+0000] {processor.py:829} INFO - Processing file /home/airflow/.local/lib/python3.8/site-packages/airflow/example_dags/example_trigger_controller_dag.py for tasks to queue
[2023-10-10T08:55:35.782+0000] {logging_mixin.py:151} INFO - [2023-10-10T08:55:35.781+0000] {dagbag.py:539} INFO - Filling up the DagBag from /home/airflow/.local/lib/python3.8/site-packages/airflow/example_dags/example_trigger_controller_dag.py
[2023-10-10T08:55:35.795+0000] {processor.py:839} INFO - DAG(s) dict_keys(['example_trigger_controller_dag']) retrieved from /home/airflow/.local/lib/python3.8/site-packages/airflow/example_dags/example_trigger_controller_dag.py
[2023-10-10T08:55:35.884+0000] {logging_mixin.py:151} INFO - [2023-10-10T08:55:35.884+0000] {dag.py:2915} INFO - Sync 1 DAGs
[2023-10-10T08:55:35.955+0000] {logging_mixin.py:151} INFO - [2023-10-10T08:55:35.955+0000] {dag.py:3696} INFO - Setting next_dagrun for example_trigger_controller_dag to 2021-01-01T00:00:00+00:00, run_after=2021-01-01T00:00:00+00:00
[2023-10-10T08:55:36.000+0000] {processor.py:179} INFO - Processing /home/airflow/.local/lib/python3.8/site-packages/airflow/example_dags/example_trigger_controller_dag.py took 0.243 seconds
[2023-10-10T08:56:06.742+0000] {processor.py:157} INFO - Started process (PID=520) to work on /home/airflow/.local/lib/python3.8/site-packages/airflow/example_dags/example_trigger_controller_dag.py
[2023-10-10T08:56:06.743+0000] {processor.py:829} INFO - Processing file /home/airflow/.local/lib/python3.8/site-packages/airflow/example_dags/example_trigger_controller_dag.py for tasks to queue
[2023-10-10T08:56:06.746+0000] {logging_mixin.py:151} INFO - [2023-10-10T08:56:06.745+0000] {dagbag.py:539} INFO - Filling up the DagBag from /home/airflow/.local/lib/python3.8/site-packages/airflow/example_dags/example_trigger_controller_dag.py
[2023-10-10T08:56:06.750+0000] {processor.py:839} INFO - DAG(s) dict_keys(['example_trigger_controller_dag']) retrieved from /home/airflow/.local/lib/python3.8/site-packages/airflow/example_dags/example_trigger_controller_dag.py
[2023-10-10T08:56:06.774+0000] {logging_mixin.py:151} INFO - [2023-10-10T08:56:06.773+0000] {dag.py:2915} INFO - Sync 1 DAGs
[2023-10-10T08:56:06.799+0000] {logging_mixin.py:151} INFO - [2023-10-10T08:56:06.798+0000] {dag.py:3696} INFO - Setting next_dagrun for example_trigger_controller_dag to 2021-01-01T00:00:00+00:00, run_after=2021-01-01T00:00:00+00:00
[2023-10-10T08:56:06.819+0000] {processor.py:179} INFO - Processing /home/airflow/.local/lib/python3.8/site-packages/airflow/example_dags/example_trigger_controller_dag.py took 0.081 seconds
[2023-10-10T08:56:37.332+0000] {processor.py:157} INFO - Started process (PID=574) to work on /home/airflow/.local/lib/python3.8/site-packages/airflow/example_dags/example_trigger_controller_dag.py
[2023-10-10T08:56:37.334+0000] {processor.py:829} INFO - Processing file /home/airflow/.local/lib/python3.8/site-packages/airflow/example_dags/example_trigger_controller_dag.py for tasks to queue
[2023-10-10T08:56:37.336+0000] {logging_mixin.py:151} INFO - [2023-10-10T08:56:37.336+0000] {dagbag.py:539} INFO - Filling up the DagBag from /home/airflow/.local/lib/python3.8/site-packages/airflow/example_dags/example_trigger_controller_dag.py
[2023-10-10T08:56:37.342+0000] {processor.py:839} INFO - DAG(s) dict_keys(['example_trigger_controller_dag']) retrieved from /home/airflow/.local/lib/python3.8/site-packages/airflow/example_dags/example_trigger_controller_dag.py
[2023-10-10T08:56:37.365+0000] {logging_mixin.py:151} INFO - [2023-10-10T08:56:37.365+0000] {dag.py:2915} INFO - Sync 1 DAGs
[2023-10-10T08:56:37.391+0000] {logging_mixin.py:151} INFO - [2023-10-10T08:56:37.391+0000] {dag.py:3696} INFO - Setting next_dagrun for example_trigger_controller_dag to 2021-01-01T00:00:00+00:00, run_after=2021-01-01T00:00:00+00:00
[2023-10-10T08:56:37.411+0000] {processor.py:179} INFO - Processing /home/airflow/.local/lib/python3.8/site-packages/airflow/example_dags/example_trigger_controller_dag.py took 0.083 seconds
[2023-10-10T08:57:07.434+0000] {processor.py:157} INFO - Started process (PID=627) to work on /home/airflow/.local/lib/python3.8/site-packages/airflow/example_dags/example_trigger_controller_dag.py
[2023-10-10T08:57:07.434+0000] {processor.py:829} INFO - Processing file /home/airflow/.local/lib/python3.8/site-packages/airflow/example_dags/example_trigger_controller_dag.py for tasks to queue
[2023-10-10T08:57:07.437+0000] {logging_mixin.py:151} INFO - [2023-10-10T08:57:07.436+0000] {dagbag.py:539} INFO - Filling up the DagBag from /home/airflow/.local/lib/python3.8/site-packages/airflow/example_dags/example_trigger_controller_dag.py
[2023-10-10T08:57:07.442+0000] {processor.py:839} INFO - DAG(s) dict_keys(['example_trigger_controller_dag']) retrieved from /home/airflow/.local/lib/python3.8/site-packages/airflow/example_dags/example_trigger_controller_dag.py
[2023-10-10T08:57:07.466+0000] {logging_mixin.py:151} INFO - [2023-10-10T08:57:07.465+0000] {dag.py:2915} INFO - Sync 1 DAGs
[2023-10-10T08:57:07.492+0000] {logging_mixin.py:151} INFO - [2023-10-10T08:57:07.492+0000] {dag.py:3696} INFO - Setting next_dagrun for example_trigger_controller_dag to 2021-01-01T00:00:00+00:00, run_after=2021-01-01T00:00:00+00:00
[2023-10-10T08:57:07.513+0000] {processor.py:179} INFO - Processing /home/airflow/.local/lib/python3.8/site-packages/airflow/example_dags/example_trigger_controller_dag.py took 0.084 seconds
