[2023-10-10T08:39:50.008+0000] {processor.py:157} INFO - Started process (PID=53) to work on /home/airflow/.local/lib/python3.8/site-packages/airflow/example_dags/example_task_group.py
[2023-10-10T08:39:50.009+0000] {processor.py:829} INFO - Processing file /home/airflow/.local/lib/python3.8/site-packages/airflow/example_dags/example_task_group.py for tasks to queue
[2023-10-10T08:39:50.011+0000] {logging_mixin.py:151} INFO - [2023-10-10T08:39:50.011+0000] {dagbag.py:539} INFO - Filling up the DagBag from /home/airflow/.local/lib/python3.8/site-packages/airflow/example_dags/example_task_group.py
[2023-10-10T08:39:50.020+0000] {processor.py:839} INFO - DAG(s) dict_keys(['example_task_group']) retrieved from /home/airflow/.local/lib/python3.8/site-packages/airflow/example_dags/example_task_group.py
[2023-10-10T08:39:50.036+0000] {logging_mixin.py:151} INFO - [2023-10-10T08:39:50.035+0000] {dag.py:2915} INFO - Sync 1 DAGs
[2023-10-10T08:39:50.063+0000] {logging_mixin.py:151} INFO - [2023-10-10T08:39:50.063+0000] {dag.py:3696} INFO - Setting next_dagrun for example_task_group to 2023-10-09T08:39:50.062762+00:00, run_after=2023-10-10T08:39:50.062762+00:00
[2023-10-10T08:39:50.083+0000] {processor.py:179} INFO - Processing /home/airflow/.local/lib/python3.8/site-packages/airflow/example_dags/example_task_group.py took 0.079 seconds
[2023-10-10T08:40:20.378+0000] {processor.py:157} INFO - Started process (PID=107) to work on /home/airflow/.local/lib/python3.8/site-packages/airflow/example_dags/example_task_group.py
[2023-10-10T08:40:20.379+0000] {processor.py:829} INFO - Processing file /home/airflow/.local/lib/python3.8/site-packages/airflow/example_dags/example_task_group.py for tasks to queue
[2023-10-10T08:40:20.382+0000] {logging_mixin.py:151} INFO - [2023-10-10T08:40:20.381+0000] {dagbag.py:539} INFO - Filling up the DagBag from /home/airflow/.local/lib/python3.8/site-packages/airflow/example_dags/example_task_group.py
[2023-10-10T08:40:20.390+0000] {processor.py:839} INFO - DAG(s) dict_keys(['example_task_group']) retrieved from /home/airflow/.local/lib/python3.8/site-packages/airflow/example_dags/example_task_group.py
[2023-10-10T08:40:20.416+0000] {logging_mixin.py:151} INFO - [2023-10-10T08:40:20.416+0000] {dag.py:2915} INFO - Sync 1 DAGs
[2023-10-10T08:40:20.443+0000] {logging_mixin.py:151} INFO - [2023-10-10T08:40:20.442+0000] {dag.py:3696} INFO - Setting next_dagrun for example_task_group to 2023-10-09T08:40:20.442572+00:00, run_after=2023-10-10T08:40:20.442572+00:00
[2023-10-10T08:40:20.464+0000] {processor.py:179} INFO - Processing /home/airflow/.local/lib/python3.8/site-packages/airflow/example_dags/example_task_group.py took 0.091 seconds
[2023-10-10T08:40:50.704+0000] {processor.py:157} INFO - Started process (PID=160) to work on /home/airflow/.local/lib/python3.8/site-packages/airflow/example_dags/example_task_group.py
[2023-10-10T08:40:50.705+0000] {processor.py:829} INFO - Processing file /home/airflow/.local/lib/python3.8/site-packages/airflow/example_dags/example_task_group.py for tasks to queue
[2023-10-10T08:40:50.707+0000] {logging_mixin.py:151} INFO - [2023-10-10T08:40:50.707+0000] {dagbag.py:539} INFO - Filling up the DagBag from /home/airflow/.local/lib/python3.8/site-packages/airflow/example_dags/example_task_group.py
[2023-10-10T08:40:50.716+0000] {processor.py:839} INFO - DAG(s) dict_keys(['example_task_group']) retrieved from /home/airflow/.local/lib/python3.8/site-packages/airflow/example_dags/example_task_group.py
[2023-10-10T08:40:50.741+0000] {logging_mixin.py:151} INFO - [2023-10-10T08:40:50.740+0000] {dag.py:2915} INFO - Sync 1 DAGs
[2023-10-10T08:40:50.767+0000] {logging_mixin.py:151} INFO - [2023-10-10T08:40:50.766+0000] {dag.py:3696} INFO - Setting next_dagrun for example_task_group to 2023-10-09T08:40:50.766687+00:00, run_after=2023-10-10T08:40:50.766687+00:00
[2023-10-10T08:40:50.787+0000] {processor.py:179} INFO - Processing /home/airflow/.local/lib/python3.8/site-packages/airflow/example_dags/example_task_group.py took 0.087 seconds
[2023-10-10T08:41:21.311+0000] {processor.py:157} INFO - Started process (PID=214) to work on /home/airflow/.local/lib/python3.8/site-packages/airflow/example_dags/example_task_group.py
[2023-10-10T08:41:21.313+0000] {processor.py:829} INFO - Processing file /home/airflow/.local/lib/python3.8/site-packages/airflow/example_dags/example_task_group.py for tasks to queue
[2023-10-10T08:41:21.315+0000] {logging_mixin.py:151} INFO - [2023-10-10T08:41:21.315+0000] {dagbag.py:539} INFO - Filling up the DagBag from /home/airflow/.local/lib/python3.8/site-packages/airflow/example_dags/example_task_group.py
[2023-10-10T08:41:21.323+0000] {processor.py:839} INFO - DAG(s) dict_keys(['example_task_group']) retrieved from /home/airflow/.local/lib/python3.8/site-packages/airflow/example_dags/example_task_group.py
[2023-10-10T08:41:21.350+0000] {logging_mixin.py:151} INFO - [2023-10-10T08:41:21.350+0000] {dag.py:2915} INFO - Sync 1 DAGs
[2023-10-10T08:41:21.377+0000] {logging_mixin.py:151} INFO - [2023-10-10T08:41:21.377+0000] {dag.py:3696} INFO - Setting next_dagrun for example_task_group to 2023-10-09T08:41:21.376959+00:00, run_after=2023-10-10T08:41:21.376959+00:00
[2023-10-10T08:41:21.399+0000] {processor.py:179} INFO - Processing /home/airflow/.local/lib/python3.8/site-packages/airflow/example_dags/example_task_group.py took 0.092 seconds
[2023-10-10T08:43:50.401+0000] {processor.py:157} INFO - Started process (PID=54) to work on /home/airflow/.local/lib/python3.8/site-packages/airflow/example_dags/example_task_group.py
[2023-10-10T08:43:50.403+0000] {processor.py:829} INFO - Processing file /home/airflow/.local/lib/python3.8/site-packages/airflow/example_dags/example_task_group.py for tasks to queue
[2023-10-10T08:43:50.405+0000] {logging_mixin.py:151} INFO - [2023-10-10T08:43:50.405+0000] {dagbag.py:539} INFO - Filling up the DagBag from /home/airflow/.local/lib/python3.8/site-packages/airflow/example_dags/example_task_group.py
[2023-10-10T08:43:50.414+0000] {processor.py:839} INFO - DAG(s) dict_keys(['example_task_group']) retrieved from /home/airflow/.local/lib/python3.8/site-packages/airflow/example_dags/example_task_group.py
[2023-10-10T08:43:50.428+0000] {logging_mixin.py:151} INFO - [2023-10-10T08:43:50.428+0000] {dag.py:2915} INFO - Sync 1 DAGs
[2023-10-10T08:43:50.455+0000] {logging_mixin.py:151} INFO - [2023-10-10T08:43:50.455+0000] {dag.py:3696} INFO - Setting next_dagrun for example_task_group to 2023-10-09T08:43:50.455080+00:00, run_after=2023-10-10T08:43:50.455080+00:00
[2023-10-10T08:43:50.475+0000] {processor.py:179} INFO - Processing /home/airflow/.local/lib/python3.8/site-packages/airflow/example_dags/example_task_group.py took 0.081 seconds
[2023-10-10T08:44:21.055+0000] {processor.py:157} INFO - Started process (PID=108) to work on /home/airflow/.local/lib/python3.8/site-packages/airflow/example_dags/example_task_group.py
[2023-10-10T08:44:21.057+0000] {processor.py:829} INFO - Processing file /home/airflow/.local/lib/python3.8/site-packages/airflow/example_dags/example_task_group.py for tasks to queue
[2023-10-10T08:44:21.059+0000] {logging_mixin.py:151} INFO - [2023-10-10T08:44:21.059+0000] {dagbag.py:539} INFO - Filling up the DagBag from /home/airflow/.local/lib/python3.8/site-packages/airflow/example_dags/example_task_group.py
[2023-10-10T08:44:21.067+0000] {processor.py:839} INFO - DAG(s) dict_keys(['example_task_group']) retrieved from /home/airflow/.local/lib/python3.8/site-packages/airflow/example_dags/example_task_group.py
[2023-10-10T08:44:21.093+0000] {logging_mixin.py:151} INFO - [2023-10-10T08:44:21.093+0000] {dag.py:2915} INFO - Sync 1 DAGs
[2023-10-10T08:44:21.118+0000] {logging_mixin.py:151} INFO - [2023-10-10T08:44:21.118+0000] {dag.py:3696} INFO - Setting next_dagrun for example_task_group to 2023-10-09T08:44:21.118007+00:00, run_after=2023-10-10T08:44:21.118007+00:00
[2023-10-10T08:44:21.138+0000] {processor.py:179} INFO - Processing /home/airflow/.local/lib/python3.8/site-packages/airflow/example_dags/example_task_group.py took 0.087 seconds
[2023-10-10T08:44:52.042+0000] {processor.py:157} INFO - Started process (PID=162) to work on /home/airflow/.local/lib/python3.8/site-packages/airflow/example_dags/example_task_group.py
[2023-10-10T08:44:52.044+0000] {processor.py:829} INFO - Processing file /home/airflow/.local/lib/python3.8/site-packages/airflow/example_dags/example_task_group.py for tasks to queue
[2023-10-10T08:44:52.046+0000] {logging_mixin.py:151} INFO - [2023-10-10T08:44:52.046+0000] {dagbag.py:539} INFO - Filling up the DagBag from /home/airflow/.local/lib/python3.8/site-packages/airflow/example_dags/example_task_group.py
[2023-10-10T08:44:52.054+0000] {processor.py:839} INFO - DAG(s) dict_keys(['example_task_group']) retrieved from /home/airflow/.local/lib/python3.8/site-packages/airflow/example_dags/example_task_group.py
[2023-10-10T08:44:52.080+0000] {logging_mixin.py:151} INFO - [2023-10-10T08:44:52.080+0000] {dag.py:2915} INFO - Sync 1 DAGs
[2023-10-10T08:44:52.105+0000] {logging_mixin.py:151} INFO - [2023-10-10T08:44:52.105+0000] {dag.py:3696} INFO - Setting next_dagrun for example_task_group to 2023-10-09T08:44:52.104980+00:00, run_after=2023-10-10T08:44:52.104980+00:00
[2023-10-10T08:44:52.129+0000] {processor.py:179} INFO - Processing /home/airflow/.local/lib/python3.8/site-packages/airflow/example_dags/example_task_group.py took 0.091 seconds
[2023-10-10T08:45:22.516+0000] {processor.py:157} INFO - Started process (PID=215) to work on /home/airflow/.local/lib/python3.8/site-packages/airflow/example_dags/example_task_group.py
[2023-10-10T08:45:22.517+0000] {processor.py:829} INFO - Processing file /home/airflow/.local/lib/python3.8/site-packages/airflow/example_dags/example_task_group.py for tasks to queue
[2023-10-10T08:45:22.520+0000] {logging_mixin.py:151} INFO - [2023-10-10T08:45:22.519+0000] {dagbag.py:539} INFO - Filling up the DagBag from /home/airflow/.local/lib/python3.8/site-packages/airflow/example_dags/example_task_group.py
[2023-10-10T08:45:22.528+0000] {processor.py:839} INFO - DAG(s) dict_keys(['example_task_group']) retrieved from /home/airflow/.local/lib/python3.8/site-packages/airflow/example_dags/example_task_group.py
[2023-10-10T08:45:22.555+0000] {logging_mixin.py:151} INFO - [2023-10-10T08:45:22.555+0000] {dag.py:2915} INFO - Sync 1 DAGs
[2023-10-10T08:45:22.583+0000] {logging_mixin.py:151} INFO - [2023-10-10T08:45:22.583+0000] {dag.py:3696} INFO - Setting next_dagrun for example_task_group to 2023-10-09T08:45:22.583198+00:00, run_after=2023-10-10T08:45:22.583198+00:00
[2023-10-10T08:45:22.609+0000] {processor.py:179} INFO - Processing /home/airflow/.local/lib/python3.8/site-packages/airflow/example_dags/example_task_group.py took 0.097 seconds
[2023-10-10T08:46:30.456+0000] {processor.py:157} INFO - Started process (PID=53) to work on /home/airflow/.local/lib/python3.8/site-packages/airflow/example_dags/example_task_group.py
[2023-10-10T08:46:30.457+0000] {processor.py:829} INFO - Processing file /home/airflow/.local/lib/python3.8/site-packages/airflow/example_dags/example_task_group.py for tasks to queue
[2023-10-10T08:46:30.460+0000] {logging_mixin.py:151} INFO - [2023-10-10T08:46:30.459+0000] {dagbag.py:539} INFO - Filling up the DagBag from /home/airflow/.local/lib/python3.8/site-packages/airflow/example_dags/example_task_group.py
[2023-10-10T08:46:30.473+0000] {processor.py:839} INFO - DAG(s) dict_keys(['example_task_group']) retrieved from /home/airflow/.local/lib/python3.8/site-packages/airflow/example_dags/example_task_group.py
[2023-10-10T08:46:30.504+0000] {logging_mixin.py:151} INFO - [2023-10-10T08:46:30.503+0000] {dag.py:2915} INFO - Sync 1 DAGs
[2023-10-10T08:46:30.533+0000] {logging_mixin.py:151} INFO - [2023-10-10T08:46:30.533+0000] {dag.py:3696} INFO - Setting next_dagrun for example_task_group to 2023-10-09T08:46:30.533065+00:00, run_after=2023-10-10T08:46:30.533065+00:00
[2023-10-10T08:46:30.563+0000] {processor.py:179} INFO - Processing /home/airflow/.local/lib/python3.8/site-packages/airflow/example_dags/example_task_group.py took 0.111 seconds
[2023-10-10T08:47:00.717+0000] {processor.py:157} INFO - Started process (PID=107) to work on /home/airflow/.local/lib/python3.8/site-packages/airflow/example_dags/example_task_group.py
[2023-10-10T08:47:00.718+0000] {processor.py:829} INFO - Processing file /home/airflow/.local/lib/python3.8/site-packages/airflow/example_dags/example_task_group.py for tasks to queue
[2023-10-10T08:47:00.720+0000] {logging_mixin.py:151} INFO - [2023-10-10T08:47:00.720+0000] {dagbag.py:539} INFO - Filling up the DagBag from /home/airflow/.local/lib/python3.8/site-packages/airflow/example_dags/example_task_group.py
[2023-10-10T08:47:00.728+0000] {processor.py:839} INFO - DAG(s) dict_keys(['example_task_group']) retrieved from /home/airflow/.local/lib/python3.8/site-packages/airflow/example_dags/example_task_group.py
[2023-10-10T08:47:00.753+0000] {logging_mixin.py:151} INFO - [2023-10-10T08:47:00.753+0000] {dag.py:2915} INFO - Sync 1 DAGs
[2023-10-10T08:47:00.779+0000] {logging_mixin.py:151} INFO - [2023-10-10T08:47:00.778+0000] {dag.py:3696} INFO - Setting next_dagrun for example_task_group to 2023-10-09T08:47:00.778686+00:00, run_after=2023-10-10T08:47:00.778686+00:00
[2023-10-10T08:47:00.798+0000] {processor.py:179} INFO - Processing /home/airflow/.local/lib/python3.8/site-packages/airflow/example_dags/example_task_group.py took 0.085 seconds
[2023-10-10T08:47:31.257+0000] {processor.py:157} INFO - Started process (PID=161) to work on /home/airflow/.local/lib/python3.8/site-packages/airflow/example_dags/example_task_group.py
[2023-10-10T08:47:31.263+0000] {processor.py:829} INFO - Processing file /home/airflow/.local/lib/python3.8/site-packages/airflow/example_dags/example_task_group.py for tasks to queue
[2023-10-10T08:47:31.265+0000] {logging_mixin.py:151} INFO - [2023-10-10T08:47:31.265+0000] {dagbag.py:539} INFO - Filling up the DagBag from /home/airflow/.local/lib/python3.8/site-packages/airflow/example_dags/example_task_group.py
[2023-10-10T08:47:31.273+0000] {processor.py:839} INFO - DAG(s) dict_keys(['example_task_group']) retrieved from /home/airflow/.local/lib/python3.8/site-packages/airflow/example_dags/example_task_group.py
[2023-10-10T08:47:31.298+0000] {logging_mixin.py:151} INFO - [2023-10-10T08:47:31.298+0000] {dag.py:2915} INFO - Sync 1 DAGs
[2023-10-10T08:47:31.323+0000] {logging_mixin.py:151} INFO - [2023-10-10T08:47:31.323+0000] {dag.py:3696} INFO - Setting next_dagrun for example_task_group to 2023-10-09T08:47:31.323071+00:00, run_after=2023-10-10T08:47:31.323071+00:00
[2023-10-10T08:47:31.343+0000] {processor.py:179} INFO - Processing /home/airflow/.local/lib/python3.8/site-packages/airflow/example_dags/example_task_group.py took 0.090 seconds
[2023-10-10T08:51:33.315+0000] {processor.py:157} INFO - Started process (PID=53) to work on /home/airflow/.local/lib/python3.8/site-packages/airflow/example_dags/example_task_group.py
[2023-10-10T08:51:33.317+0000] {processor.py:829} INFO - Processing file /home/airflow/.local/lib/python3.8/site-packages/airflow/example_dags/example_task_group.py for tasks to queue
[2023-10-10T08:51:33.319+0000] {logging_mixin.py:151} INFO - [2023-10-10T08:51:33.319+0000] {dagbag.py:539} INFO - Filling up the DagBag from /home/airflow/.local/lib/python3.8/site-packages/airflow/example_dags/example_task_group.py
[2023-10-10T08:51:33.329+0000] {processor.py:839} INFO - DAG(s) dict_keys(['example_task_group']) retrieved from /home/airflow/.local/lib/python3.8/site-packages/airflow/example_dags/example_task_group.py
[2023-10-10T08:51:33.343+0000] {logging_mixin.py:151} INFO - [2023-10-10T08:51:33.343+0000] {dag.py:2915} INFO - Sync 1 DAGs
[2023-10-10T08:51:33.372+0000] {logging_mixin.py:151} INFO - [2023-10-10T08:51:33.372+0000] {dag.py:3696} INFO - Setting next_dagrun for example_task_group to 2023-10-09T08:51:33.372253+00:00, run_after=2023-10-10T08:51:33.372253+00:00
[2023-10-10T08:51:33.394+0000] {processor.py:179} INFO - Processing /home/airflow/.local/lib/python3.8/site-packages/airflow/example_dags/example_task_group.py took 0.083 seconds
[2023-10-10T08:52:03.958+0000] {processor.py:157} INFO - Started process (PID=107) to work on /home/airflow/.local/lib/python3.8/site-packages/airflow/example_dags/example_task_group.py
[2023-10-10T08:52:03.960+0000] {processor.py:829} INFO - Processing file /home/airflow/.local/lib/python3.8/site-packages/airflow/example_dags/example_task_group.py for tasks to queue
[2023-10-10T08:52:03.962+0000] {logging_mixin.py:151} INFO - [2023-10-10T08:52:03.962+0000] {dagbag.py:539} INFO - Filling up the DagBag from /home/airflow/.local/lib/python3.8/site-packages/airflow/example_dags/example_task_group.py
[2023-10-10T08:52:03.970+0000] {processor.py:839} INFO - DAG(s) dict_keys(['example_task_group']) retrieved from /home/airflow/.local/lib/python3.8/site-packages/airflow/example_dags/example_task_group.py
[2023-10-10T08:52:03.995+0000] {logging_mixin.py:151} INFO - [2023-10-10T08:52:03.995+0000] {dag.py:2915} INFO - Sync 1 DAGs
[2023-10-10T08:52:04.020+0000] {logging_mixin.py:151} INFO - [2023-10-10T08:52:04.020+0000] {dag.py:3696} INFO - Setting next_dagrun for example_task_group to 2023-10-09T08:52:04.020169+00:00, run_after=2023-10-10T08:52:04.020169+00:00
[2023-10-10T08:52:04.040+0000] {processor.py:179} INFO - Processing /home/airflow/.local/lib/python3.8/site-packages/airflow/example_dags/example_task_group.py took 0.086 seconds
[2023-10-10T08:52:34.252+0000] {processor.py:157} INFO - Started process (PID=161) to work on /home/airflow/.local/lib/python3.8/site-packages/airflow/example_dags/example_task_group.py
[2023-10-10T08:52:34.253+0000] {processor.py:829} INFO - Processing file /home/airflow/.local/lib/python3.8/site-packages/airflow/example_dags/example_task_group.py for tasks to queue
[2023-10-10T08:52:34.255+0000] {logging_mixin.py:151} INFO - [2023-10-10T08:52:34.255+0000] {dagbag.py:539} INFO - Filling up the DagBag from /home/airflow/.local/lib/python3.8/site-packages/airflow/example_dags/example_task_group.py
[2023-10-10T08:52:34.263+0000] {processor.py:839} INFO - DAG(s) dict_keys(['example_task_group']) retrieved from /home/airflow/.local/lib/python3.8/site-packages/airflow/example_dags/example_task_group.py
[2023-10-10T08:52:34.290+0000] {logging_mixin.py:151} INFO - [2023-10-10T08:52:34.289+0000] {dag.py:2915} INFO - Sync 1 DAGs
[2023-10-10T08:52:34.315+0000] {logging_mixin.py:151} INFO - [2023-10-10T08:52:34.314+0000] {dag.py:3696} INFO - Setting next_dagrun for example_task_group to 2023-10-09T08:52:34.314645+00:00, run_after=2023-10-10T08:52:34.314645+00:00
[2023-10-10T08:52:34.336+0000] {processor.py:179} INFO - Processing /home/airflow/.local/lib/python3.8/site-packages/airflow/example_dags/example_task_group.py took 0.088 seconds
[2023-10-10T08:53:04.641+0000] {processor.py:157} INFO - Started process (PID=215) to work on /home/airflow/.local/lib/python3.8/site-packages/airflow/example_dags/example_task_group.py
[2023-10-10T08:53:04.643+0000] {processor.py:829} INFO - Processing file /home/airflow/.local/lib/python3.8/site-packages/airflow/example_dags/example_task_group.py for tasks to queue
[2023-10-10T08:53:04.645+0000] {logging_mixin.py:151} INFO - [2023-10-10T08:53:04.645+0000] {dagbag.py:539} INFO - Filling up the DagBag from /home/airflow/.local/lib/python3.8/site-packages/airflow/example_dags/example_task_group.py
[2023-10-10T08:53:04.653+0000] {processor.py:839} INFO - DAG(s) dict_keys(['example_task_group']) retrieved from /home/airflow/.local/lib/python3.8/site-packages/airflow/example_dags/example_task_group.py
[2023-10-10T08:53:04.679+0000] {logging_mixin.py:151} INFO - [2023-10-10T08:53:04.679+0000] {dag.py:2915} INFO - Sync 1 DAGs
[2023-10-10T08:53:04.705+0000] {logging_mixin.py:151} INFO - [2023-10-10T08:53:04.705+0000] {dag.py:3696} INFO - Setting next_dagrun for example_task_group to 2023-10-09T08:53:04.705075+00:00, run_after=2023-10-10T08:53:04.705075+00:00
[2023-10-10T08:53:04.726+0000] {processor.py:179} INFO - Processing /home/airflow/.local/lib/python3.8/site-packages/airflow/example_dags/example_task_group.py took 0.088 seconds
[2023-10-10T08:53:34.938+0000] {processor.py:157} INFO - Started process (PID=269) to work on /home/airflow/.local/lib/python3.8/site-packages/airflow/example_dags/example_task_group.py
[2023-10-10T08:53:34.939+0000] {processor.py:829} INFO - Processing file /home/airflow/.local/lib/python3.8/site-packages/airflow/example_dags/example_task_group.py for tasks to queue
[2023-10-10T08:53:34.942+0000] {logging_mixin.py:151} INFO - [2023-10-10T08:53:34.941+0000] {dagbag.py:539} INFO - Filling up the DagBag from /home/airflow/.local/lib/python3.8/site-packages/airflow/example_dags/example_task_group.py
[2023-10-10T08:53:34.950+0000] {processor.py:839} INFO - DAG(s) dict_keys(['example_task_group']) retrieved from /home/airflow/.local/lib/python3.8/site-packages/airflow/example_dags/example_task_group.py
[2023-10-10T08:53:34.979+0000] {logging_mixin.py:151} INFO - [2023-10-10T08:53:34.978+0000] {dag.py:2915} INFO - Sync 1 DAGs
[2023-10-10T08:53:35.005+0000] {logging_mixin.py:151} INFO - [2023-10-10T08:53:35.005+0000] {dag.py:3696} INFO - Setting next_dagrun for example_task_group to 2023-10-09T08:53:35.004860+00:00, run_after=2023-10-10T08:53:35.004860+00:00
[2023-10-10T08:53:35.025+0000] {processor.py:179} INFO - Processing /home/airflow/.local/lib/python3.8/site-packages/airflow/example_dags/example_task_group.py took 0.091 seconds
[2023-10-10T08:54:09.739+0000] {processor.py:157} INFO - Started process (PID=324) to work on /home/airflow/.local/lib/python3.8/site-packages/airflow/example_dags/example_task_group.py
[2023-10-10T08:54:09.741+0000] {processor.py:829} INFO - Processing file /home/airflow/.local/lib/python3.8/site-packages/airflow/example_dags/example_task_group.py for tasks to queue
[2023-10-10T08:54:09.743+0000] {logging_mixin.py:151} INFO - [2023-10-10T08:54:09.743+0000] {dagbag.py:539} INFO - Filling up the DagBag from /home/airflow/.local/lib/python3.8/site-packages/airflow/example_dags/example_task_group.py
[2023-10-10T08:54:09.752+0000] {processor.py:839} INFO - DAG(s) dict_keys(['example_task_group']) retrieved from /home/airflow/.local/lib/python3.8/site-packages/airflow/example_dags/example_task_group.py
[2023-10-10T08:54:09.778+0000] {logging_mixin.py:151} INFO - [2023-10-10T08:54:09.777+0000] {dag.py:2915} INFO - Sync 1 DAGs
[2023-10-10T08:54:09.803+0000] {logging_mixin.py:151} INFO - [2023-10-10T08:54:09.803+0000] {dag.py:3696} INFO - Setting next_dagrun for example_task_group to 2023-10-09T08:54:09.803207+00:00, run_after=2023-10-10T08:54:09.803207+00:00
[2023-10-10T08:54:09.823+0000] {processor.py:179} INFO - Processing /home/airflow/.local/lib/python3.8/site-packages/airflow/example_dags/example_task_group.py took 0.088 seconds
[2023-10-10T08:54:39.892+0000] {processor.py:157} INFO - Started process (PID=377) to work on /home/airflow/.local/lib/python3.8/site-packages/airflow/example_dags/example_task_group.py
[2023-10-10T08:54:39.893+0000] {processor.py:829} INFO - Processing file /home/airflow/.local/lib/python3.8/site-packages/airflow/example_dags/example_task_group.py for tasks to queue
[2023-10-10T08:54:39.895+0000] {logging_mixin.py:151} INFO - [2023-10-10T08:54:39.895+0000] {dagbag.py:539} INFO - Filling up the DagBag from /home/airflow/.local/lib/python3.8/site-packages/airflow/example_dags/example_task_group.py
[2023-10-10T08:54:39.903+0000] {processor.py:839} INFO - DAG(s) dict_keys(['example_task_group']) retrieved from /home/airflow/.local/lib/python3.8/site-packages/airflow/example_dags/example_task_group.py
[2023-10-10T08:54:39.929+0000] {logging_mixin.py:151} INFO - [2023-10-10T08:54:39.929+0000] {dag.py:2915} INFO - Sync 1 DAGs
[2023-10-10T08:54:39.954+0000] {logging_mixin.py:151} INFO - [2023-10-10T08:54:39.954+0000] {dag.py:3696} INFO - Setting next_dagrun for example_task_group to 2023-10-09T08:54:39.954163+00:00, run_after=2023-10-10T08:54:39.954163+00:00
[2023-10-10T08:54:39.975+0000] {processor.py:179} INFO - Processing /home/airflow/.local/lib/python3.8/site-packages/airflow/example_dags/example_task_group.py took 0.087 seconds
[2023-10-10T08:55:10.235+0000] {processor.py:157} INFO - Started process (PID=432) to work on /home/airflow/.local/lib/python3.8/site-packages/airflow/example_dags/example_task_group.py
[2023-10-10T08:55:10.236+0000] {processor.py:829} INFO - Processing file /home/airflow/.local/lib/python3.8/site-packages/airflow/example_dags/example_task_group.py for tasks to queue
[2023-10-10T08:55:10.239+0000] {logging_mixin.py:151} INFO - [2023-10-10T08:55:10.238+0000] {dagbag.py:539} INFO - Filling up the DagBag from /home/airflow/.local/lib/python3.8/site-packages/airflow/example_dags/example_task_group.py
[2023-10-10T08:55:10.247+0000] {processor.py:839} INFO - DAG(s) dict_keys(['example_task_group']) retrieved from /home/airflow/.local/lib/python3.8/site-packages/airflow/example_dags/example_task_group.py
[2023-10-10T08:55:10.274+0000] {logging_mixin.py:151} INFO - [2023-10-10T08:55:10.274+0000] {dag.py:2915} INFO - Sync 1 DAGs
[2023-10-10T08:55:10.305+0000] {logging_mixin.py:151} INFO - [2023-10-10T08:55:10.305+0000] {dag.py:3696} INFO - Setting next_dagrun for example_task_group to 2023-10-09T08:55:10.305082+00:00, run_after=2023-10-10T08:55:10.305082+00:00
[2023-10-10T08:55:10.327+0000] {processor.py:179} INFO - Processing /home/airflow/.local/lib/python3.8/site-packages/airflow/example_dags/example_task_group.py took 0.095 seconds
[2023-10-10T08:55:40.771+0000] {processor.py:157} INFO - Started process (PID=487) to work on /home/airflow/.local/lib/python3.8/site-packages/airflow/example_dags/example_task_group.py
[2023-10-10T08:55:40.774+0000] {processor.py:829} INFO - Processing file /home/airflow/.local/lib/python3.8/site-packages/airflow/example_dags/example_task_group.py for tasks to queue
[2023-10-10T08:55:40.776+0000] {logging_mixin.py:151} INFO - [2023-10-10T08:55:40.776+0000] {dagbag.py:539} INFO - Filling up the DagBag from /home/airflow/.local/lib/python3.8/site-packages/airflow/example_dags/example_task_group.py
[2023-10-10T08:55:40.785+0000] {processor.py:839} INFO - DAG(s) dict_keys(['example_task_group']) retrieved from /home/airflow/.local/lib/python3.8/site-packages/airflow/example_dags/example_task_group.py
[2023-10-10T08:55:40.811+0000] {logging_mixin.py:151} INFO - [2023-10-10T08:55:40.810+0000] {dag.py:2915} INFO - Sync 1 DAGs
[2023-10-10T08:55:40.837+0000] {logging_mixin.py:151} INFO - [2023-10-10T08:55:40.836+0000] {dag.py:3696} INFO - Setting next_dagrun for example_task_group to 2023-10-09T08:55:40.836455+00:00, run_after=2023-10-10T08:55:40.836455+00:00
[2023-10-10T08:55:40.857+0000] {processor.py:179} INFO - Processing /home/airflow/.local/lib/python3.8/site-packages/airflow/example_dags/example_task_group.py took 0.090 seconds
[2023-10-10T08:56:11.252+0000] {processor.py:157} INFO - Started process (PID=541) to work on /home/airflow/.local/lib/python3.8/site-packages/airflow/example_dags/example_task_group.py
[2023-10-10T08:56:11.254+0000] {processor.py:829} INFO - Processing file /home/airflow/.local/lib/python3.8/site-packages/airflow/example_dags/example_task_group.py for tasks to queue
[2023-10-10T08:56:11.256+0000] {logging_mixin.py:151} INFO - [2023-10-10T08:56:11.256+0000] {dagbag.py:539} INFO - Filling up the DagBag from /home/airflow/.local/lib/python3.8/site-packages/airflow/example_dags/example_task_group.py
[2023-10-10T08:56:11.264+0000] {processor.py:839} INFO - DAG(s) dict_keys(['example_task_group']) retrieved from /home/airflow/.local/lib/python3.8/site-packages/airflow/example_dags/example_task_group.py
[2023-10-10T08:56:11.289+0000] {logging_mixin.py:151} INFO - [2023-10-10T08:56:11.289+0000] {dag.py:2915} INFO - Sync 1 DAGs
[2023-10-10T08:56:11.314+0000] {logging_mixin.py:151} INFO - [2023-10-10T08:56:11.313+0000] {dag.py:3696} INFO - Setting next_dagrun for example_task_group to 2023-10-09T08:56:11.313447+00:00, run_after=2023-10-10T08:56:11.313447+00:00
[2023-10-10T08:56:11.334+0000] {processor.py:179} INFO - Processing /home/airflow/.local/lib/python3.8/site-packages/airflow/example_dags/example_task_group.py took 0.086 seconds
[2023-10-10T08:56:41.564+0000] {processor.py:157} INFO - Started process (PID=594) to work on /home/airflow/.local/lib/python3.8/site-packages/airflow/example_dags/example_task_group.py
[2023-10-10T08:56:41.566+0000] {processor.py:829} INFO - Processing file /home/airflow/.local/lib/python3.8/site-packages/airflow/example_dags/example_task_group.py for tasks to queue
[2023-10-10T08:56:41.568+0000] {logging_mixin.py:151} INFO - [2023-10-10T08:56:41.568+0000] {dagbag.py:539} INFO - Filling up the DagBag from /home/airflow/.local/lib/python3.8/site-packages/airflow/example_dags/example_task_group.py
[2023-10-10T08:56:41.576+0000] {processor.py:839} INFO - DAG(s) dict_keys(['example_task_group']) retrieved from /home/airflow/.local/lib/python3.8/site-packages/airflow/example_dags/example_task_group.py
[2023-10-10T08:56:41.603+0000] {logging_mixin.py:151} INFO - [2023-10-10T08:56:41.603+0000] {dag.py:2915} INFO - Sync 1 DAGs
[2023-10-10T08:56:41.629+0000] {logging_mixin.py:151} INFO - [2023-10-10T08:56:41.629+0000] {dag.py:3696} INFO - Setting next_dagrun for example_task_group to 2023-10-09T08:56:41.629083+00:00, run_after=2023-10-10T08:56:41.629083+00:00
[2023-10-10T08:56:41.649+0000] {processor.py:179} INFO - Processing /home/airflow/.local/lib/python3.8/site-packages/airflow/example_dags/example_task_group.py took 0.089 seconds
