[2023-10-10T08:39:50.764+0000] {processor.py:157} INFO - Started process (PID=64) to work on /home/airflow/.local/lib/python3.8/site-packages/airflow/example_dags/example_trigger_target_dag.py
[2023-10-10T08:39:50.765+0000] {processor.py:829} INFO - Processing file /home/airflow/.local/lib/python3.8/site-packages/airflow/example_dags/example_trigger_target_dag.py for tasks to queue
[2023-10-10T08:39:50.767+0000] {logging_mixin.py:151} INFO - [2023-10-10T08:39:50.767+0000] {dagbag.py:539} INFO - Filling up the DagBag from /home/airflow/.local/lib/python3.8/site-packages/airflow/example_dags/example_trigger_target_dag.py
[2023-10-10T08:39:50.775+0000] {processor.py:839} INFO - DAG(s) dict_keys(['example_trigger_target_dag']) retrieved from /home/airflow/.local/lib/python3.8/site-packages/airflow/example_dags/example_trigger_target_dag.py
[2023-10-10T08:39:50.789+0000] {logging_mixin.py:151} INFO - [2023-10-10T08:39:50.788+0000] {dag.py:2915} INFO - Sync 1 DAGs
[2023-10-10T08:39:50.805+0000] {logging_mixin.py:151} INFO - [2023-10-10T08:39:50.805+0000] {dag.py:3696} INFO - Setting next_dagrun for example_trigger_target_dag to None, run_after=None
[2023-10-10T08:39:50.827+0000] {processor.py:179} INFO - Processing /home/airflow/.local/lib/python3.8/site-packages/airflow/example_dags/example_trigger_target_dag.py took 0.067 seconds
[2023-10-10T08:40:20.938+0000] {processor.py:157} INFO - Started process (PID=117) to work on /home/airflow/.local/lib/python3.8/site-packages/airflow/example_dags/example_trigger_target_dag.py
[2023-10-10T08:40:20.940+0000] {processor.py:829} INFO - Processing file /home/airflow/.local/lib/python3.8/site-packages/airflow/example_dags/example_trigger_target_dag.py for tasks to queue
[2023-10-10T08:40:20.942+0000] {logging_mixin.py:151} INFO - [2023-10-10T08:40:20.942+0000] {dagbag.py:539} INFO - Filling up the DagBag from /home/airflow/.local/lib/python3.8/site-packages/airflow/example_dags/example_trigger_target_dag.py
[2023-10-10T08:40:20.949+0000] {processor.py:839} INFO - DAG(s) dict_keys(['example_trigger_target_dag']) retrieved from /home/airflow/.local/lib/python3.8/site-packages/airflow/example_dags/example_trigger_target_dag.py
[2023-10-10T08:40:20.972+0000] {logging_mixin.py:151} INFO - [2023-10-10T08:40:20.972+0000] {dag.py:2915} INFO - Sync 1 DAGs
[2023-10-10T08:40:20.988+0000] {logging_mixin.py:151} INFO - [2023-10-10T08:40:20.988+0000] {dag.py:3696} INFO - Setting next_dagrun for example_trigger_target_dag to None, run_after=None
[2023-10-10T08:40:21.009+0000] {processor.py:179} INFO - Processing /home/airflow/.local/lib/python3.8/site-packages/airflow/example_dags/example_trigger_target_dag.py took 0.075 seconds
[2023-10-10T08:40:51.245+0000] {processor.py:157} INFO - Started process (PID=170) to work on /home/airflow/.local/lib/python3.8/site-packages/airflow/example_dags/example_trigger_target_dag.py
[2023-10-10T08:40:51.247+0000] {processor.py:829} INFO - Processing file /home/airflow/.local/lib/python3.8/site-packages/airflow/example_dags/example_trigger_target_dag.py for tasks to queue
[2023-10-10T08:40:51.250+0000] {logging_mixin.py:151} INFO - [2023-10-10T08:40:51.249+0000] {dagbag.py:539} INFO - Filling up the DagBag from /home/airflow/.local/lib/python3.8/site-packages/airflow/example_dags/example_trigger_target_dag.py
[2023-10-10T08:40:51.256+0000] {processor.py:839} INFO - DAG(s) dict_keys(['example_trigger_target_dag']) retrieved from /home/airflow/.local/lib/python3.8/site-packages/airflow/example_dags/example_trigger_target_dag.py
[2023-10-10T08:40:51.279+0000] {logging_mixin.py:151} INFO - [2023-10-10T08:40:51.278+0000] {dag.py:2915} INFO - Sync 1 DAGs
[2023-10-10T08:40:51.293+0000] {logging_mixin.py:151} INFO - [2023-10-10T08:40:51.293+0000] {dag.py:3696} INFO - Setting next_dagrun for example_trigger_target_dag to None, run_after=None
[2023-10-10T08:40:51.314+0000] {processor.py:179} INFO - Processing /home/airflow/.local/lib/python3.8/site-packages/airflow/example_dags/example_trigger_target_dag.py took 0.073 seconds
[2023-10-10T08:41:21.906+0000] {processor.py:157} INFO - Started process (PID=224) to work on /home/airflow/.local/lib/python3.8/site-packages/airflow/example_dags/example_trigger_target_dag.py
[2023-10-10T08:41:21.907+0000] {processor.py:829} INFO - Processing file /home/airflow/.local/lib/python3.8/site-packages/airflow/example_dags/example_trigger_target_dag.py for tasks to queue
[2023-10-10T08:41:21.910+0000] {logging_mixin.py:151} INFO - [2023-10-10T08:41:21.910+0000] {dagbag.py:539} INFO - Filling up the DagBag from /home/airflow/.local/lib/python3.8/site-packages/airflow/example_dags/example_trigger_target_dag.py
[2023-10-10T08:41:21.917+0000] {processor.py:839} INFO - DAG(s) dict_keys(['example_trigger_target_dag']) retrieved from /home/airflow/.local/lib/python3.8/site-packages/airflow/example_dags/example_trigger_target_dag.py
[2023-10-10T08:41:21.941+0000] {logging_mixin.py:151} INFO - [2023-10-10T08:41:21.940+0000] {dag.py:2915} INFO - Sync 1 DAGs
[2023-10-10T08:41:21.956+0000] {logging_mixin.py:151} INFO - [2023-10-10T08:41:21.956+0000] {dag.py:3696} INFO - Setting next_dagrun for example_trigger_target_dag to None, run_after=None
[2023-10-10T08:41:21.978+0000] {processor.py:179} INFO - Processing /home/airflow/.local/lib/python3.8/site-packages/airflow/example_dags/example_trigger_target_dag.py took 0.076 seconds
[2023-10-10T08:43:52.109+0000] {processor.py:157} INFO - Started process (PID=65) to work on /home/airflow/.local/lib/python3.8/site-packages/airflow/example_dags/example_trigger_target_dag.py
[2023-10-10T08:43:52.110+0000] {processor.py:829} INFO - Processing file /home/airflow/.local/lib/python3.8/site-packages/airflow/example_dags/example_trigger_target_dag.py for tasks to queue
[2023-10-10T08:43:52.113+0000] {logging_mixin.py:151} INFO - [2023-10-10T08:43:52.112+0000] {dagbag.py:539} INFO - Filling up the DagBag from /home/airflow/.local/lib/python3.8/site-packages/airflow/example_dags/example_trigger_target_dag.py
[2023-10-10T08:43:52.120+0000] {processor.py:839} INFO - DAG(s) dict_keys(['example_trigger_target_dag']) retrieved from /home/airflow/.local/lib/python3.8/site-packages/airflow/example_dags/example_trigger_target_dag.py
[2023-10-10T08:43:52.135+0000] {logging_mixin.py:151} INFO - [2023-10-10T08:43:52.135+0000] {dag.py:2915} INFO - Sync 1 DAGs
[2023-10-10T08:43:52.151+0000] {logging_mixin.py:151} INFO - [2023-10-10T08:43:52.151+0000] {dag.py:3696} INFO - Setting next_dagrun for example_trigger_target_dag to None, run_after=None
[2023-10-10T08:43:52.171+0000] {processor.py:179} INFO - Processing /home/airflow/.local/lib/python3.8/site-packages/airflow/example_dags/example_trigger_target_dag.py took 0.066 seconds
[2023-10-10T08:44:22.647+0000] {processor.py:157} INFO - Started process (PID=118) to work on /home/airflow/.local/lib/python3.8/site-packages/airflow/example_dags/example_trigger_target_dag.py
[2023-10-10T08:44:22.650+0000] {processor.py:829} INFO - Processing file /home/airflow/.local/lib/python3.8/site-packages/airflow/example_dags/example_trigger_target_dag.py for tasks to queue
[2023-10-10T08:44:22.666+0000] {logging_mixin.py:151} INFO - [2023-10-10T08:44:22.666+0000] {dagbag.py:539} INFO - Filling up the DagBag from /home/airflow/.local/lib/python3.8/site-packages/airflow/example_dags/example_trigger_target_dag.py
[2023-10-10T08:44:22.673+0000] {processor.py:839} INFO - DAG(s) dict_keys(['example_trigger_target_dag']) retrieved from /home/airflow/.local/lib/python3.8/site-packages/airflow/example_dags/example_trigger_target_dag.py
[2023-10-10T08:44:22.709+0000] {logging_mixin.py:151} INFO - [2023-10-10T08:44:22.709+0000] {dag.py:2915} INFO - Sync 1 DAGs
[2023-10-10T08:44:22.733+0000] {logging_mixin.py:151} INFO - [2023-10-10T08:44:22.733+0000] {dag.py:3696} INFO - Setting next_dagrun for example_trigger_target_dag to None, run_after=None
[2023-10-10T08:44:22.793+0000] {processor.py:179} INFO - Processing /home/airflow/.local/lib/python3.8/site-packages/airflow/example_dags/example_trigger_target_dag.py took 0.150 seconds
[2023-10-10T08:44:56.206+0000] {processor.py:157} INFO - Started process (PID=173) to work on /home/airflow/.local/lib/python3.8/site-packages/airflow/example_dags/example_trigger_target_dag.py
[2023-10-10T08:44:56.208+0000] {processor.py:829} INFO - Processing file /home/airflow/.local/lib/python3.8/site-packages/airflow/example_dags/example_trigger_target_dag.py for tasks to queue
[2023-10-10T08:44:56.210+0000] {logging_mixin.py:151} INFO - [2023-10-10T08:44:56.210+0000] {dagbag.py:539} INFO - Filling up the DagBag from /home/airflow/.local/lib/python3.8/site-packages/airflow/example_dags/example_trigger_target_dag.py
[2023-10-10T08:44:56.217+0000] {processor.py:839} INFO - DAG(s) dict_keys(['example_trigger_target_dag']) retrieved from /home/airflow/.local/lib/python3.8/site-packages/airflow/example_dags/example_trigger_target_dag.py
[2023-10-10T08:44:56.240+0000] {logging_mixin.py:151} INFO - [2023-10-10T08:44:56.240+0000] {dag.py:2915} INFO - Sync 1 DAGs
[2023-10-10T08:44:56.255+0000] {logging_mixin.py:151} INFO - [2023-10-10T08:44:56.254+0000] {dag.py:3696} INFO - Setting next_dagrun for example_trigger_target_dag to None, run_after=None
[2023-10-10T08:44:56.274+0000] {processor.py:179} INFO - Processing /home/airflow/.local/lib/python3.8/site-packages/airflow/example_dags/example_trigger_target_dag.py took 0.073 seconds
[2023-10-10T08:46:31.259+0000] {processor.py:157} INFO - Started process (PID=64) to work on /home/airflow/.local/lib/python3.8/site-packages/airflow/example_dags/example_trigger_target_dag.py
[2023-10-10T08:46:31.271+0000] {processor.py:829} INFO - Processing file /home/airflow/.local/lib/python3.8/site-packages/airflow/example_dags/example_trigger_target_dag.py for tasks to queue
[2023-10-10T08:46:31.273+0000] {logging_mixin.py:151} INFO - [2023-10-10T08:46:31.273+0000] {dagbag.py:539} INFO - Filling up the DagBag from /home/airflow/.local/lib/python3.8/site-packages/airflow/example_dags/example_trigger_target_dag.py
[2023-10-10T08:46:31.280+0000] {processor.py:839} INFO - DAG(s) dict_keys(['example_trigger_target_dag']) retrieved from /home/airflow/.local/lib/python3.8/site-packages/airflow/example_dags/example_trigger_target_dag.py
[2023-10-10T08:46:31.304+0000] {logging_mixin.py:151} INFO - [2023-10-10T08:46:31.304+0000] {dag.py:2915} INFO - Sync 1 DAGs
[2023-10-10T08:46:31.321+0000] {logging_mixin.py:151} INFO - [2023-10-10T08:46:31.321+0000] {dag.py:3696} INFO - Setting next_dagrun for example_trigger_target_dag to None, run_after=None
[2023-10-10T08:46:31.342+0000] {processor.py:179} INFO - Processing /home/airflow/.local/lib/python3.8/site-packages/airflow/example_dags/example_trigger_target_dag.py took 0.090 seconds
[2023-10-10T08:47:01.369+0000] {processor.py:157} INFO - Started process (PID=117) to work on /home/airflow/.local/lib/python3.8/site-packages/airflow/example_dags/example_trigger_target_dag.py
[2023-10-10T08:47:01.370+0000] {processor.py:829} INFO - Processing file /home/airflow/.local/lib/python3.8/site-packages/airflow/example_dags/example_trigger_target_dag.py for tasks to queue
[2023-10-10T08:47:01.373+0000] {logging_mixin.py:151} INFO - [2023-10-10T08:47:01.372+0000] {dagbag.py:539} INFO - Filling up the DagBag from /home/airflow/.local/lib/python3.8/site-packages/airflow/example_dags/example_trigger_target_dag.py
[2023-10-10T08:47:01.379+0000] {processor.py:839} INFO - DAG(s) dict_keys(['example_trigger_target_dag']) retrieved from /home/airflow/.local/lib/python3.8/site-packages/airflow/example_dags/example_trigger_target_dag.py
[2023-10-10T08:47:01.402+0000] {logging_mixin.py:151} INFO - [2023-10-10T08:47:01.402+0000] {dag.py:2915} INFO - Sync 1 DAGs
[2023-10-10T08:47:01.416+0000] {logging_mixin.py:151} INFO - [2023-10-10T08:47:01.416+0000] {dag.py:3696} INFO - Setting next_dagrun for example_trigger_target_dag to None, run_after=None
[2023-10-10T08:47:01.437+0000] {processor.py:179} INFO - Processing /home/airflow/.local/lib/python3.8/site-packages/airflow/example_dags/example_trigger_target_dag.py took 0.072 seconds
[2023-10-10T08:47:31.807+0000] {processor.py:157} INFO - Started process (PID=171) to work on /home/airflow/.local/lib/python3.8/site-packages/airflow/example_dags/example_trigger_target_dag.py
[2023-10-10T08:47:31.810+0000] {processor.py:829} INFO - Processing file /home/airflow/.local/lib/python3.8/site-packages/airflow/example_dags/example_trigger_target_dag.py for tasks to queue
[2023-10-10T08:47:31.812+0000] {logging_mixin.py:151} INFO - [2023-10-10T08:47:31.812+0000] {dagbag.py:539} INFO - Filling up the DagBag from /home/airflow/.local/lib/python3.8/site-packages/airflow/example_dags/example_trigger_target_dag.py
[2023-10-10T08:47:31.818+0000] {processor.py:839} INFO - DAG(s) dict_keys(['example_trigger_target_dag']) retrieved from /home/airflow/.local/lib/python3.8/site-packages/airflow/example_dags/example_trigger_target_dag.py
[2023-10-10T08:47:31.841+0000] {logging_mixin.py:151} INFO - [2023-10-10T08:47:31.841+0000] {dag.py:2915} INFO - Sync 1 DAGs
[2023-10-10T08:47:31.855+0000] {logging_mixin.py:151} INFO - [2023-10-10T08:47:31.855+0000] {dag.py:3696} INFO - Setting next_dagrun for example_trigger_target_dag to None, run_after=None
[2023-10-10T08:47:31.875+0000] {processor.py:179} INFO - Processing /home/airflow/.local/lib/python3.8/site-packages/airflow/example_dags/example_trigger_target_dag.py took 0.072 seconds
[2023-10-10T08:51:35.016+0000] {processor.py:157} INFO - Started process (PID=64) to work on /home/airflow/.local/lib/python3.8/site-packages/airflow/example_dags/example_trigger_target_dag.py
[2023-10-10T08:51:35.022+0000] {processor.py:829} INFO - Processing file /home/airflow/.local/lib/python3.8/site-packages/airflow/example_dags/example_trigger_target_dag.py for tasks to queue
[2023-10-10T08:51:35.024+0000] {logging_mixin.py:151} INFO - [2023-10-10T08:51:35.024+0000] {dagbag.py:539} INFO - Filling up the DagBag from /home/airflow/.local/lib/python3.8/site-packages/airflow/example_dags/example_trigger_target_dag.py
[2023-10-10T08:51:35.044+0000] {processor.py:839} INFO - DAG(s) dict_keys(['example_trigger_target_dag']) retrieved from /home/airflow/.local/lib/python3.8/site-packages/airflow/example_dags/example_trigger_target_dag.py
[2023-10-10T08:51:35.057+0000] {logging_mixin.py:151} INFO - [2023-10-10T08:51:35.057+0000] {dag.py:2915} INFO - Sync 1 DAGs
[2023-10-10T08:51:35.075+0000] {logging_mixin.py:151} INFO - [2023-10-10T08:51:35.074+0000] {dag.py:3696} INFO - Setting next_dagrun for example_trigger_target_dag to None, run_after=None
[2023-10-10T08:51:35.096+0000] {processor.py:179} INFO - Processing /home/airflow/.local/lib/python3.8/site-packages/airflow/example_dags/example_trigger_target_dag.py took 0.090 seconds
[2023-10-10T08:52:05.494+0000] {processor.py:157} INFO - Started process (PID=117) to work on /home/airflow/.local/lib/python3.8/site-packages/airflow/example_dags/example_trigger_target_dag.py
[2023-10-10T08:52:05.496+0000] {processor.py:829} INFO - Processing file /home/airflow/.local/lib/python3.8/site-packages/airflow/example_dags/example_trigger_target_dag.py for tasks to queue
[2023-10-10T08:52:05.499+0000] {logging_mixin.py:151} INFO - [2023-10-10T08:52:05.498+0000] {dagbag.py:539} INFO - Filling up the DagBag from /home/airflow/.local/lib/python3.8/site-packages/airflow/example_dags/example_trigger_target_dag.py
[2023-10-10T08:52:05.505+0000] {processor.py:839} INFO - DAG(s) dict_keys(['example_trigger_target_dag']) retrieved from /home/airflow/.local/lib/python3.8/site-packages/airflow/example_dags/example_trigger_target_dag.py
[2023-10-10T08:52:05.527+0000] {logging_mixin.py:151} INFO - [2023-10-10T08:52:05.527+0000] {dag.py:2915} INFO - Sync 1 DAGs
[2023-10-10T08:52:05.542+0000] {logging_mixin.py:151} INFO - [2023-10-10T08:52:05.541+0000] {dag.py:3696} INFO - Setting next_dagrun for example_trigger_target_dag to None, run_after=None
[2023-10-10T08:52:05.561+0000] {processor.py:179} INFO - Processing /home/airflow/.local/lib/python3.8/site-packages/airflow/example_dags/example_trigger_target_dag.py took 0.071 seconds
[2023-10-10T08:52:35.810+0000] {processor.py:157} INFO - Started process (PID=171) to work on /home/airflow/.local/lib/python3.8/site-packages/airflow/example_dags/example_trigger_target_dag.py
[2023-10-10T08:52:35.811+0000] {processor.py:829} INFO - Processing file /home/airflow/.local/lib/python3.8/site-packages/airflow/example_dags/example_trigger_target_dag.py for tasks to queue
[2023-10-10T08:52:35.814+0000] {logging_mixin.py:151} INFO - [2023-10-10T08:52:35.814+0000] {dagbag.py:539} INFO - Filling up the DagBag from /home/airflow/.local/lib/python3.8/site-packages/airflow/example_dags/example_trigger_target_dag.py
[2023-10-10T08:52:35.820+0000] {processor.py:839} INFO - DAG(s) dict_keys(['example_trigger_target_dag']) retrieved from /home/airflow/.local/lib/python3.8/site-packages/airflow/example_dags/example_trigger_target_dag.py
[2023-10-10T08:52:35.843+0000] {logging_mixin.py:151} INFO - [2023-10-10T08:52:35.843+0000] {dag.py:2915} INFO - Sync 1 DAGs
[2023-10-10T08:52:35.858+0000] {logging_mixin.py:151} INFO - [2023-10-10T08:52:35.858+0000] {dag.py:3696} INFO - Setting next_dagrun for example_trigger_target_dag to None, run_after=None
[2023-10-10T08:52:35.877+0000] {processor.py:179} INFO - Processing /home/airflow/.local/lib/python3.8/site-packages/airflow/example_dags/example_trigger_target_dag.py took 0.071 seconds
[2023-10-10T08:53:06.191+0000] {processor.py:157} INFO - Started process (PID=225) to work on /home/airflow/.local/lib/python3.8/site-packages/airflow/example_dags/example_trigger_target_dag.py
[2023-10-10T08:53:06.192+0000] {processor.py:829} INFO - Processing file /home/airflow/.local/lib/python3.8/site-packages/airflow/example_dags/example_trigger_target_dag.py for tasks to queue
[2023-10-10T08:53:06.195+0000] {logging_mixin.py:151} INFO - [2023-10-10T08:53:06.195+0000] {dagbag.py:539} INFO - Filling up the DagBag from /home/airflow/.local/lib/python3.8/site-packages/airflow/example_dags/example_trigger_target_dag.py
[2023-10-10T08:53:06.201+0000] {processor.py:839} INFO - DAG(s) dict_keys(['example_trigger_target_dag']) retrieved from /home/airflow/.local/lib/python3.8/site-packages/airflow/example_dags/example_trigger_target_dag.py
[2023-10-10T08:53:06.224+0000] {logging_mixin.py:151} INFO - [2023-10-10T08:53:06.224+0000] {dag.py:2915} INFO - Sync 1 DAGs
[2023-10-10T08:53:06.238+0000] {logging_mixin.py:151} INFO - [2023-10-10T08:53:06.238+0000] {dag.py:3696} INFO - Setting next_dagrun for example_trigger_target_dag to None, run_after=None
[2023-10-10T08:53:06.258+0000] {processor.py:179} INFO - Processing /home/airflow/.local/lib/python3.8/site-packages/airflow/example_dags/example_trigger_target_dag.py took 0.071 seconds
[2023-10-10T08:53:36.517+0000] {processor.py:157} INFO - Started process (PID=279) to work on /home/airflow/.local/lib/python3.8/site-packages/airflow/example_dags/example_trigger_target_dag.py
[2023-10-10T08:53:36.518+0000] {processor.py:829} INFO - Processing file /home/airflow/.local/lib/python3.8/site-packages/airflow/example_dags/example_trigger_target_dag.py for tasks to queue
[2023-10-10T08:53:36.521+0000] {logging_mixin.py:151} INFO - [2023-10-10T08:53:36.521+0000] {dagbag.py:539} INFO - Filling up the DagBag from /home/airflow/.local/lib/python3.8/site-packages/airflow/example_dags/example_trigger_target_dag.py
[2023-10-10T08:53:36.528+0000] {processor.py:839} INFO - DAG(s) dict_keys(['example_trigger_target_dag']) retrieved from /home/airflow/.local/lib/python3.8/site-packages/airflow/example_dags/example_trigger_target_dag.py
[2023-10-10T08:53:36.552+0000] {logging_mixin.py:151} INFO - [2023-10-10T08:53:36.552+0000] {dag.py:2915} INFO - Sync 1 DAGs
[2023-10-10T08:53:36.567+0000] {logging_mixin.py:151} INFO - [2023-10-10T08:53:36.566+0000] {dag.py:3696} INFO - Setting next_dagrun for example_trigger_target_dag to None, run_after=None
[2023-10-10T08:53:36.587+0000] {processor.py:179} INFO - Processing /home/airflow/.local/lib/python3.8/site-packages/airflow/example_dags/example_trigger_target_dag.py took 0.075 seconds
[2023-10-10T08:54:11.285+0000] {processor.py:157} INFO - Started process (PID=335) to work on /home/airflow/.local/lib/python3.8/site-packages/airflow/example_dags/example_trigger_target_dag.py
[2023-10-10T08:54:11.286+0000] {processor.py:829} INFO - Processing file /home/airflow/.local/lib/python3.8/site-packages/airflow/example_dags/example_trigger_target_dag.py for tasks to queue
[2023-10-10T08:54:11.288+0000] {logging_mixin.py:151} INFO - [2023-10-10T08:54:11.288+0000] {dagbag.py:539} INFO - Filling up the DagBag from /home/airflow/.local/lib/python3.8/site-packages/airflow/example_dags/example_trigger_target_dag.py
[2023-10-10T08:54:11.295+0000] {processor.py:839} INFO - DAG(s) dict_keys(['example_trigger_target_dag']) retrieved from /home/airflow/.local/lib/python3.8/site-packages/airflow/example_dags/example_trigger_target_dag.py
[2023-10-10T08:54:11.318+0000] {logging_mixin.py:151} INFO - [2023-10-10T08:54:11.318+0000] {dag.py:2915} INFO - Sync 1 DAGs
[2023-10-10T08:54:11.334+0000] {logging_mixin.py:151} INFO - [2023-10-10T08:54:11.334+0000] {dag.py:3696} INFO - Setting next_dagrun for example_trigger_target_dag to None, run_after=None
[2023-10-10T08:54:11.363+0000] {processor.py:179} INFO - Processing /home/airflow/.local/lib/python3.8/site-packages/airflow/example_dags/example_trigger_target_dag.py took 0.083 seconds
[2023-10-10T08:54:41.901+0000] {processor.py:157} INFO - Started process (PID=388) to work on /home/airflow/.local/lib/python3.8/site-packages/airflow/example_dags/example_trigger_target_dag.py
[2023-10-10T08:54:41.902+0000] {processor.py:829} INFO - Processing file /home/airflow/.local/lib/python3.8/site-packages/airflow/example_dags/example_trigger_target_dag.py for tasks to queue
[2023-10-10T08:54:41.904+0000] {logging_mixin.py:151} INFO - [2023-10-10T08:54:41.904+0000] {dagbag.py:539} INFO - Filling up the DagBag from /home/airflow/.local/lib/python3.8/site-packages/airflow/example_dags/example_trigger_target_dag.py
[2023-10-10T08:54:41.911+0000] {processor.py:839} INFO - DAG(s) dict_keys(['example_trigger_target_dag']) retrieved from /home/airflow/.local/lib/python3.8/site-packages/airflow/example_dags/example_trigger_target_dag.py
[2023-10-10T08:54:41.934+0000] {logging_mixin.py:151} INFO - [2023-10-10T08:54:41.934+0000] {dag.py:2915} INFO - Sync 1 DAGs
[2023-10-10T08:54:41.949+0000] {logging_mixin.py:151} INFO - [2023-10-10T08:54:41.948+0000] {dag.py:3696} INFO - Setting next_dagrun for example_trigger_target_dag to None, run_after=None
[2023-10-10T08:54:41.969+0000] {processor.py:179} INFO - Processing /home/airflow/.local/lib/python3.8/site-packages/airflow/example_dags/example_trigger_target_dag.py took 0.072 seconds
[2023-10-10T08:55:12.012+0000] {processor.py:157} INFO - Started process (PID=442) to work on /home/airflow/.local/lib/python3.8/site-packages/airflow/example_dags/example_trigger_target_dag.py
[2023-10-10T08:55:12.013+0000] {processor.py:829} INFO - Processing file /home/airflow/.local/lib/python3.8/site-packages/airflow/example_dags/example_trigger_target_dag.py for tasks to queue
[2023-10-10T08:55:12.015+0000] {logging_mixin.py:151} INFO - [2023-10-10T08:55:12.015+0000] {dagbag.py:539} INFO - Filling up the DagBag from /home/airflow/.local/lib/python3.8/site-packages/airflow/example_dags/example_trigger_target_dag.py
[2023-10-10T08:55:12.021+0000] {processor.py:839} INFO - DAG(s) dict_keys(['example_trigger_target_dag']) retrieved from /home/airflow/.local/lib/python3.8/site-packages/airflow/example_dags/example_trigger_target_dag.py
[2023-10-10T08:55:12.044+0000] {logging_mixin.py:151} INFO - [2023-10-10T08:55:12.044+0000] {dag.py:2915} INFO - Sync 1 DAGs
[2023-10-10T08:55:12.058+0000] {logging_mixin.py:151} INFO - [2023-10-10T08:55:12.058+0000] {dag.py:3696} INFO - Setting next_dagrun for example_trigger_target_dag to None, run_after=None
[2023-10-10T08:55:12.078+0000] {processor.py:179} INFO - Processing /home/airflow/.local/lib/python3.8/site-packages/airflow/example_dags/example_trigger_target_dag.py took 0.070 seconds
[2023-10-10T08:55:42.401+0000] {processor.py:157} INFO - Started process (PID=497) to work on /home/airflow/.local/lib/python3.8/site-packages/airflow/example_dags/example_trigger_target_dag.py
[2023-10-10T08:55:42.404+0000] {processor.py:829} INFO - Processing file /home/airflow/.local/lib/python3.8/site-packages/airflow/example_dags/example_trigger_target_dag.py for tasks to queue
[2023-10-10T08:55:42.410+0000] {logging_mixin.py:151} INFO - [2023-10-10T08:55:42.410+0000] {dagbag.py:539} INFO - Filling up the DagBag from /home/airflow/.local/lib/python3.8/site-packages/airflow/example_dags/example_trigger_target_dag.py
[2023-10-10T08:55:42.417+0000] {processor.py:839} INFO - DAG(s) dict_keys(['example_trigger_target_dag']) retrieved from /home/airflow/.local/lib/python3.8/site-packages/airflow/example_dags/example_trigger_target_dag.py
[2023-10-10T08:55:42.440+0000] {logging_mixin.py:151} INFO - [2023-10-10T08:55:42.439+0000] {dag.py:2915} INFO - Sync 1 DAGs
[2023-10-10T08:55:42.454+0000] {logging_mixin.py:151} INFO - [2023-10-10T08:55:42.454+0000] {dag.py:3696} INFO - Setting next_dagrun for example_trigger_target_dag to None, run_after=None
[2023-10-10T08:55:42.474+0000] {processor.py:179} INFO - Processing /home/airflow/.local/lib/python3.8/site-packages/airflow/example_dags/example_trigger_target_dag.py took 0.077 seconds
[2023-10-10T08:56:17.024+0000] {processor.py:157} INFO - Started process (PID=553) to work on /home/airflow/.local/lib/python3.8/site-packages/airflow/example_dags/example_trigger_target_dag.py
[2023-10-10T08:56:17.026+0000] {processor.py:829} INFO - Processing file /home/airflow/.local/lib/python3.8/site-packages/airflow/example_dags/example_trigger_target_dag.py for tasks to queue
[2023-10-10T08:56:17.028+0000] {logging_mixin.py:151} INFO - [2023-10-10T08:56:17.028+0000] {dagbag.py:539} INFO - Filling up the DagBag from /home/airflow/.local/lib/python3.8/site-packages/airflow/example_dags/example_trigger_target_dag.py
[2023-10-10T08:56:17.035+0000] {processor.py:839} INFO - DAG(s) dict_keys(['example_trigger_target_dag']) retrieved from /home/airflow/.local/lib/python3.8/site-packages/airflow/example_dags/example_trigger_target_dag.py
[2023-10-10T08:56:17.058+0000] {logging_mixin.py:151} INFO - [2023-10-10T08:56:17.058+0000] {dag.py:2915} INFO - Sync 1 DAGs
[2023-10-10T08:56:17.073+0000] {logging_mixin.py:151} INFO - [2023-10-10T08:56:17.073+0000] {dag.py:3696} INFO - Setting next_dagrun for example_trigger_target_dag to None, run_after=None
[2023-10-10T08:56:17.095+0000] {processor.py:179} INFO - Processing /home/airflow/.local/lib/python3.8/site-packages/airflow/example_dags/example_trigger_target_dag.py took 0.074 seconds
[2023-10-10T08:56:47.500+0000] {processor.py:157} INFO - Started process (PID=607) to work on /home/airflow/.local/lib/python3.8/site-packages/airflow/example_dags/example_trigger_target_dag.py
[2023-10-10T08:56:47.501+0000] {processor.py:829} INFO - Processing file /home/airflow/.local/lib/python3.8/site-packages/airflow/example_dags/example_trigger_target_dag.py for tasks to queue
[2023-10-10T08:56:47.503+0000] {logging_mixin.py:151} INFO - [2023-10-10T08:56:47.503+0000] {dagbag.py:539} INFO - Filling up the DagBag from /home/airflow/.local/lib/python3.8/site-packages/airflow/example_dags/example_trigger_target_dag.py
[2023-10-10T08:56:47.509+0000] {processor.py:839} INFO - DAG(s) dict_keys(['example_trigger_target_dag']) retrieved from /home/airflow/.local/lib/python3.8/site-packages/airflow/example_dags/example_trigger_target_dag.py
[2023-10-10T08:56:47.531+0000] {logging_mixin.py:151} INFO - [2023-10-10T08:56:47.531+0000] {dag.py:2915} INFO - Sync 1 DAGs
[2023-10-10T08:56:47.545+0000] {logging_mixin.py:151} INFO - [2023-10-10T08:56:47.545+0000] {dag.py:3696} INFO - Setting next_dagrun for example_trigger_target_dag to None, run_after=None
[2023-10-10T08:56:47.564+0000] {processor.py:179} INFO - Processing /home/airflow/.local/lib/python3.8/site-packages/airflow/example_dags/example_trigger_target_dag.py took 0.068 seconds
