[2023-10-10T08:39:49.156+0000] {processor.py:157} INFO - Started process (PID=40) to work on /home/airflow/.local/lib/python3.8/site-packages/airflow/example_dags/tutorial_dag.py
[2023-10-10T08:39:49.156+0000] {processor.py:829} INFO - Processing file /home/airflow/.local/lib/python3.8/site-packages/airflow/example_dags/tutorial_dag.py for tasks to queue
[2023-10-10T08:39:49.160+0000] {logging_mixin.py:151} INFO - [2023-10-10T08:39:49.160+0000] {dagbag.py:539} INFO - Filling up the DagBag from /home/airflow/.local/lib/python3.8/site-packages/airflow/example_dags/tutorial_dag.py
[2023-10-10T08:39:49.171+0000] {processor.py:839} INFO - DAG(s) dict_keys(['tutorial_dag']) retrieved from /home/airflow/.local/lib/python3.8/site-packages/airflow/example_dags/tutorial_dag.py
[2023-10-10T08:39:49.191+0000] {logging_mixin.py:151} INFO - [2023-10-10T08:39:49.191+0000] {dag.py:2915} INFO - Sync 1 DAGs
[2023-10-10T08:39:49.215+0000] {logging_mixin.py:151} INFO - [2023-10-10T08:39:49.215+0000] {dag.py:3696} INFO - Setting next_dagrun for tutorial_dag to None, run_after=None
[2023-10-10T08:39:49.242+0000] {processor.py:179} INFO - Processing /home/airflow/.local/lib/python3.8/site-packages/airflow/example_dags/tutorial_dag.py took 0.090 seconds
[2023-10-10T08:40:19.659+0000] {processor.py:157} INFO - Started process (PID=94) to work on /home/airflow/.local/lib/python3.8/site-packages/airflow/example_dags/tutorial_dag.py
[2023-10-10T08:40:19.660+0000] {processor.py:829} INFO - Processing file /home/airflow/.local/lib/python3.8/site-packages/airflow/example_dags/tutorial_dag.py for tasks to queue
[2023-10-10T08:40:19.662+0000] {logging_mixin.py:151} INFO - [2023-10-10T08:40:19.662+0000] {dagbag.py:539} INFO - Filling up the DagBag from /home/airflow/.local/lib/python3.8/site-packages/airflow/example_dags/tutorial_dag.py
[2023-10-10T08:40:19.669+0000] {processor.py:839} INFO - DAG(s) dict_keys(['tutorial_dag']) retrieved from /home/airflow/.local/lib/python3.8/site-packages/airflow/example_dags/tutorial_dag.py
[2023-10-10T08:40:19.693+0000] {logging_mixin.py:151} INFO - [2023-10-10T08:40:19.692+0000] {dag.py:2915} INFO - Sync 1 DAGs
[2023-10-10T08:40:19.708+0000] {logging_mixin.py:151} INFO - [2023-10-10T08:40:19.707+0000] {dag.py:3696} INFO - Setting next_dagrun for tutorial_dag to None, run_after=None
[2023-10-10T08:40:19.729+0000] {processor.py:179} INFO - Processing /home/airflow/.local/lib/python3.8/site-packages/airflow/example_dags/tutorial_dag.py took 0.074 seconds
[2023-10-10T08:40:49.963+0000] {processor.py:157} INFO - Started process (PID=147) to work on /home/airflow/.local/lib/python3.8/site-packages/airflow/example_dags/tutorial_dag.py
[2023-10-10T08:40:49.964+0000] {processor.py:829} INFO - Processing file /home/airflow/.local/lib/python3.8/site-packages/airflow/example_dags/tutorial_dag.py for tasks to queue
[2023-10-10T08:40:49.967+0000] {logging_mixin.py:151} INFO - [2023-10-10T08:40:49.966+0000] {dagbag.py:539} INFO - Filling up the DagBag from /home/airflow/.local/lib/python3.8/site-packages/airflow/example_dags/tutorial_dag.py
[2023-10-10T08:40:49.973+0000] {processor.py:839} INFO - DAG(s) dict_keys(['tutorial_dag']) retrieved from /home/airflow/.local/lib/python3.8/site-packages/airflow/example_dags/tutorial_dag.py
[2023-10-10T08:40:49.996+0000] {logging_mixin.py:151} INFO - [2023-10-10T08:40:49.995+0000] {dag.py:2915} INFO - Sync 1 DAGs
[2023-10-10T08:40:50.011+0000] {logging_mixin.py:151} INFO - [2023-10-10T08:40:50.010+0000] {dag.py:3696} INFO - Setting next_dagrun for tutorial_dag to None, run_after=None
[2023-10-10T08:40:50.031+0000] {processor.py:179} INFO - Processing /home/airflow/.local/lib/python3.8/site-packages/airflow/example_dags/tutorial_dag.py took 0.072 seconds
[2023-10-10T08:41:20.304+0000] {processor.py:157} INFO - Started process (PID=201) to work on /home/airflow/.local/lib/python3.8/site-packages/airflow/example_dags/tutorial_dag.py
[2023-10-10T08:41:20.307+0000] {processor.py:829} INFO - Processing file /home/airflow/.local/lib/python3.8/site-packages/airflow/example_dags/tutorial_dag.py for tasks to queue
[2023-10-10T08:41:20.309+0000] {logging_mixin.py:151} INFO - [2023-10-10T08:41:20.309+0000] {dagbag.py:539} INFO - Filling up the DagBag from /home/airflow/.local/lib/python3.8/site-packages/airflow/example_dags/tutorial_dag.py
[2023-10-10T08:41:20.315+0000] {processor.py:839} INFO - DAG(s) dict_keys(['tutorial_dag']) retrieved from /home/airflow/.local/lib/python3.8/site-packages/airflow/example_dags/tutorial_dag.py
[2023-10-10T08:41:20.339+0000] {logging_mixin.py:151} INFO - [2023-10-10T08:41:20.338+0000] {dag.py:2915} INFO - Sync 1 DAGs
[2023-10-10T08:41:20.354+0000] {logging_mixin.py:151} INFO - [2023-10-10T08:41:20.353+0000] {dag.py:3696} INFO - Setting next_dagrun for tutorial_dag to None, run_after=None
[2023-10-10T08:41:20.376+0000] {processor.py:179} INFO - Processing /home/airflow/.local/lib/python3.8/site-packages/airflow/example_dags/tutorial_dag.py took 0.076 seconds
[2023-10-10T08:43:49.576+0000] {processor.py:157} INFO - Started process (PID=41) to work on /home/airflow/.local/lib/python3.8/site-packages/airflow/example_dags/tutorial_dag.py
[2023-10-10T08:43:49.577+0000] {processor.py:829} INFO - Processing file /home/airflow/.local/lib/python3.8/site-packages/airflow/example_dags/tutorial_dag.py for tasks to queue
[2023-10-10T08:43:49.579+0000] {logging_mixin.py:151} INFO - [2023-10-10T08:43:49.579+0000] {dagbag.py:539} INFO - Filling up the DagBag from /home/airflow/.local/lib/python3.8/site-packages/airflow/example_dags/tutorial_dag.py
[2023-10-10T08:43:49.587+0000] {processor.py:839} INFO - DAG(s) dict_keys(['tutorial_dag']) retrieved from /home/airflow/.local/lib/python3.8/site-packages/airflow/example_dags/tutorial_dag.py
[2023-10-10T08:43:49.613+0000] {logging_mixin.py:151} INFO - [2023-10-10T08:43:49.613+0000] {dag.py:2915} INFO - Sync 1 DAGs
[2023-10-10T08:43:49.628+0000] {logging_mixin.py:151} INFO - [2023-10-10T08:43:49.628+0000] {dag.py:3696} INFO - Setting next_dagrun for tutorial_dag to None, run_after=None
[2023-10-10T08:43:49.648+0000] {processor.py:179} INFO - Processing /home/airflow/.local/lib/python3.8/site-packages/airflow/example_dags/tutorial_dag.py took 0.076 seconds
[2023-10-10T08:44:20.357+0000] {processor.py:157} INFO - Started process (PID=95) to work on /home/airflow/.local/lib/python3.8/site-packages/airflow/example_dags/tutorial_dag.py
[2023-10-10T08:44:20.359+0000] {processor.py:829} INFO - Processing file /home/airflow/.local/lib/python3.8/site-packages/airflow/example_dags/tutorial_dag.py for tasks to queue
[2023-10-10T08:44:20.361+0000] {logging_mixin.py:151} INFO - [2023-10-10T08:44:20.361+0000] {dagbag.py:539} INFO - Filling up the DagBag from /home/airflow/.local/lib/python3.8/site-packages/airflow/example_dags/tutorial_dag.py
[2023-10-10T08:44:20.367+0000] {processor.py:839} INFO - DAG(s) dict_keys(['tutorial_dag']) retrieved from /home/airflow/.local/lib/python3.8/site-packages/airflow/example_dags/tutorial_dag.py
[2023-10-10T08:44:20.389+0000] {logging_mixin.py:151} INFO - [2023-10-10T08:44:20.389+0000] {dag.py:2915} INFO - Sync 1 DAGs
[2023-10-10T08:44:20.404+0000] {logging_mixin.py:151} INFO - [2023-10-10T08:44:20.403+0000] {dag.py:3696} INFO - Setting next_dagrun for tutorial_dag to None, run_after=None
[2023-10-10T08:44:20.424+0000] {processor.py:179} INFO - Processing /home/airflow/.local/lib/python3.8/site-packages/airflow/example_dags/tutorial_dag.py took 0.070 seconds
[2023-10-10T08:44:50.628+0000] {processor.py:157} INFO - Started process (PID=149) to work on /home/airflow/.local/lib/python3.8/site-packages/airflow/example_dags/tutorial_dag.py
[2023-10-10T08:44:50.629+0000] {processor.py:829} INFO - Processing file /home/airflow/.local/lib/python3.8/site-packages/airflow/example_dags/tutorial_dag.py for tasks to queue
[2023-10-10T08:44:50.631+0000] {logging_mixin.py:151} INFO - [2023-10-10T08:44:50.631+0000] {dagbag.py:539} INFO - Filling up the DagBag from /home/airflow/.local/lib/python3.8/site-packages/airflow/example_dags/tutorial_dag.py
[2023-10-10T08:44:50.637+0000] {processor.py:839} INFO - DAG(s) dict_keys(['tutorial_dag']) retrieved from /home/airflow/.local/lib/python3.8/site-packages/airflow/example_dags/tutorial_dag.py
[2023-10-10T08:44:50.661+0000] {logging_mixin.py:151} INFO - [2023-10-10T08:44:50.660+0000] {dag.py:2915} INFO - Sync 1 DAGs
[2023-10-10T08:44:50.676+0000] {logging_mixin.py:151} INFO - [2023-10-10T08:44:50.676+0000] {dag.py:3696} INFO - Setting next_dagrun for tutorial_dag to None, run_after=None
[2023-10-10T08:44:50.696+0000] {processor.py:179} INFO - Processing /home/airflow/.local/lib/python3.8/site-packages/airflow/example_dags/tutorial_dag.py took 0.073 seconds
[2023-10-10T08:45:20.736+0000] {processor.py:157} INFO - Started process (PID=202) to work on /home/airflow/.local/lib/python3.8/site-packages/airflow/example_dags/tutorial_dag.py
[2023-10-10T08:45:20.737+0000] {processor.py:829} INFO - Processing file /home/airflow/.local/lib/python3.8/site-packages/airflow/example_dags/tutorial_dag.py for tasks to queue
[2023-10-10T08:45:20.740+0000] {logging_mixin.py:151} INFO - [2023-10-10T08:45:20.739+0000] {dagbag.py:539} INFO - Filling up the DagBag from /home/airflow/.local/lib/python3.8/site-packages/airflow/example_dags/tutorial_dag.py
[2023-10-10T08:45:20.746+0000] {processor.py:839} INFO - DAG(s) dict_keys(['tutorial_dag']) retrieved from /home/airflow/.local/lib/python3.8/site-packages/airflow/example_dags/tutorial_dag.py
[2023-10-10T08:45:20.771+0000] {logging_mixin.py:151} INFO - [2023-10-10T08:45:20.770+0000] {dag.py:2915} INFO - Sync 1 DAGs
[2023-10-10T08:45:20.786+0000] {logging_mixin.py:151} INFO - [2023-10-10T08:45:20.785+0000] {dag.py:3696} INFO - Setting next_dagrun for tutorial_dag to None, run_after=None
[2023-10-10T08:45:20.808+0000] {processor.py:179} INFO - Processing /home/airflow/.local/lib/python3.8/site-packages/airflow/example_dags/tutorial_dag.py took 0.076 seconds
[2023-10-10T08:46:29.518+0000] {processor.py:157} INFO - Started process (PID=40) to work on /home/airflow/.local/lib/python3.8/site-packages/airflow/example_dags/tutorial_dag.py
[2023-10-10T08:46:29.519+0000] {processor.py:829} INFO - Processing file /home/airflow/.local/lib/python3.8/site-packages/airflow/example_dags/tutorial_dag.py for tasks to queue
[2023-10-10T08:46:29.522+0000] {logging_mixin.py:151} INFO - [2023-10-10T08:46:29.521+0000] {dagbag.py:539} INFO - Filling up the DagBag from /home/airflow/.local/lib/python3.8/site-packages/airflow/example_dags/tutorial_dag.py
[2023-10-10T08:46:29.534+0000] {processor.py:839} INFO - DAG(s) dict_keys(['tutorial_dag']) retrieved from /home/airflow/.local/lib/python3.8/site-packages/airflow/example_dags/tutorial_dag.py
[2023-10-10T08:46:29.555+0000] {logging_mixin.py:151} INFO - [2023-10-10T08:46:29.555+0000] {dag.py:2915} INFO - Sync 1 DAGs
[2023-10-10T08:46:29.571+0000] {logging_mixin.py:151} INFO - [2023-10-10T08:46:29.571+0000] {dag.py:3696} INFO - Setting next_dagrun for tutorial_dag to None, run_after=None
[2023-10-10T08:46:29.594+0000] {processor.py:179} INFO - Processing /home/airflow/.local/lib/python3.8/site-packages/airflow/example_dags/tutorial_dag.py took 0.090 seconds
[2023-10-10T08:47:00.021+0000] {processor.py:157} INFO - Started process (PID=94) to work on /home/airflow/.local/lib/python3.8/site-packages/airflow/example_dags/tutorial_dag.py
[2023-10-10T08:47:00.022+0000] {processor.py:829} INFO - Processing file /home/airflow/.local/lib/python3.8/site-packages/airflow/example_dags/tutorial_dag.py for tasks to queue
[2023-10-10T08:47:00.025+0000] {logging_mixin.py:151} INFO - [2023-10-10T08:47:00.024+0000] {dagbag.py:539} INFO - Filling up the DagBag from /home/airflow/.local/lib/python3.8/site-packages/airflow/example_dags/tutorial_dag.py
[2023-10-10T08:47:00.031+0000] {processor.py:839} INFO - DAG(s) dict_keys(['tutorial_dag']) retrieved from /home/airflow/.local/lib/python3.8/site-packages/airflow/example_dags/tutorial_dag.py
[2023-10-10T08:47:00.052+0000] {logging_mixin.py:151} INFO - [2023-10-10T08:47:00.052+0000] {dag.py:2915} INFO - Sync 1 DAGs
[2023-10-10T08:47:00.066+0000] {logging_mixin.py:151} INFO - [2023-10-10T08:47:00.066+0000] {dag.py:3696} INFO - Setting next_dagrun for tutorial_dag to None, run_after=None
[2023-10-10T08:47:00.087+0000] {processor.py:179} INFO - Processing /home/airflow/.local/lib/python3.8/site-packages/airflow/example_dags/tutorial_dag.py took 0.069 seconds
[2023-10-10T08:47:30.326+0000] {processor.py:157} INFO - Started process (PID=148) to work on /home/airflow/.local/lib/python3.8/site-packages/airflow/example_dags/tutorial_dag.py
[2023-10-10T08:47:30.327+0000] {processor.py:829} INFO - Processing file /home/airflow/.local/lib/python3.8/site-packages/airflow/example_dags/tutorial_dag.py for tasks to queue
[2023-10-10T08:47:30.329+0000] {logging_mixin.py:151} INFO - [2023-10-10T08:47:30.329+0000] {dagbag.py:539} INFO - Filling up the DagBag from /home/airflow/.local/lib/python3.8/site-packages/airflow/example_dags/tutorial_dag.py
[2023-10-10T08:47:30.335+0000] {processor.py:839} INFO - DAG(s) dict_keys(['tutorial_dag']) retrieved from /home/airflow/.local/lib/python3.8/site-packages/airflow/example_dags/tutorial_dag.py
[2023-10-10T08:47:30.358+0000] {logging_mixin.py:151} INFO - [2023-10-10T08:47:30.357+0000] {dag.py:2915} INFO - Sync 1 DAGs
[2023-10-10T08:47:30.372+0000] {logging_mixin.py:151} INFO - [2023-10-10T08:47:30.372+0000] {dag.py:3696} INFO - Setting next_dagrun for tutorial_dag to None, run_after=None
[2023-10-10T08:47:30.392+0000] {processor.py:179} INFO - Processing /home/airflow/.local/lib/python3.8/site-packages/airflow/example_dags/tutorial_dag.py took 0.070 seconds
[2023-10-10T08:51:32.605+0000] {processor.py:157} INFO - Started process (PID=40) to work on /home/airflow/.local/lib/python3.8/site-packages/airflow/example_dags/tutorial_dag.py
[2023-10-10T08:51:32.606+0000] {processor.py:829} INFO - Processing file /home/airflow/.local/lib/python3.8/site-packages/airflow/example_dags/tutorial_dag.py for tasks to queue
[2023-10-10T08:51:32.608+0000] {logging_mixin.py:151} INFO - [2023-10-10T08:51:32.608+0000] {dagbag.py:539} INFO - Filling up the DagBag from /home/airflow/.local/lib/python3.8/site-packages/airflow/example_dags/tutorial_dag.py
[2023-10-10T08:51:32.615+0000] {processor.py:839} INFO - DAG(s) dict_keys(['tutorial_dag']) retrieved from /home/airflow/.local/lib/python3.8/site-packages/airflow/example_dags/tutorial_dag.py
[2023-10-10T08:51:32.630+0000] {logging_mixin.py:151} INFO - [2023-10-10T08:51:32.629+0000] {dag.py:2915} INFO - Sync 1 DAGs
[2023-10-10T08:51:32.645+0000] {logging_mixin.py:151} INFO - [2023-10-10T08:51:32.645+0000] {dag.py:3696} INFO - Setting next_dagrun for tutorial_dag to None, run_after=None
[2023-10-10T08:51:32.666+0000] {processor.py:179} INFO - Processing /home/airflow/.local/lib/python3.8/site-packages/airflow/example_dags/tutorial_dag.py took 0.065 seconds
[2023-10-10T08:52:03.245+0000] {processor.py:157} INFO - Started process (PID=94) to work on /home/airflow/.local/lib/python3.8/site-packages/airflow/example_dags/tutorial_dag.py
[2023-10-10T08:52:03.247+0000] {processor.py:829} INFO - Processing file /home/airflow/.local/lib/python3.8/site-packages/airflow/example_dags/tutorial_dag.py for tasks to queue
[2023-10-10T08:52:03.249+0000] {logging_mixin.py:151} INFO - [2023-10-10T08:52:03.249+0000] {dagbag.py:539} INFO - Filling up the DagBag from /home/airflow/.local/lib/python3.8/site-packages/airflow/example_dags/tutorial_dag.py
[2023-10-10T08:52:03.255+0000] {processor.py:839} INFO - DAG(s) dict_keys(['tutorial_dag']) retrieved from /home/airflow/.local/lib/python3.8/site-packages/airflow/example_dags/tutorial_dag.py
[2023-10-10T08:52:03.277+0000] {logging_mixin.py:151} INFO - [2023-10-10T08:52:03.277+0000] {dag.py:2915} INFO - Sync 1 DAGs
[2023-10-10T08:52:03.291+0000] {logging_mixin.py:151} INFO - [2023-10-10T08:52:03.291+0000] {dag.py:3696} INFO - Setting next_dagrun for tutorial_dag to None, run_after=None
[2023-10-10T08:52:03.319+0000] {processor.py:179} INFO - Processing /home/airflow/.local/lib/python3.8/site-packages/airflow/example_dags/tutorial_dag.py took 0.077 seconds
[2023-10-10T08:52:33.554+0000] {processor.py:157} INFO - Started process (PID=148) to work on /home/airflow/.local/lib/python3.8/site-packages/airflow/example_dags/tutorial_dag.py
[2023-10-10T08:52:33.555+0000] {processor.py:829} INFO - Processing file /home/airflow/.local/lib/python3.8/site-packages/airflow/example_dags/tutorial_dag.py for tasks to queue
[2023-10-10T08:52:33.557+0000] {logging_mixin.py:151} INFO - [2023-10-10T08:52:33.557+0000] {dagbag.py:539} INFO - Filling up the DagBag from /home/airflow/.local/lib/python3.8/site-packages/airflow/example_dags/tutorial_dag.py
[2023-10-10T08:52:33.563+0000] {processor.py:839} INFO - DAG(s) dict_keys(['tutorial_dag']) retrieved from /home/airflow/.local/lib/python3.8/site-packages/airflow/example_dags/tutorial_dag.py
[2023-10-10T08:52:33.586+0000] {logging_mixin.py:151} INFO - [2023-10-10T08:52:33.586+0000] {dag.py:2915} INFO - Sync 1 DAGs
[2023-10-10T08:52:33.601+0000] {logging_mixin.py:151} INFO - [2023-10-10T08:52:33.600+0000] {dag.py:3696} INFO - Setting next_dagrun for tutorial_dag to None, run_after=None
[2023-10-10T08:52:33.621+0000] {processor.py:179} INFO - Processing /home/airflow/.local/lib/python3.8/site-packages/airflow/example_dags/tutorial_dag.py took 0.072 seconds
[2023-10-10T08:53:03.940+0000] {processor.py:157} INFO - Started process (PID=202) to work on /home/airflow/.local/lib/python3.8/site-packages/airflow/example_dags/tutorial_dag.py
[2023-10-10T08:53:03.941+0000] {processor.py:829} INFO - Processing file /home/airflow/.local/lib/python3.8/site-packages/airflow/example_dags/tutorial_dag.py for tasks to queue
[2023-10-10T08:53:03.943+0000] {logging_mixin.py:151} INFO - [2023-10-10T08:53:03.943+0000] {dagbag.py:539} INFO - Filling up the DagBag from /home/airflow/.local/lib/python3.8/site-packages/airflow/example_dags/tutorial_dag.py
[2023-10-10T08:53:03.949+0000] {processor.py:839} INFO - DAG(s) dict_keys(['tutorial_dag']) retrieved from /home/airflow/.local/lib/python3.8/site-packages/airflow/example_dags/tutorial_dag.py
[2023-10-10T08:53:03.972+0000] {logging_mixin.py:151} INFO - [2023-10-10T08:53:03.972+0000] {dag.py:2915} INFO - Sync 1 DAGs
[2023-10-10T08:53:03.987+0000] {logging_mixin.py:151} INFO - [2023-10-10T08:53:03.987+0000] {dag.py:3696} INFO - Setting next_dagrun for tutorial_dag to None, run_after=None
[2023-10-10T08:53:04.007+0000] {processor.py:179} INFO - Processing /home/airflow/.local/lib/python3.8/site-packages/airflow/example_dags/tutorial_dag.py took 0.072 seconds
[2023-10-10T08:53:34.113+0000] {processor.py:157} INFO - Started process (PID=256) to work on /home/airflow/.local/lib/python3.8/site-packages/airflow/example_dags/tutorial_dag.py
[2023-10-10T08:53:34.115+0000] {processor.py:829} INFO - Processing file /home/airflow/.local/lib/python3.8/site-packages/airflow/example_dags/tutorial_dag.py for tasks to queue
[2023-10-10T08:53:34.117+0000] {logging_mixin.py:151} INFO - [2023-10-10T08:53:34.117+0000] {dagbag.py:539} INFO - Filling up the DagBag from /home/airflow/.local/lib/python3.8/site-packages/airflow/example_dags/tutorial_dag.py
[2023-10-10T08:53:34.123+0000] {processor.py:839} INFO - DAG(s) dict_keys(['tutorial_dag']) retrieved from /home/airflow/.local/lib/python3.8/site-packages/airflow/example_dags/tutorial_dag.py
[2023-10-10T08:53:34.147+0000] {logging_mixin.py:151} INFO - [2023-10-10T08:53:34.146+0000] {dag.py:2915} INFO - Sync 1 DAGs
[2023-10-10T08:53:34.161+0000] {logging_mixin.py:151} INFO - [2023-10-10T08:53:34.161+0000] {dag.py:3696} INFO - Setting next_dagrun for tutorial_dag to None, run_after=None
[2023-10-10T08:53:34.182+0000] {processor.py:179} INFO - Processing /home/airflow/.local/lib/python3.8/site-packages/airflow/example_dags/tutorial_dag.py took 0.072 seconds
[2023-10-10T08:54:05.540+0000] {processor.py:157} INFO - Started process (PID=311) to work on /home/airflow/.local/lib/python3.8/site-packages/airflow/example_dags/tutorial_dag.py
[2023-10-10T08:54:05.542+0000] {processor.py:829} INFO - Processing file /home/airflow/.local/lib/python3.8/site-packages/airflow/example_dags/tutorial_dag.py for tasks to queue
[2023-10-10T08:54:05.544+0000] {logging_mixin.py:151} INFO - [2023-10-10T08:54:05.543+0000] {dagbag.py:539} INFO - Filling up the DagBag from /home/airflow/.local/lib/python3.8/site-packages/airflow/example_dags/tutorial_dag.py
[2023-10-10T08:54:05.550+0000] {processor.py:839} INFO - DAG(s) dict_keys(['tutorial_dag']) retrieved from /home/airflow/.local/lib/python3.8/site-packages/airflow/example_dags/tutorial_dag.py
[2023-10-10T08:54:05.573+0000] {logging_mixin.py:151} INFO - [2023-10-10T08:54:05.573+0000] {dag.py:2915} INFO - Sync 1 DAGs
[2023-10-10T08:54:05.588+0000] {logging_mixin.py:151} INFO - [2023-10-10T08:54:05.588+0000] {dag.py:3696} INFO - Setting next_dagrun for tutorial_dag to None, run_after=None
[2023-10-10T08:54:05.608+0000] {processor.py:179} INFO - Processing /home/airflow/.local/lib/python3.8/site-packages/airflow/example_dags/tutorial_dag.py took 0.072 seconds
[2023-10-10T08:54:36.135+0000] {processor.py:157} INFO - Started process (PID=364) to work on /home/airflow/.local/lib/python3.8/site-packages/airflow/example_dags/tutorial_dag.py
[2023-10-10T08:54:36.139+0000] {processor.py:829} INFO - Processing file /home/airflow/.local/lib/python3.8/site-packages/airflow/example_dags/tutorial_dag.py for tasks to queue
[2023-10-10T08:54:36.142+0000] {logging_mixin.py:151} INFO - [2023-10-10T08:54:36.141+0000] {dagbag.py:539} INFO - Filling up the DagBag from /home/airflow/.local/lib/python3.8/site-packages/airflow/example_dags/tutorial_dag.py
[2023-10-10T08:54:36.147+0000] {processor.py:839} INFO - DAG(s) dict_keys(['tutorial_dag']) retrieved from /home/airflow/.local/lib/python3.8/site-packages/airflow/example_dags/tutorial_dag.py
[2023-10-10T08:54:36.171+0000] {logging_mixin.py:151} INFO - [2023-10-10T08:54:36.170+0000] {dag.py:2915} INFO - Sync 1 DAGs
[2023-10-10T08:54:36.185+0000] {logging_mixin.py:151} INFO - [2023-10-10T08:54:36.185+0000] {dag.py:3696} INFO - Setting next_dagrun for tutorial_dag to None, run_after=None
[2023-10-10T08:54:36.205+0000] {processor.py:179} INFO - Processing /home/airflow/.local/lib/python3.8/site-packages/airflow/example_dags/tutorial_dag.py took 0.074 seconds
[2023-10-10T08:55:06.564+0000] {processor.py:157} INFO - Started process (PID=419) to work on /home/airflow/.local/lib/python3.8/site-packages/airflow/example_dags/tutorial_dag.py
[2023-10-10T08:55:06.565+0000] {processor.py:829} INFO - Processing file /home/airflow/.local/lib/python3.8/site-packages/airflow/example_dags/tutorial_dag.py for tasks to queue
[2023-10-10T08:55:06.568+0000] {logging_mixin.py:151} INFO - [2023-10-10T08:55:06.567+0000] {dagbag.py:539} INFO - Filling up the DagBag from /home/airflow/.local/lib/python3.8/site-packages/airflow/example_dags/tutorial_dag.py
[2023-10-10T08:55:06.573+0000] {processor.py:839} INFO - DAG(s) dict_keys(['tutorial_dag']) retrieved from /home/airflow/.local/lib/python3.8/site-packages/airflow/example_dags/tutorial_dag.py
[2023-10-10T08:55:06.597+0000] {logging_mixin.py:151} INFO - [2023-10-10T08:55:06.596+0000] {dag.py:2915} INFO - Sync 1 DAGs
[2023-10-10T08:55:06.612+0000] {logging_mixin.py:151} INFO - [2023-10-10T08:55:06.612+0000] {dag.py:3696} INFO - Setting next_dagrun for tutorial_dag to None, run_after=None
[2023-10-10T08:55:06.632+0000] {processor.py:179} INFO - Processing /home/airflow/.local/lib/python3.8/site-packages/airflow/example_dags/tutorial_dag.py took 0.072 seconds
[2023-10-10T08:55:36.829+0000] {processor.py:157} INFO - Started process (PID=474) to work on /home/airflow/.local/lib/python3.8/site-packages/airflow/example_dags/tutorial_dag.py
[2023-10-10T08:55:36.831+0000] {processor.py:829} INFO - Processing file /home/airflow/.local/lib/python3.8/site-packages/airflow/example_dags/tutorial_dag.py for tasks to queue
[2023-10-10T08:55:36.834+0000] {logging_mixin.py:151} INFO - [2023-10-10T08:55:36.833+0000] {dagbag.py:539} INFO - Filling up the DagBag from /home/airflow/.local/lib/python3.8/site-packages/airflow/example_dags/tutorial_dag.py
[2023-10-10T08:55:36.840+0000] {processor.py:839} INFO - DAG(s) dict_keys(['tutorial_dag']) retrieved from /home/airflow/.local/lib/python3.8/site-packages/airflow/example_dags/tutorial_dag.py
[2023-10-10T08:55:36.865+0000] {logging_mixin.py:151} INFO - [2023-10-10T08:55:36.865+0000] {dag.py:2915} INFO - Sync 1 DAGs
[2023-10-10T08:55:36.881+0000] {logging_mixin.py:151} INFO - [2023-10-10T08:55:36.880+0000] {dag.py:3696} INFO - Setting next_dagrun for tutorial_dag to None, run_after=None
[2023-10-10T08:55:36.906+0000] {processor.py:179} INFO - Processing /home/airflow/.local/lib/python3.8/site-packages/airflow/example_dags/tutorial_dag.py took 0.080 seconds
[2023-10-10T08:56:07.279+0000] {processor.py:157} INFO - Started process (PID=528) to work on /home/airflow/.local/lib/python3.8/site-packages/airflow/example_dags/tutorial_dag.py
[2023-10-10T08:56:07.280+0000] {processor.py:829} INFO - Processing file /home/airflow/.local/lib/python3.8/site-packages/airflow/example_dags/tutorial_dag.py for tasks to queue
[2023-10-10T08:56:07.282+0000] {logging_mixin.py:151} INFO - [2023-10-10T08:56:07.282+0000] {dagbag.py:539} INFO - Filling up the DagBag from /home/airflow/.local/lib/python3.8/site-packages/airflow/example_dags/tutorial_dag.py
[2023-10-10T08:56:07.288+0000] {processor.py:839} INFO - DAG(s) dict_keys(['tutorial_dag']) retrieved from /home/airflow/.local/lib/python3.8/site-packages/airflow/example_dags/tutorial_dag.py
[2023-10-10T08:56:07.311+0000] {logging_mixin.py:151} INFO - [2023-10-10T08:56:07.310+0000] {dag.py:2915} INFO - Sync 1 DAGs
[2023-10-10T08:56:07.325+0000] {logging_mixin.py:151} INFO - [2023-10-10T08:56:07.325+0000] {dag.py:3696} INFO - Setting next_dagrun for tutorial_dag to None, run_after=None
[2023-10-10T08:56:07.345+0000] {processor.py:179} INFO - Processing /home/airflow/.local/lib/python3.8/site-packages/airflow/example_dags/tutorial_dag.py took 0.070 seconds
[2023-10-10T08:56:37.872+0000] {processor.py:157} INFO - Started process (PID=582) to work on /home/airflow/.local/lib/python3.8/site-packages/airflow/example_dags/tutorial_dag.py
[2023-10-10T08:56:37.874+0000] {processor.py:829} INFO - Processing file /home/airflow/.local/lib/python3.8/site-packages/airflow/example_dags/tutorial_dag.py for tasks to queue
[2023-10-10T08:56:37.876+0000] {logging_mixin.py:151} INFO - [2023-10-10T08:56:37.876+0000] {dagbag.py:539} INFO - Filling up the DagBag from /home/airflow/.local/lib/python3.8/site-packages/airflow/example_dags/tutorial_dag.py
[2023-10-10T08:56:37.882+0000] {processor.py:839} INFO - DAG(s) dict_keys(['tutorial_dag']) retrieved from /home/airflow/.local/lib/python3.8/site-packages/airflow/example_dags/tutorial_dag.py
[2023-10-10T08:56:37.905+0000] {logging_mixin.py:151} INFO - [2023-10-10T08:56:37.905+0000] {dag.py:2915} INFO - Sync 1 DAGs
[2023-10-10T08:56:37.919+0000] {logging_mixin.py:151} INFO - [2023-10-10T08:56:37.919+0000] {dag.py:3696} INFO - Setting next_dagrun for tutorial_dag to None, run_after=None
[2023-10-10T08:56:37.939+0000] {processor.py:179} INFO - Processing /home/airflow/.local/lib/python3.8/site-packages/airflow/example_dags/tutorial_dag.py took 0.070 seconds
[2023-10-10T08:57:08.148+0000] {processor.py:157} INFO - Started process (PID=636) to work on /home/airflow/.local/lib/python3.8/site-packages/airflow/example_dags/tutorial_dag.py
[2023-10-10T08:57:08.149+0000] {processor.py:829} INFO - Processing file /home/airflow/.local/lib/python3.8/site-packages/airflow/example_dags/tutorial_dag.py for tasks to queue
[2023-10-10T08:57:08.151+0000] {logging_mixin.py:151} INFO - [2023-10-10T08:57:08.151+0000] {dagbag.py:539} INFO - Filling up the DagBag from /home/airflow/.local/lib/python3.8/site-packages/airflow/example_dags/tutorial_dag.py
[2023-10-10T08:57:08.157+0000] {processor.py:839} INFO - DAG(s) dict_keys(['tutorial_dag']) retrieved from /home/airflow/.local/lib/python3.8/site-packages/airflow/example_dags/tutorial_dag.py
[2023-10-10T08:57:08.180+0000] {logging_mixin.py:151} INFO - [2023-10-10T08:57:08.180+0000] {dag.py:2915} INFO - Sync 1 DAGs
[2023-10-10T08:57:08.195+0000] {logging_mixin.py:151} INFO - [2023-10-10T08:57:08.194+0000] {dag.py:3696} INFO - Setting next_dagrun for tutorial_dag to None, run_after=None
[2023-10-10T08:57:08.215+0000] {processor.py:179} INFO - Processing /home/airflow/.local/lib/python3.8/site-packages/airflow/example_dags/tutorial_dag.py took 0.072 seconds
