[W 15:20:54.632 NotebookApp] Loading JupyterLab as a classic notebook (v6) extension.
[I 2023-10-09 15:20:54.634 LabApp] JupyterLab extension loaded from /home/jeonh/anaconda3/lib/python3.11/site-packages/jupyterlab
[I 2023-10-09 15:20:54.634 LabApp] JupyterLab application directory is /home/jeonh/anaconda3/share/jupyter/lab
[I 15:20:55.548 NotebookApp] Serving notebooks from local directory: /home/jeonh/Desktop/MLops_project/mlops-team9/kafka
[I 15:20:55.548 NotebookApp] Jupyter Notebook 6.5.4 is running at:
[I 15:20:55.548 NotebookApp] http://localhost:8888/?token=b67f643586fa6c593581657ce281aa7a95584e905a1c9b0f
[I 15:20:55.548 NotebookApp]  or http://127.0.0.1:8888/?token=b67f643586fa6c593581657ce281aa7a95584e905a1c9b0f
[I 15:20:55.548 NotebookApp] Use Control-C to stop this server and shut down all kernels (twice to skip confirmation).
[W 15:20:55.549 NotebookApp] No web browser found: could not locate runnable browser.
[C 15:20:55.549 NotebookApp] 
    
    To access the notebook, open this file in a browser:
        file:///home/jeonh/.local/share/jupyter/runtime/nbserver-477415-open.html
    Or copy and paste one of these URLs:
        http://localhost:8888/?token=b67f643586fa6c593581657ce281aa7a95584e905a1c9b0f
     or http://127.0.0.1:8888/?token=b67f643586fa6c593581657ce281aa7a95584e905a1c9b0f
[I 15:54:19.958 NotebookApp] 302 GET / (127.0.0.1) 0.790000ms
0.00s - Debugger warning: It seems that frozen modules are being used, which may
0.00s - make the debugger miss breakpoints. Please pass -Xfrozen_modules=off
0.00s - to python to disable frozen modules.
0.00s - Note: Debugging will proceed. Set PYDEVD_DISABLE_FILE_VALIDATION=1 to disable this validation.
[C 15:59:19.486 NotebookApp] received signal 15, stopping
[I 15:59:19.487 NotebookApp] Shutting down 0 kernels
[I 15:59:19.487 NotebookApp] Shutting down 0 terminals

  _   _          _      _
 | | | |_ __  __| |__ _| |_ ___
 | |_| | '_ \/ _` / _` |  _/ -_)
  \___/| .__/\__,_\__,_|\__\___|
       |_|
                       
Read the migration plan to Notebook 7 to learn about the new features and the actions to take if you are using extensions.

https://jupyter-notebook.readthedocs.io/en/latest/migrate_to_notebook7.html

Please note that updating to Notebook 7 might break some of your extensions.

